Debug|Reading config...
Debug|Reading referenced images from 'infograph_spanish_white_16-97515-dd8bf9746c'
Trace|Loading resources for 2 'Background'
Trace|Loading resources for 2.1 'ImageBasic'
Trace|Loading image 0...
Trace|Image was loaded from file infograph_spanish_white_16-97515-dd8bf9746c\0000.png
Trace|Loading resources for 3 'Time'
Trace|Loading resources for 3.1 'TwoDigits'
Trace|Loading resources for 3.1.1 'ImageSet'
Trace|Loading image 13...
Trace|Image was loaded from file infograph_spanish_white_16-97515-dd8bf9746c\0013.png
Trace|Loading image 14...
Trace|Image was loaded from file infograph_spanish_white_16-97515-dd8bf9746c\0014.png
Trace|Loading image 15...
Trace|Image was loaded from file infograph_spanish_white_16-97515-dd8bf9746c\0015.png
Trace|Loading resources for 3.1.2 'ImageSet'
Trace|Loading image 16...
Trace|Image was loaded from file infograph_spanish_white_16-97515-dd8bf9746c\0016.png
Trace|Loading image 17...
Trace|Image was loaded from file infograph_spanish_white_16-97515-dd8bf9746c\0017.png
Trace|Loading image 18...
Trace|Image was loaded from file infograph_spanish_white_16-97515-dd8bf9746c\0018.png
Trace|Loading image 19...
Trace|Image was loaded from file infograph_spanish_white_16-97515-dd8bf9746c\0019.png
Trace|Loading image 20...
Trace|Image was loaded from file infograph_spanish_white_16-97515-dd8bf9746c\0020.png
Trace|Loading image 21...
Trace|Image was loaded from file infograph_spanish_white_16-97515-dd8bf9746c\0021.png
Trace|Loading image 22...
Trace|Image was loaded from file infograph_spanish_white_16-97515-dd8bf9746c\0022.png
Trace|Loading image 23...
Trace|Image was loaded from file infograph_spanish_white_16-97515-dd8bf9746c\0023.png
Trace|Loading image 24...
Trace|Image was loaded from file infograph_spanish_white_16-97515-dd8bf9746c\0024.png
Trace|Loading image 25...
Trace|Image was loaded from file infograph_spanish_white_16-97515-dd8bf9746c\0025.png
Trace|Loading resources for 3.2 'TwoDigits'
Trace|Loading resources for 3.2.1 'ImageSet'
Trace|Loading image 26...
Trace|Image was loaded from file infograph_spanish_white_16-97515-dd8bf9746c\0026.png
Trace|Loading image 27...
Trace|Image was loaded from file infograph_spanish_white_16-97515-dd8bf9746c\0027.png
Trace|Loading image 28...
Trace|Image was loaded from file infograph_spanish_white_16-97515-dd8bf9746c\0028.png
Trace|Loading image 29...
Trace|Image was loaded from file infograph_spanish_white_16-97515-dd8bf9746c\0029.png
Trace|Loading image 30...
Trace|Image was loaded from file infograph_spanish_white_16-97515-dd8bf9746c\0030.png
Trace|Loading image 31...
Trace|Image was loaded from file infograph_spanish_white_16-97515-dd8bf9746c\0031.png
Trace|Loading resources for 3.2.2 'ImageSet'
Trace|Loading image 32...
Trace|Image was loaded from file infograph_spanish_white_16-97515-dd8bf9746c\0032.png
Trace|Loading image 33...
Trace|Image was loaded from file infograph_spanish_white_16-97515-dd8bf9746c\0033.png
Trace|Loading image 34...
Trace|Image was loaded from file infograph_spanish_white_16-97515-dd8bf9746c\0034.png
Trace|Loading image 35...
Trace|Image was loaded from file infograph_spanish_white_16-97515-dd8bf9746c\0035.png
Trace|Loading image 36...
Trace|Image was loaded from file infograph_spanish_white_16-97515-dd8bf9746c\0036.png
Trace|Loading image 37...
Trace|Image was loaded from file infograph_spanish_white_16-97515-dd8bf9746c\0037.png
Trace|Loading image 38...
Trace|Image was loaded from file infograph_spanish_white_16-97515-dd8bf9746c\0038.png
Trace|Loading image 39...
Trace|Image was loaded from file infograph_spanish_white_16-97515-dd8bf9746c\0039.png
Trace|Loading image 40...
Trace|Image was loaded from file infograph_spanish_white_16-97515-dd8bf9746c\0040.png
Trace|Loading image 41...
Trace|Image was loaded from file infograph_spanish_white_16-97515-dd8bf9746c\0041.png
Trace|Loading resources for 4 'Activity'
Trace|Loading resources for 4.1 'Steps'
Trace|Loading resources for 4.1.1 'Number'
Trace|Loading resources for 4.1.1.5 'TextAlignment'
Trace|Loading image 75...
Trace|Image was loaded from file infograph_spanish_white_16-97515-dd8bf9746c\0075.png
Trace|Loading image 76...
Trace|Image was loaded from file infograph_spanish_white_16-97515-dd8bf9746c\0076.png
Trace|Loading image 77...
Trace|Image was loaded from file infograph_spanish_white_16-97515-dd8bf9746c\0077.png
Trace|Loading image 78...
Trace|Image was loaded from file infograph_spanish_white_16-97515-dd8bf9746c\0078.png
Trace|Loading image 79...
Trace|Image was loaded from file infograph_spanish_white_16-97515-dd8bf9746c\0079.png
Trace|Loading image 80...
Trace|Image was loaded from file infograph_spanish_white_16-97515-dd8bf9746c\0080.png
Trace|Loading image 81...
Trace|Image was loaded from file infograph_spanish_white_16-97515-dd8bf9746c\0081.png
Trace|Loading image 82...
Trace|Image was loaded from file infograph_spanish_white_16-97515-dd8bf9746c\0082.png
Trace|Loading image 83...
Trace|Image was loaded from file infograph_spanish_white_16-97515-dd8bf9746c\0083.png
Trace|Loading image 84...
Trace|Image was loaded from file infograph_spanish_white_16-97515-dd8bf9746c\0084.png
Trace|Loading resources for 4.3 'CaloriesWrapper'
Trace|Loading resources for 4.3.1 'Number'
Trace|Loading resources for 4.3.1.5 'TextAlignment'
Trace|Loading image 95...
Trace|Image was loaded from file infograph_spanish_white_16-97515-dd8bf9746c\0095.png
Trace|Loading image 96...
Trace|Image was loaded from file infograph_spanish_white_16-97515-dd8bf9746c\0096.png
Trace|Loading image 97...
Trace|Image was loaded from file infograph_spanish_white_16-97515-dd8bf9746c\0097.png
Trace|Loading image 98...
Trace|Image was loaded from file infograph_spanish_white_16-97515-dd8bf9746c\0098.png
Trace|Loading image 99...
Trace|Image was loaded from file infograph_spanish_white_16-97515-dd8bf9746c\0099.png
Trace|Loading image 100...
Trace|Image was loaded from file infograph_spanish_white_16-97515-dd8bf9746c\0100.png
Trace|Loading image 101...
Trace|Image was loaded from file infograph_spanish_white_16-97515-dd8bf9746c\0101.png
Trace|Loading image 102...
Trace|Image was loaded from file infograph_spanish_white_16-97515-dd8bf9746c\0102.png
Trace|Loading image 103...
Trace|Image was loaded from file infograph_spanish_white_16-97515-dd8bf9746c\0103.png
Trace|Loading image 104...
Trace|Image was loaded from file infograph_spanish_white_16-97515-dd8bf9746c\0104.png
Trace|Loading resources for 4.4 'PulseWrapper'
Trace|Loading resources for 4.4.1 'Number'
Trace|Loading resources for 4.4.1.5 'TextAlignment'
Trace|Loading image 4...
Trace|Image was loaded from file infograph_spanish_white_16-97515-dd8bf9746c\0004.png
Trace|Loading resources for 4.6 'PAIWrapper'
Trace|Loading resources for 4.6.1 'Number'
Trace|Loading resources for 4.6.1.5 'TextAlignment'
Trace|Loading resources for 5 'Date'
Trace|Loading resources for 5.1 'MonthAndDayAndYear'
Trace|Loading resources for 5.1.1 'SeparateMonthAndDay'
Trace|Loading resources for 5.1.1.2 'ImageSet'
Trace|Loading image 63...
Trace|Image was loaded from file infograph_spanish_white_16-97515-dd8bf9746c\0063.png
Trace|Loading image 64...
Trace|Image was loaded from file infograph_spanish_white_16-97515-dd8bf9746c\0064.png
Trace|Loading image 65...
Trace|Image was loaded from file infograph_spanish_white_16-97515-dd8bf9746c\0065.png
Trace|Loading image 66...
Trace|Image was loaded from file infograph_spanish_white_16-97515-dd8bf9746c\0066.png
Trace|Loading image 67...
Trace|Image was loaded from file infograph_spanish_white_16-97515-dd8bf9746c\0067.png
Trace|Loading image 68...
Trace|Image was loaded from file infograph_spanish_white_16-97515-dd8bf9746c\0068.png
Trace|Loading image 69...
Trace|Image was loaded from file infograph_spanish_white_16-97515-dd8bf9746c\0069.png
Trace|Loading image 70...
Trace|Image was loaded from file infograph_spanish_white_16-97515-dd8bf9746c\0070.png
Trace|Loading image 71...
Trace|Image was loaded from file infograph_spanish_white_16-97515-dd8bf9746c\0071.png
Trace|Loading image 72...
Trace|Image was loaded from file infograph_spanish_white_16-97515-dd8bf9746c\0072.png
Trace|Loading image 73...
Trace|Image was loaded from file infograph_spanish_white_16-97515-dd8bf9746c\0073.png
Trace|Loading image 74...
Trace|Image was loaded from file infograph_spanish_white_16-97515-dd8bf9746c\0074.png
Trace|Loading resources for 5.1.1.3 'ImageSet'
Trace|Loading resources for 5.1.1.4 'Number'
Trace|Loading resources for 5.1.1.4.5 'TextAlignment'
Trace|Loading image 129...
Trace|Image was loaded from file infograph_spanish_white_16-97515-dd8bf9746c\0129.png
Trace|Loading image 130...
Trace|Image was loaded from file infograph_spanish_white_16-97515-dd8bf9746c\0130.png
Trace|Loading image 131...
Trace|Image was loaded from file infograph_spanish_white_16-97515-dd8bf9746c\0131.png
Trace|Loading image 132...
Trace|Image was loaded from file infograph_spanish_white_16-97515-dd8bf9746c\0132.png
Trace|Loading image 133...
Trace|Image was loaded from file infograph_spanish_white_16-97515-dd8bf9746c\0133.png
Trace|Loading image 134...
Trace|Image was loaded from file infograph_spanish_white_16-97515-dd8bf9746c\0134.png
Trace|Loading image 135...
Trace|Image was loaded from file infograph_spanish_white_16-97515-dd8bf9746c\0135.png
Trace|Loading image 136...
Trace|Image was loaded from file infograph_spanish_white_16-97515-dd8bf9746c\0136.png
Trace|Loading image 137...
Trace|Image was loaded from file infograph_spanish_white_16-97515-dd8bf9746c\0137.png
Trace|Loading image 138...
Trace|Image was loaded from file infograph_spanish_white_16-97515-dd8bf9746c\0138.png
Trace|Loading resources for 5.1.4 'Boolean'
Trace|Loading resources for 5.1.5 'Boolean'
Trace|Loading resources for 5.4 'ImageSet'
Trace|Loading image 6...
Trace|Image was loaded from file infograph_spanish_white_16-97515-dd8bf9746c\0006.png
Trace|Loading image 7...
Trace|Image was loaded from file infograph_spanish_white_16-97515-dd8bf9746c\0007.png
Trace|Loading image 8...
Trace|Image was loaded from file infograph_spanish_white_16-97515-dd8bf9746c\0008.png
Trace|Loading image 9...
Trace|Image was loaded from file infograph_spanish_white_16-97515-dd8bf9746c\0009.png
Trace|Loading image 10...
Trace|Image was loaded from file infograph_spanish_white_16-97515-dd8bf9746c\0010.png
Trace|Loading image 11...
Trace|Image was loaded from file infograph_spanish_white_16-97515-dd8bf9746c\0011.png
Trace|Loading image 12...
Trace|Image was loaded from file infograph_spanish_white_16-97515-dd8bf9746c\0012.png
Trace|Loading resources for 5.5 'ImageSet'
Trace|Loading resources for 5.6 'ImageSet'
Trace|Loading image 5...
Trace|Image was loaded from file infograph_spanish_white_16-97515-dd8bf9746c\0005.png
Trace|Loading resources for 6 'Weather'
Trace|Loading resources for 6.2 'Temperature'
Trace|Loading resources for 6.2.1 'TemperatureNumber'
Trace|Loading resources for 6.2.1.1 'Number'
Trace|Loading resources for 6.2.1.1.5 'TextAlignment'
Trace|Loading image 85...
Trace|Image was loaded from file infograph_spanish_white_16-97515-dd8bf9746c\0085.png
Trace|Loading image 86...
Trace|Image was loaded from file infograph_spanish_white_16-97515-dd8bf9746c\0086.png
Trace|Loading image 87...
Trace|Image was loaded from file infograph_spanish_white_16-97515-dd8bf9746c\0087.png
Trace|Loading image 88...
Trace|Image was loaded from file infograph_spanish_white_16-97515-dd8bf9746c\0088.png
Trace|Loading image 89...
Trace|Image was loaded from file infograph_spanish_white_16-97515-dd8bf9746c\0089.png
Trace|Loading image 90...
Trace|Image was loaded from file infograph_spanish_white_16-97515-dd8bf9746c\0090.png
Trace|Loading image 91...
Trace|Image was loaded from file infograph_spanish_white_16-97515-dd8bf9746c\0091.png
Trace|Loading image 92...
Trace|Image was loaded from file infograph_spanish_white_16-97515-dd8bf9746c\0092.png
Trace|Loading image 93...
Trace|Image was loaded from file infograph_spanish_white_16-97515-dd8bf9746c\0093.png
Trace|Loading image 94...
Trace|Image was loaded from file infograph_spanish_white_16-97515-dd8bf9746c\0094.png
Trace|Loading image 128...
Trace|Image was loaded from file infograph_spanish_white_16-97515-dd8bf9746c\0128.png
Trace|Loading resources for 6.2.2 'TodayTemperature'
Trace|Loading resources for 6.2.2.1 'SeparateTemperature'
Trace|Loading resources for 6.2.2.1.1 'TemperatureNumber'
Trace|Loading resources for 6.2.2.1.1.1 'Number'
Trace|Loading resources for 6.2.2.1.1.1.5 'TextAlignment'
Trace|Loading image 105...
Trace|Image was loaded from file infograph_spanish_white_16-97515-dd8bf9746c\0105.png
Trace|Loading image 106...
Trace|Image was loaded from file infograph_spanish_white_16-97515-dd8bf9746c\0106.png
Trace|Loading image 107...
Trace|Image was loaded from file infograph_spanish_white_16-97515-dd8bf9746c\0107.png
Trace|Loading image 108...
Trace|Image was loaded from file infograph_spanish_white_16-97515-dd8bf9746c\0108.png
Trace|Loading image 109...
Trace|Image was loaded from file infograph_spanish_white_16-97515-dd8bf9746c\0109.png
Trace|Loading image 110...
Trace|Image was loaded from file infograph_spanish_white_16-97515-dd8bf9746c\0110.png
Trace|Loading image 111...
Trace|Image was loaded from file infograph_spanish_white_16-97515-dd8bf9746c\0111.png
Trace|Loading image 112...
Trace|Image was loaded from file infograph_spanish_white_16-97515-dd8bf9746c\0112.png
Trace|Loading image 113...
Trace|Image was loaded from file infograph_spanish_white_16-97515-dd8bf9746c\0113.png
Trace|Loading image 114...
Trace|Image was loaded from file infograph_spanish_white_16-97515-dd8bf9746c\0114.png
Trace|Loading image 115...
Trace|Image was loaded from file infograph_spanish_white_16-97515-dd8bf9746c\0115.png
Trace|Loading image 127...
Trace|Image was loaded from file infograph_spanish_white_16-97515-dd8bf9746c\0127.png
Trace|Loading resources for 6.2.2.1.2 'TemperatureNumber'
Trace|Loading resources for 6.2.2.1.2.1 'Number'
Trace|Loading resources for 6.2.2.1.2.1.5 'TextAlignment'
Trace|Loading image 116...
Trace|Image was loaded from file infograph_spanish_white_16-97515-dd8bf9746c\0116.png
Trace|Loading image 117...
Trace|Image was loaded from file infograph_spanish_white_16-97515-dd8bf9746c\0117.png
Trace|Loading image 118...
Trace|Image was loaded from file infograph_spanish_white_16-97515-dd8bf9746c\0118.png
Trace|Loading image 119...
Trace|Image was loaded from file infograph_spanish_white_16-97515-dd8bf9746c\0119.png
Trace|Loading image 120...
Trace|Image was loaded from file infograph_spanish_white_16-97515-dd8bf9746c\0120.png
Trace|Loading image 121...
Trace|Image was loaded from file infograph_spanish_white_16-97515-dd8bf9746c\0121.png
Trace|Loading image 122...
Trace|Image was loaded from file infograph_spanish_white_16-97515-dd8bf9746c\0122.png
Trace|Loading image 123...
Trace|Image was loaded from file infograph_spanish_white_16-97515-dd8bf9746c\0123.png
Trace|Loading image 124...
Trace|Image was loaded from file infograph_spanish_white_16-97515-dd8bf9746c\0124.png
Trace|Loading image 125...
Trace|Image was loaded from file infograph_spanish_white_16-97515-dd8bf9746c\0125.png
Trace|Loading image 126...
Trace|Image was loaded from file infograph_spanish_white_16-97515-dd8bf9746c\0126.png
Trace|Loading resources for 7 'StepsProgress'
Trace|Loading resources for 7.3 'Scale'
Trace|Loading image 52...
Trace|Image was loaded from file infograph_spanish_white_16-97515-dd8bf9746c\0052.png
Trace|Loading image 53...
Trace|Image was loaded from file infograph_spanish_white_16-97515-dd8bf9746c\0053.png
Trace|Loading image 54...
Trace|Image was loaded from file infograph_spanish_white_16-97515-dd8bf9746c\0054.png
Trace|Loading image 55...
Trace|Image was loaded from file infograph_spanish_white_16-97515-dd8bf9746c\0055.png
Trace|Loading image 56...
Trace|Image was loaded from file infograph_spanish_white_16-97515-dd8bf9746c\0056.png
Trace|Loading image 57...
Trace|Image was loaded from file infograph_spanish_white_16-97515-dd8bf9746c\0057.png
Trace|Loading image 58...
Trace|Image was loaded from file infograph_spanish_white_16-97515-dd8bf9746c\0058.png
Trace|Loading image 59...
Trace|Image was loaded from file infograph_spanish_white_16-97515-dd8bf9746c\0059.png
Trace|Loading image 60...
Trace|Image was loaded from file infograph_spanish_white_16-97515-dd8bf9746c\0060.png
Trace|Loading image 61...
Trace|Image was loaded from file infograph_spanish_white_16-97515-dd8bf9746c\0061.png
Trace|Loading resources for 8 'Status'
Trace|Loading resources for 8.1 'Switch'
Trace|Loading resources for 8.1.1 'XY'
Trace|Loading image 2...
Trace|Image was loaded from file infograph_spanish_white_16-97515-dd8bf9746c\0002.png
Trace|Loading resources for 8.2 'Switch'
Trace|Loading resources for 8.2.1 'XY'
Trace|Loading image 1...
Trace|Image was loaded from file infograph_spanish_white_16-97515-dd8bf9746c\0001.png
Trace|Loading resources for 8.3 'Switch'
Trace|Loading resources for 8.3.1 'XY'
Trace|Loading image 3...
Trace|Image was loaded from file infograph_spanish_white_16-97515-dd8bf9746c\0003.png
Trace|Loading resources for 9 'Battery'
Trace|Loading resources for 9.1 'BatteryTextWrapper'
Trace|Loading resources for 9.1.1 'Number'
Trace|Loading resources for 9.1.1.5 'TextAlignment'
Trace|Loading image 139...
Trace|Image was loaded from file infograph_spanish_white_16-97515-dd8bf9746c\0139.png
Trace|Loading resources for 9.2 'ImageSet'
Trace|Loading image 42...
Trace|Image was loaded from file infograph_spanish_white_16-97515-dd8bf9746c\0042.png
Trace|Loading image 43...
Trace|Image was loaded from file infograph_spanish_white_16-97515-dd8bf9746c\0043.png
Trace|Loading image 44...
Trace|Image was loaded from file infograph_spanish_white_16-97515-dd8bf9746c\0044.png
Trace|Loading image 45...
Trace|Image was loaded from file infograph_spanish_white_16-97515-dd8bf9746c\0045.png
Trace|Loading image 46...
Trace|Image was loaded from file infograph_spanish_white_16-97515-dd8bf9746c\0046.png
Trace|Loading image 47...
Trace|Image was loaded from file infograph_spanish_white_16-97515-dd8bf9746c\0047.png
Trace|Loading image 48...
Trace|Image was loaded from file infograph_spanish_white_16-97515-dd8bf9746c\0048.png
Trace|Loading image 49...
Trace|Image was loaded from file infograph_spanish_white_16-97515-dd8bf9746c\0049.png
Trace|Loading image 50...
Trace|Image was loaded from file infograph_spanish_white_16-97515-dd8bf9746c\0050.png
Trace|Loading image 51...
Trace|Image was loaded from file infograph_spanish_white_16-97515-dd8bf9746c\0051.png
Trace|Loading resources for 10 'AnalogDialFace'
Trace|Loading resources for 10.1 'ClockHand'
Trace|Loading resources for 10.1.1 'Boolean'
Trace|Loading resources for 10.1.3 'XY'
Trace|Loading resources for 10.2 'ClockHand'
Trace|Loading resources for 10.2.1 'Boolean'
Trace|Loading resources for 10.2.3 'XY'
Trace|Loading resources for 10.2.5 'ImageBasic'
Trace|Loading image 62...
Trace|Image was loaded from file infograph_spanish_white_16-97515-dd8bf9746c\0062.png
Trace|Verifiying Resources...
Trace|Building parameters for watch face...
Trace|2.1.1 'X': 13
Trace|2.1.2 'Y': 96
Trace|2.1.3 'ImageIndex': 0
Trace|2.1 'Image'
Trace|2 'Background'
Trace|3.1.1.1 'X': 79
Trace|3.1.1.2 'Y': 121
Trace|3.1.1.3 'ImageIndex': 13
Trace|3.1.1.4 'ImagesCount': 3
Trace|3.1.1 'Tens'
Trace|3.1.2.1 'X': 79
Trace|3.1.2.2 'Y': 121
Trace|3.1.2.3 'ImageIndex': 16
Trace|3.1.2.4 'ImagesCount': 10
Trace|3.1.2 'Ones'
Trace|3.1 'Hours'
Trace|3.2.1.1 'X': 79
Trace|3.2.1.2 'Y': 121
Trace|3.2.1.3 'ImageIndex': 26
Trace|3.2.1.4 'ImagesCount': 6
Trace|3.2.1 'Tens'
Trace|3.2.2.1 'X': 79
Trace|3.2.2.2 'Y': 121
Trace|3.2.2.3 'ImageIndex': 32
Trace|3.2.2.4 'ImagesCount': 10
Trace|3.2.2 'Ones'
Trace|3.2 'Minutes'
Trace|3.11 'UnknownV11': 0
Trace|3 'Time'
Trace|4.1.1.1 'TopLeftX': 13
Trace|4.1.1.2 'TopLeftY': 370
Trace|4.1.1.3 'BottomRightX': 137
Trace|4.1.1.4 'BottomRightY': 96
Trace|4.1.1.5 'Alignment': 4
Trace|4.1.1.6 'SpacingX': 1
Trace|4.1.1.7 'SpacingY': 0
Trace|4.1.1.8 'ImageIndex': 75
Trace|4.1.1.9 'ImagesCount': 10
Trace|4.1.1 'Number'
Trace|4.1 'Steps'
Trace|4.3.1.1 'TopLeftX': 16
Trace|4.3.1.2 'TopLeftY': 236
Trace|4.3.1.3 'BottomRightX': 76
Trace|4.3.1.4 'BottomRightY': 96
Trace|4.3.1.5 'Alignment': 72
Trace|4.3.1.6 'SpacingX': -1
Trace|4.3.1.7 'SpacingY': 0
Trace|4.3.1.8 'ImageIndex': 95
Trace|4.3.1.9 'ImagesCount': 10
Trace|4.3.1 'Text'
Trace|4.3 'Calories'
Trace|4.4.1.1 'TopLeftX': 46
Trace|4.4.1.2 'TopLeftY': 184
Trace|4.4.1.3 'BottomRightX': 106
Trace|4.4.1.4 'BottomRightY': 96
Trace|4.4.1.5 'Alignment': 72
Trace|4.4.1.6 'SpacingX': -1
Trace|4.4.1.7 'SpacingY': 0
Trace|4.4.1.8 'ImageIndex': 95
Trace|4.4.1.9 'ImagesCount': 10
Trace|4.4.1 'Number'
Trace|4.4.3 'NoDataImageIndex': 4
Trace|4.4 'Pulse'
Trace|4.6.1.1 'TopLeftX': 76
Trace|4.6.1.2 'TopLeftY': 236
Trace|4.6.1.3 'BottomRightX': 136
Trace|4.6.1.4 'BottomRightY': 96
Trace|4.6.1.5 'Alignment': 72
Trace|4.6.1.6 'SpacingX': -1
Trace|4.6.1.7 'SpacingY': 0
Trace|4.6.1.8 'ImageIndex': 95
Trace|4.6.1.9 'ImagesCount': 10
Trace|4.6.1 'Number'
Trace|4.6 'PAI'
Trace|4.7 'UnknownV7': 0
Trace|4 'Activity'
Trace|5.1.1.2.1 'X': 13
Trace|5.1.1.2.2 'Y': 319
Trace|5.1.1.2.3 'ImageIndex': 63
Trace|5.1.1.2.4 'ImagesCount': 12
Trace|5.1.1.2 'MonthsEN'
Trace|5.1.1.3.1 'X': 13
Trace|5.1.1.3.2 'Y': 319
Trace|5.1.1.3.3 'ImageIndex': 63
Trace|5.1.1.3.4 'ImagesCount': 12
Trace|5.1.1.3 'MonthsCN'
Trace|5.1.1.4.1 'TopLeftX': 49
Trace|5.1.1.4.2 'TopLeftY': 348
Trace|5.1.1.4.3 'BottomRightX': 13
Trace|5.1.1.4.4 'BottomRightY': 96
Trace|5.1.1.4.5 'Alignment': 4
Trace|5.1.1.4.6 'SpacingX': -2
Trace|5.1.1.4.7 'SpacingY': 0
Trace|5.1.1.4.8 'ImageIndex': 129
Trace|5.1.1.4.9 'ImagesCount': 10
Trace|5.1.1.4 'Day'
Trace|5.1.1 'Separate'
Trace|5.1.4 'TwoDigitsMonth': 0
Trace|5.1.5 'TwoDigitsDay': 1
Trace|5.1 'MonthAndDayAndYear'
Trace|5.4.1 'X': 13
Trace|5.4.2 'Y': 345
Trace|5.4.3 'ImageIndex': 6
Trace|5.4.4 'ImagesCount': 7
Trace|5.4 'ENWeekDays'
Trace|5.5.1 'X': 13
Trace|5.5.2 'Y': 345
Trace|5.5.3 'ImageIndex': 4
Trace|5.5.4 'ImagesCount': 1
Trace|5.5 'CNWeekDays'
Trace|5.6.1 'X': 13
Trace|5.6.2 'Y': 345
Trace|5.6.3 'ImageIndex': 5
Trace|5.6.4 'ImagesCount': 1
Trace|5.6 'CN2WeekDays'
Trace|5 'Date'
Trace|6.2.1.1.1 'TopLeftX': 55
Trace|6.2.1.1.2 'TopLeftY': 284
Trace|6.2.1.1.3 'BottomRightX': 97
Trace|6.2.1.1.4 'BottomRightY': 96
Trace|6.2.1.1.5 'Alignment': 72
Trace|6.2.1.1.6 'SpacingX': 0
Trace|6.2.1.1.7 'SpacingY': 0
Trace|6.2.1.1.8 'ImageIndex': 85
Trace|6.2.1.1.9 'ImagesCount': 10
Trace|6.2.1.1 'Number'
Trace|6.2.1.2 'MinusImageIndex': 128
Trace|6.2.1 'Current'
Trace|6.2.2.1.1.1.1 'TopLeftX': 13
Trace|6.2.2.1.1.1.2 'TopLeftY': 308
Trace|6.2.2.1.1.1.3 'BottomRightX': 95
Trace|6.2.2.1.1.1.4 'BottomRightY': 96
Trace|6.2.2.1.1.1.5 'Alignment': 20
Trace|6.2.2.1.1.1.6 'SpacingX': 1
Trace|6.2.2.1.1.1.7 'SpacingY': 0
Trace|6.2.2.1.1.1.8 'ImageIndex': 105
Trace|6.2.2.1.1.1.9 'ImagesCount': 10
Trace|6.2.2.1.1.1 'Number'
Trace|6.2.2.1.1.2 'MinusImageIndex': 115
Trace|6.2.2.1.1.3 'DegreesImageIndex': 127
Trace|6.2.2.1.1 'Day'
Trace|6.2.2.1.2.1.1 'TopLeftX': 57
Trace|6.2.2.1.2.1.2 'TopLeftY': 308
Trace|6.2.2.1.2.1.3 'BottomRightX': 13
Trace|6.2.2.1.2.1.4 'BottomRightY': 96
Trace|6.2.2.1.2.1.5 'Alignment': 18
Trace|6.2.2.1.2.1.6 'SpacingX': 1
Trace|6.2.2.1.2.1.7 'SpacingY': 0
Trace|6.2.2.1.2.1.8 'ImageIndex': 116
Trace|6.2.2.1.2.1.9 'ImagesCount': 10
Trace|6.2.2.1.2.1 'Number'
Trace|6.2.2.1.2.2 'MinusImageIndex': 126
Trace|6.2.2.1.2.3 'DegreesImageIndex': 127
Trace|6.2.2.1.2 'Night'
Trace|6.2.2.1 'Separate'
Trace|6.2.2 'Today'
Trace|6.2 'Temperature'
Trace|6 'Weather'
Trace|7.3.1 'StartImageIndex': 52
Trace|7.3.2 'Segments'
Trace|7.3.2.1 'X': 79
Trace|7.3.2.2 'Y': 327
Trace|7.3.2 'Segments'
Trace|7.3.2.1 'X': 79
Trace|7.3.2.2 'Y': 327
Trace|7.3.2 'Segments'
Trace|7.3.2.1 'X': 79
Trace|7.3.2.2 'Y': 327
Trace|7.3.2 'Segments'
Trace|7.3.2.1 'X': 79
Trace|7.3.2.2 'Y': 327
Trace|7.3.2 'Segments'
Trace|7.3.2.1 'X': 79
Trace|7.3.2.2 'Y': 327
Trace|7.3.2 'Segments'
Trace|7.3.2.1 'X': 79
Trace|7.3.2.2 'Y': 327
Trace|7.3.2 'Segments'
Trace|7.3.2.1 'X': 79
Trace|7.3.2.2 'Y': 327
Trace|7.3.2 'Segments'
Trace|7.3.2.1 'X': 79
Trace|7.3.2.2 'Y': 327
Trace|7.3.2 'Segments'
Trace|7.3.2.1 'X': 79
Trace|7.3.2.2 'Y': 327
Trace|7.3.2 'Segments'
Trace|7.3.2.1 'X': 79
Trace|7.3.2.2 'Y': 327
Trace|7.3 'Linear'
Trace|7 'StepsProgress'
Trace|8.1.1.1 'X': 61
Trace|8.1.1.2 'Y': 100
Trace|8.1.1 'Coordinates'
Trace|8.1.2 'ImageIndexOn': 2
Trace|8.1 'DoNotDisturb'
Trace|8.2.1.1 'X': 72
Trace|8.2.1.2 'Y': 100
Trace|8.2.1 'Coordinates'
Trace|8.2.3 'ImageIndexOff': 1
Trace|8.2 'Lock'
Trace|8.3.1.1 'X': 83
Trace|8.3.1.2 'Y': 100
Trace|8.3.1 'Coordinates'
Trace|8.3.2 'ImageIndexOn': 3
Trace|8.3 'Bluetooth'
Trace|8 'Status'
Trace|9.1.1.1 'TopLeftX': 14
Trace|9.1.1.2 'TopLeftY': 109
Trace|9.1.1.3 'BottomRightX': 13
Trace|9.1.1.4 'BottomRightY': 96
Trace|9.1.1.5 'Alignment': 2
Trace|9.1.1.6 'SpacingX': 1
Trace|9.1.1.7 'SpacingY': 0
Trace|9.1.1.8 'ImageIndex': 75
Trace|9.1.1.9 'ImagesCount': 10
Trace|9.1.1 'Coordinates'
Trace|9.1.4 'SuffixImageIndex': 139
Trace|9.1 'BatteryText'
Trace|9.2.1 'X': 13
Trace|9.2.2 'Y': 112
Trace|9.2.3 'ImageIndex': 42
Trace|9.2.4 'ImagesCount': 10
Trace|9.2 'BatteryIcon'
Trace|9 'Battery'
Trace|10.1.1 'OnlyBorder': 0
Trace|10.1.2 'Color': 11447982
Trace|10.1.3.1 'X': 76
Trace|10.1.3.2 'Y': 244
Trace|10.1.3 'Center'
Trace|10.1.4 'Shape'
Trace|10.1.4.1 'X': 2
Trace|10.1.4.2 'Y': -2
Trace|10.1.4 'Shape'
Trace|10.1.4.1 'X': 38
Trace|10.1.4.2 'Y': -2
Trace|10.1.4 'Shape'
Trace|10.1.4.1 'X': 40
Trace|10.1.4.2 'Y': 0
Trace|10.1.4 'Shape'
Trace|10.1.4.1 'X': 38
Trace|10.1.4.2 'Y': 3
Trace|10.1.4 'Shape'
Trace|10.1.4.1 'X': 2
Trace|10.1.4.2 'Y': 3
Trace|10.1 'Hours'
Trace|10.2.1 'OnlyBorder': 0
Trace|10.2.2 'Color': 11447982
Trace|10.2.3.1 'X': 76
Trace|10.2.3.2 'Y': 244
Trace|10.2.3 'Center'
Trace|10.2.4 'Shape'
Trace|10.2.4.1 'X': 2
Trace|10.2.4.2 'Y': -2
Trace|10.2.4 'Shape'
Trace|10.2.4.1 'X': 62
Trace|10.2.4.2 'Y': -2
Trace|10.2.4 'Shape'
Trace|10.2.4.1 'X': 64
Trace|10.2.4.2 'Y': 0
Trace|10.2.4 'Shape'
Trace|10.2.4.1 'X': 62
Trace|10.2.4.2 'Y': 3
Trace|10.2.4 'Shape'
Trace|10.2.4.1 'X': 2
Trace|10.2.4.2 'Y': 3
Trace|10.2.5.1 'X': 71
Trace|10.2.5.2 'Y': 239
Trace|10.2.5.3 'ImageIndex': 62
Trace|10.2.5 'CenterImage'
Trace|10.2 'Minutes'
Trace|10 'AnalogDialFace'
Debug|Generating previews...
Debug|Writing watch face to 'infograph_spanish_white_16-97515-dd8bf9746c\infograph_spanish_white_16-97515-dd8bf9746c_packed.bin'
Trace|Encoding parameters...
Trace|Parameter: 2
Trace|1 (0A):
Trace|    1 (08): 13 (0D)
Trace|    2 (10): 96 (60)
Trace|    3 (18): 0 (00)
Trace|8 bytes
Trace|Parameter: 3
Trace|1 (0A):
Trace|    1 (0A):
Trace|        1 (08): 79 (4F)
Trace|        2 (10): 121 (79)
Trace|        3 (18): 13 (0D)
Trace|        4 (20): 3 (03)
Trace|    10 bytes
Trace|    2 (12):
Trace|        1 (08): 79 (4F)
Trace|        2 (10): 121 (79)
Trace|        3 (18): 16 (10)
Trace|        4 (20): 10 (0A)
Trace|    10 bytes
Trace|22 bytes
Trace|2 (12):
Trace|    1 (0A):
Trace|        1 (08): 79 (4F)
Trace|        2 (10): 121 (79)
Trace|        3 (18): 26 (1A)
Trace|        4 (20): 6 (06)
Trace|    10 bytes
Trace|    2 (12):
Trace|        1 (08): 79 (4F)
Trace|        2 (10): 121 (79)
Trace|        3 (18): 32 (20)
Trace|        4 (20): 10 (0A)
Trace|    10 bytes
Trace|22 bytes
Trace|11 (58): 0 (00)
Trace|Parameter: 4
Trace|1 (0A):
Trace|    1 (0A):
Trace|        1 (08): 13 (0D)
Trace|        2 (10): 370 (172)
Trace|        3 (18): 137 (89)
Trace|        4 (20): 96 (60)
Trace|        5 (28): 4 (04)
Trace|        6 (30): 1 (01)
Trace|        7 (38): 0 (00)
Trace|        8 (40): 75 (4B)
Trace|        9 (48): 10 (0A)
Trace|    22 bytes
Trace|24 bytes
Trace|3 (1A):
Trace|    1 (0A):
Trace|        1 (08): 16 (10)
Trace|        2 (10): 236 (EC)
Trace|        3 (18): 76 (4C)
Trace|        4 (20): 96 (60)
Trace|        5 (28): 72 (48)
Trace|        6 (30): -1 (FFFFFFFFFFFFFFFF)
Trace|        7 (38): 0 (00)
Trace|        8 (40): 95 (5F)
Trace|        9 (48): 10 (0A)
Trace|    30 bytes
Trace|32 bytes
Trace|4 (22):
Trace|    1 (0A):
Trace|        1 (08): 46 (2E)
Trace|        2 (10): 184 (B8)
Trace|        3 (18): 106 (6A)
Trace|        4 (20): 96 (60)
Trace|        5 (28): 72 (48)
Trace|        6 (30): -1 (FFFFFFFFFFFFFFFF)
Trace|        7 (38): 0 (00)
Trace|        8 (40): 95 (5F)
Trace|        9 (48): 10 (0A)
Trace|    30 bytes
Trace|    3 (18): 4 (04)
Trace|34 bytes
Trace|6 (32):
Trace|    1 (0A):
Trace|        1 (08): 76 (4C)
Trace|        2 (10): 236 (EC)
Trace|        3 (18): 136 (88)
Trace|        4 (20): 96 (60)
Trace|        5 (28): 72 (48)
Trace|        6 (30): -1 (FFFFFFFFFFFFFFFF)
Trace|        7 (38): 0 (00)
Trace|        8 (40): 95 (5F)
Trace|        9 (48): 10 (0A)
Trace|    31 bytes
Trace|33 bytes
Trace|7 (38): 0 (00)
Trace|Parameter: 5
Trace|1 (0A):
Trace|    1 (0A):
Trace|        2 (12):
Trace|            1 (08): 13 (0D)
Trace|            2 (10): 319 (13F)
Trace|            3 (18): 63 (3F)
Trace|            4 (20): 12 (0C)
Trace|        11 bytes
Trace|        3 (1A):
Trace|            1 (08): 13 (0D)
Trace|            2 (10): 319 (13F)
Trace|            3 (18): 63 (3F)
Trace|            4 (20): 12 (0C)
Trace|        11 bytes
Trace|        4 (22):
Trace|            1 (08): 49 (31)
Trace|            2 (10): 348 (15C)
Trace|            3 (18): 13 (0D)
Trace|            4 (20): 96 (60)
Trace|            5 (28): 4 (04)
Trace|            6 (30): -2 (FFFFFFFFFFFFFFFE)
Trace|            7 (38): 0 (00)
Trace|            8 (40): 129 (81)
Trace|            9 (48): 10 (0A)
Trace|        31 bytes
Trace|    55 bytes
Trace|    4 (20): 0 (00)
Trace|    5 (28): 1 (01)
Trace|61 bytes
Trace|4 (22):
Trace|    1 (08): 13 (0D)
Trace|    2 (10): 345 (159)
Trace|    3 (18): 6 (06)
Trace|    4 (20): 7 (07)
Trace|11 bytes
Trace|5 (2A):
Trace|    1 (08): 13 (0D)
Trace|    2 (10): 345 (159)
Trace|    3 (18): 4 (04)
Trace|    4 (20): 1 (01)
Trace|11 bytes
Trace|6 (32):
Trace|    1 (08): 13 (0D)
Trace|    2 (10): 345 (159)
Trace|    3 (18): 5 (05)
Trace|    4 (20): 1 (01)
Trace|11 bytes
Trace|Parameter: 6
Trace|2 (12):
Trace|    1 (0A):
Trace|        1 (0A):
Trace|            1 (08): 55 (37)
Trace|            2 (10): 284 (11C)
Trace|            3 (18): 97 (61)
Trace|            4 (20): 96 (60)
Trace|            5 (28): 72 (48)
Trace|            6 (30): 0 (00)
Trace|            7 (38): 0 (00)
Trace|            8 (40): 85 (55)
Trace|            9 (48): 10 (0A)
Trace|        21 bytes
Trace|        2 (10): 128 (80)
Trace|    26 bytes
Trace|    2 (12):
Trace|        1 (0A):
Trace|            1 (0A):
Trace|                1 (0A):
Trace|                    1 (08): 13 (0D)
Trace|                    2 (10): 308 (134)
Trace|                    3 (18): 95 (5F)
Trace|                    4 (20): 96 (60)
Trace|                    5 (28): 20 (14)
Trace|                    6 (30): 1 (01)
Trace|                    7 (38): 0 (00)
Trace|                    8 (40): 105 (69)
Trace|                    9 (48): 10 (0A)
Trace|                21 bytes
Trace|                2 (10): 115 (73)
Trace|                3 (18): 127 (7F)
Trace|            27 bytes
Trace|            2 (12):
Trace|                1 (0A):
Trace|                    1 (08): 57 (39)
Trace|                    2 (10): 308 (134)
Trace|                    3 (18): 13 (0D)
Trace|                    4 (20): 96 (60)
Trace|                    5 (28): 18 (12)
Trace|                    6 (30): 1 (01)
Trace|                    7 (38): 0 (00)
Trace|                    8 (40): 116 (74)
Trace|                    9 (48): 10 (0A)
Trace|                21 bytes
Trace|                2 (10): 126 (7E)
Trace|                3 (18): 127 (7F)
Trace|            27 bytes
Trace|        56 bytes
Trace|    58 bytes
Trace|86 bytes
Trace|Parameter: 7
Trace|3 (1A):
Trace|    1 (08): 52 (34)
Trace|    2 (12):
Trace|        1 (08): 79 (4F)
Trace|        2 (10): 327 (147)
Trace|    7 bytes
Trace|    2 (12):
Trace|        1 (08): 79 (4F)
Trace|        2 (10): 327 (147)
Trace|    7 bytes
Trace|    2 (12):
Trace|        1 (08): 79 (4F)
Trace|        2 (10): 327 (147)
Trace|    7 bytes
Trace|    2 (12):
Trace|        1 (08): 79 (4F)
Trace|        2 (10): 327 (147)
Trace|    7 bytes
Trace|    2 (12):
Trace|        1 (08): 79 (4F)
Trace|        2 (10): 327 (147)
Trace|    7 bytes
Trace|    2 (12):
Trace|        1 (08): 79 (4F)
Trace|        2 (10): 327 (147)
Trace|    7 bytes
Trace|    2 (12):
Trace|        1 (08): 79 (4F)
Trace|        2 (10): 327 (147)
Trace|    7 bytes
Trace|    2 (12):
Trace|        1 (08): 79 (4F)
Trace|        2 (10): 327 (147)
Trace|    7 bytes
Trace|    2 (12):
Trace|        1 (08): 79 (4F)
Trace|        2 (10): 327 (147)
Trace|    7 bytes
Trace|    2 (12):
Trace|        1 (08): 79 (4F)
Trace|        2 (10): 327 (147)
Trace|    7 bytes
Trace|74 bytes
Trace|Parameter: 8
Trace|1 (0A):
Trace|    1 (0A):
Trace|        1 (08): 61 (3D)
Trace|        2 (10): 100 (64)
Trace|    6 bytes
Trace|    2 (10): 2 (02)
Trace|10 bytes
Trace|2 (12):
Trace|    1 (0A):
Trace|        1 (08): 72 (48)
Trace|        2 (10): 100 (64)
Trace|    6 bytes
Trace|    3 (18): 1 (01)
Trace|10 bytes
Trace|3 (1A):
Trace|    1 (0A):
Trace|        1 (08): 83 (53)
Trace|        2 (10): 100 (64)
Trace|    6 bytes
Trace|    2 (10): 3 (03)
Trace|10 bytes
Trace|Parameter: 9
Trace|1 (0A):
Trace|    1 (0A):
Trace|        1 (08): 14 (0E)
Trace|        2 (10): 109 (6D)
Trace|        3 (18): 13 (0D)
Trace|        4 (20): 96 (60)
Trace|        5 (28): 2 (02)
Trace|        6 (30): 1 (01)
Trace|        7 (38): 0 (00)
Trace|        8 (40): 75 (4B)
Trace|        9 (48): 10 (0A)
Trace|    20 bytes
Trace|    4 (20): 139 (8B)
Trace|25 bytes
Trace|2 (12):
Trace|    1 (08): 13 (0D)
Trace|    2 (10): 112 (70)
Trace|    3 (18): 42 (2A)
Trace|    4 (20): 10 (0A)
Trace|10 bytes
Trace|Parameter: 10
Trace|1 (0A):
Trace|    1 (08): 0 (00)
Trace|    2 (10): 11447982 (AEAEAE)
Trace|    3 (1A):
Trace|        1 (08): 76 (4C)
Trace|        2 (10): 244 (F4)
Trace|    7 bytes
Trace|    4 (22):
Trace|        1 (08): 2 (02)
Trace|        2 (10): -2 (FFFFFFFFFFFFFFFE)
Trace|    15 bytes
Trace|    4 (22):
Trace|        1 (08): 38 (26)
Trace|        2 (10): -2 (FFFFFFFFFFFFFFFE)
Trace|    15 bytes
Trace|    4 (22):
Trace|        1 (08): 40 (28)
Trace|        2 (10): 0 (00)
Trace|    6 bytes
Trace|    4 (22):
Trace|        1 (08): 38 (26)
Trace|        2 (10): 3 (03)
Trace|    6 bytes
Trace|    4 (22):
Trace|        1 (08): 2 (02)
Trace|        2 (10): 3 (03)
Trace|    6 bytes
Trace|64 bytes
Trace|2 (12):
Trace|    1 (08): 0 (00)
Trace|    2 (10): 11447982 (AEAEAE)
Trace|    3 (1A):
Trace|        1 (08): 76 (4C)
Trace|        2 (10): 244 (F4)
Trace|    7 bytes
Trace|    4 (22):
Trace|        1 (08): 2 (02)
Trace|        2 (10): -2 (FFFFFFFFFFFFFFFE)
Trace|    15 bytes
Trace|    4 (22):
Trace|        1 (08): 62 (3E)
Trace|        2 (10): -2 (FFFFFFFFFFFFFFFE)
Trace|    15 bytes
Trace|    4 (22):
Trace|        1 (08): 64 (40)
Trace|        2 (10): 0 (00)
Trace|    6 bytes
Trace|    4 (22):
Trace|        1 (08): 62 (3E)
Trace|        2 (10): 3 (03)
Trace|    6 bytes
Trace|    4 (22):
Trace|        1 (08): 2 (02)
Trace|        2 (10): 3 (03)
Trace|    6 bytes
Trace|    5 (2A):
Trace|        1 (08): 71 (47)
Trace|        2 (10): 239 (EF)
Trace|        3 (18): 62 (3E)
Trace|    9 bytes
Trace|73 bytes
Trace|Encoding offsets and lengths...
Trace|1 (0A):
Trace|    1 (08): 635 (27B)
Trace|    2 (10): 140 (8C)
Trace|8 bytes
Trace|2 (12):
Trace|    1 (08): 0 (00)
Trace|    2 (10): 8 (08)
Trace|6 bytes
Trace|3 (1A):
Trace|    1 (08): 8 (08)
Trace|    2 (10): 46 (2E)
Trace|6 bytes
Trace|4 (22):
Trace|    1 (08): 54 (36)
Trace|    2 (10): 125 (7D)
Trace|6 bytes
Trace|5 (2A):
Trace|    1 (08): 179 (B3)
Trace|    2 (10): 94 (5E)
Trace|7 bytes
Trace|6 (32):
Trace|    1 (08): 273 (111)
Trace|    2 (10): 86 (56)
Trace|7 bytes
Trace|7 (3A):
Trace|    1 (08): 359 (167)
Trace|    2 (10): 74 (4A)
Trace|7 bytes
Trace|8 (42):
Trace|    1 (08): 433 (1B1)
Trace|    2 (10): 30 (1E)
Trace|7 bytes
Trace|9 (4A):
Trace|    1 (08): 463 (1CF)
Trace|    2 (10): 35 (23)
Trace|7 bytes
Trace|10 (52):
Trace|    1 (08): 498 (1F2)
Trace|    2 (10): 137 (89)
Trace|8 bytes
Trace|Writing header...
Trace|Writing parameters offsets and lengths...
Trace|Writing parameters...
Trace|Writing images...
Trace|Resource 0 offset is 0...
Debug|Encoding resource 0...
Trace|Writing image in Raw mode
Trace|No Transparency image...
Trace|Writing image header...
Trace|Width: 126, Height: 294, RowLength: 252
Trace|BPP: 16, PaletteColors: 0, Transaparency: 0
Trace|Writing image...
Trace|Resource 1 offset is 74104...
Debug|Encoding resource 1...
Trace|Writing image in Raw mode
Trace|Transparency image...
Trace|Writing image header...
Trace|Width: 10, Height: 10, RowLength: 30
Trace|BPP: 24, PaletteColors: 0, Transaparency: 0
Trace|Resource 2 offset is 74420...
Debug|Encoding resource 2...
Trace|Writing image in Raw mode
Trace|Transparency image...
Trace|Writing image header...
Trace|Width: 10, Height: 10, RowLength: 30
Trace|BPP: 24, PaletteColors: 0, Transaparency: 0
Trace|Resource 3 offset is 74736...
Debug|Encoding resource 3...
Trace|Writing image in Raw mode
Trace|Transparency image...
Trace|Writing image header...
Trace|Width: 10, Height: 10, RowLength: 30
Trace|BPP: 24, PaletteColors: 0, Transaparency: 0
Trace|Resource 4 offset is 75052...
Debug|Encoding resource 4...
Trace|Writing image in Raw mode
Trace|Transparency image...
Trace|Writing image header...
Trace|Width: 46, Height: 58, RowLength: 138
Trace|BPP: 24, PaletteColors: 0, Transaparency: 0
Trace|Resource 5 offset is 83072...
Debug|Encoding resource 5...
Trace|Writing image in Raw mode
Trace|Transparency image...
Trace|Writing image header...
Trace|Width: 46, Height: 58, RowLength: 138
Trace|BPP: 24, PaletteColors: 0, Transaparency: 0
Trace|Resource 6 offset is 91092...
Debug|Encoding resource 6...
Trace|Writing image in Raw mode
Trace|Transparency image...
Trace|Writing image header...
Trace|Width: 60, Height: 38, RowLength: 180
Trace|BPP: 24, PaletteColors: 0, Transaparency: 0
Trace|Resource 7 offset is 97948...
Debug|Encoding resource 7...
Trace|Writing image in Raw mode
Trace|Transparency image...
Trace|Writing image header...
Trace|Width: 60, Height: 38, RowLength: 180
Trace|BPP: 24, PaletteColors: 0, Transaparency: 0
Trace|Resource 8 offset is 104804...
Debug|Encoding resource 8...
Trace|Writing image in Raw mode
Trace|Transparency image...
Trace|Writing image header...
Trace|Width: 60, Height: 38, RowLength: 180
Trace|BPP: 24, PaletteColors: 0, Transaparency: 0
Trace|Resource 9 offset is 111660...
Debug|Encoding resource 9...
Trace|Writing image in Raw mode
Trace|Transparency image...
Trace|Writing image header...
Trace|Width: 60, Height: 38, RowLength: 180
Trace|BPP: 24, PaletteColors: 0, Transaparency: 0
Trace|Resource 10 offset is 118516...
Debug|Encoding resource 10...
Trace|Writing image in Raw mode
Trace|Transparency image...
Trace|Writing image header...
Trace|Width: 60, Height: 38, RowLength: 180
Trace|BPP: 24, PaletteColors: 0, Transaparency: 0
Trace|Resource 11 offset is 125372...
Debug|Encoding resource 11...
Trace|Writing image in Raw mode
Trace|Transparency image...
Trace|Writing image header...
Trace|Width: 60, Height: 38, RowLength: 180
Trace|BPP: 24, PaletteColors: 0, Transaparency: 0
Trace|Resource 12 offset is 132228...
Debug|Encoding resource 12...
Trace|Writing image in Raw mode
Trace|Transparency image...
Trace|Writing image header...
Trace|Width: 60, Height: 38, RowLength: 180
Trace|BPP: 24, PaletteColors: 0, Transaparency: 0
Trace|Resource 13 offset is 139084...
Debug|Encoding resource 13...
Trace|Writing image in Raw mode
Trace|Transparency image...
Trace|Writing image header...
Trace|Width: 12, Height: 14, RowLength: 36
Trace|BPP: 24, PaletteColors: 0, Transaparency: 0
Trace|Resource 14 offset is 139604...
Debug|Encoding resource 14...
Trace|Writing image in Raw mode
Trace|Transparency image...
Trace|Writing image header...
Trace|Width: 60, Height: 41, RowLength: 180
Trace|BPP: 24, PaletteColors: 0, Transaparency: 0
Trace|Resource 15 offset is 147000...
Debug|Encoding resource 15...
Trace|Writing image in Raw mode
Trace|Transparency image...
Trace|Writing image header...
Trace|Width: 60, Height: 41, RowLength: 180
Trace|BPP: 24, PaletteColors: 0, Transaparency: 0
Trace|Resource 16 offset is 154396...
Debug|Encoding resource 16...
Trace|Writing image in Raw mode
Trace|Transparency image...
Trace|Writing image header...
Trace|Width: 60, Height: 41, RowLength: 180
Trace|BPP: 24, PaletteColors: 0, Transaparency: 0
Trace|Resource 17 offset is 161792...
Debug|Encoding resource 17...
Trace|Writing image in Raw mode
Trace|Transparency image...
Trace|Writing image header...
Trace|Width: 60, Height: 41, RowLength: 180
Trace|BPP: 24, PaletteColors: 0, Transaparency: 0
Trace|Resource 18 offset is 169188...
Debug|Encoding resource 18...
Trace|Writing image in Raw mode
Trace|Transparency image...
Trace|Writing image header...
Trace|Width: 60, Height: 41, RowLength: 180
Trace|BPP: 24, PaletteColors: 0, Transaparency: 0
Trace|Resource 19 offset is 176584...
Debug|Encoding resource 19...
Trace|Writing image in Raw mode
Trace|Transparency image...
Trace|Writing image header...
Trace|Width: 60, Height: 41, RowLength: 180
Trace|BPP: 24, PaletteColors: 0, Transaparency: 0
Trace|Resource 20 offset is 183980...
Debug|Encoding resource 20...
Trace|Writing image in Raw mode
Trace|Transparency image...
Trace|Writing image header...
Trace|Width: 60, Height: 41, RowLength: 180
Trace|BPP: 24, PaletteColors: 0, Transaparency: 0
Trace|Resource 21 offset is 191376...
Debug|Encoding resource 21...
Trace|Writing image in Raw mode
Trace|Transparency image...
Trace|Writing image header...
Trace|Width: 60, Height: 41, RowLength: 180
Trace|BPP: 24, PaletteColors: 0, Transaparency: 0
Trace|Resource 22 offset is 198772...
Debug|Encoding resource 22...
Trace|Writing image in Raw mode
Trace|Transparency image...
Trace|Writing image header...
Trace|Width: 60, Height: 41, RowLength: 180
Trace|BPP: 24, PaletteColors: 0, Transaparency: 0
Trace|Resource 23 offset is 206168...
Debug|Encoding resource 23...
Trace|Writing image in Raw mode
Trace|Transparency image...
Trace|Writing image header...
Trace|Width: 60, Height: 41, RowLength: 180
Trace|BPP: 24, PaletteColors: 0, Transaparency: 0
Trace|Resource 24 offset is 213564...
Debug|Encoding resource 24...
Trace|Writing image in Raw mode
Trace|Transparency image...
Trace|Writing image header...
Trace|Width: 60, Height: 41, RowLength: 180
Trace|BPP: 24, PaletteColors: 0, Transaparency: 0
Trace|Resource 25 offset is 220960...
Debug|Encoding resource 25...
Trace|Writing image in Raw mode
Trace|Transparency image...
Trace|Writing image header...
Trace|Width: 60, Height: 41, RowLength: 180
Trace|BPP: 24, PaletteColors: 0, Transaparency: 0
Trace|Resource 26 offset is 228356...
Debug|Encoding resource 26...
Trace|Writing image in Raw mode
Trace|Transparency image...
Trace|Writing image header...
Trace|Width: 60, Height: 41, RowLength: 180
Trace|BPP: 24, PaletteColors: 0, Transaparency: 0
Trace|Resource 27 offset is 235752...
Debug|Encoding resource 27...
Trace|Writing image in Raw mode
Trace|Transparency image...
Trace|Writing image header...
Trace|Width: 60, Height: 41, RowLength: 180
Trace|BPP: 24, PaletteColors: 0, Transaparency: 0
Trace|Resource 28 offset is 243148...
Debug|Encoding resource 28...
Trace|Writing image in Raw mode
Trace|Transparency image...
Trace|Writing image header...
Trace|Width: 60, Height: 41, RowLength: 180
Trace|BPP: 24, PaletteColors: 0, Transaparency: 0
Trace|Resource 29 offset is 250544...
Debug|Encoding resource 29...
Trace|Writing image in Raw mode
Trace|Transparency image...
Trace|Writing image header...
Trace|Width: 60, Height: 41, RowLength: 180
Trace|BPP: 24, PaletteColors: 0, Transaparency: 0
Trace|Resource 30 offset is 257940...
Debug|Encoding resource 30...
Trace|Writing image in Raw mode
Trace|Transparency image...
Trace|Writing image header...
Trace|Width: 60, Height: 41, RowLength: 180
Trace|BPP: 24, PaletteColors: 0, Transaparency: 0
Trace|Resource 31 offset is 265336...
Debug|Encoding resource 31...
Trace|Writing image in Raw mode
Trace|Transparency image...
Trace|Writing image header...
Trace|Width: 60, Height: 41, RowLength: 180
Trace|BPP: 24, PaletteColors: 0, Transaparency: 0
Trace|Resource 32 offset is 272732...
Debug|Encoding resource 32...
Trace|Writing image in Raw mode
Trace|Transparency image...
Trace|Writing image header...
Trace|Width: 60, Height: 41, RowLength: 180
Trace|BPP: 24, PaletteColors: 0, Transaparency: 0
Trace|Resource 33 offset is 280128...
Debug|Encoding resource 33...
Trace|Writing image in Raw mode
Trace|Transparency image...
Trace|Writing image header...
Trace|Width: 60, Height: 41, RowLength: 180
Trace|BPP: 24, PaletteColors: 0, Transaparency: 0
Trace|Resource 34 offset is 287524...
Debug|Encoding resource 34...
Trace|Writing image in Raw mode
Trace|Transparency image...
Trace|Writing image header...
Trace|Width: 60, Height: 41, RowLength: 180
Trace|BPP: 24, PaletteColors: 0, Transaparency: 0
Trace|Resource 35 offset is 294920...
Debug|Encoding resource 35...
Trace|Writing image in Raw mode
Trace|Transparency image...
Trace|Writing image header...
Trace|Width: 60, Height: 41, RowLength: 180
Trace|BPP: 24, PaletteColors: 0, Transaparency: 0
Trace|Resource 36 offset is 302316...
Debug|Encoding resource 36...
Trace|Writing image in Raw mode
Trace|Transparency image...
Trace|Writing image header...
Trace|Width: 60, Height: 41, RowLength: 180
Trace|BPP: 24, PaletteColors: 0, Transaparency: 0
Trace|Resource 37 offset is 309712...
Debug|Encoding resource 37...
Trace|Writing image in Raw mode
Trace|Transparency image...
Trace|Writing image header...
Trace|Width: 60, Height: 41, RowLength: 180
Trace|BPP: 24, PaletteColors: 0, Transaparency: 0
Trace|Resource 38 offset is 317108...
Debug|Encoding resource 38...
Trace|Writing image in Raw mode
Trace|Transparency image...
Trace|Writing image header...
Trace|Width: 60, Height: 41, RowLength: 180
Trace|BPP: 24, PaletteColors: 0, Transaparency: 0
Trace|Resource 39 offset is 324504...
Debug|Encoding resource 39...
Trace|Writing image in Raw mode
Trace|Transparency image...
Trace|Writing image header...
Trace|Width: 60, Height: 41, RowLength: 180
Trace|BPP: 24, PaletteColors: 0, Transaparency: 0
Trace|Resource 40 offset is 331900...
Debug|Encoding resource 40...
Trace|Writing image in Raw mode
Trace|Transparency image...
Trace|Writing image header...
Trace|Width: 60, Height: 41, RowLength: 180
Trace|BPP: 24, PaletteColors: 0, Transaparency: 0
Trace|Resource 41 offset is 339296...
Debug|Encoding resource 41...
Trace|Writing image in Raw mode
Trace|Transparency image...
Trace|Writing image header...
Trace|Width: 60, Height: 41, RowLength: 180
Trace|BPP: 24, PaletteColors: 0, Transaparency: 0
Trace|Resource 42 offset is 346692...
Debug|Encoding resource 42...
Trace|Writing image in Raw mode
Trace|Transparency image...
Trace|Writing image header...
Trace|Width: 60, Height: 52, RowLength: 180
Trace|BPP: 24, PaletteColors: 0, Transaparency: 0
Trace|Resource 43 offset is 356068...
Debug|Encoding resource 43...
Trace|Writing image in Raw mode
Trace|Transparency image...
Trace|Writing image header...
Trace|Width: 60, Height: 52, RowLength: 180
Trace|BPP: 24, PaletteColors: 0, Transaparency: 0
Trace|Resource 44 offset is 365444...
Debug|Encoding resource 44...
Trace|Writing image in Raw mode
Trace|Transparency image...
Trace|Writing image header...
Trace|Width: 60, Height: 52, RowLength: 180
Trace|BPP: 24, PaletteColors: 0, Transaparency: 0
Trace|Resource 45 offset is 374820...
Debug|Encoding resource 45...
Trace|Writing image in Raw mode
Trace|Transparency image...
Trace|Writing image header...
Trace|Width: 60, Height: 52, RowLength: 180
Trace|BPP: 24, PaletteColors: 0, Transaparency: 0
Trace|Resource 46 offset is 384196...
Debug|Encoding resource 46...
Trace|Writing image in Raw mode
Trace|Transparency image...
Trace|Writing image header...
Trace|Width: 60, Height: 52, RowLength: 180
Trace|BPP: 24, PaletteColors: 0, Transaparency: 0
Trace|Resource 47 offset is 393572...
Debug|Encoding resource 47...
Trace|Writing image in Raw mode
Trace|Transparency image...
Trace|Writing image header...
Trace|Width: 60, Height: 52, RowLength: 180
Trace|BPP: 24, PaletteColors: 0, Transaparency: 0
Trace|Resource 48 offset is 402948...
Debug|Encoding resource 48...
Trace|Writing image in Raw mode
Trace|Transparency image...
Trace|Writing image header...
Trace|Width: 60, Height: 52, RowLength: 180
Trace|BPP: 24, PaletteColors: 0, Transaparency: 0
Trace|Resource 49 offset is 412324...
Debug|Encoding resource 49...
Trace|Writing image in Raw mode
Trace|Transparency image...
Trace|Writing image header...
Trace|Width: 60, Height: 52, RowLength: 180
Trace|BPP: 24, PaletteColors: 0, Transaparency: 0
Trace|Resource 50 offset is 421700...
Debug|Encoding resource 50...
Trace|Writing image in Raw mode
Trace|Transparency image...
Trace|Writing image header...
Trace|Width: 60, Height: 52, RowLength: 180
Trace|BPP: 24, PaletteColors: 0, Transaparency: 0
Trace|Resource 51 offset is 431076...
Debug|Encoding resource 51...
Trace|Writing image in Raw mode
Trace|Transparency image...
Trace|Writing image header...
Trace|Width: 60, Height: 52, RowLength: 180
Trace|BPP: 24, PaletteColors: 0, Transaparency: 0
Trace|Resource 52 offset is 440452...
Debug|Encoding resource 52...
Trace|Writing image in Raw mode
Trace|Transparency image...
Trace|Writing image header...
Trace|Width: 60, Height: 38, RowLength: 180
Trace|BPP: 24, PaletteColors: 0, Transaparency: 0
Trace|Resource 53 offset is 447308...
Debug|Encoding resource 53...
Trace|Writing image in Raw mode
Trace|Transparency image...
Trace|Writing image header...
Trace|Width: 60, Height: 38, RowLength: 180
Trace|BPP: 24, PaletteColors: 0, Transaparency: 0
Trace|Resource 54 offset is 454164...
Debug|Encoding resource 54...
Trace|Writing image in Raw mode
Trace|Transparency image...
Trace|Writing image header...
Trace|Width: 60, Height: 38, RowLength: 180
Trace|BPP: 24, PaletteColors: 0, Transaparency: 0
Trace|Resource 55 offset is 461020...
Debug|Encoding resource 55...
Trace|Writing image in Raw mode
Trace|Transparency image...
Trace|Writing image header...
Trace|Width: 60, Height: 38, RowLength: 180
Trace|BPP: 24, PaletteColors: 0, Transaparency: 0
Trace|Resource 56 offset is 467876...
Debug|Encoding resource 56...
Trace|Writing image in Raw mode
Trace|Transparency image...
Trace|Writing image header...
Trace|Width: 60, Height: 38, RowLength: 180
Trace|BPP: 24, PaletteColors: 0, Transaparency: 0
Trace|Resource 57 offset is 474732...
Debug|Encoding resource 57...
Trace|Writing image in Raw mode
Trace|Transparency image...
Trace|Writing image header...
Trace|Width: 60, Height: 38, RowLength: 180
Trace|BPP: 24, PaletteColors: 0, Transaparency: 0
Trace|Resource 58 offset is 481588...
Debug|Encoding resource 58...
Trace|Writing image in Raw mode
Trace|Transparency image...
Trace|Writing image header...
Trace|Width: 60, Height: 38, RowLength: 180
Trace|BPP: 24, PaletteColors: 0, Transaparency: 0
Trace|Resource 59 offset is 488444...
Debug|Encoding resource 59...
Trace|Writing image in Raw mode
Trace|Transparency image...
Trace|Writing image header...
Trace|Width: 60, Height: 38, RowLength: 180
Trace|BPP: 24, PaletteColors: 0, Transaparency: 0
Trace|Resource 60 offset is 495300...
Debug|Encoding resource 60...
Trace|Writing image in Raw mode
Trace|Transparency image...
Trace|Writing image header...
Trace|Width: 60, Height: 38, RowLength: 180
Trace|BPP: 24, PaletteColors: 0, Transaparency: 0
Trace|Resource 61 offset is 502156...
Debug|Encoding resource 61...
Trace|Writing image in Raw mode
Trace|Transparency image...
Trace|Writing image header...
Trace|Width: 60, Height: 38, RowLength: 180
Trace|BPP: 24, PaletteColors: 0, Transaparency: 0
Trace|Resource 62 offset is 509012...
Debug|Encoding resource 62...
Trace|Writing image in Raw mode
Trace|Transparency image...
Trace|Writing image header...
Trace|Width: 10, Height: 10, RowLength: 30
Trace|BPP: 24, PaletteColors: 0, Transaparency: 0
Trace|Resource 63 offset is 509328...
Debug|Encoding resource 63...
Trace|Writing image in Raw mode
Trace|Transparency image...
Trace|Writing image header...
Trace|Width: 44, Height: 46, RowLength: 132
Trace|BPP: 24, PaletteColors: 0, Transaparency: 0
Trace|Resource 64 offset is 515416...
Debug|Encoding resource 64...
Trace|Writing image in Raw mode
Trace|Transparency image...
Trace|Writing image header...
Trace|Width: 44, Height: 46, RowLength: 132
Trace|BPP: 24, PaletteColors: 0, Transaparency: 0
Trace|Resource 65 offset is 521504...
Debug|Encoding resource 65...
Trace|Writing image in Raw mode
Trace|Transparency image...
Trace|Writing image header...
Trace|Width: 44, Height: 46, RowLength: 132
Trace|BPP: 24, PaletteColors: 0, Transaparency: 0
Trace|Resource 66 offset is 527592...
Debug|Encoding resource 66...
Trace|Writing image in Raw mode
Trace|Transparency image...
Trace|Writing image header...
Trace|Width: 44, Height: 46, RowLength: 132
Trace|BPP: 24, PaletteColors: 0, Transaparency: 0
Trace|Resource 67 offset is 533680...
Debug|Encoding resource 67...
Trace|Writing image in Raw mode
Trace|Transparency image...
Trace|Writing image header...
Trace|Width: 44, Height: 46, RowLength: 132
Trace|BPP: 24, PaletteColors: 0, Transaparency: 0
Trace|Resource 68 offset is 539768...
Debug|Encoding resource 68...
Trace|Writing image in Raw mode
Trace|Transparency image...
Trace|Writing image header...
Trace|Width: 44, Height: 46, RowLength: 132
Trace|BPP: 24, PaletteColors: 0, Transaparency: 0
Trace|Resource 69 offset is 545856...
Debug|Encoding resource 69...
Trace|Writing image in Raw mode
Trace|Transparency image...
Trace|Writing image header...
Trace|Width: 44, Height: 46, RowLength: 132
Trace|BPP: 24, PaletteColors: 0, Transaparency: 0
Trace|Resource 70 offset is 551944...
Debug|Encoding resource 70...
Trace|Writing image in Raw mode
Trace|Transparency image...
Trace|Writing image header...
Trace|Width: 44, Height: 46, RowLength: 132
Trace|BPP: 24, PaletteColors: 0, Transaparency: 0
Trace|Resource 71 offset is 558032...
Debug|Encoding resource 71...
Trace|Writing image in Raw mode
Trace|Transparency image...
Trace|Writing image header...
Trace|Width: 44, Height: 46, RowLength: 132
Trace|BPP: 24, PaletteColors: 0, Transaparency: 0
Trace|Resource 72 offset is 564120...
Debug|Encoding resource 72...
Trace|Writing image in Raw mode
Trace|Transparency image...
Trace|Writing image header...
Trace|Width: 44, Height: 46, RowLength: 132
Trace|BPP: 24, PaletteColors: 0, Transaparency: 0
Trace|Resource 73 offset is 570208...
Debug|Encoding resource 73...
Trace|Writing image in Raw mode
Trace|Transparency image...
Trace|Writing image header...
Trace|Width: 44, Height: 46, RowLength: 132
Trace|BPP: 24, PaletteColors: 0, Transaparency: 0
Trace|Resource 74 offset is 576296...
Debug|Encoding resource 74...
Trace|Writing image in Raw mode
Trace|Transparency image...
Trace|Writing image header...
Trace|Width: 44, Height: 46, RowLength: 132
Trace|BPP: 24, PaletteColors: 0, Transaparency: 0
Trace|Resource 75 offset is 582384...
Debug|Encoding resource 75...
Trace|Writing image in Raw mode
Trace|Transparency image...
Trace|Writing image header...
Trace|Width: 9, Height: 12, RowLength: 27
Trace|BPP: 24, PaletteColors: 0, Transaparency: 0
Trace|Resource 76 offset is 582724...
Debug|Encoding resource 76...
Trace|Writing image in Raw mode
Trace|Transparency image...
Trace|Writing image header...
Trace|Width: 9, Height: 12, RowLength: 27
Trace|BPP: 24, PaletteColors: 0, Transaparency: 0
Trace|Resource 77 offset is 583064...
Debug|Encoding resource 77...
Trace|Writing image in Raw mode
Trace|Transparency image...
Trace|Writing image header...
Trace|Width: 9, Height: 12, RowLength: 27
Trace|BPP: 24, PaletteColors: 0, Transaparency: 0
Trace|Resource 78 offset is 583404...
Debug|Encoding resource 78...
Trace|Writing image in Raw mode
Trace|Transparency image...
Trace|Writing image header...
Trace|Width: 9, Height: 12, RowLength: 27
Trace|BPP: 24, PaletteColors: 0, Transaparency: 0
Trace|Resource 79 offset is 583744...
Debug|Encoding resource 79...
Trace|Writing image in Raw mode
Trace|Transparency image...
Trace|Writing image header...
Trace|Width: 9, Height: 12, RowLength: 27
Trace|BPP: 24, PaletteColors: 0, Transaparency: 0
Trace|Resource 80 offset is 584084...
Debug|Encoding resource 80...
Trace|Writing image in Raw mode
Trace|Transparency image...
Trace|Writing image header...
Trace|Width: 9, Height: 12, RowLength: 27
Trace|BPP: 24, PaletteColors: 0, Transaparency: 0
Trace|Resource 81 offset is 584424...
Debug|Encoding resource 81...
Trace|Writing image in Raw mode
Trace|Transparency image...
Trace|Writing image header...
Trace|Width: 9, Height: 12, RowLength: 27
Trace|BPP: 24, PaletteColors: 0, Transaparency: 0
Trace|Resource 82 offset is 584764...
Debug|Encoding resource 82...
Trace|Writing image in Raw mode
Trace|Transparency image...
Trace|Writing image header...
Trace|Width: 9, Height: 12, RowLength: 27
Trace|BPP: 24, PaletteColors: 0, Transaparency: 0
Trace|Resource 83 offset is 585104...
Debug|Encoding resource 83...
Trace|Writing image in Raw mode
Trace|Transparency image...
Trace|Writing image header...
Trace|Width: 9, Height: 12, RowLength: 27
Trace|BPP: 24, PaletteColors: 0, Transaparency: 0
Trace|Resource 84 offset is 585444...
Debug|Encoding resource 84...
Trace|Writing image in Raw mode
Trace|Transparency image...
Trace|Writing image header...
Trace|Width: 9, Height: 12, RowLength: 27
Trace|BPP: 24, PaletteColors: 0, Transaparency: 0
Trace|Resource 85 offset is 585784...
Debug|Encoding resource 85...
Trace|Writing image in Raw mode
Trace|Transparency image...
Trace|Writing image header...
Trace|Width: 16, Height: 19, RowLength: 48
Trace|BPP: 24, PaletteColors: 0, Transaparency: 0
Trace|Resource 86 offset is 586712...
Debug|Encoding resource 86...
Trace|Writing image in Raw mode
Trace|Transparency image...
Trace|Writing image header...
Trace|Width: 16, Height: 19, RowLength: 48
Trace|BPP: 24, PaletteColors: 0, Transaparency: 0
Trace|Resource 87 offset is 587640...
Debug|Encoding resource 87...
Trace|Writing image in Raw mode
Trace|Transparency image...
Trace|Writing image header...
Trace|Width: 16, Height: 19, RowLength: 48
Trace|BPP: 24, PaletteColors: 0, Transaparency: 0
Trace|Resource 88 offset is 588568...
Debug|Encoding resource 88...
Trace|Writing image in Raw mode
Trace|Transparency image...
Trace|Writing image header...
Trace|Width: 16, Height: 19, RowLength: 48
Trace|BPP: 24, PaletteColors: 0, Transaparency: 0
Trace|Resource 89 offset is 589496...
Debug|Encoding resource 89...
Trace|Writing image in Raw mode
Trace|Transparency image...
Trace|Writing image header...
Trace|Width: 16, Height: 19, RowLength: 48
Trace|BPP: 24, PaletteColors: 0, Transaparency: 0
Trace|Resource 90 offset is 590424...
Debug|Encoding resource 90...
Trace|Writing image in Raw mode
Trace|Transparency image...
Trace|Writing image header...
Trace|Width: 16, Height: 19, RowLength: 48
Trace|BPP: 24, PaletteColors: 0, Transaparency: 0
Trace|Resource 91 offset is 591352...
Debug|Encoding resource 91...
Trace|Writing image in Raw mode
Trace|Transparency image...
Trace|Writing image header...
Trace|Width: 16, Height: 19, RowLength: 48
Trace|BPP: 24, PaletteColors: 0, Transaparency: 0
Trace|Resource 92 offset is 592280...
Debug|Encoding resource 92...
Trace|Writing image in Raw mode
Trace|Transparency image...
Trace|Writing image header...
Trace|Width: 16, Height: 19, RowLength: 48
Trace|BPP: 24, PaletteColors: 0, Transaparency: 0
Trace|Resource 93 offset is 593208...
Debug|Encoding resource 93...
Trace|Writing image in Raw mode
Trace|Transparency image...
Trace|Writing image header...
Trace|Width: 16, Height: 19, RowLength: 48
Trace|BPP: 24, PaletteColors: 0, Transaparency: 0
Trace|Resource 94 offset is 594136...
Debug|Encoding resource 94...
Trace|Writing image in Raw mode
Trace|Transparency image...
Trace|Writing image header...
Trace|Width: 16, Height: 19, RowLength: 48
Trace|BPP: 24, PaletteColors: 0, Transaparency: 0
Trace|Resource 95 offset is 595064...
Debug|Encoding resource 95...
Trace|Writing image in Raw mode
Trace|Transparency image...
Trace|Writing image header...
Trace|Width: 13, Height: 15, RowLength: 39
Trace|BPP: 24, PaletteColors: 0, Transaparency: 0
Trace|Resource 96 offset is 595665...
Debug|Encoding resource 96...
Trace|Writing image in Raw mode
Trace|Transparency image...
Trace|Writing image header...
Trace|Width: 13, Height: 15, RowLength: 39
Trace|BPP: 24, PaletteColors: 0, Transaparency: 0
Trace|Resource 97 offset is 596266...
Debug|Encoding resource 97...
Trace|Writing image in Raw mode
Trace|Transparency image...
Trace|Writing image header...
Trace|Width: 13, Height: 15, RowLength: 39
Trace|BPP: 24, PaletteColors: 0, Transaparency: 0
Trace|Resource 98 offset is 596867...
Debug|Encoding resource 98...
Trace|Writing image in Raw mode
Trace|Transparency image...
Trace|Writing image header...
Trace|Width: 13, Height: 15, RowLength: 39
Trace|BPP: 24, PaletteColors: 0, Transaparency: 0
Trace|Resource 99 offset is 597468...
Debug|Encoding resource 99...
Trace|Writing image in Raw mode
Trace|Transparency image...
Trace|Writing image header...
Trace|Width: 13, Height: 15, RowLength: 39
Trace|BPP: 24, PaletteColors: 0, Transaparency: 0
Trace|Resource 100 offset is 598069...
Debug|Encoding resource 100...
Trace|Writing image in Raw mode
Trace|Transparency image...
Trace|Writing image header...
Trace|Width: 13, Height: 15, RowLength: 39
Trace|BPP: 24, PaletteColors: 0, Transaparency: 0
Trace|Resource 101 offset is 598670...
Debug|Encoding resource 101...
Trace|Writing image in Raw mode
Trace|Transparency image...
Trace|Writing image header...
Trace|Width: 13, Height: 15, RowLength: 39
Trace|BPP: 24, PaletteColors: 0, Transaparency: 0
Trace|Resource 102 offset is 599271...
Debug|Encoding resource 102...
Trace|Writing image in Raw mode
Trace|Transparency image...
Trace|Writing image header...
Trace|Width: 13, Height: 15, RowLength: 39
Trace|BPP: 24, PaletteColors: 0, Transaparency: 0
Trace|Resource 103 offset is 599872...
Debug|Encoding resource 103...
Trace|Writing image in Raw mode
Trace|Transparency image...
Trace|Writing image header...
Trace|Width: 13, Height: 15, RowLength: 39
Trace|BPP: 24, PaletteColors: 0, Transaparency: 0
Trace|Resource 104 offset is 600473...
Debug|Encoding resource 104...
Trace|Writing image in Raw mode
Trace|Transparency image...
Trace|Writing image header...
Trace|Width: 13, Height: 15, RowLength: 39
Trace|BPP: 24, PaletteColors: 0, Transaparency: 0
Trace|Resource 105 offset is 601074...
Debug|Encoding resource 105...
Trace|Writing image in Raw mode
Trace|Transparency image...
Trace|Writing image header...
Trace|Width: 7, Height: 9, RowLength: 21
Trace|BPP: 24, PaletteColors: 0, Transaparency: 0
Trace|Resource 106 offset is 601279...
Debug|Encoding resource 106...
Trace|Writing image in Raw mode
Trace|Transparency image...
Trace|Writing image header...
Trace|Width: 7, Height: 9, RowLength: 21
Trace|BPP: 24, PaletteColors: 0, Transaparency: 0
Trace|Resource 107 offset is 601484...
Debug|Encoding resource 107...
Trace|Writing image in Raw mode
Trace|Transparency image...
Trace|Writing image header...
Trace|Width: 7, Height: 9, RowLength: 21
Trace|BPP: 24, PaletteColors: 0, Transaparency: 0
Trace|Resource 108 offset is 601689...
Debug|Encoding resource 108...
Trace|Writing image in Raw mode
Trace|Transparency image...
Trace|Writing image header...
Trace|Width: 7, Height: 9, RowLength: 21
Trace|BPP: 24, PaletteColors: 0, Transaparency: 0
Trace|Resource 109 offset is 601894...
Debug|Encoding resource 109...
Trace|Writing image in Raw mode
Trace|Transparency image...
Trace|Writing image header...
Trace|Width: 7, Height: 9, RowLength: 21
Trace|BPP: 24, PaletteColors: 0, Transaparency: 0
Trace|Resource 110 offset is 602099...
Debug|Encoding resource 110...
Trace|Writing image in Raw mode
Trace|Transparency image...
Trace|Writing image header...
Trace|Width: 7, Height: 9, RowLength: 21
Trace|BPP: 24, PaletteColors: 0, Transaparency: 0
Trace|Resource 111 offset is 602304...
Debug|Encoding resource 111...
Trace|Writing image in Raw mode
Trace|Transparency image...
Trace|Writing image header...
Trace|Width: 7, Height: 9, RowLength: 21
Trace|BPP: 24, PaletteColors: 0, Transaparency: 0
Trace|Resource 112 offset is 602509...
Debug|Encoding resource 112...
Trace|Writing image in Raw mode
Trace|Transparency image...
Trace|Writing image header...
Trace|Width: 7, Height: 9, RowLength: 21
Trace|BPP: 24, PaletteColors: 0, Transaparency: 0
Trace|Resource 113 offset is 602714...
Debug|Encoding resource 113...
Trace|Writing image in Raw mode
Trace|Transparency image...
Trace|Writing image header...
Trace|Width: 7, Height: 9, RowLength: 21
Trace|BPP: 24, PaletteColors: 0, Transaparency: 0
Trace|Resource 114 offset is 602919...
Debug|Encoding resource 114...
Trace|Writing image in Raw mode
Trace|Transparency image...
Trace|Writing image header...
Trace|Width: 7, Height: 9, RowLength: 21
Trace|BPP: 24, PaletteColors: 0, Transaparency: 0
Trace|Resource 115 offset is 603124...
Debug|Encoding resource 115...
Trace|Writing image in Raw mode
Trace|Transparency image...
Trace|Writing image header...
Trace|Width: 3, Height: 9, RowLength: 9
Trace|BPP: 24, PaletteColors: 0, Transaparency: 0
Trace|Resource 116 offset is 603221...
Debug|Encoding resource 116...
Trace|Writing image in Raw mode
Trace|Transparency image...
Trace|Writing image header...
Trace|Width: 7, Height: 9, RowLength: 21
Trace|BPP: 24, PaletteColors: 0, Transaparency: 0
Trace|Resource 117 offset is 603426...
Debug|Encoding resource 117...
Trace|Writing image in Raw mode
Trace|Transparency image...
Trace|Writing image header...
Trace|Width: 7, Height: 9, RowLength: 21
Trace|BPP: 24, PaletteColors: 0, Transaparency: 0
Trace|Resource 118 offset is 603631...
Debug|Encoding resource 118...
Trace|Writing image in Raw mode
Trace|Transparency image...
Trace|Writing image header...
Trace|Width: 7, Height: 9, RowLength: 21
Trace|BPP: 24, PaletteColors: 0, Transaparency: 0
Trace|Resource 119 offset is 603836...
Debug|Encoding resource 119...
Trace|Writing image in Raw mode
Trace|Transparency image...
Trace|Writing image header...
Trace|Width: 7, Height: 9, RowLength: 21
Trace|BPP: 24, PaletteColors: 0, Transaparency: 0
Trace|Resource 120 offset is 604041...
Debug|Encoding resource 120...
Trace|Writing image in Raw mode
Trace|Transparency image...
Trace|Writing image header...
Trace|Width: 7, Height: 9, RowLength: 21
Trace|BPP: 24, PaletteColors: 0, Transaparency: 0
Trace|Resource 121 offset is 604246...
Debug|Encoding resource 121...
Trace|Writing image in Raw mode
Trace|Transparency image...
Trace|Writing image header...
Trace|Width: 7, Height: 9, RowLength: 21
Trace|BPP: 24, PaletteColors: 0, Transaparency: 0
Trace|Resource 122 offset is 604451...
Debug|Encoding resource 122...
Trace|Writing image in Raw mode
Trace|Transparency image...
Trace|Writing image header...
Trace|Width: 7, Height: 9, RowLength: 21
Trace|BPP: 24, PaletteColors: 0, Transaparency: 0
Trace|Resource 123 offset is 604656...
Debug|Encoding resource 123...
Trace|Writing image in Raw mode
Trace|Transparency image...
Trace|Writing image header...
Trace|Width: 7, Height: 9, RowLength: 21
Trace|BPP: 24, PaletteColors: 0, Transaparency: 0
Trace|Resource 124 offset is 604861...
Debug|Encoding resource 124...
Trace|Writing image in Raw mode
Trace|Transparency image...
Trace|Writing image header...
Trace|Width: 7, Height: 9, RowLength: 21
Trace|BPP: 24, PaletteColors: 0, Transaparency: 0
Trace|Resource 125 offset is 605066...
Debug|Encoding resource 125...
Trace|Writing image in Raw mode
Trace|Transparency image...
Trace|Writing image header...
Trace|Width: 7, Height: 9, RowLength: 21
Trace|BPP: 24, PaletteColors: 0, Transaparency: 0
Trace|Resource 126 offset is 605271...
Debug|Encoding resource 126...
Trace|Writing image in Raw mode
Trace|Transparency image...
Trace|Writing image header...
Trace|Width: 3, Height: 9, RowLength: 9
Trace|BPP: 24, PaletteColors: 0, Transaparency: 0
Trace|Resource 127 offset is 605368...
Debug|Encoding resource 127...
Trace|Writing image in Raw mode
Trace|Transparency image...
Trace|Writing image header...
Trace|Width: 1, Height: 1, RowLength: 3
Trace|BPP: 24, PaletteColors: 0, Transaparency: 0
Trace|Resource 128 offset is 605387...
Debug|Encoding resource 128...
Trace|Writing image in Raw mode
Trace|Transparency image...
Trace|Writing image header...
Trace|Width: 7, Height: 19, RowLength: 21
Trace|BPP: 24, PaletteColors: 0, Transaparency: 0
Trace|Resource 129 offset is 605802...
Debug|Encoding resource 129...
Trace|Writing image in Raw mode
Trace|Transparency image...
Trace|Writing image header...
Trace|Width: 12, Height: 14, RowLength: 36
Trace|BPP: 24, PaletteColors: 0, Transaparency: 0
Trace|Resource 130 offset is 606322...
Debug|Encoding resource 130...
Trace|Writing image in Raw mode
Trace|Transparency image...
Trace|Writing image header...
Trace|Width: 12, Height: 14, RowLength: 36
Trace|BPP: 24, PaletteColors: 0, Transaparency: 0
Trace|Resource 131 offset is 606842...
Debug|Encoding resource 131...
Trace|Writing image in Raw mode
Trace|Transparency image...
Trace|Writing image header...
Trace|Width: 12, Height: 14, RowLength: 36
Trace|BPP: 24, PaletteColors: 0, Transaparency: 0
Trace|Resource 132 offset is 607362...
Debug|Encoding resource 132...
Trace|Writing image in Raw mode
Trace|Transparency image...
Trace|Writing image header...
Trace|Width: 12, Height: 14, RowLength: 36
Trace|BPP: 24, PaletteColors: 0, Transaparency: 0
Trace|Resource 133 offset is 607882...
Debug|Encoding resource 133...
Trace|Writing image in Raw mode
Trace|Transparency image...
Trace|Writing image header...
Trace|Width: 12, Height: 14, RowLength: 36
Trace|BPP: 24, PaletteColors: 0, Transaparency: 0
Trace|Resource 134 offset is 608402...
Debug|Encoding resource 134...
Trace|Writing image in Raw mode
Trace|Transparency image...
Trace|Writing image header...
Trace|Width: 12, Height: 14, RowLength: 36
Trace|BPP: 24, PaletteColors: 0, Transaparency: 0
Trace|Resource 135 offset is 608922...
Debug|Encoding resource 135...
Trace|Writing image in Raw mode
Trace|Transparency image...
Trace|Writing image header...
Trace|Width: 12, Height: 14, RowLength: 36
Trace|BPP: 24, PaletteColors: 0, Transaparency: 0
Trace|Resource 136 offset is 609442...
Debug|Encoding resource 136...
Trace|Writing image in Raw mode
Trace|Transparency image...
Trace|Writing image header...
Trace|Width: 12, Height: 14, RowLength: 36
Trace|BPP: 24, PaletteColors: 0, Transaparency: 0
Trace|Resource 137 offset is 609962...
Debug|Encoding resource 137...
Trace|Writing image in Raw mode
Trace|Transparency image...
Trace|Writing image header...
Trace|Width: 12, Height: 14, RowLength: 36
Trace|BPP: 24, PaletteColors: 0, Transaparency: 0
Trace|Resource 138 offset is 610482...
Debug|Encoding resource 138...
Trace|Writing image in Raw mode
Trace|Transparency image...
Trace|Writing image header...
Trace|Width: 12, Height: 14, RowLength: 36
Trace|BPP: 24, PaletteColors: 0, Transaparency: 0
Trace|Resource 139 offset is 611002...
Debug|Encoding resource 139...
Trace|Writing image in Raw mode
Trace|Transparency image...
Trace|Writing image header...
Trace|Width: 14, Height: 12, RowLength: 42
Trace|BPP: 24, PaletteColors: 0, Transaparency: 0
Trace|Writing resources offsets table
Debug|Writing resources
