Debug|Reading config...
Debug|Reading referenced images from 'infograph_henryb_packed-97515-a7133a2eea'
Trace|Loading resources for 2 'Background'
Trace|Loading resources for 2.1 'ImageBasic'
Trace|Loading image 0...
Trace|Image was loaded from file infograph_henryb_packed-97515-a7133a2eea\0000.png
Trace|Loading resources for 3 'Time'
Trace|Loading resources for 3.1 'TwoDigits'
Trace|Loading resources for 3.1.1 'ImageSet'
Trace|Loading image 13...
Trace|Image was loaded from file infograph_henryb_packed-97515-a7133a2eea\0013.png
Trace|Loading image 14...
Trace|Image was loaded from file infograph_henryb_packed-97515-a7133a2eea\0014.png
Trace|Loading image 15...
Trace|Image was loaded from file infograph_henryb_packed-97515-a7133a2eea\0015.png
Trace|Loading resources for 3.1.2 'ImageSet'
Trace|Loading image 16...
Trace|Image was loaded from file infograph_henryb_packed-97515-a7133a2eea\0016.png
Trace|Loading image 17...
Trace|Image was loaded from file infograph_henryb_packed-97515-a7133a2eea\0017.png
Trace|Loading image 18...
Trace|Image was loaded from file infograph_henryb_packed-97515-a7133a2eea\0018.png
Trace|Loading image 19...
Trace|Image was loaded from file infograph_henryb_packed-97515-a7133a2eea\0019.png
Trace|Loading image 20...
Trace|Image was loaded from file infograph_henryb_packed-97515-a7133a2eea\0020.png
Trace|Loading image 21...
Trace|Image was loaded from file infograph_henryb_packed-97515-a7133a2eea\0021.png
Trace|Loading image 22...
Trace|Image was loaded from file infograph_henryb_packed-97515-a7133a2eea\0022.png
Trace|Loading resources for 3.2 'TwoDigits'
Trace|Loading resources for 3.2.1 'ImageSet'
Trace|Loading resources for 3.2.2 'ImageSet'
Trace|Loading resources for 4 'Activity'
Trace|Loading resources for 4.1 'Steps'
Trace|Loading resources for 4.1.1 'Number'
Trace|Loading resources for 4.1.1.5 'TextAlignment'
Trace|Loading image 48...
Trace|Image was loaded from file infograph_henryb_packed-97515-a7133a2eea\0048.png
Trace|Loading image 49...
Trace|Image was loaded from file infograph_henryb_packed-97515-a7133a2eea\0049.png
Trace|Loading image 50...
Trace|Image was loaded from file infograph_henryb_packed-97515-a7133a2eea\0050.png
Trace|Loading image 51...
Trace|Image was loaded from file infograph_henryb_packed-97515-a7133a2eea\0051.png
Trace|Loading image 52...
Trace|Image was loaded from file infograph_henryb_packed-97515-a7133a2eea\0052.png
Trace|Loading image 53...
Trace|Image was loaded from file infograph_henryb_packed-97515-a7133a2eea\0053.png
Trace|Loading image 54...
Trace|Image was loaded from file infograph_henryb_packed-97515-a7133a2eea\0054.png
Trace|Loading image 55...
Trace|Image was loaded from file infograph_henryb_packed-97515-a7133a2eea\0055.png
Trace|Loading image 56...
Trace|Image was loaded from file infograph_henryb_packed-97515-a7133a2eea\0056.png
Trace|Loading image 57...
Trace|Image was loaded from file infograph_henryb_packed-97515-a7133a2eea\0057.png
Trace|Loading resources for 4.3 'CaloriesWrapper'
Trace|Loading resources for 4.3.1 'Number'
Trace|Loading resources for 4.3.1.5 'TextAlignment'
Trace|Loading image 94...
Trace|Image was loaded from file infograph_henryb_packed-97515-a7133a2eea\0094.png
Trace|Loading image 95...
Trace|Image was loaded from file infograph_henryb_packed-97515-a7133a2eea\0095.png
Trace|Loading image 96...
Trace|Image was loaded from file infograph_henryb_packed-97515-a7133a2eea\0096.png
Trace|Loading image 97...
Trace|Image was loaded from file infograph_henryb_packed-97515-a7133a2eea\0097.png
Trace|Loading image 98...
Trace|Image was loaded from file infograph_henryb_packed-97515-a7133a2eea\0098.png
Trace|Loading image 99...
Trace|Image was loaded from file infograph_henryb_packed-97515-a7133a2eea\0099.png
Trace|Loading image 100...
Trace|Image was loaded from file infograph_henryb_packed-97515-a7133a2eea\0100.png
Trace|Loading image 101...
Trace|Image was loaded from file infograph_henryb_packed-97515-a7133a2eea\0101.png
Trace|Loading image 102...
Trace|Image was loaded from file infograph_henryb_packed-97515-a7133a2eea\0102.png
Trace|Loading image 103...
Trace|Image was loaded from file infograph_henryb_packed-97515-a7133a2eea\0103.png
Trace|Loading resources for 4.4 'PulseWrapper'
Trace|Loading resources for 4.4.1 'Number'
Trace|Loading resources for 4.4.1.5 'TextAlignment'
Trace|Loading image 4...
Trace|Image was loaded from file infograph_henryb_packed-97515-a7133a2eea\0004.png
Trace|Loading resources for 4.5 'DistanceWrapper'
Trace|Loading resources for 4.5.1 'Number'
Trace|Loading resources for 4.5.1.5 'TextAlignment'
Trace|Loading image 106...
Trace|Image was loaded from file infograph_henryb_packed-97515-a7133a2eea\0106.png
Trace|Loading image 105...
Trace|Image was loaded from file infograph_henryb_packed-97515-a7133a2eea\0105.png
Trace|Loading resources for 5 'Date'
Trace|Loading resources for 5.1 'MonthAndDayAndYear'
Trace|Loading resources for 5.1.1 'SeparateMonthAndDay'
Trace|Loading resources for 5.1.1.4 'Number'
Trace|Loading resources for 5.1.1.4.5 'TextAlignment'
Trace|Loading image 84...
Trace|Image was loaded from file infograph_henryb_packed-97515-a7133a2eea\0084.png
Trace|Loading image 85...
Trace|Image was loaded from file infograph_henryb_packed-97515-a7133a2eea\0085.png
Trace|Loading image 86...
Trace|Image was loaded from file infograph_henryb_packed-97515-a7133a2eea\0086.png
Trace|Loading image 87...
Trace|Image was loaded from file infograph_henryb_packed-97515-a7133a2eea\0087.png
Trace|Loading image 88...
Trace|Image was loaded from file infograph_henryb_packed-97515-a7133a2eea\0088.png
Trace|Loading image 89...
Trace|Image was loaded from file infograph_henryb_packed-97515-a7133a2eea\0089.png
Trace|Loading image 90...
Trace|Image was loaded from file infograph_henryb_packed-97515-a7133a2eea\0090.png
Trace|Loading image 91...
Trace|Image was loaded from file infograph_henryb_packed-97515-a7133a2eea\0091.png
Trace|Loading image 92...
Trace|Image was loaded from file infograph_henryb_packed-97515-a7133a2eea\0092.png
Trace|Loading image 93...
Trace|Image was loaded from file infograph_henryb_packed-97515-a7133a2eea\0093.png
Trace|Loading resources for 5.1.4 'Boolean'
Trace|Loading resources for 5.1.5 'Boolean'
Trace|Loading resources for 5.4 'ImageSet'
Trace|Loading image 6...
Trace|Image was loaded from file infograph_henryb_packed-97515-a7133a2eea\0006.png
Trace|Loading image 7...
Trace|Image was loaded from file infograph_henryb_packed-97515-a7133a2eea\0007.png
Trace|Loading image 8...
Trace|Image was loaded from file infograph_henryb_packed-97515-a7133a2eea\0008.png
Trace|Loading image 9...
Trace|Image was loaded from file infograph_henryb_packed-97515-a7133a2eea\0009.png
Trace|Loading image 10...
Trace|Image was loaded from file infograph_henryb_packed-97515-a7133a2eea\0010.png
Trace|Loading image 11...
Trace|Image was loaded from file infograph_henryb_packed-97515-a7133a2eea\0011.png
Trace|Loading image 12...
Trace|Image was loaded from file infograph_henryb_packed-97515-a7133a2eea\0012.png
Trace|Loading resources for 5.5 'ImageSet'
Trace|Loading resources for 5.6 'ImageSet'
Trace|Loading image 5...
Trace|Image was loaded from file infograph_henryb_packed-97515-a7133a2eea\0005.png
Trace|Loading resources for 6 'Weather'
Trace|Loading resources for 6.1 'WeatherIcon'
Trace|Loading resources for 6.1.2 'CustomWeatherIcon'
Trace|Loading image 58...
Trace|Image was loaded from file infograph_henryb_packed-97515-a7133a2eea\0058.png
Trace|Loading image 59...
Trace|Image was loaded from file infograph_henryb_packed-97515-a7133a2eea\0059.png
Trace|Loading image 60...
Trace|Image was loaded from file infograph_henryb_packed-97515-a7133a2eea\0060.png
Trace|Loading image 61...
Trace|Image was loaded from file infograph_henryb_packed-97515-a7133a2eea\0061.png
Trace|Loading image 62...
Trace|Image was loaded from file infograph_henryb_packed-97515-a7133a2eea\0062.png
Trace|Loading image 63...
Trace|Image was loaded from file infograph_henryb_packed-97515-a7133a2eea\0063.png
Trace|Loading image 64...
Trace|Image was loaded from file infograph_henryb_packed-97515-a7133a2eea\0064.png
Trace|Loading image 65...
Trace|Image was loaded from file infograph_henryb_packed-97515-a7133a2eea\0065.png
Trace|Loading image 66...
Trace|Image was loaded from file infograph_henryb_packed-97515-a7133a2eea\0066.png
Trace|Loading image 67...
Trace|Image was loaded from file infograph_henryb_packed-97515-a7133a2eea\0067.png
Trace|Loading image 68...
Trace|Image was loaded from file infograph_henryb_packed-97515-a7133a2eea\0068.png
Trace|Loading image 69...
Trace|Image was loaded from file infograph_henryb_packed-97515-a7133a2eea\0069.png
Trace|Loading image 70...
Trace|Image was loaded from file infograph_henryb_packed-97515-a7133a2eea\0070.png
Trace|Loading image 71...
Trace|Image was loaded from file infograph_henryb_packed-97515-a7133a2eea\0071.png
Trace|Loading image 72...
Trace|Image was loaded from file infograph_henryb_packed-97515-a7133a2eea\0072.png
Trace|Loading image 73...
Trace|Image was loaded from file infograph_henryb_packed-97515-a7133a2eea\0073.png
Trace|Loading image 74...
Trace|Image was loaded from file infograph_henryb_packed-97515-a7133a2eea\0074.png
Trace|Loading image 75...
Trace|Image was loaded from file infograph_henryb_packed-97515-a7133a2eea\0075.png
Trace|Loading image 76...
Trace|Image was loaded from file infograph_henryb_packed-97515-a7133a2eea\0076.png
Trace|Loading image 77...
Trace|Image was loaded from file infograph_henryb_packed-97515-a7133a2eea\0077.png
Trace|Loading image 78...
Trace|Image was loaded from file infograph_henryb_packed-97515-a7133a2eea\0078.png
Trace|Loading image 79...
Trace|Image was loaded from file infograph_henryb_packed-97515-a7133a2eea\0079.png
Trace|Loading image 80...
Trace|Image was loaded from file infograph_henryb_packed-97515-a7133a2eea\0080.png
Trace|Loading image 81...
Trace|Image was loaded from file infograph_henryb_packed-97515-a7133a2eea\0081.png
Trace|Loading image 82...
Trace|Image was loaded from file infograph_henryb_packed-97515-a7133a2eea\0082.png
Trace|Loading image 83...
Trace|Image was loaded from file infograph_henryb_packed-97515-a7133a2eea\0083.png
Trace|Loading resources for 6.1.3 'XY'
Trace|Loading resources for 6.1.4 'XY'
Trace|Loading resources for 7 'StepsProgress'
Trace|Loading resources for 7.3 'Scale'
Trace|Loading image 33...
Trace|Image was loaded from file infograph_henryb_packed-97515-a7133a2eea\0033.png
Trace|Loading image 34...
Trace|Image was loaded from file infograph_henryb_packed-97515-a7133a2eea\0034.png
Trace|Loading image 35...
Trace|Image was loaded from file infograph_henryb_packed-97515-a7133a2eea\0035.png
Trace|Loading image 36...
Trace|Image was loaded from file infograph_henryb_packed-97515-a7133a2eea\0036.png
Trace|Loading image 37...
Trace|Image was loaded from file infograph_henryb_packed-97515-a7133a2eea\0037.png
Trace|Loading image 38...
Trace|Image was loaded from file infograph_henryb_packed-97515-a7133a2eea\0038.png
Trace|Loading image 39...
Trace|Image was loaded from file infograph_henryb_packed-97515-a7133a2eea\0039.png
Trace|Loading image 40...
Trace|Image was loaded from file infograph_henryb_packed-97515-a7133a2eea\0040.png
Trace|Loading image 41...
Trace|Image was loaded from file infograph_henryb_packed-97515-a7133a2eea\0041.png
Trace|Loading image 42...
Trace|Image was loaded from file infograph_henryb_packed-97515-a7133a2eea\0042.png
Trace|Loading resources for 8 'Status'
Trace|Loading resources for 8.1 'Switch'
Trace|Loading resources for 8.1.1 'XY'
Trace|Loading image 2...
Trace|Image was loaded from file infograph_henryb_packed-97515-a7133a2eea\0002.png
Trace|Loading resources for 8.2 'Switch'
Trace|Loading resources for 8.2.1 'XY'
Trace|Loading image 1...
Trace|Image was loaded from file infograph_henryb_packed-97515-a7133a2eea\0001.png
Trace|Loading resources for 8.3 'Switch'
Trace|Loading resources for 8.3.1 'XY'
Trace|Loading image 3...
Trace|Image was loaded from file infograph_henryb_packed-97515-a7133a2eea\0003.png
Trace|Loading resources for 9 'Battery'
Trace|Loading resources for 9.1 'BatteryTextWrapper'
Trace|Loading resources for 9.1.1 'Number'
Trace|Loading resources for 9.1.1.5 'TextAlignment'
Trace|Loading image 104...
Trace|Image was loaded from file infograph_henryb_packed-97515-a7133a2eea\0104.png
Trace|Loading resources for 9.2 'ImageSet'
Trace|Loading image 23...
Trace|Image was loaded from file infograph_henryb_packed-97515-a7133a2eea\0023.png
Trace|Loading image 24...
Trace|Image was loaded from file infograph_henryb_packed-97515-a7133a2eea\0024.png
Trace|Loading image 25...
Trace|Image was loaded from file infograph_henryb_packed-97515-a7133a2eea\0025.png
Trace|Loading image 26...
Trace|Image was loaded from file infograph_henryb_packed-97515-a7133a2eea\0026.png
Trace|Loading image 27...
Trace|Image was loaded from file infograph_henryb_packed-97515-a7133a2eea\0027.png
Trace|Loading image 28...
Trace|Image was loaded from file infograph_henryb_packed-97515-a7133a2eea\0028.png
Trace|Loading image 29...
Trace|Image was loaded from file infograph_henryb_packed-97515-a7133a2eea\0029.png
Trace|Loading image 30...
Trace|Image was loaded from file infograph_henryb_packed-97515-a7133a2eea\0030.png
Trace|Loading image 31...
Trace|Image was loaded from file infograph_henryb_packed-97515-a7133a2eea\0031.png
Trace|Loading image 32...
Trace|Image was loaded from file infograph_henryb_packed-97515-a7133a2eea\0032.png
Trace|Loading resources for 12 'HeartProgress'
Trace|Loading resources for 12.3 'Scale'
Trace|Loading image 43...
Trace|Image was loaded from file infograph_henryb_packed-97515-a7133a2eea\0043.png
Trace|Loading image 44...
Trace|Image was loaded from file infograph_henryb_packed-97515-a7133a2eea\0044.png
Trace|Loading image 45...
Trace|Image was loaded from file infograph_henryb_packed-97515-a7133a2eea\0045.png
Trace|Loading image 46...
Trace|Image was loaded from file infograph_henryb_packed-97515-a7133a2eea\0046.png
Trace|Loading image 47...
Trace|Image was loaded from file infograph_henryb_packed-97515-a7133a2eea\0047.png
Trace|Verifiying Resources...
Trace|Building parameters for watch face...
Trace|2.1.1 'X': 13
Trace|2.1.2 'Y': 96
Trace|2.1.3 'ImageIndex': 0
Trace|2.1 'Image'
Trace|2 'Background'
Trace|3.1.1.1 'X': 52
Trace|3.1.1.2 'Y': 185
Trace|3.1.1.3 'ImageIndex': 13
Trace|3.1.1.4 'ImagesCount': 3
Trace|3.1.1 'Tens'
Trace|3.1.2.1 'X': 63
Trace|3.1.2.2 'Y': 185
Trace|3.1.2.3 'ImageIndex': 13
Trace|3.1.2.4 'ImagesCount': 10
Trace|3.1.2 'Ones'
Trace|3.1 'Hours'
Trace|3.2.1.1 'X': 78
Trace|3.2.1.2 'Y': 185
Trace|3.2.1.3 'ImageIndex': 13
Trace|3.2.1.4 'ImagesCount': 6
Trace|3.2.1 'Tens'
Trace|3.2.2.1 'X': 89
Trace|3.2.2.2 'Y': 185
Trace|3.2.2.3 'ImageIndex': 13
Trace|3.2.2.4 'ImagesCount': 10
Trace|3.2.2 'Ones'
Trace|3.2 'Minutes'
Trace|3.11 'UnknownV11': 0
Trace|3 'Time'
Trace|4.1.1.1 'TopLeftX': 14
Trace|4.1.1.2 'TopLeftY': 370
Trace|4.1.1.3 'BottomRightX': 13
Trace|4.1.1.4 'BottomRightY': 96
Trace|4.1.1.5 'Alignment': 2
Trace|4.1.1.6 'SpacingX': 1
Trace|4.1.1.7 'SpacingY': 0
Trace|4.1.1.8 'ImageIndex': 48
Trace|4.1.1.9 'ImagesCount': 10
Trace|4.1.1 'Number'
Trace|4.1 'Steps'
Trace|4.3.1.1 'TopLeftX': 16
Trace|4.3.1.2 'TopLeftY': 236
Trace|4.3.1.3 'BottomRightX': 76
Trace|4.3.1.4 'BottomRightY': 96
Trace|4.3.1.5 'Alignment': 72
Trace|4.3.1.6 'SpacingX': -1
Trace|4.3.1.7 'SpacingY': 0
Trace|4.3.1.8 'ImageIndex': 94
Trace|4.3.1.9 'ImagesCount': 10
Trace|4.3.1 'Text'
Trace|4.3 'Calories'
Trace|4.4.1.1 'TopLeftX': 13
Trace|4.4.1.2 'TopLeftY': 109
Trace|4.4.1.3 'BottomRightX': 137
Trace|4.4.1.4 'BottomRightY': 96
Trace|4.4.1.5 'Alignment': 4
Trace|4.4.1.6 'SpacingX': 1
Trace|4.4.1.7 'SpacingY': 0
Trace|4.4.1.8 'ImageIndex': 48
Trace|4.4.1.9 'ImagesCount': 10
Trace|4.4.1 'Number'
Trace|4.4.3 'NoDataImageIndex': 4
Trace|4.4 'Pulse'
Trace|4.5.1.1 'TopLeftX': 13
Trace|4.5.1.2 'TopLeftY': 370
Trace|4.5.1.3 'BottomRightX': 138
Trace|4.5.1.4 'BottomRightY': 96
Trace|4.5.1.5 'Alignment': 4
Trace|4.5.1.6 'SpacingX': 1
Trace|4.5.1.7 'SpacingY': 0
Trace|4.5.1.8 'ImageIndex': 48
Trace|4.5.1.9 'ImagesCount': 10
Trace|4.5.1 'Number'
Trace|4.5.2 'KmSuffixImageIndex': 106
Trace|4.5.3 'DecimalPointImageIndex': 105
Trace|4.5.4 'MilesSuffixImageIndex': 106
Trace|4.5 'Distance'
Trace|4.7 'UnknownV7': 0
Trace|4 'Activity'
Trace|5.1.1.4.1 'TopLeftX': 58
Trace|5.1.1.4.2 'TopLeftY': 291
Trace|5.1.1.4.3 'BottomRightX': 13
Trace|5.1.1.4.4 'BottomRightY': 96
Trace|5.1.1.4.5 'Alignment': 4
Trace|5.1.1.4.6 'SpacingX': -2
Trace|5.1.1.4.7 'SpacingY': 0
Trace|5.1.1.4.8 'ImageIndex': 84
Trace|5.1.1.4.9 'ImagesCount': 10
Trace|5.1.1.4 'Day'
Trace|5.1.1 'Separate'
Trace|5.1.4 'TwoDigitsMonth': 0
Trace|5.1.5 'TwoDigitsDay': 1
Trace|5.1 'MonthAndDayAndYear'
Trace|5.4.1 'X': 60
Trace|5.4.2 'Y': 277
Trace|5.4.3 'ImageIndex': 6
Trace|5.4.4 'ImagesCount': 7
Trace|5.4 'ENWeekDays'
Trace|5.5.1 'X': 89
Trace|5.5.2 'Y': 211
Trace|5.5.3 'ImageIndex': 4
Trace|5.5.4 'ImagesCount': 1
Trace|5.5 'CNWeekDays'
Trace|5.6.1 'X': 89
Trace|5.6.2 'Y': 211
Trace|5.6.3 'ImageIndex': 5
Trace|5.6.4 'ImagesCount': 1
Trace|5.6 'CN2WeekDays'
Trace|5 'Date'
Trace|6.1.2.1 'X': 90
Trace|6.1.2.2 'Y': 228
Trace|6.1.2.3 'ImageIndex': 58
Trace|6.1.2.4 'ImagesCount': 26
Trace|6.1.2 'CustomIcon'
Trace|6.1.3.1 'X': 90
Trace|6.1.3.2 'Y': 228
Trace|6.1.3 'Unknown3'
Trace|6.1.4.1 'X': 90
Trace|6.1.4.2 'Y': 228
Trace|6.1.4 'Unknown4'
Trace|6.1 'Icon'
Trace|6 'Weather'
Trace|7.3.1 'StartImageIndex': 33
Trace|7.3.2 'Segments'
Trace|7.3.2.1 'X': 13
Trace|7.3.2.2 'Y': 327
Trace|7.3.2 'Segments'
Trace|7.3.2.1 'X': 13
Trace|7.3.2.2 'Y': 327
Trace|7.3.2 'Segments'
Trace|7.3.2.1 'X': 13
Trace|7.3.2.2 'Y': 327
Trace|7.3.2 'Segments'
Trace|7.3.2.1 'X': 13
Trace|7.3.2.2 'Y': 327
Trace|7.3.2 'Segments'
Trace|7.3.2.1 'X': 13
Trace|7.3.2.2 'Y': 327
Trace|7.3.2 'Segments'
Trace|7.3.2.1 'X': 13
Trace|7.3.2.2 'Y': 327
Trace|7.3.2 'Segments'
Trace|7.3.2.1 'X': 13
Trace|7.3.2.2 'Y': 327
Trace|7.3.2 'Segments'
Trace|7.3.2.1 'X': 13
Trace|7.3.2.2 'Y': 327
Trace|7.3.2 'Segments'
Trace|7.3.2.1 'X': 13
Trace|7.3.2.2 'Y': 327
Trace|7.3.2 'Segments'
Trace|7.3.2.1 'X': 13
Trace|7.3.2.2 'Y': 327
Trace|7.3 'Linear'
Trace|7 'StepsProgress'
Trace|8.1.1.1 'X': 61
Trace|8.1.1.2 'Y': 100
Trace|8.1.1 'Coordinates'
Trace|8.1.2 'ImageIndexOn': 2
Trace|8.1 'DoNotDisturb'
Trace|8.2.1.1 'X': 72
Trace|8.2.1.2 'Y': 100
Trace|8.2.1 'Coordinates'
Trace|8.2.3 'ImageIndexOff': 1
Trace|8.2 'Lock'
Trace|8.3.1.1 'X': 83
Trace|8.3.1.2 'Y': 100
Trace|8.3.1 'Coordinates'
Trace|8.3.2 'ImageIndexOn': 3
Trace|8.3 'Bluetooth'
Trace|8 'Status'
Trace|9.1.1.1 'TopLeftX': 14
Trace|9.1.1.2 'TopLeftY': 109
Trace|9.1.1.3 'BottomRightX': 13
Trace|9.1.1.4 'BottomRightY': 96
Trace|9.1.1.5 'Alignment': 2
Trace|9.1.1.6 'SpacingX': 1
Trace|9.1.1.7 'SpacingY': 0
Trace|9.1.1.8 'ImageIndex': 48
Trace|9.1.1.9 'ImagesCount': 10
Trace|9.1.1 'Coordinates'
Trace|9.1.4 'SuffixImageIndex': 104
Trace|9.1 'BatteryText'
Trace|9.2.1 'X': 13
Trace|9.2.2 'Y': 112
Trace|9.2.3 'ImageIndex': 23
Trace|9.2.4 'ImagesCount': 10
Trace|9.2 'BatteryIcon'
Trace|9 'Battery'
Trace|12.3.1 'StartImageIndex': 43
Trace|12.3.2 'Segments'
Trace|12.3.2.1 'X': 79
Trace|12.3.2.2 'Y': 126
Trace|12.3.2 'Segments'
Trace|12.3.2.1 'X': 79
Trace|12.3.2.2 'Y': 126
Trace|12.3.2 'Segments'
Trace|12.3.2.1 'X': 79
Trace|12.3.2.2 'Y': 126
Trace|12.3.2 'Segments'
Trace|12.3.2.1 'X': 79
Trace|12.3.2.2 'Y': 126
Trace|12.3.2 'Segments'
Trace|12.3.2.1 'X': 79
Trace|12.3.2.2 'Y': 126
Trace|12.3 'Linear'
Trace|12 'HeartProgress'
Debug|Generating previews...
Debug|Writing watch face to 'infograph_henryb_packed-97515-a7133a2eea\infograph_henryb_packed-97515-a7133a2eea_packed.bin'
Trace|Encoding parameters...
Trace|Parameter: 2
Trace|1 (0A):
Trace|    1 (08): 13 (0D)
Trace|    2 (10): 96 (60)
Trace|    3 (18): 0 (00)
Trace|8 bytes
Trace|Parameter: 3
Trace|1 (0A):
Trace|    1 (0A):
Trace|        1 (08): 52 (34)
Trace|        2 (10): 185 (B9)
Trace|        3 (18): 13 (0D)
Trace|        4 (20): 3 (03)
Trace|    11 bytes
Trace|    2 (12):
Trace|        1 (08): 63 (3F)
Trace|        2 (10): 185 (B9)
Trace|        3 (18): 13 (0D)
Trace|        4 (20): 10 (0A)
Trace|    11 bytes
Trace|24 bytes
Trace|2 (12):
Trace|    1 (0A):
Trace|        1 (08): 78 (4E)
Trace|        2 (10): 185 (B9)
Trace|        3 (18): 13 (0D)
Trace|        4 (20): 6 (06)
Trace|    11 bytes
Trace|    2 (12):
Trace|        1 (08): 89 (59)
Trace|        2 (10): 185 (B9)
Trace|        3 (18): 13 (0D)
Trace|        4 (20): 10 (0A)
Trace|    11 bytes
Trace|24 bytes
Trace|11 (58): 0 (00)
Trace|Parameter: 4
Trace|1 (0A):
Trace|    1 (0A):
Trace|        1 (08): 14 (0E)
Trace|        2 (10): 370 (172)
Trace|        3 (18): 13 (0D)
Trace|        4 (20): 96 (60)
Trace|        5 (28): 2 (02)
Trace|        6 (30): 1 (01)
Trace|        7 (38): 0 (00)
Trace|        8 (40): 48 (30)
Trace|        9 (48): 10 (0A)
Trace|    21 bytes
Trace|23 bytes
Trace|3 (1A):
Trace|    1 (0A):
Trace|        1 (08): 16 (10)
Trace|        2 (10): 236 (EC)
Trace|        3 (18): 76 (4C)
Trace|        4 (20): 96 (60)
Trace|        5 (28): 72 (48)
Trace|        6 (30): -1 (FFFFFFFFFFFFFFFF)
Trace|        7 (38): 0 (00)
Trace|        8 (40): 94 (5E)
Trace|        9 (48): 10 (0A)
Trace|    30 bytes
Trace|32 bytes
Trace|4 (22):
Trace|    1 (0A):
Trace|        1 (08): 13 (0D)
Trace|        2 (10): 109 (6D)
Trace|        3 (18): 137 (89)
Trace|        4 (20): 96 (60)
Trace|        5 (28): 4 (04)
Trace|        6 (30): 1 (01)
Trace|        7 (38): 0 (00)
Trace|        8 (40): 48 (30)
Trace|        9 (48): 10 (0A)
Trace|    21 bytes
Trace|    3 (18): 4 (04)
Trace|25 bytes
Trace|5 (2A):
Trace|    1 (0A):
Trace|        1 (08): 13 (0D)
Trace|        2 (10): 370 (172)
Trace|        3 (18): 138 (8A)
Trace|        4 (20): 96 (60)
Trace|        5 (28): 4 (04)
Trace|        6 (30): 1 (01)
Trace|        7 (38): 0 (00)
Trace|        8 (40): 48 (30)
Trace|        9 (48): 10 (0A)
Trace|    22 bytes
Trace|    2 (10): 106 (6A)
Trace|    3 (18): 105 (69)
Trace|    4 (20): 106 (6A)
Trace|30 bytes
Trace|7 (38): 0 (00)
Trace|Parameter: 5
Trace|1 (0A):
Trace|    1 (0A):
Trace|        4 (22):
Trace|            1 (08): 58 (3A)
Trace|            2 (10): 291 (123)
Trace|            3 (18): 13 (0D)
Trace|            4 (20): 96 (60)
Trace|            5 (28): 4 (04)
Trace|            6 (30): -2 (FFFFFFFFFFFFFFFE)
Trace|            7 (38): 0 (00)
Trace|            8 (40): 84 (54)
Trace|            9 (48): 10 (0A)
Trace|        30 bytes
Trace|    32 bytes
Trace|    4 (20): 0 (00)
Trace|    5 (28): 1 (01)
Trace|38 bytes
Trace|4 (22):
Trace|    1 (08): 60 (3C)
Trace|    2 (10): 277 (115)
Trace|    3 (18): 6 (06)
Trace|    4 (20): 7 (07)
Trace|11 bytes
Trace|5 (2A):
Trace|    1 (08): 89 (59)
Trace|    2 (10): 211 (D3)
Trace|    3 (18): 4 (04)
Trace|    4 (20): 1 (01)
Trace|11 bytes
Trace|6 (32):
Trace|    1 (08): 89 (59)
Trace|    2 (10): 211 (D3)
Trace|    3 (18): 5 (05)
Trace|    4 (20): 1 (01)
Trace|11 bytes
Trace|Parameter: 6
Trace|1 (0A):
Trace|    2 (12):
Trace|        1 (08): 90 (5A)
Trace|        2 (10): 228 (E4)
Trace|        3 (18): 58 (3A)
Trace|        4 (20): 26 (1A)
Trace|    11 bytes
Trace|    3 (1A):
Trace|        1 (08): 90 (5A)
Trace|        2 (10): 228 (E4)
Trace|    7 bytes
Trace|    4 (22):
Trace|        1 (08): 90 (5A)
Trace|        2 (10): 228 (E4)
Trace|    7 bytes
Trace|27 bytes
Trace|Parameter: 7
Trace|3 (1A):
Trace|    1 (08): 33 (21)
Trace|    2 (12):
Trace|        1 (08): 13 (0D)
Trace|        2 (10): 327 (147)
Trace|    7 bytes
Trace|    2 (12):
Trace|        1 (08): 13 (0D)
Trace|        2 (10): 327 (147)
Trace|    7 bytes
Trace|    2 (12):
Trace|        1 (08): 13 (0D)
Trace|        2 (10): 327 (147)
Trace|    7 bytes
Trace|    2 (12):
Trace|        1 (08): 13 (0D)
Trace|        2 (10): 327 (147)
Trace|    7 bytes
Trace|    2 (12):
Trace|        1 (08): 13 (0D)
Trace|        2 (10): 327 (147)
Trace|    7 bytes
Trace|    2 (12):
Trace|        1 (08): 13 (0D)
Trace|        2 (10): 327 (147)
Trace|    7 bytes
Trace|    2 (12):
Trace|        1 (08): 13 (0D)
Trace|        2 (10): 327 (147)
Trace|    7 bytes
Trace|    2 (12):
Trace|        1 (08): 13 (0D)
Trace|        2 (10): 327 (147)
Trace|    7 bytes
Trace|    2 (12):
Trace|        1 (08): 13 (0D)
Trace|        2 (10): 327 (147)
Trace|    7 bytes
Trace|    2 (12):
Trace|        1 (08): 13 (0D)
Trace|        2 (10): 327 (147)
Trace|    7 bytes
Trace|74 bytes
Trace|Parameter: 8
Trace|1 (0A):
Trace|    1 (0A):
Trace|        1 (08): 61 (3D)
Trace|        2 (10): 100 (64)
Trace|    6 bytes
Trace|    2 (10): 2 (02)
Trace|10 bytes
Trace|2 (12):
Trace|    1 (0A):
Trace|        1 (08): 72 (48)
Trace|        2 (10): 100 (64)
Trace|    6 bytes
Trace|    3 (18): 1 (01)
Trace|10 bytes
Trace|3 (1A):
Trace|    1 (0A):
Trace|        1 (08): 83 (53)
Trace|        2 (10): 100 (64)
Trace|    6 bytes
Trace|    2 (10): 3 (03)
Trace|10 bytes
Trace|Parameter: 9
Trace|1 (0A):
Trace|    1 (0A):
Trace|        1 (08): 14 (0E)
Trace|        2 (10): 109 (6D)
Trace|        3 (18): 13 (0D)
Trace|        4 (20): 96 (60)
Trace|        5 (28): 2 (02)
Trace|        6 (30): 1 (01)
Trace|        7 (38): 0 (00)
Trace|        8 (40): 48 (30)
Trace|        9 (48): 10 (0A)
Trace|    20 bytes
Trace|    4 (20): 104 (68)
Trace|24 bytes
Trace|2 (12):
Trace|    1 (08): 13 (0D)
Trace|    2 (10): 112 (70)
Trace|    3 (18): 23 (17)
Trace|    4 (20): 10 (0A)
Trace|10 bytes
Trace|Parameter: 12
Trace|3 (1A):
Trace|    1 (08): 43 (2B)
Trace|    2 (12):
Trace|        1 (08): 79 (4F)
Trace|        2 (10): 126 (7E)
Trace|    6 bytes
Trace|    2 (12):
Trace|        1 (08): 79 (4F)
Trace|        2 (10): 126 (7E)
Trace|    6 bytes
Trace|    2 (12):
Trace|        1 (08): 79 (4F)
Trace|        2 (10): 126 (7E)
Trace|    6 bytes
Trace|    2 (12):
Trace|        1 (08): 79 (4F)
Trace|        2 (10): 126 (7E)
Trace|    6 bytes
Trace|    2 (12):
Trace|        1 (08): 79 (4F)
Trace|        2 (10): 126 (7E)
Trace|    6 bytes
Trace|34 bytes
Trace|Encoding offsets and lengths...
Trace|1 (0A):
Trace|    1 (08): 440 (1B8)
Trace|    2 (10): 107 (6B)
Trace|7 bytes
Trace|2 (12):
Trace|    1 (08): 0 (00)
Trace|    2 (10): 8 (08)
Trace|6 bytes
Trace|3 (1A):
Trace|    1 (08): 8 (08)
Trace|    2 (10): 50 (32)
Trace|6 bytes
Trace|4 (22):
Trace|    1 (08): 58 (3A)
Trace|    2 (10): 112 (70)
Trace|6 bytes
Trace|5 (2A):
Trace|    1 (08): 170 (AA)
Trace|    2 (10): 71 (47)
Trace|7 bytes
Trace|6 (32):
Trace|    1 (08): 241 (F1)
Trace|    2 (10): 27 (1B)
Trace|7 bytes
Trace|7 (3A):
Trace|    1 (08): 268 (10C)
Trace|    2 (10): 74 (4A)
Trace|7 bytes
Trace|8 (42):
Trace|    1 (08): 342 (156)
Trace|    2 (10): 30 (1E)
Trace|7 bytes
Trace|9 (4A):
Trace|    1 (08): 372 (174)
Trace|    2 (10): 34 (22)
Trace|7 bytes
Trace|12 (62):
Trace|    1 (08): 406 (196)
Trace|    2 (10): 34 (22)
Trace|7 bytes
Trace|Writing header...
Trace|Writing parameters offsets and lengths...
Trace|Writing parameters...
Trace|Writing images...
Trace|Resource 0 offset is 0...
Debug|Encoding resource 0...
Trace|Writing image in Raw mode
Trace|No Transparency image...
Trace|Writing image header...
Trace|Width: 126, Height: 294, RowLength: 252
Trace|BPP: 16, PaletteColors: 0, Transaparency: 0
Trace|Writing image...
Trace|Resource 1 offset is 74104...
Debug|Encoding resource 1...
Trace|Writing image in Raw mode
Trace|Transparency image...
Trace|Writing image header...
Trace|Width: 10, Height: 10, RowLength: 30
Trace|BPP: 24, PaletteColors: 0, Transaparency: 0
Trace|Resource 2 offset is 74420...
Debug|Encoding resource 2...
Trace|Writing image in Raw mode
Trace|Transparency image...
Trace|Writing image header...
Trace|Width: 10, Height: 10, RowLength: 30
Trace|BPP: 24, PaletteColors: 0, Transaparency: 0
Trace|Resource 3 offset is 74736...
Debug|Encoding resource 3...
Trace|Writing image in Raw mode
Trace|Transparency image...
Trace|Writing image header...
Trace|Width: 10, Height: 10, RowLength: 30
Trace|BPP: 24, PaletteColors: 0, Transaparency: 0
Trace|Resource 4 offset is 75052...
Debug|Encoding resource 4...
Trace|Writing image in Raw mode
Trace|Transparency image...
Trace|Writing image header...
Trace|Width: 46, Height: 58, RowLength: 138
Trace|BPP: 24, PaletteColors: 0, Transaparency: 0
Trace|Resource 5 offset is 83072...
Debug|Encoding resource 5...
Trace|Writing image in Raw mode
Trace|Transparency image...
Trace|Writing image header...
Trace|Width: 46, Height: 58, RowLength: 138
Trace|BPP: 24, PaletteColors: 0, Transaparency: 0
Trace|Resource 6 offset is 91092...
Debug|Encoding resource 6...
Trace|Writing image in Raw mode
Trace|Transparency image...
Trace|Writing image header...
Trace|Width: 33, Height: 9, RowLength: 99
Trace|BPP: 24, PaletteColors: 0, Transaparency: 0
Trace|Resource 7 offset is 91999...
Debug|Encoding resource 7...
Trace|Writing image in Raw mode
Trace|Transparency image...
Trace|Writing image header...
Trace|Width: 33, Height: 9, RowLength: 99
Trace|BPP: 24, PaletteColors: 0, Transaparency: 0
Trace|Resource 8 offset is 92906...
Debug|Encoding resource 8...
Trace|Writing image in Raw mode
Trace|Transparency image...
Trace|Writing image header...
Trace|Width: 33, Height: 9, RowLength: 99
Trace|BPP: 24, PaletteColors: 0, Transaparency: 0
Trace|Resource 9 offset is 93813...
Debug|Encoding resource 9...
Trace|Writing image in Raw mode
Trace|Transparency image...
Trace|Writing image header...
Trace|Width: 33, Height: 9, RowLength: 99
Trace|BPP: 24, PaletteColors: 0, Transaparency: 0
Trace|Resource 10 offset is 94720...
Debug|Encoding resource 10...
Trace|Writing image in Raw mode
Trace|Transparency image...
Trace|Writing image header...
Trace|Width: 33, Height: 9, RowLength: 99
Trace|BPP: 24, PaletteColors: 0, Transaparency: 0
Trace|Resource 11 offset is 95627...
Debug|Encoding resource 11...
Trace|Writing image in Raw mode
Trace|Transparency image...
Trace|Writing image header...
Trace|Width: 33, Height: 9, RowLength: 99
Trace|BPP: 24, PaletteColors: 0, Transaparency: 0
Trace|Resource 12 offset is 96534...
Debug|Encoding resource 12...
Trace|Writing image in Raw mode
Trace|Transparency image...
Trace|Writing image header...
Trace|Width: 33, Height: 9, RowLength: 99
Trace|BPP: 24, PaletteColors: 0, Transaparency: 0
Trace|Resource 13 offset is 97441...
Debug|Encoding resource 13...
Trace|Writing image in Raw mode
Trace|Transparency image...
Trace|Writing image header...
Trace|Width: 12, Height: 14, RowLength: 36
Trace|BPP: 24, PaletteColors: 0, Transaparency: 0
Trace|Resource 14 offset is 97961...
Debug|Encoding resource 14...
Trace|Writing image in Raw mode
Trace|Transparency image...
Trace|Writing image header...
Trace|Width: 12, Height: 14, RowLength: 36
Trace|BPP: 24, PaletteColors: 0, Transaparency: 0
Trace|Resource 15 offset is 98481...
Debug|Encoding resource 15...
Trace|Writing image in Raw mode
Trace|Transparency image...
Trace|Writing image header...
Trace|Width: 12, Height: 14, RowLength: 36
Trace|BPP: 24, PaletteColors: 0, Transaparency: 0
Trace|Resource 16 offset is 99001...
Debug|Encoding resource 16...
Trace|Writing image in Raw mode
Trace|Transparency image...
Trace|Writing image header...
Trace|Width: 12, Height: 14, RowLength: 36
Trace|BPP: 24, PaletteColors: 0, Transaparency: 0
Trace|Resource 17 offset is 99521...
Debug|Encoding resource 17...
Trace|Writing image in Raw mode
Trace|Transparency image...
Trace|Writing image header...
Trace|Width: 12, Height: 14, RowLength: 36
Trace|BPP: 24, PaletteColors: 0, Transaparency: 0
Trace|Resource 18 offset is 100041...
Debug|Encoding resource 18...
Trace|Writing image in Raw mode
Trace|Transparency image...
Trace|Writing image header...
Trace|Width: 12, Height: 14, RowLength: 36
Trace|BPP: 24, PaletteColors: 0, Transaparency: 0
Trace|Resource 19 offset is 100561...
Debug|Encoding resource 19...
Trace|Writing image in Raw mode
Trace|Transparency image...
Trace|Writing image header...
Trace|Width: 12, Height: 14, RowLength: 36
Trace|BPP: 24, PaletteColors: 0, Transaparency: 0
Trace|Resource 20 offset is 101081...
Debug|Encoding resource 20...
Trace|Writing image in Raw mode
Trace|Transparency image...
Trace|Writing image header...
Trace|Width: 12, Height: 14, RowLength: 36
Trace|BPP: 24, PaletteColors: 0, Transaparency: 0
Trace|Resource 21 offset is 101601...
Debug|Encoding resource 21...
Trace|Writing image in Raw mode
Trace|Transparency image...
Trace|Writing image header...
Trace|Width: 12, Height: 14, RowLength: 36
Trace|BPP: 24, PaletteColors: 0, Transaparency: 0
Trace|Resource 22 offset is 102121...
Debug|Encoding resource 22...
Trace|Writing image in Raw mode
Trace|Transparency image...
Trace|Writing image header...
Trace|Width: 12, Height: 14, RowLength: 36
Trace|BPP: 24, PaletteColors: 0, Transaparency: 0
Trace|Resource 23 offset is 102641...
Debug|Encoding resource 23...
Trace|Writing image in Raw mode
Trace|Transparency image...
Trace|Writing image header...
Trace|Width: 60, Height: 52, RowLength: 180
Trace|BPP: 24, PaletteColors: 0, Transaparency: 0
Trace|Resource 24 offset is 112017...
Debug|Encoding resource 24...
Trace|Writing image in Raw mode
Trace|Transparency image...
Trace|Writing image header...
Trace|Width: 60, Height: 52, RowLength: 180
Trace|BPP: 24, PaletteColors: 0, Transaparency: 0
Trace|Resource 25 offset is 121393...
Debug|Encoding resource 25...
Trace|Writing image in Raw mode
Trace|Transparency image...
Trace|Writing image header...
Trace|Width: 60, Height: 52, RowLength: 180
Trace|BPP: 24, PaletteColors: 0, Transaparency: 0
Trace|Resource 26 offset is 130769...
Debug|Encoding resource 26...
Trace|Writing image in Raw mode
Trace|Transparency image...
Trace|Writing image header...
Trace|Width: 60, Height: 52, RowLength: 180
Trace|BPP: 24, PaletteColors: 0, Transaparency: 0
Trace|Resource 27 offset is 140145...
Debug|Encoding resource 27...
Trace|Writing image in Raw mode
Trace|Transparency image...
Trace|Writing image header...
Trace|Width: 60, Height: 52, RowLength: 180
Trace|BPP: 24, PaletteColors: 0, Transaparency: 0
Trace|Resource 28 offset is 149521...
Debug|Encoding resource 28...
Trace|Writing image in Raw mode
Trace|Transparency image...
Trace|Writing image header...
Trace|Width: 60, Height: 52, RowLength: 180
Trace|BPP: 24, PaletteColors: 0, Transaparency: 0
Trace|Resource 29 offset is 158897...
Debug|Encoding resource 29...
Trace|Writing image in Raw mode
Trace|Transparency image...
Trace|Writing image header...
Trace|Width: 60, Height: 52, RowLength: 180
Trace|BPP: 24, PaletteColors: 0, Transaparency: 0
Trace|Resource 30 offset is 168273...
Debug|Encoding resource 30...
Trace|Writing image in Raw mode
Trace|Transparency image...
Trace|Writing image header...
Trace|Width: 60, Height: 52, RowLength: 180
Trace|BPP: 24, PaletteColors: 0, Transaparency: 0
Trace|Resource 31 offset is 177649...
Debug|Encoding resource 31...
Trace|Writing image in Raw mode
Trace|Transparency image...
Trace|Writing image header...
Trace|Width: 60, Height: 52, RowLength: 180
Trace|BPP: 24, PaletteColors: 0, Transaparency: 0
Trace|Resource 32 offset is 187025...
Debug|Encoding resource 32...
Trace|Writing image in Raw mode
Trace|Transparency image...
Trace|Writing image header...
Trace|Width: 60, Height: 52, RowLength: 180
Trace|BPP: 24, PaletteColors: 0, Transaparency: 0
Trace|Resource 33 offset is 196401...
Debug|Encoding resource 33...
Trace|Writing image in Raw mode
Trace|Transparency image...
Trace|Writing image header...
Trace|Width: 60, Height: 38, RowLength: 180
Trace|BPP: 24, PaletteColors: 0, Transaparency: 0
Trace|Resource 34 offset is 203257...
Debug|Encoding resource 34...
Trace|Writing image in Raw mode
Trace|Transparency image...
Trace|Writing image header...
Trace|Width: 60, Height: 38, RowLength: 180
Trace|BPP: 24, PaletteColors: 0, Transaparency: 0
Trace|Resource 35 offset is 210113...
Debug|Encoding resource 35...
Trace|Writing image in Raw mode
Trace|Transparency image...
Trace|Writing image header...
Trace|Width: 60, Height: 38, RowLength: 180
Trace|BPP: 24, PaletteColors: 0, Transaparency: 0
Trace|Resource 36 offset is 216969...
Debug|Encoding resource 36...
Trace|Writing image in Raw mode
Trace|Transparency image...
Trace|Writing image header...
Trace|Width: 60, Height: 38, RowLength: 180
Trace|BPP: 24, PaletteColors: 0, Transaparency: 0
Trace|Resource 37 offset is 223825...
Debug|Encoding resource 37...
Trace|Writing image in Raw mode
Trace|Transparency image...
Trace|Writing image header...
Trace|Width: 60, Height: 38, RowLength: 180
Trace|BPP: 24, PaletteColors: 0, Transaparency: 0
Trace|Resource 38 offset is 230681...
Debug|Encoding resource 38...
Trace|Writing image in Raw mode
Trace|Transparency image...
Trace|Writing image header...
Trace|Width: 60, Height: 38, RowLength: 180
Trace|BPP: 24, PaletteColors: 0, Transaparency: 0
Trace|Resource 39 offset is 237537...
Debug|Encoding resource 39...
Trace|Writing image in Raw mode
Trace|Transparency image...
Trace|Writing image header...
Trace|Width: 60, Height: 38, RowLength: 180
Trace|BPP: 24, PaletteColors: 0, Transaparency: 0
Trace|Resource 40 offset is 244393...
Debug|Encoding resource 40...
Trace|Writing image in Raw mode
Trace|Transparency image...
Trace|Writing image header...
Trace|Width: 60, Height: 38, RowLength: 180
Trace|BPP: 24, PaletteColors: 0, Transaparency: 0
Trace|Resource 41 offset is 251249...
Debug|Encoding resource 41...
Trace|Writing image in Raw mode
Trace|Transparency image...
Trace|Writing image header...
Trace|Width: 60, Height: 38, RowLength: 180
Trace|BPP: 24, PaletteColors: 0, Transaparency: 0
Trace|Resource 42 offset is 258105...
Debug|Encoding resource 42...
Trace|Writing image in Raw mode
Trace|Transparency image...
Trace|Writing image header...
Trace|Width: 60, Height: 38, RowLength: 180
Trace|BPP: 24, PaletteColors: 0, Transaparency: 0
Trace|Resource 43 offset is 264961...
Debug|Encoding resource 43...
Trace|Writing image in Raw mode
Trace|Transparency image...
Trace|Writing image header...
Trace|Width: 60, Height: 38, RowLength: 180
Trace|BPP: 24, PaletteColors: 0, Transaparency: 0
Trace|Resource 44 offset is 271817...
Debug|Encoding resource 44...
Trace|Writing image in Raw mode
Trace|Transparency image...
Trace|Writing image header...
Trace|Width: 60, Height: 38, RowLength: 180
Trace|BPP: 24, PaletteColors: 0, Transaparency: 0
Trace|Resource 45 offset is 278673...
Debug|Encoding resource 45...
Trace|Writing image in Raw mode
Trace|Transparency image...
Trace|Writing image header...
Trace|Width: 60, Height: 38, RowLength: 180
Trace|BPP: 24, PaletteColors: 0, Transaparency: 0
Trace|Resource 46 offset is 285529...
Debug|Encoding resource 46...
Trace|Writing image in Raw mode
Trace|Transparency image...
Trace|Writing image header...
Trace|Width: 60, Height: 38, RowLength: 180
Trace|BPP: 24, PaletteColors: 0, Transaparency: 0
Trace|Resource 47 offset is 292385...
Debug|Encoding resource 47...
Trace|Writing image in Raw mode
Trace|Transparency image...
Trace|Writing image header...
Trace|Width: 60, Height: 38, RowLength: 180
Trace|BPP: 24, PaletteColors: 0, Transaparency: 0
Trace|Resource 48 offset is 299241...
Debug|Encoding resource 48...
Trace|Writing image in Raw mode
Trace|Transparency image...
Trace|Writing image header...
Trace|Width: 9, Height: 12, RowLength: 27
Trace|BPP: 24, PaletteColors: 0, Transaparency: 0
Trace|Resource 49 offset is 299581...
Debug|Encoding resource 49...
Trace|Writing image in Raw mode
Trace|Transparency image...
Trace|Writing image header...
Trace|Width: 9, Height: 12, RowLength: 27
Trace|BPP: 24, PaletteColors: 0, Transaparency: 0
Trace|Resource 50 offset is 299921...
Debug|Encoding resource 50...
Trace|Writing image in Raw mode
Trace|Transparency image...
Trace|Writing image header...
Trace|Width: 9, Height: 12, RowLength: 27
Trace|BPP: 24, PaletteColors: 0, Transaparency: 0
Trace|Resource 51 offset is 300261...
Debug|Encoding resource 51...
Trace|Writing image in Raw mode
Trace|Transparency image...
Trace|Writing image header...
Trace|Width: 9, Height: 12, RowLength: 27
Trace|BPP: 24, PaletteColors: 0, Transaparency: 0
Trace|Resource 52 offset is 300601...
Debug|Encoding resource 52...
Trace|Writing image in Raw mode
Trace|Transparency image...
Trace|Writing image header...
Trace|Width: 9, Height: 12, RowLength: 27
Trace|BPP: 24, PaletteColors: 0, Transaparency: 0
Trace|Resource 53 offset is 300941...
Debug|Encoding resource 53...
Trace|Writing image in Raw mode
Trace|Transparency image...
Trace|Writing image header...
Trace|Width: 9, Height: 12, RowLength: 27
Trace|BPP: 24, PaletteColors: 0, Transaparency: 0
Trace|Resource 54 offset is 301281...
Debug|Encoding resource 54...
Trace|Writing image in Raw mode
Trace|Transparency image...
Trace|Writing image header...
Trace|Width: 9, Height: 12, RowLength: 27
Trace|BPP: 24, PaletteColors: 0, Transaparency: 0
Trace|Resource 55 offset is 301621...
Debug|Encoding resource 55...
Trace|Writing image in Raw mode
Trace|Transparency image...
Trace|Writing image header...
Trace|Width: 9, Height: 12, RowLength: 27
Trace|BPP: 24, PaletteColors: 0, Transaparency: 0
Trace|Resource 56 offset is 301961...
Debug|Encoding resource 56...
Trace|Writing image in Raw mode
Trace|Transparency image...
Trace|Writing image header...
Trace|Width: 9, Height: 12, RowLength: 27
Trace|BPP: 24, PaletteColors: 0, Transaparency: 0
Trace|Resource 57 offset is 302301...
Debug|Encoding resource 57...
Trace|Writing image in Raw mode
Trace|Transparency image...
Trace|Writing image header...
Trace|Width: 9, Height: 12, RowLength: 27
Trace|BPP: 24, PaletteColors: 0, Transaparency: 0
Trace|Resource 58 offset is 302641...
Debug|Encoding resource 58...
Trace|Writing image in Raw mode
Trace|Transparency image...
Trace|Writing image header...
Trace|Width: 32, Height: 32, RowLength: 96
Trace|BPP: 24, PaletteColors: 0, Transaparency: 0
Trace|Resource 59 offset is 305729...
Debug|Encoding resource 59...
Trace|Writing image in Raw mode
Trace|Transparency image...
Trace|Writing image header...
Trace|Width: 32, Height: 32, RowLength: 96
Trace|BPP: 24, PaletteColors: 0, Transaparency: 0
Trace|Resource 60 offset is 308817...
Debug|Encoding resource 60...
Trace|Writing image in Raw mode
Trace|Transparency image...
Trace|Writing image header...
Trace|Width: 32, Height: 32, RowLength: 96
Trace|BPP: 24, PaletteColors: 0, Transaparency: 0
Trace|Resource 61 offset is 311905...
Debug|Encoding resource 61...
Trace|Writing image in Raw mode
Trace|Transparency image...
Trace|Writing image header...
Trace|Width: 32, Height: 32, RowLength: 96
Trace|BPP: 24, PaletteColors: 0, Transaparency: 0
Trace|Resource 62 offset is 314993...
Debug|Encoding resource 62...
Trace|Writing image in Raw mode
Trace|Transparency image...
Trace|Writing image header...
Trace|Width: 32, Height: 32, RowLength: 96
Trace|BPP: 24, PaletteColors: 0, Transaparency: 0
Trace|Resource 63 offset is 318081...
Debug|Encoding resource 63...
Trace|Writing image in Raw mode
Trace|Transparency image...
Trace|Writing image header...
Trace|Width: 32, Height: 32, RowLength: 96
Trace|BPP: 24, PaletteColors: 0, Transaparency: 0
Trace|Resource 64 offset is 321169...
Debug|Encoding resource 64...
Trace|Writing image in Raw mode
Trace|Transparency image...
Trace|Writing image header...
Trace|Width: 32, Height: 32, RowLength: 96
Trace|BPP: 24, PaletteColors: 0, Transaparency: 0
Trace|Resource 65 offset is 324257...
Debug|Encoding resource 65...
Trace|Writing image in Raw mode
Trace|Transparency image...
Trace|Writing image header...
Trace|Width: 32, Height: 32, RowLength: 96
Trace|BPP: 24, PaletteColors: 0, Transaparency: 0
Trace|Resource 66 offset is 327345...
Debug|Encoding resource 66...
Trace|Writing image in Raw mode
Trace|Transparency image...
Trace|Writing image header...
Trace|Width: 32, Height: 32, RowLength: 96
Trace|BPP: 24, PaletteColors: 0, Transaparency: 0
Trace|Resource 67 offset is 330433...
Debug|Encoding resource 67...
Trace|Writing image in Raw mode
Trace|Transparency image...
Trace|Writing image header...
Trace|Width: 32, Height: 32, RowLength: 96
Trace|BPP: 24, PaletteColors: 0, Transaparency: 0
Trace|Resource 68 offset is 333521...
Debug|Encoding resource 68...
Trace|Writing image in Raw mode
Trace|Transparency image...
Trace|Writing image header...
Trace|Width: 32, Height: 32, RowLength: 96
Trace|BPP: 24, PaletteColors: 0, Transaparency: 0
Trace|Resource 69 offset is 336609...
Debug|Encoding resource 69...
Trace|Writing image in Raw mode
Trace|Transparency image...
Trace|Writing image header...
Trace|Width: 32, Height: 32, RowLength: 96
Trace|BPP: 24, PaletteColors: 0, Transaparency: 0
Trace|Resource 70 offset is 339697...
Debug|Encoding resource 70...
Trace|Writing image in Raw mode
Trace|Transparency image...
Trace|Writing image header...
Trace|Width: 32, Height: 32, RowLength: 96
Trace|BPP: 24, PaletteColors: 0, Transaparency: 0
Trace|Resource 71 offset is 342785...
Debug|Encoding resource 71...
Trace|Writing image in Raw mode
Trace|Transparency image...
Trace|Writing image header...
Trace|Width: 32, Height: 32, RowLength: 96
Trace|BPP: 24, PaletteColors: 0, Transaparency: 0
Trace|Resource 72 offset is 345873...
Debug|Encoding resource 72...
Trace|Writing image in Raw mode
Trace|Transparency image...
Trace|Writing image header...
Trace|Width: 32, Height: 32, RowLength: 96
Trace|BPP: 24, PaletteColors: 0, Transaparency: 0
Trace|Resource 73 offset is 348961...
Debug|Encoding resource 73...
Trace|Writing image in Raw mode
Trace|Transparency image...
Trace|Writing image header...
Trace|Width: 32, Height: 32, RowLength: 96
Trace|BPP: 24, PaletteColors: 0, Transaparency: 0
Trace|Resource 74 offset is 352049...
Debug|Encoding resource 74...
Trace|Writing image in Raw mode
Trace|Transparency image...
Trace|Writing image header...
Trace|Width: 32, Height: 32, RowLength: 96
Trace|BPP: 24, PaletteColors: 0, Transaparency: 0
Trace|Resource 75 offset is 355137...
Debug|Encoding resource 75...
Trace|Writing image in Raw mode
Trace|Transparency image...
Trace|Writing image header...
Trace|Width: 32, Height: 32, RowLength: 96
Trace|BPP: 24, PaletteColors: 0, Transaparency: 0
Trace|Resource 76 offset is 358225...
Debug|Encoding resource 76...
Trace|Writing image in Raw mode
Trace|Transparency image...
Trace|Writing image header...
Trace|Width: 32, Height: 32, RowLength: 96
Trace|BPP: 24, PaletteColors: 0, Transaparency: 0
Trace|Resource 77 offset is 361313...
Debug|Encoding resource 77...
Trace|Writing image in Raw mode
Trace|Transparency image...
Trace|Writing image header...
Trace|Width: 32, Height: 32, RowLength: 96
Trace|BPP: 24, PaletteColors: 0, Transaparency: 0
Trace|Resource 78 offset is 364401...
Debug|Encoding resource 78...
Trace|Writing image in Raw mode
Trace|Transparency image...
Trace|Writing image header...
Trace|Width: 32, Height: 32, RowLength: 96
Trace|BPP: 24, PaletteColors: 0, Transaparency: 0
Trace|Resource 79 offset is 367489...
Debug|Encoding resource 79...
Trace|Writing image in Raw mode
Trace|Transparency image...
Trace|Writing image header...
Trace|Width: 32, Height: 32, RowLength: 96
Trace|BPP: 24, PaletteColors: 0, Transaparency: 0
Trace|Resource 80 offset is 370577...
Debug|Encoding resource 80...
Trace|Writing image in Raw mode
Trace|Transparency image...
Trace|Writing image header...
Trace|Width: 32, Height: 32, RowLength: 96
Trace|BPP: 24, PaletteColors: 0, Transaparency: 0
Trace|Resource 81 offset is 373665...
Debug|Encoding resource 81...
Trace|Writing image in Raw mode
Trace|Transparency image...
Trace|Writing image header...
Trace|Width: 32, Height: 32, RowLength: 96
Trace|BPP: 24, PaletteColors: 0, Transaparency: 0
Trace|Resource 82 offset is 376753...
Debug|Encoding resource 82...
Trace|Writing image in Raw mode
Trace|Transparency image...
Trace|Writing image header...
Trace|Width: 32, Height: 32, RowLength: 96
Trace|BPP: 24, PaletteColors: 0, Transaparency: 0
Trace|Resource 83 offset is 379841...
Debug|Encoding resource 83...
Trace|Writing image in Raw mode
Trace|Transparency image...
Trace|Writing image header...
Trace|Width: 32, Height: 32, RowLength: 96
Trace|BPP: 24, PaletteColors: 0, Transaparency: 0
Trace|Resource 84 offset is 382929...
Debug|Encoding resource 84...
Trace|Writing image in Raw mode
Trace|Transparency image...
Trace|Writing image header...
Trace|Width: 19, Height: 21, RowLength: 57
Trace|BPP: 24, PaletteColors: 0, Transaparency: 0
Trace|Resource 85 offset is 384142...
Debug|Encoding resource 85...
Trace|Writing image in Raw mode
Trace|Transparency image...
Trace|Writing image header...
Trace|Width: 19, Height: 21, RowLength: 57
Trace|BPP: 24, PaletteColors: 0, Transaparency: 0
Trace|Resource 86 offset is 385355...
Debug|Encoding resource 86...
Trace|Writing image in Raw mode
Trace|Transparency image...
Trace|Writing image header...
Trace|Width: 19, Height: 21, RowLength: 57
Trace|BPP: 24, PaletteColors: 0, Transaparency: 0
Trace|Resource 87 offset is 386568...
Debug|Encoding resource 87...
Trace|Writing image in Raw mode
Trace|Transparency image...
Trace|Writing image header...
Trace|Width: 19, Height: 21, RowLength: 57
Trace|BPP: 24, PaletteColors: 0, Transaparency: 0
Trace|Resource 88 offset is 387781...
Debug|Encoding resource 88...
Trace|Writing image in Raw mode
Trace|Transparency image...
Trace|Writing image header...
Trace|Width: 19, Height: 21, RowLength: 57
Trace|BPP: 24, PaletteColors: 0, Transaparency: 0
Trace|Resource 89 offset is 388994...
Debug|Encoding resource 89...
Trace|Writing image in Raw mode
Trace|Transparency image...
Trace|Writing image header...
Trace|Width: 19, Height: 21, RowLength: 57
Trace|BPP: 24, PaletteColors: 0, Transaparency: 0
Trace|Resource 90 offset is 390207...
Debug|Encoding resource 90...
Trace|Writing image in Raw mode
Trace|Transparency image...
Trace|Writing image header...
Trace|Width: 19, Height: 21, RowLength: 57
Trace|BPP: 24, PaletteColors: 0, Transaparency: 0
Trace|Resource 91 offset is 391420...
Debug|Encoding resource 91...
Trace|Writing image in Raw mode
Trace|Transparency image...
Trace|Writing image header...
Trace|Width: 19, Height: 21, RowLength: 57
Trace|BPP: 24, PaletteColors: 0, Transaparency: 0
Trace|Resource 92 offset is 392633...
Debug|Encoding resource 92...
Trace|Writing image in Raw mode
Trace|Transparency image...
Trace|Writing image header...
Trace|Width: 19, Height: 21, RowLength: 57
Trace|BPP: 24, PaletteColors: 0, Transaparency: 0
Trace|Resource 93 offset is 393846...
Debug|Encoding resource 93...
Trace|Writing image in Raw mode
Trace|Transparency image...
Trace|Writing image header...
Trace|Width: 19, Height: 21, RowLength: 57
Trace|BPP: 24, PaletteColors: 0, Transaparency: 0
Trace|Resource 94 offset is 395059...
Debug|Encoding resource 94...
Trace|Writing image in Raw mode
Trace|Transparency image...
Trace|Writing image header...
Trace|Width: 13, Height: 15, RowLength: 39
Trace|BPP: 24, PaletteColors: 0, Transaparency: 0
Trace|Resource 95 offset is 395660...
Debug|Encoding resource 95...
Trace|Writing image in Raw mode
Trace|Transparency image...
Trace|Writing image header...
Trace|Width: 13, Height: 15, RowLength: 39
Trace|BPP: 24, PaletteColors: 0, Transaparency: 0
Trace|Resource 96 offset is 396261...
Debug|Encoding resource 96...
Trace|Writing image in Raw mode
Trace|Transparency image...
Trace|Writing image header...
Trace|Width: 13, Height: 15, RowLength: 39
Trace|BPP: 24, PaletteColors: 0, Transaparency: 0
Trace|Resource 97 offset is 396862...
Debug|Encoding resource 97...
Trace|Writing image in Raw mode
Trace|Transparency image...
Trace|Writing image header...
Trace|Width: 13, Height: 15, RowLength: 39
Trace|BPP: 24, PaletteColors: 0, Transaparency: 0
Trace|Resource 98 offset is 397463...
Debug|Encoding resource 98...
Trace|Writing image in Raw mode
Trace|Transparency image...
Trace|Writing image header...
Trace|Width: 13, Height: 15, RowLength: 39
Trace|BPP: 24, PaletteColors: 0, Transaparency: 0
Trace|Resource 99 offset is 398064...
Debug|Encoding resource 99...
Trace|Writing image in Raw mode
Trace|Transparency image...
Trace|Writing image header...
Trace|Width: 13, Height: 15, RowLength: 39
Trace|BPP: 24, PaletteColors: 0, Transaparency: 0
Trace|Resource 100 offset is 398665...
Debug|Encoding resource 100...
Trace|Writing image in Raw mode
Trace|Transparency image...
Trace|Writing image header...
Trace|Width: 13, Height: 15, RowLength: 39
Trace|BPP: 24, PaletteColors: 0, Transaparency: 0
Trace|Resource 101 offset is 399266...
Debug|Encoding resource 101...
Trace|Writing image in Raw mode
Trace|Transparency image...
Trace|Writing image header...
Trace|Width: 13, Height: 15, RowLength: 39
Trace|BPP: 24, PaletteColors: 0, Transaparency: 0
Trace|Resource 102 offset is 399867...
Debug|Encoding resource 102...
Trace|Writing image in Raw mode
Trace|Transparency image...
Trace|Writing image header...
Trace|Width: 13, Height: 15, RowLength: 39
Trace|BPP: 24, PaletteColors: 0, Transaparency: 0
Trace|Resource 103 offset is 400468...
Debug|Encoding resource 103...
Trace|Writing image in Raw mode
Trace|Transparency image...
Trace|Writing image header...
Trace|Width: 13, Height: 15, RowLength: 39
Trace|BPP: 24, PaletteColors: 0, Transaparency: 0
Trace|Resource 104 offset is 401069...
Debug|Encoding resource 104...
Trace|Writing image in Raw mode
Trace|Transparency image...
Trace|Writing image header...
Trace|Width: 14, Height: 12, RowLength: 42
Trace|BPP: 24, PaletteColors: 0, Transaparency: 0
Trace|Resource 105 offset is 401589...
Debug|Encoding resource 105...
Trace|Writing image in Raw mode
Trace|Transparency image...
Trace|Writing image header...
Trace|Width: 4, Height: 12, RowLength: 12
Trace|BPP: 24, PaletteColors: 0, Transaparency: 0
Trace|Resource 106 offset is 401749...
Debug|Encoding resource 106...
Trace|Writing image in Raw mode
Trace|Transparency image...
Trace|Writing image header...
Trace|Width: 1, Height: 12, RowLength: 3
Trace|BPP: 24, PaletteColors: 0, Transaparency: 0
Trace|Writing resources offsets table
Debug|Writing resources
