Debug|Opening watch face 'infograph_spanish_black_13-97515-146b9f3221.bin'
Debug|Reading parameters...
Trace|Reading header...
Trace|Header was read:
Trace|Signature: UIHH, Unknown: 16777215, ParametersSize: 63, IsValid: True
Trace|Reading parameter offsets...
Trace|Parameter offsets were read from file
Trace|Reading parameters descriptor...
Trace|1 (0A): 6 bytes
Trace|    1 (08): 557 (22D)
Trace|    2 (10): 140 (8C)
Trace|Parameters descriptor was read:
Trace|ParametrsTableLength: 557, ImagesCount: 140
Trace|Reading parameters locations...
Trace|2 (12): 4 bytes
Trace|    1 (08): 0 (00)
Trace|    2 (10): 8 (08)
Trace|4 (22): 4 bytes
Trace|    1 (08): 8 (08)
Trace|    2 (10): 48 (30)
Trace|5 (2A): 4 bytes
Trace|    1 (08): 56 (38)
Trace|    2 (10): 88 (58)
Trace|6 (32): 6 bytes
Trace|    1 (08): 144 (90)
Trace|    2 (10): 137 (89)
Trace|7 (3A): 5 bytes
Trace|    1 (08): 281 (119)
Trace|    2 (10): 74 (4A)
Trace|8 (42): 5 bytes
Trace|    1 (08): 355 (163)
Trace|    2 (10): 30 (1E)
Trace|9 (4A): 5 bytes
Trace|    1 (08): 385 (181)
Trace|    2 (10): 35 (23)
Trace|10 (52): 6 bytes
Trace|    1 (08): 420 (1A4)
Trace|    2 (10): 137 (89)
Trace|Watch face parameters locations were read:
Trace|Reading descriptor for parameter 2
Trace|Descriptor offset: 0, Descriptor length: 8
Trace|Parsing descriptor for parameter 2...
Trace|1 (0A): 6 bytes
Trace|    1 (08): 0 (00)
Trace|    2 (10): 0 (00)
Trace|    3 (18): 0 (00)
Trace|Reading descriptor for parameter 4
Trace|Descriptor offset: 8, Descriptor length: 48
Trace|Parsing descriptor for parameter 4...
Trace|1 (0A): 21 bytes
Trace|    1 (0A): 19 bytes
Trace|        1 (08): 0 (00)
Trace|        2 (10): 274 (112)
Trace|        3 (18): 124 (7C)
Trace|        4 (20): 0 (00)
Trace|        5 (28): 4 (04)
Trace|        6 (30): 1 (01)
Trace|        7 (38): 0 (00)
Trace|        8 (40): 58 (3A)
Trace|        9 (48): 10 (0A)
Trace|3 (1A): 21 bytes
Trace|    1 (0A): 19 bytes
Trace|        1 (08): 1 (01)
Trace|        2 (10): 274 (112)
Trace|        3 (18): 0 (00)
Trace|        4 (20): 0 (00)
Trace|        5 (28): 2 (02)
Trace|        6 (30): 1 (01)
Trace|        7 (38): 0 (00)
Trace|        8 (40): 58 (3A)
Trace|        9 (48): 10 (0A)
Trace|7 (38): 0 (00)
Trace|Reading descriptor for parameter 5
Trace|Descriptor offset: 56, Descriptor length: 88
Trace|Parsing descriptor for parameter 5...
Trace|1 (0A): 56 bytes
Trace|    1 (0A): 50 bytes
Trace|        2 (12): 8 bytes
Trace|            1 (08): 82 (52)
Trace|            2 (10): 28 (1C)
Trace|            3 (18): 46 (2E)
Trace|            4 (20): 12 (0C)
Trace|        3 (1A): 8 bytes
Trace|            1 (08): 82 (52)
Trace|            2 (10): 28 (1C)
Trace|            3 (18): 46 (2E)
Trace|            4 (20): 12 (0C)
Trace|        4 (22): 28 bytes
Trace|            1 (08): 65 (41)
Trace|            2 (10): 32 (20)
Trace|            3 (18): 0 (00)
Trace|            4 (20): 0 (00)
Trace|            5 (28): 4 (04)
Trace|            6 (30): -2 (FFFFFFFFFFFFFFFE)
Trace|            7 (38): 0 (00)
Trace|            8 (40): 128 (80)
Trace|            9 (48): 10 (0A)
Trace|    4 (20): 0 (00)
Trace|    5 (28): 1 (01)
Trace|4 (22): 8 bytes
Trace|    1 (08): 76 (4C)
Trace|    2 (10): 11 (0B)
Trace|    3 (18): 18 (12)
Trace|    4 (20): 7 (07)
Trace|5 (2A): 8 bytes
Trace|    1 (08): 76 (4C)
Trace|    2 (10): 11 (0B)
Trace|    3 (18): 4 (04)
Trace|    4 (20): 7 (07)
Trace|6 (32): 8 bytes
Trace|    1 (08): 76 (4C)
Trace|    2 (10): 11 (0B)
Trace|    3 (18): 11 (0B)
Trace|    4 (20): 7 (07)
Trace|Reading descriptor for parameter 6
Trace|Descriptor offset: 144, Descriptor length: 137
Trace|Parsing descriptor for parameter 6...
Trace|1 (0A): 25 bytes
Trace|    2 (12): 9 bytes
Trace|        1 (08): 17 (11)
Trace|        2 (10): 132 (84)
Trace|        3 (18): 68 (44)
Trace|        4 (20): 26 (1A)
Trace|    3 (1A): 5 bytes
Trace|        1 (08): 17 (11)
Trace|        2 (10): 132 (84)
Trace|    4 (22): 5 bytes
Trace|        1 (08): 17 (11)
Trace|        2 (10): 132 (84)
Trace|2 (12): 83 bytes
Trace|    1 (0A): 23 bytes
Trace|        1 (0A): 19 bytes
Trace|            1 (08): 72 (48)
Trace|            2 (10): 136 (88)
Trace|            3 (18): 114 (72)
Trace|            4 (20): 0 (00)
Trace|            5 (28): 72 (48)
Trace|            6 (30): 0 (00)
Trace|            7 (38): 0 (00)
Trace|            8 (40): 94 (5E)
Trace|            9 (48): 10 (0A)
Trace|        2 (10): 127 (7F)
Trace|    2 (12): 56 bytes
Trace|        1 (0A): 54 bytes
Trace|            1 (0A): 25 bytes
Trace|                1 (0A): 19 bytes
Trace|                    1 (08): 0 (00)
Trace|                    2 (10): 160 (A0)
Trace|                    3 (18): 112 (70)
Trace|                    4 (20): 0 (00)
Trace|                    5 (28): 20 (14)
Trace|                    6 (30): 1 (01)
Trace|                    7 (38): 0 (00)
Trace|                    8 (40): 104 (68)
Trace|                    9 (48): 10 (0A)
Trace|                2 (10): 114 (72)
Trace|                3 (18): 126 (7E)
Trace|            2 (12): 25 bytes
Trace|                1 (0A): 19 bytes
Trace|                    1 (08): 74 (4A)
Trace|                    2 (10): 160 (A0)
Trace|                    3 (18): 0 (00)
Trace|                    4 (20): 0 (00)
Trace|                    5 (28): 18 (12)
Trace|                    6 (30): 1 (01)
Trace|                    7 (38): 0 (00)
Trace|                    8 (40): 115 (73)
Trace|                    9 (48): 10 (0A)
Trace|                2 (10): 125 (7D)
Trace|                3 (18): 126 (7E)
Trace|4 (22): 23 bytes
Trace|    1 (0A): 18 bytes
Trace|        1 (08): 34 (22)
Trace|        2 (10): 86 (56)
Trace|        3 (18): 94 (5E)
Trace|        4 (20): 0 (00)
Trace|        5 (28): 72 (48)
Trace|        6 (30): 0 (00)
Trace|        7 (38): 0 (00)
Trace|        8 (40): 94 (5E)
Trace|        9 (48): 10 (0A)
Trace|    2 (10): 139 (8B)
Trace|Reading descriptor for parameter 7
Trace|Descriptor offset: 281, Descriptor length: 74
Trace|Parsing descriptor for parameter 7...
Trace|3 (1A): 72 bytes
Trace|    1 (08): 35 (23)
Trace|    2 (12): 5 bytes
Trace|        1 (08): 66 (42)
Trace|        2 (10): 231 (E7)
Trace|    2 (12): 5 bytes
Trace|        1 (08): 66 (42)
Trace|        2 (10): 231 (E7)
Trace|    2 (12): 5 bytes
Trace|        1 (08): 66 (42)
Trace|        2 (10): 231 (E7)
Trace|    2 (12): 5 bytes
Trace|        1 (08): 66 (42)
Trace|        2 (10): 231 (E7)
Trace|    2 (12): 5 bytes
Trace|        1 (08): 66 (42)
Trace|        2 (10): 231 (E7)
Trace|    2 (12): 5 bytes
Trace|        1 (08): 66 (42)
Trace|        2 (10): 231 (E7)
Trace|    2 (12): 5 bytes
Trace|        1 (08): 66 (42)
Trace|        2 (10): 231 (E7)
Trace|    2 (12): 5 bytes
Trace|        1 (08): 66 (42)
Trace|        2 (10): 231 (E7)
Trace|    2 (12): 5 bytes
Trace|        1 (08): 66 (42)
Trace|        2 (10): 231 (E7)
Trace|    2 (12): 5 bytes
Trace|        1 (08): 66 (42)
Trace|        2 (10): 231 (E7)
Trace|Reading descriptor for parameter 8
Trace|Descriptor offset: 355, Descriptor length: 30
Trace|Parsing descriptor for parameter 8...
Trace|1 (0A): 8 bytes
Trace|    1 (0A): 4 bytes
Trace|        1 (08): 48 (30)
Trace|        2 (10): 4 (04)
Trace|    2 (10): 2 (02)
Trace|2 (12): 8 bytes
Trace|    1 (0A): 4 bytes
Trace|        1 (08): 59 (3B)
Trace|        2 (10): 4 (04)
Trace|    3 (18): 1 (01)
Trace|3 (1A): 8 bytes
Trace|    1 (0A): 4 bytes
Trace|        1 (08): 70 (46)
Trace|        2 (10): 4 (04)
Trace|    2 (10): 3 (03)
Trace|Reading descriptor for parameter 9
Trace|Descriptor offset: 385, Descriptor length: 35
Trace|Parsing descriptor for parameter 9...
Trace|1 (0A): 23 bytes
Trace|    1 (0A): 18 bytes
Trace|        1 (08): 1 (01)
Trace|        2 (10): 13 (0D)
Trace|        3 (18): 0 (00)
Trace|        4 (20): 0 (00)
Trace|        5 (28): 2 (02)
Trace|        6 (30): 1 (01)
Trace|        7 (38): 0 (00)
Trace|        8 (40): 58 (3A)
Trace|        9 (48): 10 (0A)
Trace|    4 (20): 138 (8A)
Trace|2 (12): 8 bytes
Trace|    1 (08): 0 (00)
Trace|    2 (10): 16 (10)
Trace|    3 (18): 25 (19)
Trace|    4 (20): 10 (0A)
Trace|Reading descriptor for parameter 10
Trace|Descriptor offset: 420, Descriptor length: 137
Trace|Parsing descriptor for parameter 10...
Trace|1 (0A): 62 bytes
Trace|    1 (08): 0 (00)
Trace|    2 (10): 16777215 (FFFFFF)
Trace|    3 (1A): 5 bytes
Trace|        1 (08): 63 (3F)
Trace|        2 (10): 148 (94)
Trace|    4 (22): 13 bytes
Trace|        1 (08): 2 (02)
Trace|        2 (10): -2 (FFFFFFFFFFFFFFFE)
Trace|    4 (22): 13 bytes
Trace|        1 (08): 38 (26)
Trace|        2 (10): -2 (FFFFFFFFFFFFFFFE)
Trace|    4 (22): 4 bytes
Trace|        1 (08): 40 (28)
Trace|        2 (10): 0 (00)
Trace|    4 (22): 4 bytes
Trace|        1 (08): 38 (26)
Trace|        2 (10): 3 (03)
Trace|    4 (22): 4 bytes
Trace|        1 (08): 2 (02)
Trace|        2 (10): 3 (03)
Trace|2 (12): 71 bytes
Trace|    1 (08): 0 (00)
Trace|    2 (10): 16777215 (FFFFFF)
Trace|    3 (1A): 5 bytes
Trace|        1 (08): 63 (3F)
Trace|        2 (10): 148 (94)
Trace|    4 (22): 13 bytes
Trace|        1 (08): 2 (02)
Trace|        2 (10): -2 (FFFFFFFFFFFFFFFE)
Trace|    4 (22): 13 bytes
Trace|        1 (08): 62 (3E)
Trace|        2 (10): -2 (FFFFFFFFFFFFFFFE)
Trace|    4 (22): 4 bytes
Trace|        1 (08): 64 (40)
Trace|        2 (10): 0 (00)
Trace|    4 (22): 4 bytes
Trace|        1 (08): 62 (3E)
Trace|        2 (10): 3 (03)
Trace|    4 (22): 4 bytes
Trace|        1 (08): 2 (02)
Trace|        2 (10): 3 (03)
Trace|    5 (2A): 7 bytes
Trace|        1 (08): 58 (3A)
Trace|        2 (10): 143 (8F)
Trace|        3 (18): 45 (2D)
Trace|Reading resources offsets table with 140 elements (560 bytes)
Debug|Reading 140 resources...
Trace|Resource 0 offset: 1267, length: 74104...
Debug|Reading resource 0...
Trace|Color bit encoding: 8
Trace|Reading image header...
Trace|Image header was read:
Trace|Width: 126, Height: 294, RowLength: 252
Trace|BPP: 16, PaletteColors: 0, Transaparency: False
Trace|The image doesn't use a palette.
Trace|Resource 1 offset: 75371, length: 316...
Debug|Reading resource 1...
Trace|Color bit encoding: 27
Trace|Reading image header...
Trace|Image header was read:
Trace|Width: 10, Height: 10, RowLength: 30
Trace|BPP: 24, PaletteColors: 0, Transaparency: False
Trace|The image doesn't use a palette.
Trace|Resource 2 offset: 75687, length: 316...
Debug|Reading resource 2...
Trace|Color bit encoding: 27
Trace|Reading image header...
Trace|Image header was read:
Trace|Width: 10, Height: 10, RowLength: 30
Trace|BPP: 24, PaletteColors: 0, Transaparency: False
Trace|The image doesn't use a palette.
Trace|Resource 3 offset: 76003, length: 316...
Debug|Reading resource 3...
Trace|Color bit encoding: 27
Trace|Reading image header...
Trace|Image header was read:
Trace|Width: 10, Height: 10, RowLength: 30
Trace|BPP: 24, PaletteColors: 0, Transaparency: False
Trace|The image doesn't use a palette.
Trace|Resource 4 offset: 76319, length: 8020...
Debug|Reading resource 4...
Trace|Color bit encoding: 27
Trace|Reading image header...
Trace|Image header was read:
Trace|Width: 46, Height: 58, RowLength: 138
Trace|BPP: 24, PaletteColors: 0, Transaparency: False
Trace|The image doesn't use a palette.
Trace|Resource 5 offset: 84339, length: 8020...
Debug|Reading resource 5...
Trace|Color bit encoding: 27
Trace|Reading image header...
Trace|Image header was read:
Trace|Width: 46, Height: 58, RowLength: 138
Trace|BPP: 24, PaletteColors: 0, Transaparency: False
Trace|The image doesn't use a palette.
Trace|Resource 6 offset: 92359, length: 8020...
Debug|Reading resource 6...
Trace|Color bit encoding: 27
Trace|Reading image header...
Trace|Image header was read:
Trace|Width: 46, Height: 58, RowLength: 138
Trace|BPP: 24, PaletteColors: 0, Transaparency: False
Trace|The image doesn't use a palette.
Trace|Resource 7 offset: 100379, length: 8020...
Debug|Reading resource 7...
Trace|Color bit encoding: 27
Trace|Reading image header...
Trace|Image header was read:
Trace|Width: 46, Height: 58, RowLength: 138
Trace|BPP: 24, PaletteColors: 0, Transaparency: False
Trace|The image doesn't use a palette.
Trace|Resource 8 offset: 108399, length: 8020...
Debug|Reading resource 8...
Trace|Color bit encoding: 27
Trace|Reading image header...
Trace|Image header was read:
Trace|Width: 46, Height: 58, RowLength: 138
Trace|BPP: 24, PaletteColors: 0, Transaparency: False
Trace|The image doesn't use a palette.
Trace|Resource 9 offset: 116419, length: 8020...
Debug|Reading resource 9...
Trace|Color bit encoding: 27
Trace|Reading image header...
Trace|Image header was read:
Trace|Width: 46, Height: 58, RowLength: 138
Trace|BPP: 24, PaletteColors: 0, Transaparency: False
Trace|The image doesn't use a palette.
Trace|Resource 10 offset: 124439, length: 8020...
Debug|Reading resource 10...
Trace|Color bit encoding: 27
Trace|Reading image header...
Trace|Image header was read:
Trace|Width: 46, Height: 58, RowLength: 138
Trace|BPP: 24, PaletteColors: 0, Transaparency: False
Trace|The image doesn't use a palette.
Trace|Resource 11 offset: 132459, length: 8020...
Debug|Reading resource 11...
Trace|Color bit encoding: 27
Trace|Reading image header...
Trace|Image header was read:
Trace|Width: 46, Height: 58, RowLength: 138
Trace|BPP: 24, PaletteColors: 0, Transaparency: False
Trace|The image doesn't use a palette.
Trace|Resource 12 offset: 140479, length: 8020...
Debug|Reading resource 12...
Trace|Color bit encoding: 27
Trace|Reading image header...
Trace|Image header was read:
Trace|Width: 46, Height: 58, RowLength: 138
Trace|BPP: 24, PaletteColors: 0, Transaparency: False
Trace|The image doesn't use a palette.
Trace|Resource 13 offset: 148499, length: 8020...
Debug|Reading resource 13...
Trace|Color bit encoding: 27
Trace|Reading image header...
Trace|Image header was read:
Trace|Width: 46, Height: 58, RowLength: 138
Trace|BPP: 24, PaletteColors: 0, Transaparency: False
Trace|The image doesn't use a palette.
Trace|Resource 14 offset: 156519, length: 8020...
Debug|Reading resource 14...
Trace|Color bit encoding: 27
Trace|Reading image header...
Trace|Image header was read:
Trace|Width: 46, Height: 58, RowLength: 138
Trace|BPP: 24, PaletteColors: 0, Transaparency: False
Trace|The image doesn't use a palette.
Trace|Resource 15 offset: 164539, length: 8020...
Debug|Reading resource 15...
Trace|Color bit encoding: 27
Trace|Reading image header...
Trace|Image header was read:
Trace|Width: 46, Height: 58, RowLength: 138
Trace|BPP: 24, PaletteColors: 0, Transaparency: False
Trace|The image doesn't use a palette.
Trace|Resource 16 offset: 172559, length: 8020...
Debug|Reading resource 16...
Trace|Color bit encoding: 27
Trace|Reading image header...
Trace|Image header was read:
Trace|Width: 46, Height: 58, RowLength: 138
Trace|BPP: 24, PaletteColors: 0, Transaparency: False
Trace|The image doesn't use a palette.
Trace|Resource 17 offset: 180579, length: 8020...
Debug|Reading resource 17...
Trace|Color bit encoding: 27
Trace|Reading image header...
Trace|Image header was read:
Trace|Width: 46, Height: 58, RowLength: 138
Trace|BPP: 24, PaletteColors: 0, Transaparency: False
Trace|The image doesn't use a palette.
Trace|Resource 18 offset: 188599, length: 6856...
Debug|Reading resource 18...
Trace|Color bit encoding: 27
Trace|Reading image header...
Trace|Image header was read:
Trace|Width: 60, Height: 38, RowLength: 180
Trace|BPP: 24, PaletteColors: 0, Transaparency: False
Trace|The image doesn't use a palette.
Trace|Resource 19 offset: 195455, length: 6856...
Debug|Reading resource 19...
Trace|Color bit encoding: 27
Trace|Reading image header...
Trace|Image header was read:
Trace|Width: 60, Height: 38, RowLength: 180
Trace|BPP: 24, PaletteColors: 0, Transaparency: False
Trace|The image doesn't use a palette.
Trace|Resource 20 offset: 202311, length: 6856...
Debug|Reading resource 20...
Trace|Color bit encoding: 27
Trace|Reading image header...
Trace|Image header was read:
Trace|Width: 60, Height: 38, RowLength: 180
Trace|BPP: 24, PaletteColors: 0, Transaparency: False
Trace|The image doesn't use a palette.
Trace|Resource 21 offset: 209167, length: 6856...
Debug|Reading resource 21...
Trace|Color bit encoding: 27
Trace|Reading image header...
Trace|Image header was read:
Trace|Width: 60, Height: 38, RowLength: 180
Trace|BPP: 24, PaletteColors: 0, Transaparency: False
Trace|The image doesn't use a palette.
Trace|Resource 22 offset: 216023, length: 6856...
Debug|Reading resource 22...
Trace|Color bit encoding: 27
Trace|Reading image header...
Trace|Image header was read:
Trace|Width: 60, Height: 38, RowLength: 180
Trace|BPP: 24, PaletteColors: 0, Transaparency: False
Trace|The image doesn't use a palette.
Trace|Resource 23 offset: 222879, length: 6856...
Debug|Reading resource 23...
Trace|Color bit encoding: 27
Trace|Reading image header...
Trace|Image header was read:
Trace|Width: 60, Height: 38, RowLength: 180
Trace|BPP: 24, PaletteColors: 0, Transaparency: False
Trace|The image doesn't use a palette.
Trace|Resource 24 offset: 229735, length: 6856...
Debug|Reading resource 24...
Trace|Color bit encoding: 27
Trace|Reading image header...
Trace|Image header was read:
Trace|Width: 60, Height: 38, RowLength: 180
Trace|BPP: 24, PaletteColors: 0, Transaparency: False
Trace|The image doesn't use a palette.
Trace|Resource 25 offset: 236591, length: 9376...
Debug|Reading resource 25...
Trace|Color bit encoding: 27
Trace|Reading image header...
Trace|Image header was read:
Trace|Width: 60, Height: 52, RowLength: 180
Trace|BPP: 24, PaletteColors: 0, Transaparency: False
Trace|The image doesn't use a palette.
Trace|Resource 26 offset: 245967, length: 9376...
Debug|Reading resource 26...
Trace|Color bit encoding: 27
Trace|Reading image header...
Trace|Image header was read:
Trace|Width: 60, Height: 52, RowLength: 180
Trace|BPP: 24, PaletteColors: 0, Transaparency: False
Trace|The image doesn't use a palette.
Trace|Resource 27 offset: 255343, length: 9376...
Debug|Reading resource 27...
Trace|Color bit encoding: 27
Trace|Reading image header...
Trace|Image header was read:
Trace|Width: 60, Height: 52, RowLength: 180
Trace|BPP: 24, PaletteColors: 0, Transaparency: False
Trace|The image doesn't use a palette.
Trace|Resource 28 offset: 264719, length: 9376...
Debug|Reading resource 28...
Trace|Color bit encoding: 27
Trace|Reading image header...
Trace|Image header was read:
Trace|Width: 60, Height: 52, RowLength: 180
Trace|BPP: 24, PaletteColors: 0, Transaparency: False
Trace|The image doesn't use a palette.
Trace|Resource 29 offset: 274095, length: 9376...
Debug|Reading resource 29...
Trace|Color bit encoding: 27
Trace|Reading image header...
Trace|Image header was read:
Trace|Width: 60, Height: 52, RowLength: 180
Trace|BPP: 24, PaletteColors: 0, Transaparency: False
Trace|The image doesn't use a palette.
Trace|Resource 30 offset: 283471, length: 9376...
Debug|Reading resource 30...
Trace|Color bit encoding: 27
Trace|Reading image header...
Trace|Image header was read:
Trace|Width: 60, Height: 52, RowLength: 180
Trace|BPP: 24, PaletteColors: 0, Transaparency: False
Trace|The image doesn't use a palette.
Trace|Resource 31 offset: 292847, length: 9376...
Debug|Reading resource 31...
Trace|Color bit encoding: 27
Trace|Reading image header...
Trace|Image header was read:
Trace|Width: 60, Height: 52, RowLength: 180
Trace|BPP: 24, PaletteColors: 0, Transaparency: False
Trace|The image doesn't use a palette.
Trace|Resource 32 offset: 302223, length: 9376...
Debug|Reading resource 32...
Trace|Color bit encoding: 27
Trace|Reading image header...
Trace|Image header was read:
Trace|Width: 60, Height: 52, RowLength: 180
Trace|BPP: 24, PaletteColors: 0, Transaparency: False
Trace|The image doesn't use a palette.
Trace|Resource 33 offset: 311599, length: 9376...
Debug|Reading resource 33...
Trace|Color bit encoding: 27
Trace|Reading image header...
Trace|Image header was read:
Trace|Width: 60, Height: 52, RowLength: 180
Trace|BPP: 24, PaletteColors: 0, Transaparency: False
Trace|The image doesn't use a palette.
Trace|Resource 34 offset: 320975, length: 9376...
Debug|Reading resource 34...
Trace|Color bit encoding: 27
Trace|Reading image header...
Trace|Image header was read:
Trace|Width: 60, Height: 52, RowLength: 180
Trace|BPP: 24, PaletteColors: 0, Transaparency: False
Trace|The image doesn't use a palette.
Trace|Resource 35 offset: 330351, length: 6856...
Debug|Reading resource 35...
Trace|Color bit encoding: 27
Trace|Reading image header...
Trace|Image header was read:
Trace|Width: 60, Height: 38, RowLength: 180
Trace|BPP: 24, PaletteColors: 0, Transaparency: False
Trace|The image doesn't use a palette.
Trace|Resource 36 offset: 337207, length: 6856...
Debug|Reading resource 36...
Trace|Color bit encoding: 27
Trace|Reading image header...
Trace|Image header was read:
Trace|Width: 60, Height: 38, RowLength: 180
Trace|BPP: 24, PaletteColors: 0, Transaparency: False
Trace|The image doesn't use a palette.
Trace|Resource 37 offset: 344063, length: 6856...
Debug|Reading resource 37...
Trace|Color bit encoding: 27
Trace|Reading image header...
Trace|Image header was read:
Trace|Width: 60, Height: 38, RowLength: 180
Trace|BPP: 24, PaletteColors: 0, Transaparency: False
Trace|The image doesn't use a palette.
Trace|Resource 38 offset: 350919, length: 6856...
Debug|Reading resource 38...
Trace|Color bit encoding: 27
Trace|Reading image header...
Trace|Image header was read:
Trace|Width: 60, Height: 38, RowLength: 180
Trace|BPP: 24, PaletteColors: 0, Transaparency: False
Trace|The image doesn't use a palette.
Trace|Resource 39 offset: 357775, length: 6856...
Debug|Reading resource 39...
Trace|Color bit encoding: 27
Trace|Reading image header...
Trace|Image header was read:
Trace|Width: 60, Height: 38, RowLength: 180
Trace|BPP: 24, PaletteColors: 0, Transaparency: False
Trace|The image doesn't use a palette.
Trace|Resource 40 offset: 364631, length: 6856...
Debug|Reading resource 40...
Trace|Color bit encoding: 27
Trace|Reading image header...
Trace|Image header was read:
Trace|Width: 60, Height: 38, RowLength: 180
Trace|BPP: 24, PaletteColors: 0, Transaparency: False
Trace|The image doesn't use a palette.
Trace|Resource 41 offset: 371487, length: 6856...
Debug|Reading resource 41...
Trace|Color bit encoding: 27
Trace|Reading image header...
Trace|Image header was read:
Trace|Width: 60, Height: 38, RowLength: 180
Trace|BPP: 24, PaletteColors: 0, Transaparency: False
Trace|The image doesn't use a palette.
Trace|Resource 42 offset: 378343, length: 6856...
Debug|Reading resource 42...
Trace|Color bit encoding: 27
Trace|Reading image header...
Trace|Image header was read:
Trace|Width: 60, Height: 38, RowLength: 180
Trace|BPP: 24, PaletteColors: 0, Transaparency: False
Trace|The image doesn't use a palette.
Trace|Resource 43 offset: 385199, length: 6856...
Debug|Reading resource 43...
Trace|Color bit encoding: 27
Trace|Reading image header...
Trace|Image header was read:
Trace|Width: 60, Height: 38, RowLength: 180
Trace|BPP: 24, PaletteColors: 0, Transaparency: False
Trace|The image doesn't use a palette.
Trace|Resource 44 offset: 392055, length: 6856...
Debug|Reading resource 44...
Trace|Color bit encoding: 27
Trace|Reading image header...
Trace|Image header was read:
Trace|Width: 60, Height: 38, RowLength: 180
Trace|BPP: 24, PaletteColors: 0, Transaparency: False
Trace|The image doesn't use a palette.
Trace|Resource 45 offset: 398911, length: 316...
Debug|Reading resource 45...
Trace|Color bit encoding: 27
Trace|Reading image header...
Trace|Image header was read:
Trace|Width: 10, Height: 10, RowLength: 30
Trace|BPP: 24, PaletteColors: 0, Transaparency: False
Trace|The image doesn't use a palette.
Trace|Resource 46 offset: 399227, length: 6088...
Debug|Reading resource 46...
Trace|Color bit encoding: 27
Trace|Reading image header...
Trace|Image header was read:
Trace|Width: 44, Height: 46, RowLength: 132
Trace|BPP: 24, PaletteColors: 0, Transaparency: False
Trace|The image doesn't use a palette.
Trace|Resource 47 offset: 405315, length: 6088...
Debug|Reading resource 47...
Trace|Color bit encoding: 27
Trace|Reading image header...
Trace|Image header was read:
Trace|Width: 44, Height: 46, RowLength: 132
Trace|BPP: 24, PaletteColors: 0, Transaparency: False
Trace|The image doesn't use a palette.
Trace|Resource 48 offset: 411403, length: 6088...
Debug|Reading resource 48...
Trace|Color bit encoding: 27
Trace|Reading image header...
Trace|Image header was read:
Trace|Width: 44, Height: 46, RowLength: 132
Trace|BPP: 24, PaletteColors: 0, Transaparency: False
Trace|The image doesn't use a palette.
Trace|Resource 49 offset: 417491, length: 6088...
Debug|Reading resource 49...
Trace|Color bit encoding: 27
Trace|Reading image header...
Trace|Image header was read:
Trace|Width: 44, Height: 46, RowLength: 132
Trace|BPP: 24, PaletteColors: 0, Transaparency: False
Trace|The image doesn't use a palette.
Trace|Resource 50 offset: 423579, length: 6088...
Debug|Reading resource 50...
Trace|Color bit encoding: 27
Trace|Reading image header...
Trace|Image header was read:
Trace|Width: 44, Height: 46, RowLength: 132
Trace|BPP: 24, PaletteColors: 0, Transaparency: False
Trace|The image doesn't use a palette.
Trace|Resource 51 offset: 429667, length: 6088...
Debug|Reading resource 51...
Trace|Color bit encoding: 27
Trace|Reading image header...
Trace|Image header was read:
Trace|Width: 44, Height: 46, RowLength: 132
Trace|BPP: 24, PaletteColors: 0, Transaparency: False
Trace|The image doesn't use a palette.
Trace|Resource 52 offset: 435755, length: 6088...
Debug|Reading resource 52...
Trace|Color bit encoding: 27
Trace|Reading image header...
Trace|Image header was read:
Trace|Width: 44, Height: 46, RowLength: 132
Trace|BPP: 24, PaletteColors: 0, Transaparency: False
Trace|The image doesn't use a palette.
Trace|Resource 53 offset: 441843, length: 6088...
Debug|Reading resource 53...
Trace|Color bit encoding: 27
Trace|Reading image header...
Trace|Image header was read:
Trace|Width: 44, Height: 46, RowLength: 132
Trace|BPP: 24, PaletteColors: 0, Transaparency: False
Trace|The image doesn't use a palette.
Trace|Resource 54 offset: 447931, length: 6088...
Debug|Reading resource 54...
Trace|Color bit encoding: 27
Trace|Reading image header...
Trace|Image header was read:
Trace|Width: 44, Height: 46, RowLength: 132
Trace|BPP: 24, PaletteColors: 0, Transaparency: False
Trace|The image doesn't use a palette.
Trace|Resource 55 offset: 454019, length: 6088...
Debug|Reading resource 55...
Trace|Color bit encoding: 27
Trace|Reading image header...
Trace|Image header was read:
Trace|Width: 44, Height: 46, RowLength: 132
Trace|BPP: 24, PaletteColors: 0, Transaparency: False
Trace|The image doesn't use a palette.
Trace|Resource 56 offset: 460107, length: 6088...
Debug|Reading resource 56...
Trace|Color bit encoding: 27
Trace|Reading image header...
Trace|Image header was read:
Trace|Width: 44, Height: 46, RowLength: 132
Trace|BPP: 24, PaletteColors: 0, Transaparency: False
Trace|The image doesn't use a palette.
Trace|Resource 57 offset: 466195, length: 6088...
Debug|Reading resource 57...
Trace|Color bit encoding: 27
Trace|Reading image header...
Trace|Image header was read:
Trace|Width: 44, Height: 46, RowLength: 132
Trace|BPP: 24, PaletteColors: 0, Transaparency: False
Trace|The image doesn't use a palette.
Trace|Resource 58 offset: 472283, length: 340...
Debug|Reading resource 58...
Trace|Color bit encoding: 27
Trace|Reading image header...
Trace|Image header was read:
Trace|Width: 9, Height: 12, RowLength: 27
Trace|BPP: 24, PaletteColors: 0, Transaparency: False
Trace|The image doesn't use a palette.
Trace|Resource 59 offset: 472623, length: 340...
Debug|Reading resource 59...
Trace|Color bit encoding: 27
Trace|Reading image header...
Trace|Image header was read:
Trace|Width: 9, Height: 12, RowLength: 27
Trace|BPP: 24, PaletteColors: 0, Transaparency: False
Trace|The image doesn't use a palette.
Trace|Resource 60 offset: 472963, length: 340...
Debug|Reading resource 60...
Trace|Color bit encoding: 27
Trace|Reading image header...
Trace|Image header was read:
Trace|Width: 9, Height: 12, RowLength: 27
Trace|BPP: 24, PaletteColors: 0, Transaparency: False
Trace|The image doesn't use a palette.
Trace|Resource 61 offset: 473303, length: 340...
Debug|Reading resource 61...
Trace|Color bit encoding: 27
Trace|Reading image header...
Trace|Image header was read:
Trace|Width: 9, Height: 12, RowLength: 27
Trace|BPP: 24, PaletteColors: 0, Transaparency: False
Trace|The image doesn't use a palette.
Trace|Resource 62 offset: 473643, length: 340...
Debug|Reading resource 62...
Trace|Color bit encoding: 27
Trace|Reading image header...
Trace|Image header was read:
Trace|Width: 9, Height: 12, RowLength: 27
Trace|BPP: 24, PaletteColors: 0, Transaparency: False
Trace|The image doesn't use a palette.
Trace|Resource 63 offset: 473983, length: 340...
Debug|Reading resource 63...
Trace|Color bit encoding: 27
Trace|Reading image header...
Trace|Image header was read:
Trace|Width: 9, Height: 12, RowLength: 27
Trace|BPP: 24, PaletteColors: 0, Transaparency: False
Trace|The image doesn't use a palette.
Trace|Resource 64 offset: 474323, length: 340...
Debug|Reading resource 64...
Trace|Color bit encoding: 27
Trace|Reading image header...
Trace|Image header was read:
Trace|Width: 9, Height: 12, RowLength: 27
Trace|BPP: 24, PaletteColors: 0, Transaparency: False
Trace|The image doesn't use a palette.
Trace|Resource 65 offset: 474663, length: 340...
Debug|Reading resource 65...
Trace|Color bit encoding: 27
Trace|Reading image header...
Trace|Image header was read:
Trace|Width: 9, Height: 12, RowLength: 27
Trace|BPP: 24, PaletteColors: 0, Transaparency: False
Trace|The image doesn't use a palette.
Trace|Resource 66 offset: 475003, length: 340...
Debug|Reading resource 66...
Trace|Color bit encoding: 27
Trace|Reading image header...
Trace|Image header was read:
Trace|Width: 9, Height: 12, RowLength: 27
Trace|BPP: 24, PaletteColors: 0, Transaparency: False
Trace|The image doesn't use a palette.
Trace|Resource 67 offset: 475343, length: 340...
Debug|Reading resource 67...
Trace|Color bit encoding: 27
Trace|Reading image header...
Trace|Image header was read:
Trace|Width: 9, Height: 12, RowLength: 27
Trace|BPP: 24, PaletteColors: 0, Transaparency: False
Trace|The image doesn't use a palette.
Trace|Resource 68 offset: 475683, length: 3088...
Debug|Reading resource 68...
Trace|Color bit encoding: 27
Trace|Reading image header...
Trace|Image header was read:
Trace|Width: 32, Height: 32, RowLength: 96
Trace|BPP: 24, PaletteColors: 0, Transaparency: False
Trace|The image doesn't use a palette.
Trace|Resource 69 offset: 478771, length: 3088...
Debug|Reading resource 69...
Trace|Color bit encoding: 27
Trace|Reading image header...
Trace|Image header was read:
Trace|Width: 32, Height: 32, RowLength: 96
Trace|BPP: 24, PaletteColors: 0, Transaparency: False
Trace|The image doesn't use a palette.
Trace|Resource 70 offset: 481859, length: 3088...
Debug|Reading resource 70...
Trace|Color bit encoding: 27
Trace|Reading image header...
Trace|Image header was read:
Trace|Width: 32, Height: 32, RowLength: 96
Trace|BPP: 24, PaletteColors: 0, Transaparency: False
Trace|The image doesn't use a palette.
Trace|Resource 71 offset: 484947, length: 3088...
Debug|Reading resource 71...
Trace|Color bit encoding: 27
Trace|Reading image header...
Trace|Image header was read:
Trace|Width: 32, Height: 32, RowLength: 96
Trace|BPP: 24, PaletteColors: 0, Transaparency: False
Trace|The image doesn't use a palette.
Trace|Resource 72 offset: 488035, length: 3088...
Debug|Reading resource 72...
Trace|Color bit encoding: 27
Trace|Reading image header...
Trace|Image header was read:
Trace|Width: 32, Height: 32, RowLength: 96
Trace|BPP: 24, PaletteColors: 0, Transaparency: False
Trace|The image doesn't use a palette.
Trace|Resource 73 offset: 491123, length: 3088...
Debug|Reading resource 73...
Trace|Color bit encoding: 27
Trace|Reading image header...
Trace|Image header was read:
Trace|Width: 32, Height: 32, RowLength: 96
Trace|BPP: 24, PaletteColors: 0, Transaparency: False
Trace|The image doesn't use a palette.
Trace|Resource 74 offset: 494211, length: 3088...
Debug|Reading resource 74...
Trace|Color bit encoding: 27
Trace|Reading image header...
Trace|Image header was read:
Trace|Width: 32, Height: 32, RowLength: 96
Trace|BPP: 24, PaletteColors: 0, Transaparency: False
Trace|The image doesn't use a palette.
Trace|Resource 75 offset: 497299, length: 3088...
Debug|Reading resource 75...
Trace|Color bit encoding: 27
Trace|Reading image header...
Trace|Image header was read:
Trace|Width: 32, Height: 32, RowLength: 96
Trace|BPP: 24, PaletteColors: 0, Transaparency: False
Trace|The image doesn't use a palette.
Trace|Resource 76 offset: 500387, length: 3088...
Debug|Reading resource 76...
Trace|Color bit encoding: 27
Trace|Reading image header...
Trace|Image header was read:
Trace|Width: 32, Height: 32, RowLength: 96
Trace|BPP: 24, PaletteColors: 0, Transaparency: False
Trace|The image doesn't use a palette.
Trace|Resource 77 offset: 503475, length: 3088...
Debug|Reading resource 77...
Trace|Color bit encoding: 27
Trace|Reading image header...
Trace|Image header was read:
Trace|Width: 32, Height: 32, RowLength: 96
Trace|BPP: 24, PaletteColors: 0, Transaparency: False
Trace|The image doesn't use a palette.
Trace|Resource 78 offset: 506563, length: 3088...
Debug|Reading resource 78...
Trace|Color bit encoding: 27
Trace|Reading image header...
Trace|Image header was read:
Trace|Width: 32, Height: 32, RowLength: 96
Trace|BPP: 24, PaletteColors: 0, Transaparency: False
Trace|The image doesn't use a palette.
Trace|Resource 79 offset: 509651, length: 3088...
Debug|Reading resource 79...
Trace|Color bit encoding: 27
Trace|Reading image header...
Trace|Image header was read:
Trace|Width: 32, Height: 32, RowLength: 96
Trace|BPP: 24, PaletteColors: 0, Transaparency: False
Trace|The image doesn't use a palette.
Trace|Resource 80 offset: 512739, length: 3088...
Debug|Reading resource 80...
Trace|Color bit encoding: 27
Trace|Reading image header...
Trace|Image header was read:
Trace|Width: 32, Height: 32, RowLength: 96
Trace|BPP: 24, PaletteColors: 0, Transaparency: False
Trace|The image doesn't use a palette.
Trace|Resource 81 offset: 515827, length: 3088...
Debug|Reading resource 81...
Trace|Color bit encoding: 27
Trace|Reading image header...
Trace|Image header was read:
Trace|Width: 32, Height: 32, RowLength: 96
Trace|BPP: 24, PaletteColors: 0, Transaparency: False
Trace|The image doesn't use a palette.
Trace|Resource 82 offset: 518915, length: 3088...
Debug|Reading resource 82...
Trace|Color bit encoding: 27
Trace|Reading image header...
Trace|Image header was read:
Trace|Width: 32, Height: 32, RowLength: 96
Trace|BPP: 24, PaletteColors: 0, Transaparency: False
Trace|The image doesn't use a palette.
Trace|Resource 83 offset: 522003, length: 3088...
Debug|Reading resource 83...
Trace|Color bit encoding: 27
Trace|Reading image header...
Trace|Image header was read:
Trace|Width: 32, Height: 32, RowLength: 96
Trace|BPP: 24, PaletteColors: 0, Transaparency: False
Trace|The image doesn't use a palette.
Trace|Resource 84 offset: 525091, length: 3088...
Debug|Reading resource 84...
Trace|Color bit encoding: 27
Trace|Reading image header...
Trace|Image header was read:
Trace|Width: 32, Height: 32, RowLength: 96
Trace|BPP: 24, PaletteColors: 0, Transaparency: False
Trace|The image doesn't use a palette.
Trace|Resource 85 offset: 528179, length: 3088...
Debug|Reading resource 85...
Trace|Color bit encoding: 27
Trace|Reading image header...
Trace|Image header was read:
Trace|Width: 32, Height: 32, RowLength: 96
Trace|BPP: 24, PaletteColors: 0, Transaparency: False
Trace|The image doesn't use a palette.
Trace|Resource 86 offset: 531267, length: 3088...
Debug|Reading resource 86...
Trace|Color bit encoding: 27
Trace|Reading image header...
Trace|Image header was read:
Trace|Width: 32, Height: 32, RowLength: 96
Trace|BPP: 24, PaletteColors: 0, Transaparency: False
Trace|The image doesn't use a palette.
Trace|Resource 87 offset: 534355, length: 3088...
Debug|Reading resource 87...
Trace|Color bit encoding: 27
Trace|Reading image header...
Trace|Image header was read:
Trace|Width: 32, Height: 32, RowLength: 96
Trace|BPP: 24, PaletteColors: 0, Transaparency: False
Trace|The image doesn't use a palette.
Trace|Resource 88 offset: 537443, length: 3088...
Debug|Reading resource 88...
Trace|Color bit encoding: 27
Trace|Reading image header...
Trace|Image header was read:
Trace|Width: 32, Height: 32, RowLength: 96
Trace|BPP: 24, PaletteColors: 0, Transaparency: False
Trace|The image doesn't use a palette.
Trace|Resource 89 offset: 540531, length: 3088...
Debug|Reading resource 89...
Trace|Color bit encoding: 27
Trace|Reading image header...
Trace|Image header was read:
Trace|Width: 32, Height: 32, RowLength: 96
Trace|BPP: 24, PaletteColors: 0, Transaparency: False
Trace|The image doesn't use a palette.
Trace|Resource 90 offset: 543619, length: 3088...
Debug|Reading resource 90...
Trace|Color bit encoding: 27
Trace|Reading image header...
Trace|Image header was read:
Trace|Width: 32, Height: 32, RowLength: 96
Trace|BPP: 24, PaletteColors: 0, Transaparency: False
Trace|The image doesn't use a palette.
Trace|Resource 91 offset: 546707, length: 3088...
Debug|Reading resource 91...
Trace|Color bit encoding: 27
Trace|Reading image header...
Trace|Image header was read:
Trace|Width: 32, Height: 32, RowLength: 96
Trace|BPP: 24, PaletteColors: 0, Transaparency: False
Trace|The image doesn't use a palette.
Trace|Resource 92 offset: 549795, length: 3088...
Debug|Reading resource 92...
Trace|Color bit encoding: 27
Trace|Reading image header...
Trace|Image header was read:
Trace|Width: 32, Height: 32, RowLength: 96
Trace|BPP: 24, PaletteColors: 0, Transaparency: False
Trace|The image doesn't use a palette.
Trace|Resource 93 offset: 552883, length: 3088...
Debug|Reading resource 93...
Trace|Color bit encoding: 27
Trace|Reading image header...
Trace|Image header was read:
Trace|Width: 32, Height: 32, RowLength: 96
Trace|BPP: 24, PaletteColors: 0, Transaparency: False
Trace|The image doesn't use a palette.
Trace|Resource 94 offset: 555971, length: 928...
Debug|Reading resource 94...
Trace|Color bit encoding: 27
Trace|Reading image header...
Trace|Image header was read:
Trace|Width: 16, Height: 19, RowLength: 48
Trace|BPP: 24, PaletteColors: 0, Transaparency: False
Trace|The image doesn't use a palette.
Trace|Resource 95 offset: 556899, length: 928...
Debug|Reading resource 95...
Trace|Color bit encoding: 27
Trace|Reading image header...
Trace|Image header was read:
Trace|Width: 16, Height: 19, RowLength: 48
Trace|BPP: 24, PaletteColors: 0, Transaparency: False
Trace|The image doesn't use a palette.
Trace|Resource 96 offset: 557827, length: 928...
Debug|Reading resource 96...
Trace|Color bit encoding: 27
Trace|Reading image header...
Trace|Image header was read:
Trace|Width: 16, Height: 19, RowLength: 48
Trace|BPP: 24, PaletteColors: 0, Transaparency: False
Trace|The image doesn't use a palette.
Trace|Resource 97 offset: 558755, length: 928...
Debug|Reading resource 97...
Trace|Color bit encoding: 27
Trace|Reading image header...
Trace|Image header was read:
Trace|Width: 16, Height: 19, RowLength: 48
Trace|BPP: 24, PaletteColors: 0, Transaparency: False
Trace|The image doesn't use a palette.
Trace|Resource 98 offset: 559683, length: 928...
Debug|Reading resource 98...
Trace|Color bit encoding: 27
Trace|Reading image header...
Trace|Image header was read:
Trace|Width: 16, Height: 19, RowLength: 48
Trace|BPP: 24, PaletteColors: 0, Transaparency: False
Trace|The image doesn't use a palette.
Trace|Resource 99 offset: 560611, length: 928...
Debug|Reading resource 99...
Trace|Color bit encoding: 27
Trace|Reading image header...
Trace|Image header was read:
Trace|Width: 16, Height: 19, RowLength: 48
Trace|BPP: 24, PaletteColors: 0, Transaparency: False
Trace|The image doesn't use a palette.
Trace|Resource 100 offset: 561539, length: 928...
Debug|Reading resource 100...
Trace|Color bit encoding: 27
Trace|Reading image header...
Trace|Image header was read:
Trace|Width: 16, Height: 19, RowLength: 48
Trace|BPP: 24, PaletteColors: 0, Transaparency: False
Trace|The image doesn't use a palette.
Trace|Resource 101 offset: 562467, length: 928...
Debug|Reading resource 101...
Trace|Color bit encoding: 27
Trace|Reading image header...
Trace|Image header was read:
Trace|Width: 16, Height: 19, RowLength: 48
Trace|BPP: 24, PaletteColors: 0, Transaparency: False
Trace|The image doesn't use a palette.
Trace|Resource 102 offset: 563395, length: 928...
Debug|Reading resource 102...
Trace|Color bit encoding: 27
Trace|Reading image header...
Trace|Image header was read:
Trace|Width: 16, Height: 19, RowLength: 48
Trace|BPP: 24, PaletteColors: 0, Transaparency: False
Trace|The image doesn't use a palette.
Trace|Resource 103 offset: 564323, length: 928...
Debug|Reading resource 103...
Trace|Color bit encoding: 27
Trace|Reading image header...
Trace|Image header was read:
Trace|Width: 16, Height: 19, RowLength: 48
Trace|BPP: 24, PaletteColors: 0, Transaparency: False
Trace|The image doesn't use a palette.
Trace|Resource 104 offset: 565251, length: 205...
Debug|Reading resource 104...
Trace|Color bit encoding: 27
Trace|Reading image header...
Trace|Image header was read:
Trace|Width: 7, Height: 9, RowLength: 21
Trace|BPP: 24, PaletteColors: 0, Transaparency: False
Trace|The image doesn't use a palette.
Trace|Resource 105 offset: 565456, length: 205...
Debug|Reading resource 105...
Trace|Color bit encoding: 27
Trace|Reading image header...
Trace|Image header was read:
Trace|Width: 7, Height: 9, RowLength: 21
Trace|BPP: 24, PaletteColors: 0, Transaparency: False
Trace|The image doesn't use a palette.
Trace|Resource 106 offset: 565661, length: 205...
Debug|Reading resource 106...
Trace|Color bit encoding: 27
Trace|Reading image header...
Trace|Image header was read:
Trace|Width: 7, Height: 9, RowLength: 21
Trace|BPP: 24, PaletteColors: 0, Transaparency: False
Trace|The image doesn't use a palette.
Trace|Resource 107 offset: 565866, length: 205...
Debug|Reading resource 107...
Trace|Color bit encoding: 27
Trace|Reading image header...
Trace|Image header was read:
Trace|Width: 7, Height: 9, RowLength: 21
Trace|BPP: 24, PaletteColors: 0, Transaparency: False
Trace|The image doesn't use a palette.
Trace|Resource 108 offset: 566071, length: 205...
Debug|Reading resource 108...
Trace|Color bit encoding: 27
Trace|Reading image header...
Trace|Image header was read:
Trace|Width: 7, Height: 9, RowLength: 21
Trace|BPP: 24, PaletteColors: 0, Transaparency: False
Trace|The image doesn't use a palette.
Trace|Resource 109 offset: 566276, length: 205...
Debug|Reading resource 109...
Trace|Color bit encoding: 27
Trace|Reading image header...
Trace|Image header was read:
Trace|Width: 7, Height: 9, RowLength: 21
Trace|BPP: 24, PaletteColors: 0, Transaparency: False
Trace|The image doesn't use a palette.
Trace|Resource 110 offset: 566481, length: 205...
Debug|Reading resource 110...
Trace|Color bit encoding: 27
Trace|Reading image header...
Trace|Image header was read:
Trace|Width: 7, Height: 9, RowLength: 21
Trace|BPP: 24, PaletteColors: 0, Transaparency: False
Trace|The image doesn't use a palette.
Trace|Resource 111 offset: 566686, length: 205...
Debug|Reading resource 111...
Trace|Color bit encoding: 27
Trace|Reading image header...
Trace|Image header was read:
Trace|Width: 7, Height: 9, RowLength: 21
Trace|BPP: 24, PaletteColors: 0, Transaparency: False
Trace|The image doesn't use a palette.
Trace|Resource 112 offset: 566891, length: 205...
Debug|Reading resource 112...
Trace|Color bit encoding: 27
Trace|Reading image header...
Trace|Image header was read:
Trace|Width: 7, Height: 9, RowLength: 21
Trace|BPP: 24, PaletteColors: 0, Transaparency: False
Trace|The image doesn't use a palette.
Trace|Resource 113 offset: 567096, length: 205...
Debug|Reading resource 113...
Trace|Color bit encoding: 27
Trace|Reading image header...
Trace|Image header was read:
Trace|Width: 7, Height: 9, RowLength: 21
Trace|BPP: 24, PaletteColors: 0, Transaparency: False
Trace|The image doesn't use a palette.
Trace|Resource 114 offset: 567301, length: 97...
Debug|Reading resource 114...
Trace|Color bit encoding: 27
Trace|Reading image header...
Trace|Image header was read:
Trace|Width: 3, Height: 9, RowLength: 9
Trace|BPP: 24, PaletteColors: 0, Transaparency: False
Trace|The image doesn't use a palette.
Trace|Resource 115 offset: 567398, length: 205...
Debug|Reading resource 115...
Trace|Color bit encoding: 27
Trace|Reading image header...
Trace|Image header was read:
Trace|Width: 7, Height: 9, RowLength: 21
Trace|BPP: 24, PaletteColors: 0, Transaparency: False
Trace|The image doesn't use a palette.
Trace|Resource 116 offset: 567603, length: 205...
Debug|Reading resource 116...
Trace|Color bit encoding: 27
Trace|Reading image header...
Trace|Image header was read:
Trace|Width: 7, Height: 9, RowLength: 21
Trace|BPP: 24, PaletteColors: 0, Transaparency: False
Trace|The image doesn't use a palette.
Trace|Resource 117 offset: 567808, length: 205...
Debug|Reading resource 117...
Trace|Color bit encoding: 27
Trace|Reading image header...
Trace|Image header was read:
Trace|Width: 7, Height: 9, RowLength: 21
Trace|BPP: 24, PaletteColors: 0, Transaparency: False
Trace|The image doesn't use a palette.
Trace|Resource 118 offset: 568013, length: 205...
Debug|Reading resource 118...
Trace|Color bit encoding: 27
Trace|Reading image header...
Trace|Image header was read:
Trace|Width: 7, Height: 9, RowLength: 21
Trace|BPP: 24, PaletteColors: 0, Transaparency: False
Trace|The image doesn't use a palette.
Trace|Resource 119 offset: 568218, length: 205...
Debug|Reading resource 119...
Trace|Color bit encoding: 27
Trace|Reading image header...
Trace|Image header was read:
Trace|Width: 7, Height: 9, RowLength: 21
Trace|BPP: 24, PaletteColors: 0, Transaparency: False
Trace|The image doesn't use a palette.
Trace|Resource 120 offset: 568423, length: 205...
Debug|Reading resource 120...
Trace|Color bit encoding: 27
Trace|Reading image header...
Trace|Image header was read:
Trace|Width: 7, Height: 9, RowLength: 21
Trace|BPP: 24, PaletteColors: 0, Transaparency: False
Trace|The image doesn't use a palette.
Trace|Resource 121 offset: 568628, length: 205...
Debug|Reading resource 121...
Trace|Color bit encoding: 27
Trace|Reading image header...
Trace|Image header was read:
Trace|Width: 7, Height: 9, RowLength: 21
Trace|BPP: 24, PaletteColors: 0, Transaparency: False
Trace|The image doesn't use a palette.
Trace|Resource 122 offset: 568833, length: 205...
Debug|Reading resource 122...
Trace|Color bit encoding: 27
Trace|Reading image header...
Trace|Image header was read:
Trace|Width: 7, Height: 9, RowLength: 21
Trace|BPP: 24, PaletteColors: 0, Transaparency: False
Trace|The image doesn't use a palette.
Trace|Resource 123 offset: 569038, length: 205...
Debug|Reading resource 123...
Trace|Color bit encoding: 27
Trace|Reading image header...
Trace|Image header was read:
Trace|Width: 7, Height: 9, RowLength: 21
Trace|BPP: 24, PaletteColors: 0, Transaparency: False
Trace|The image doesn't use a palette.
Trace|Resource 124 offset: 569243, length: 205...
Debug|Reading resource 124...
Trace|Color bit encoding: 27
Trace|Reading image header...
Trace|Image header was read:
Trace|Width: 7, Height: 9, RowLength: 21
Trace|BPP: 24, PaletteColors: 0, Transaparency: False
Trace|The image doesn't use a palette.
Trace|Resource 125 offset: 569448, length: 97...
Debug|Reading resource 125...
Trace|Color bit encoding: 27
Trace|Reading image header...
Trace|Image header was read:
Trace|Width: 3, Height: 9, RowLength: 9
Trace|BPP: 24, PaletteColors: 0, Transaparency: False
Trace|The image doesn't use a palette.
Trace|Resource 126 offset: 569545, length: 19...
Debug|Reading resource 126...
Trace|Color bit encoding: 27
Trace|Reading image header...
Trace|Image header was read:
Trace|Width: 1, Height: 1, RowLength: 3
Trace|BPP: 24, PaletteColors: 0, Transaparency: False
Trace|The image doesn't use a palette.
Trace|Resource 127 offset: 569564, length: 415...
Debug|Reading resource 127...
Trace|Color bit encoding: 27
Trace|Reading image header...
Trace|Image header was read:
Trace|Width: 7, Height: 19, RowLength: 21
Trace|BPP: 24, PaletteColors: 0, Transaparency: False
Trace|The image doesn't use a palette.
Trace|Resource 128 offset: 569979, length: 520...
Debug|Reading resource 128...
Trace|Color bit encoding: 27
Trace|Reading image header...
Trace|Image header was read:
Trace|Width: 12, Height: 14, RowLength: 36
Trace|BPP: 24, PaletteColors: 0, Transaparency: False
Trace|The image doesn't use a palette.
Trace|Resource 129 offset: 570499, length: 520...
Debug|Reading resource 129...
Trace|Color bit encoding: 27
Trace|Reading image header...
Trace|Image header was read:
Trace|Width: 12, Height: 14, RowLength: 36
Trace|BPP: 24, PaletteColors: 0, Transaparency: False
Trace|The image doesn't use a palette.
Trace|Resource 130 offset: 571019, length: 520...
Debug|Reading resource 130...
Trace|Color bit encoding: 27
Trace|Reading image header...
Trace|Image header was read:
Trace|Width: 12, Height: 14, RowLength: 36
Trace|BPP: 24, PaletteColors: 0, Transaparency: False
Trace|The image doesn't use a palette.
Trace|Resource 131 offset: 571539, length: 520...
Debug|Reading resource 131...
Trace|Color bit encoding: 27
Trace|Reading image header...
Trace|Image header was read:
Trace|Width: 12, Height: 14, RowLength: 36
Trace|BPP: 24, PaletteColors: 0, Transaparency: False
Trace|The image doesn't use a palette.
Trace|Resource 132 offset: 572059, length: 520...
Debug|Reading resource 132...
Trace|Color bit encoding: 27
Trace|Reading image header...
Trace|Image header was read:
Trace|Width: 12, Height: 14, RowLength: 36
Trace|BPP: 24, PaletteColors: 0, Transaparency: False
Trace|The image doesn't use a palette.
Trace|Resource 133 offset: 572579, length: 520...
Debug|Reading resource 133...
Trace|Color bit encoding: 27
Trace|Reading image header...
Trace|Image header was read:
Trace|Width: 12, Height: 14, RowLength: 36
Trace|BPP: 24, PaletteColors: 0, Transaparency: False
Trace|The image doesn't use a palette.
Trace|Resource 134 offset: 573099, length: 520...
Debug|Reading resource 134...
Trace|Color bit encoding: 27
Trace|Reading image header...
Trace|Image header was read:
Trace|Width: 12, Height: 14, RowLength: 36
Trace|BPP: 24, PaletteColors: 0, Transaparency: False
Trace|The image doesn't use a palette.
Trace|Resource 135 offset: 573619, length: 520...
Debug|Reading resource 135...
Trace|Color bit encoding: 27
Trace|Reading image header...
Trace|Image header was read:
Trace|Width: 12, Height: 14, RowLength: 36
Trace|BPP: 24, PaletteColors: 0, Transaparency: False
Trace|The image doesn't use a palette.
Trace|Resource 136 offset: 574139, length: 520...
Debug|Reading resource 136...
Trace|Color bit encoding: 27
Trace|Reading image header...
Trace|Image header was read:
Trace|Width: 12, Height: 14, RowLength: 36
Trace|BPP: 24, PaletteColors: 0, Transaparency: False
Trace|The image doesn't use a palette.
Trace|Resource 137 offset: 574659, length: 520...
Debug|Reading resource 137...
Trace|Color bit encoding: 27
Trace|Reading image header...
Trace|Image header was read:
Trace|Width: 12, Height: 14, RowLength: 36
Trace|BPP: 24, PaletteColors: 0, Transaparency: False
Trace|The image doesn't use a palette.
Trace|Resource 138 offset: 575179, length: 520...
Debug|Reading resource 138...
Trace|Color bit encoding: 27
Trace|Reading image header...
Trace|Image header was read:
Trace|Width: 14, Height: 12, RowLength: 42
Trace|BPP: 24, PaletteColors: 0, Transaparency: False
Trace|The image doesn't use a palette.
Trace|Resource 139 offset: 575699, length: 52...
Debug|Reading resource 139...
Trace|Color bit encoding: 27
Trace|Reading image header...
Trace|Image header was read:
Trace|Width: 1, Height: 12, RowLength: 3
Trace|BPP: 24, PaletteColors: 0, Transaparency: False
Trace|The image doesn't use a palette.
Debug|Parsing parameters...
Trace|2 'Background'
Trace|2.1 'Image'
Trace|2.1.1 'X': 0
Trace|2.1.2 'Y': 0
Trace|2.1.3 'ImageIndex': 0
Trace|4 'Activity'
Trace|4.1 'Steps'
Trace|4.1.1 'Number'
Trace|4.1.1.1 'TopLeftX': 0
Trace|4.1.1.2 'TopLeftY': 274
Trace|4.1.1.3 'BottomRightX': 124
Trace|4.1.1.4 'BottomRightY': 0
Trace|4.1.1.5 'Alignment': 4
Trace|4.1.1.6 'SpacingX': 1
Trace|4.1.1.7 'SpacingY': 0
Trace|4.1.1.8 'ImageIndex': 58
Trace|4.1.1.9 'ImagesCount': 10
Trace|4.3 'Calories'
Trace|4.3.1 'Text'
Trace|4.3.1.1 'TopLeftX': 1
Trace|4.3.1.2 'TopLeftY': 274
Trace|4.3.1.3 'BottomRightX': 0
Trace|4.3.1.4 'BottomRightY': 0
Trace|4.3.1.5 'Alignment': 2
Trace|4.3.1.6 'SpacingX': 1
Trace|4.3.1.7 'SpacingY': 0
Trace|4.3.1.8 'ImageIndex': 58
Trace|4.3.1.9 'ImagesCount': 10
Trace|4.7 'UnknownV7': 0
Trace|5 'Date'
Trace|5.1 'MonthAndDayAndYear'
Trace|5.1.1 'Separate'
Trace|5.1.1.2 'MonthsEN'
Trace|5.1.1.2.1 'X': 82
Trace|5.1.1.2.2 'Y': 28
Trace|5.1.1.2.3 'ImageIndex': 46
Trace|5.1.1.2.4 'ImagesCount': 12
Trace|5.1.1.3 'MonthsCN'
Trace|5.1.1.3.1 'X': 82
Trace|5.1.1.3.2 'Y': 28
Trace|5.1.1.3.3 'ImageIndex': 46
Trace|5.1.1.3.4 'ImagesCount': 12
Trace|5.1.1.4 'Day'
Trace|5.1.1.4.1 'TopLeftX': 65
Trace|5.1.1.4.2 'TopLeftY': 32
Trace|5.1.1.4.3 'BottomRightX': 0
Trace|5.1.1.4.4 'BottomRightY': 0
Trace|5.1.1.4.5 'Alignment': 4
Trace|5.1.1.4.6 'SpacingX': -2
Trace|5.1.1.4.7 'SpacingY': 0
Trace|5.1.1.4.8 'ImageIndex': 128
Trace|5.1.1.4.9 'ImagesCount': 10
Trace|5.1.4 'TwoDigitsMonth': 0
Trace|5.1.5 'TwoDigitsDay': 1
Trace|5.4 'ENWeekDays'
Trace|5.4.1 'X': 76
Trace|5.4.2 'Y': 11
Trace|5.4.3 'ImageIndex': 18
Trace|5.4.4 'ImagesCount': 7
Trace|5.5 'CNWeekDays'
Trace|5.5.1 'X': 76
Trace|5.5.2 'Y': 11
Trace|5.5.3 'ImageIndex': 4
Trace|5.5.4 'ImagesCount': 7
Trace|5.6 'CN2WeekDays'
Trace|5.6.1 'X': 76
Trace|5.6.2 'Y': 11
Trace|5.6.3 'ImageIndex': 11
Trace|5.6.4 'ImagesCount': 7
Trace|6 'Weather'
Trace|6.1 'Icon'
Trace|6.1.2 'CustomIcon'
Trace|6.1.2.1 'X': 17
Trace|6.1.2.2 'Y': 132
Trace|6.1.2.3 'ImageIndex': 68
Trace|6.1.2.4 'ImagesCount': 26
Trace|6.1.3 'Unknown3'
Trace|6.1.3.1 'X': 17
Trace|6.1.3.2 'Y': 132
Trace|6.1.4 'Unknown4'
Trace|6.1.4.1 'X': 17
Trace|6.1.4.2 'Y': 132
Trace|6.2 'Temperature'
Trace|6.2.1 'Current'
Trace|6.2.1.1 'Number'
Trace|6.2.1.1.1 'TopLeftX': 72
Trace|6.2.1.1.2 'TopLeftY': 136
Trace|6.2.1.1.3 'BottomRightX': 114
Trace|6.2.1.1.4 'BottomRightY': 0
Trace|6.2.1.1.5 'Alignment': 72
Trace|6.2.1.1.6 'SpacingX': 0
Trace|6.2.1.1.7 'SpacingY': 0
Trace|6.2.1.1.8 'ImageIndex': 94
Trace|6.2.1.1.9 'ImagesCount': 10
Trace|6.2.1.2 'MinusImageIndex': 127
Trace|6.2.2 'Today'
Trace|6.2.2.1 'Separate'
Trace|6.2.2.1.1 'Day'
Trace|6.2.2.1.1.1 'Number'
Trace|6.2.2.1.1.1.1 'TopLeftX': 0
Trace|6.2.2.1.1.1.2 'TopLeftY': 160
Trace|6.2.2.1.1.1.3 'BottomRightX': 112
Trace|6.2.2.1.1.1.4 'BottomRightY': 0
Trace|6.2.2.1.1.1.5 'Alignment': 20
Trace|6.2.2.1.1.1.6 'SpacingX': 1
Trace|6.2.2.1.1.1.7 'SpacingY': 0
Trace|6.2.2.1.1.1.8 'ImageIndex': 104
Trace|6.2.2.1.1.1.9 'ImagesCount': 10
Trace|6.2.2.1.1.2 'MinusImageIndex': 114
Trace|6.2.2.1.1.3 'DegreesImageIndex': 126
Trace|6.2.2.1.2 'Night'
Trace|6.2.2.1.2.1 'Number'
Trace|6.2.2.1.2.1.1 'TopLeftX': 74
Trace|6.2.2.1.2.1.2 'TopLeftY': 160
Trace|6.2.2.1.2.1.3 'BottomRightX': 0
Trace|6.2.2.1.2.1.4 'BottomRightY': 0
Trace|6.2.2.1.2.1.5 'Alignment': 18
Trace|6.2.2.1.2.1.6 'SpacingX': 1
Trace|6.2.2.1.2.1.7 'SpacingY': 0
Trace|6.2.2.1.2.1.8 'ImageIndex': 115
Trace|6.2.2.1.2.1.9 'ImagesCount': 10
Trace|6.2.2.1.2.2 'MinusImageIndex': 125
Trace|6.2.2.1.2.3 'DegreesImageIndex': 126
Trace|6.4 'Humidity'
Trace|6.4.1 'Text'
Trace|6.4.1.1 'TopLeftX': 34
Trace|6.4.1.2 'TopLeftY': 86
Trace|6.4.1.3 'BottomRightX': 94
Trace|6.4.1.4 'BottomRightY': 0
Trace|6.4.1.5 'Alignment': 72
Trace|6.4.1.6 'SpacingX': 0
Trace|6.4.1.7 'SpacingY': 0
Trace|6.4.1.8 'ImageIndex': 94
Trace|6.4.1.9 'ImagesCount': 10
Trace|6.4.2 'SuffixImageIndex': 139
Trace|7 'StepsProgress'
Trace|7.3 'Linear'
Trace|7.3.1 'StartImageIndex': 35
Trace|7.3.2 'Segments'
Trace|7.3.2.1 'X': 66
Trace|7.3.2.2 'Y': 231
Trace|7.3.2 'Segments'
Trace|7.3.2.1 'X': 66
Trace|7.3.2.2 'Y': 231
Trace|7.3.2 'Segments'
Trace|7.3.2.1 'X': 66
Trace|7.3.2.2 'Y': 231
Trace|7.3.2 'Segments'
Trace|7.3.2.1 'X': 66
Trace|7.3.2.2 'Y': 231
Trace|7.3.2 'Segments'
Trace|7.3.2.1 'X': 66
Trace|7.3.2.2 'Y': 231
Trace|7.3.2 'Segments'
Trace|7.3.2.1 'X': 66
Trace|7.3.2.2 'Y': 231
Trace|7.3.2 'Segments'
Trace|7.3.2.1 'X': 66
Trace|7.3.2.2 'Y': 231
Trace|7.3.2 'Segments'
Trace|7.3.2.1 'X': 66
Trace|7.3.2.2 'Y': 231
Trace|7.3.2 'Segments'
Trace|7.3.2.1 'X': 66
Trace|7.3.2.2 'Y': 231
Trace|7.3.2 'Segments'
Trace|7.3.2.1 'X': 66
Trace|7.3.2.2 'Y': 231
Trace|8 'Status'
Trace|8.1 'DoNotDisturb'
Trace|8.1.1 'Coordinates'
Trace|8.1.1.1 'X': 48
Trace|8.1.1.2 'Y': 4
Trace|8.1.2 'ImageIndexOn': 2
Trace|8.2 'Lock'
Trace|8.2.1 'Coordinates'
Trace|8.2.1.1 'X': 59
Trace|8.2.1.2 'Y': 4
Trace|8.2.3 'ImageIndexOff': 1
Trace|8.3 'Bluetooth'
Trace|8.3.1 'Coordinates'
Trace|8.3.1.1 'X': 70
Trace|8.3.1.2 'Y': 4
Trace|8.3.2 'ImageIndexOn': 3
Trace|9 'Battery'
Trace|9.1 'BatteryText'
Trace|9.1.1 'Coordinates'
Trace|9.1.1.1 'TopLeftX': 1
Trace|9.1.1.2 'TopLeftY': 13
Trace|9.1.1.3 'BottomRightX': 0
Trace|9.1.1.4 'BottomRightY': 0
Trace|9.1.1.5 'Alignment': 2
Trace|9.1.1.6 'SpacingX': 1
Trace|9.1.1.7 'SpacingY': 0
Trace|9.1.1.8 'ImageIndex': 58
Trace|9.1.1.9 'ImagesCount': 10
Trace|9.1.4 'SuffixImageIndex': 138
Trace|9.2 'BatteryIcon'
Trace|9.2.1 'X': 0
Trace|9.2.2 'Y': 16
Trace|9.2.3 'ImageIndex': 25
Trace|9.2.4 'ImagesCount': 10
Trace|10 'AnalogDialFace'
Trace|10.1 'Hours'
Trace|10.1.1 'OnlyBorder': 0
Trace|10.1.2 'Color': 16777215
Trace|10.1.3 'Center'
Trace|10.1.3.1 'X': 63
Trace|10.1.3.2 'Y': 148
Trace|10.1.4 'Shape'
Trace|10.1.4.1 'X': 2
Trace|10.1.4.2 'Y': -2
Trace|10.1.4 'Shape'
Trace|10.1.4.1 'X': 38
Trace|10.1.4.2 'Y': -2
Trace|10.1.4 'Shape'
Trace|10.1.4.1 'X': 40
Trace|10.1.4.2 'Y': 0
Trace|10.1.4 'Shape'
Trace|10.1.4.1 'X': 38
Trace|10.1.4.2 'Y': 3
Trace|10.1.4 'Shape'
Trace|10.1.4.1 'X': 2
Trace|10.1.4.2 'Y': 3
Trace|10.2 'Minutes'
Trace|10.2.1 'OnlyBorder': 0
Trace|10.2.2 'Color': 16777215
Trace|10.2.3 'Center'
Trace|10.2.3.1 'X': 63
Trace|10.2.3.2 'Y': 148
Trace|10.2.4 'Shape'
Trace|10.2.4.1 'X': 2
Trace|10.2.4.2 'Y': -2
Trace|10.2.4 'Shape'
Trace|10.2.4.1 'X': 62
Trace|10.2.4.2 'Y': -2
Trace|10.2.4 'Shape'
Trace|10.2.4.1 'X': 64
Trace|10.2.4.2 'Y': 0
Trace|10.2.4 'Shape'
Trace|10.2.4.1 'X': 62
Trace|10.2.4.2 'Y': 3
Trace|10.2.4 'Shape'
Trace|10.2.4.1 'X': 2
Trace|10.2.4.2 'Y': 3
Trace|10.2.5 'CenterImage'
Trace|10.2.5.1 'X': 58
Trace|10.2.5.2 'Y': 143
Trace|10.2.5.3 'ImageIndex': 45
Debug|Generating previews...
Debug|Exporting resources to 'infograph_spanish_black_13-97515-146b9f3221'
Debug|Extracting infograph_spanish_black_13-97515-146b9f3221\0000.png...
Debug|Extracting infograph_spanish_black_13-97515-146b9f3221\0001.png...
Debug|Extracting infograph_spanish_black_13-97515-146b9f3221\0002.png...
Debug|Extracting infograph_spanish_black_13-97515-146b9f3221\0003.png...
Debug|Extracting infograph_spanish_black_13-97515-146b9f3221\0004.png...
Debug|Extracting infograph_spanish_black_13-97515-146b9f3221\0005.png...
Debug|Extracting infograph_spanish_black_13-97515-146b9f3221\0006.png...
Debug|Extracting infograph_spanish_black_13-97515-146b9f3221\0007.png...
Debug|Extracting infograph_spanish_black_13-97515-146b9f3221\0008.png...
Debug|Extracting infograph_spanish_black_13-97515-146b9f3221\0009.png...
Debug|Extracting infograph_spanish_black_13-97515-146b9f3221\0010.png...
Debug|Extracting infograph_spanish_black_13-97515-146b9f3221\0011.png...
Debug|Extracting infograph_spanish_black_13-97515-146b9f3221\0012.png...
Debug|Extracting infograph_spanish_black_13-97515-146b9f3221\0013.png...
Debug|Extracting infograph_spanish_black_13-97515-146b9f3221\0014.png...
Debug|Extracting infograph_spanish_black_13-97515-146b9f3221\0015.png...
Debug|Extracting infograph_spanish_black_13-97515-146b9f3221\0016.png...
Debug|Extracting infograph_spanish_black_13-97515-146b9f3221\0017.png...
Debug|Extracting infograph_spanish_black_13-97515-146b9f3221\0018.png...
Debug|Extracting infograph_spanish_black_13-97515-146b9f3221\0019.png...
Debug|Extracting infograph_spanish_black_13-97515-146b9f3221\0020.png...
Debug|Extracting infograph_spanish_black_13-97515-146b9f3221\0021.png...
Debug|Extracting infograph_spanish_black_13-97515-146b9f3221\0022.png...
Debug|Extracting infograph_spanish_black_13-97515-146b9f3221\0023.png...
Debug|Extracting infograph_spanish_black_13-97515-146b9f3221\0024.png...
Debug|Extracting infograph_spanish_black_13-97515-146b9f3221\0025.png...
Debug|Extracting infograph_spanish_black_13-97515-146b9f3221\0026.png...
Debug|Extracting infograph_spanish_black_13-97515-146b9f3221\0027.png...
Debug|Extracting infograph_spanish_black_13-97515-146b9f3221\0028.png...
Debug|Extracting infograph_spanish_black_13-97515-146b9f3221\0029.png...
Debug|Extracting infograph_spanish_black_13-97515-146b9f3221\0030.png...
Debug|Extracting infograph_spanish_black_13-97515-146b9f3221\0031.png...
Debug|Extracting infograph_spanish_black_13-97515-146b9f3221\0032.png...
Debug|Extracting infograph_spanish_black_13-97515-146b9f3221\0033.png...
Debug|Extracting infograph_spanish_black_13-97515-146b9f3221\0034.png...
Debug|Extracting infograph_spanish_black_13-97515-146b9f3221\0035.png...
Debug|Extracting infograph_spanish_black_13-97515-146b9f3221\0036.png...
Debug|Extracting infograph_spanish_black_13-97515-146b9f3221\0037.png...
Debug|Extracting infograph_spanish_black_13-97515-146b9f3221\0038.png...
Debug|Extracting infograph_spanish_black_13-97515-146b9f3221\0039.png...
Debug|Extracting infograph_spanish_black_13-97515-146b9f3221\0040.png...
Debug|Extracting infograph_spanish_black_13-97515-146b9f3221\0041.png...
Debug|Extracting infograph_spanish_black_13-97515-146b9f3221\0042.png...
Debug|Extracting infograph_spanish_black_13-97515-146b9f3221\0043.png...
Debug|Extracting infograph_spanish_black_13-97515-146b9f3221\0044.png...
Debug|Extracting infograph_spanish_black_13-97515-146b9f3221\0045.png...
Debug|Extracting infograph_spanish_black_13-97515-146b9f3221\0046.png...
Debug|Extracting infograph_spanish_black_13-97515-146b9f3221\0047.png...
Debug|Extracting infograph_spanish_black_13-97515-146b9f3221\0048.png...
Debug|Extracting infograph_spanish_black_13-97515-146b9f3221\0049.png...
Debug|Extracting infograph_spanish_black_13-97515-146b9f3221\0050.png...
Debug|Extracting infograph_spanish_black_13-97515-146b9f3221\0051.png...
Debug|Extracting infograph_spanish_black_13-97515-146b9f3221\0052.png...
Debug|Extracting infograph_spanish_black_13-97515-146b9f3221\0053.png...
Debug|Extracting infograph_spanish_black_13-97515-146b9f3221\0054.png...
Debug|Extracting infograph_spanish_black_13-97515-146b9f3221\0055.png...
Debug|Extracting infograph_spanish_black_13-97515-146b9f3221\0056.png...
Debug|Extracting infograph_spanish_black_13-97515-146b9f3221\0057.png...
Debug|Extracting infograph_spanish_black_13-97515-146b9f3221\0058.png...
Debug|Extracting infograph_spanish_black_13-97515-146b9f3221\0059.png...
Debug|Extracting infograph_spanish_black_13-97515-146b9f3221\0060.png...
Debug|Extracting infograph_spanish_black_13-97515-146b9f3221\0061.png...
Debug|Extracting infograph_spanish_black_13-97515-146b9f3221\0062.png...
Debug|Extracting infograph_spanish_black_13-97515-146b9f3221\0063.png...
Debug|Extracting infograph_spanish_black_13-97515-146b9f3221\0064.png...
Debug|Extracting infograph_spanish_black_13-97515-146b9f3221\0065.png...
Debug|Extracting infograph_spanish_black_13-97515-146b9f3221\0066.png...
Debug|Extracting infograph_spanish_black_13-97515-146b9f3221\0067.png...
Debug|Extracting infograph_spanish_black_13-97515-146b9f3221\0068.png...
Debug|Extracting infograph_spanish_black_13-97515-146b9f3221\0069.png...
Debug|Extracting infograph_spanish_black_13-97515-146b9f3221\0070.png...
Debug|Extracting infograph_spanish_black_13-97515-146b9f3221\0071.png...
Debug|Extracting infograph_spanish_black_13-97515-146b9f3221\0072.png...
Debug|Extracting infograph_spanish_black_13-97515-146b9f3221\0073.png...
Debug|Extracting infograph_spanish_black_13-97515-146b9f3221\0074.png...
Debug|Extracting infograph_spanish_black_13-97515-146b9f3221\0075.png...
Debug|Extracting infograph_spanish_black_13-97515-146b9f3221\0076.png...
Debug|Extracting infograph_spanish_black_13-97515-146b9f3221\0077.png...
Debug|Extracting infograph_spanish_black_13-97515-146b9f3221\0078.png...
Debug|Extracting infograph_spanish_black_13-97515-146b9f3221\0079.png...
Debug|Extracting infograph_spanish_black_13-97515-146b9f3221\0080.png...
Debug|Extracting infograph_spanish_black_13-97515-146b9f3221\0081.png...
Debug|Extracting infograph_spanish_black_13-97515-146b9f3221\0082.png...
Debug|Extracting infograph_spanish_black_13-97515-146b9f3221\0083.png...
Debug|Extracting infograph_spanish_black_13-97515-146b9f3221\0084.png...
Debug|Extracting infograph_spanish_black_13-97515-146b9f3221\0085.png...
Debug|Extracting infograph_spanish_black_13-97515-146b9f3221\0086.png...
Debug|Extracting infograph_spanish_black_13-97515-146b9f3221\0087.png...
Debug|Extracting infograph_spanish_black_13-97515-146b9f3221\0088.png...
Debug|Extracting infograph_spanish_black_13-97515-146b9f3221\0089.png...
Debug|Extracting infograph_spanish_black_13-97515-146b9f3221\0090.png...
Debug|Extracting infograph_spanish_black_13-97515-146b9f3221\0091.png...
Debug|Extracting infograph_spanish_black_13-97515-146b9f3221\0092.png...
Debug|Extracting infograph_spanish_black_13-97515-146b9f3221\0093.png...
Debug|Extracting infograph_spanish_black_13-97515-146b9f3221\0094.png...
Debug|Extracting infograph_spanish_black_13-97515-146b9f3221\0095.png...
Debug|Extracting infograph_spanish_black_13-97515-146b9f3221\0096.png...
Debug|Extracting infograph_spanish_black_13-97515-146b9f3221\0097.png...
Debug|Extracting infograph_spanish_black_13-97515-146b9f3221\0098.png...
Debug|Extracting infograph_spanish_black_13-97515-146b9f3221\0099.png...
Debug|Extracting infograph_spanish_black_13-97515-146b9f3221\0100.png...
Debug|Extracting infograph_spanish_black_13-97515-146b9f3221\0101.png...
Debug|Extracting infograph_spanish_black_13-97515-146b9f3221\0102.png...
Debug|Extracting infograph_spanish_black_13-97515-146b9f3221\0103.png...
Debug|Extracting infograph_spanish_black_13-97515-146b9f3221\0104.png...
Debug|Extracting infograph_spanish_black_13-97515-146b9f3221\0105.png...
Debug|Extracting infograph_spanish_black_13-97515-146b9f3221\0106.png...
Debug|Extracting infograph_spanish_black_13-97515-146b9f3221\0107.png...
Debug|Extracting infograph_spanish_black_13-97515-146b9f3221\0108.png...
Debug|Extracting infograph_spanish_black_13-97515-146b9f3221\0109.png...
Debug|Extracting infograph_spanish_black_13-97515-146b9f3221\0110.png...
Debug|Extracting infograph_spanish_black_13-97515-146b9f3221\0111.png...
Debug|Extracting infograph_spanish_black_13-97515-146b9f3221\0112.png...
Debug|Extracting infograph_spanish_black_13-97515-146b9f3221\0113.png...
Debug|Extracting infograph_spanish_black_13-97515-146b9f3221\0114.png...
Debug|Extracting infograph_spanish_black_13-97515-146b9f3221\0115.png...
Debug|Extracting infograph_spanish_black_13-97515-146b9f3221\0116.png...
Debug|Extracting infograph_spanish_black_13-97515-146b9f3221\0117.png...
Debug|Extracting infograph_spanish_black_13-97515-146b9f3221\0118.png...
Debug|Extracting infograph_spanish_black_13-97515-146b9f3221\0119.png...
Debug|Extracting infograph_spanish_black_13-97515-146b9f3221\0120.png...
Debug|Extracting infograph_spanish_black_13-97515-146b9f3221\0121.png...
Debug|Extracting infograph_spanish_black_13-97515-146b9f3221\0122.png...
Debug|Extracting infograph_spanish_black_13-97515-146b9f3221\0123.png...
Debug|Extracting infograph_spanish_black_13-97515-146b9f3221\0124.png...
Debug|Extracting infograph_spanish_black_13-97515-146b9f3221\0125.png...
Debug|Extracting infograph_spanish_black_13-97515-146b9f3221\0126.png...
Debug|Extracting infograph_spanish_black_13-97515-146b9f3221\0127.png...
Debug|Extracting infograph_spanish_black_13-97515-146b9f3221\0128.png...
Debug|Extracting infograph_spanish_black_13-97515-146b9f3221\0129.png...
Debug|Extracting infograph_spanish_black_13-97515-146b9f3221\0130.png...
Debug|Extracting infograph_spanish_black_13-97515-146b9f3221\0131.png...
Debug|Extracting infograph_spanish_black_13-97515-146b9f3221\0132.png...
Debug|Extracting infograph_spanish_black_13-97515-146b9f3221\0133.png...
Debug|Extracting infograph_spanish_black_13-97515-146b9f3221\0134.png...
Debug|Extracting infograph_spanish_black_13-97515-146b9f3221\0135.png...
Debug|Extracting infograph_spanish_black_13-97515-146b9f3221\0136.png...
Debug|Extracting infograph_spanish_black_13-97515-146b9f3221\0137.png...
Debug|Extracting infograph_spanish_black_13-97515-146b9f3221\0138.png...
Debug|Extracting infograph_spanish_black_13-97515-146b9f3221\0139.png...
Debug|Exporting config...
