Debug|Reading config...
Debug|Reading referenced images from 'infograph_english_white_2-97515-65e89388df'
Trace|Loading resources for 2 'Background'
Trace|Loading resources for 2.1 'ImageBasic'
Trace|Loading image 0...
Trace|Image was loaded from file infograph_english_white_2-97515-65e89388df\0000.png
Trace|Loading resources for 2.3 'ImageBasic'
Trace|Loading image 110...
Trace|Image was loaded from file infograph_english_white_2-97515-65e89388df\0110.png
Trace|Loading resources for 2.4 'ImageBasic'
Trace|Loading resources for 2.5 'ImageBasic'
Trace|Loading resources for 3 'Time'
Trace|Loading resources for 3.1 'TwoDigits'
Trace|Loading resources for 3.1.1 'ImageSet'
Trace|Loading image 32...
Trace|Image was loaded from file infograph_english_white_2-97515-65e89388df\0032.png
Trace|Loading image 33...
Trace|Image was loaded from file infograph_english_white_2-97515-65e89388df\0033.png
Trace|Loading image 34...
Trace|Image was loaded from file infograph_english_white_2-97515-65e89388df\0034.png
Trace|Loading resources for 3.1.2 'ImageSet'
Trace|Loading image 35...
Trace|Image was loaded from file infograph_english_white_2-97515-65e89388df\0035.png
Trace|Loading image 36...
Trace|Image was loaded from file infograph_english_white_2-97515-65e89388df\0036.png
Trace|Loading image 37...
Trace|Image was loaded from file infograph_english_white_2-97515-65e89388df\0037.png
Trace|Loading image 38...
Trace|Image was loaded from file infograph_english_white_2-97515-65e89388df\0038.png
Trace|Loading image 39...
Trace|Image was loaded from file infograph_english_white_2-97515-65e89388df\0039.png
Trace|Loading image 40...
Trace|Image was loaded from file infograph_english_white_2-97515-65e89388df\0040.png
Trace|Loading image 41...
Trace|Image was loaded from file infograph_english_white_2-97515-65e89388df\0041.png
Trace|Loading resources for 3.2 'TwoDigits'
Trace|Loading resources for 3.2.1 'ImageSet'
Trace|Loading resources for 3.2.2 'ImageSet'
Trace|Loading resources for 4 'Activity'
Trace|Loading resources for 4.1 'Steps'
Trace|Loading resources for 4.1.1 'Number'
Trace|Loading resources for 4.1.1.5 'TextAlignment'
Trace|Loading image 80...
Trace|Image was loaded from file infograph_english_white_2-97515-65e89388df\0080.png
Trace|Loading image 81...
Trace|Image was loaded from file infograph_english_white_2-97515-65e89388df\0081.png
Trace|Loading image 82...
Trace|Image was loaded from file infograph_english_white_2-97515-65e89388df\0082.png
Trace|Loading image 83...
Trace|Image was loaded from file infograph_english_white_2-97515-65e89388df\0083.png
Trace|Loading image 84...
Trace|Image was loaded from file infograph_english_white_2-97515-65e89388df\0084.png
Trace|Loading image 85...
Trace|Image was loaded from file infograph_english_white_2-97515-65e89388df\0085.png
Trace|Loading image 86...
Trace|Image was loaded from file infograph_english_white_2-97515-65e89388df\0086.png
Trace|Loading image 87...
Trace|Image was loaded from file infograph_english_white_2-97515-65e89388df\0087.png
Trace|Loading image 88...
Trace|Image was loaded from file infograph_english_white_2-97515-65e89388df\0088.png
Trace|Loading image 89...
Trace|Image was loaded from file infograph_english_white_2-97515-65e89388df\0089.png
Trace|Loading resources for 4.4 'PulseWrapper'
Trace|Loading resources for 4.4.1 'Number'
Trace|Loading resources for 4.4.1.5 'TextAlignment'
Trace|Loading image 90...
Trace|Image was loaded from file infograph_english_white_2-97515-65e89388df\0090.png
Trace|Loading image 91...
Trace|Image was loaded from file infograph_english_white_2-97515-65e89388df\0091.png
Trace|Loading image 92...
Trace|Image was loaded from file infograph_english_white_2-97515-65e89388df\0092.png
Trace|Loading image 93...
Trace|Image was loaded from file infograph_english_white_2-97515-65e89388df\0093.png
Trace|Loading image 94...
Trace|Image was loaded from file infograph_english_white_2-97515-65e89388df\0094.png
Trace|Loading image 95...
Trace|Image was loaded from file infograph_english_white_2-97515-65e89388df\0095.png
Trace|Loading image 96...
Trace|Image was loaded from file infograph_english_white_2-97515-65e89388df\0096.png
Trace|Loading image 97...
Trace|Image was loaded from file infograph_english_white_2-97515-65e89388df\0097.png
Trace|Loading image 98...
Trace|Image was loaded from file infograph_english_white_2-97515-65e89388df\0098.png
Trace|Loading image 99...
Trace|Image was loaded from file infograph_english_white_2-97515-65e89388df\0099.png
Trace|Loading image 11...
Trace|Image was loaded from file infograph_english_white_2-97515-65e89388df\0011.png
Trace|Loading resources for 5 'Date'
Trace|Loading resources for 5.1 'MonthAndDayAndYear'
Trace|Loading resources for 5.1.1 'SeparateMonthAndDay'
Trace|Loading resources for 5.1.1.2 'ImageSet'
Trace|Loading image 68...
Trace|Image was loaded from file infograph_english_white_2-97515-65e89388df\0068.png
Trace|Loading image 69...
Trace|Image was loaded from file infograph_english_white_2-97515-65e89388df\0069.png
Trace|Loading image 70...
Trace|Image was loaded from file infograph_english_white_2-97515-65e89388df\0070.png
Trace|Loading image 71...
Trace|Image was loaded from file infograph_english_white_2-97515-65e89388df\0071.png
Trace|Loading image 72...
Trace|Image was loaded from file infograph_english_white_2-97515-65e89388df\0072.png
Trace|Loading image 73...
Trace|Image was loaded from file infograph_english_white_2-97515-65e89388df\0073.png
Trace|Loading image 74...
Trace|Image was loaded from file infograph_english_white_2-97515-65e89388df\0074.png
Trace|Loading image 75...
Trace|Image was loaded from file infograph_english_white_2-97515-65e89388df\0075.png
Trace|Loading image 76...
Trace|Image was loaded from file infograph_english_white_2-97515-65e89388df\0076.png
Trace|Loading image 77...
Trace|Image was loaded from file infograph_english_white_2-97515-65e89388df\0077.png
Trace|Loading image 78...
Trace|Image was loaded from file infograph_english_white_2-97515-65e89388df\0078.png
Trace|Loading image 79...
Trace|Image was loaded from file infograph_english_white_2-97515-65e89388df\0079.png
Trace|Loading resources for 5.1.1.3 'ImageSet'
Trace|Loading resources for 5.1.1.4 'Number'
Trace|Loading resources for 5.1.1.4.5 'TextAlignment'
Trace|Loading image 100...
Trace|Image was loaded from file infograph_english_white_2-97515-65e89388df\0100.png
Trace|Loading image 101...
Trace|Image was loaded from file infograph_english_white_2-97515-65e89388df\0101.png
Trace|Loading image 102...
Trace|Image was loaded from file infograph_english_white_2-97515-65e89388df\0102.png
Trace|Loading image 103...
Trace|Image was loaded from file infograph_english_white_2-97515-65e89388df\0103.png
Trace|Loading image 104...
Trace|Image was loaded from file infograph_english_white_2-97515-65e89388df\0104.png
Trace|Loading image 105...
Trace|Image was loaded from file infograph_english_white_2-97515-65e89388df\0105.png
Trace|Loading image 106...
Trace|Image was loaded from file infograph_english_white_2-97515-65e89388df\0106.png
Trace|Loading image 107...
Trace|Image was loaded from file infograph_english_white_2-97515-65e89388df\0107.png
Trace|Loading image 108...
Trace|Image was loaded from file infograph_english_white_2-97515-65e89388df\0108.png
Trace|Loading image 109...
Trace|Image was loaded from file infograph_english_white_2-97515-65e89388df\0109.png
Trace|Loading resources for 5.1.4 'Boolean'
Trace|Loading resources for 5.1.5 'Boolean'
Trace|Loading resources for 5.4 'ImageSet'
Trace|Loading image 25...
Trace|Image was loaded from file infograph_english_white_2-97515-65e89388df\0025.png
Trace|Loading image 26...
Trace|Image was loaded from file infograph_english_white_2-97515-65e89388df\0026.png
Trace|Loading image 27...
Trace|Image was loaded from file infograph_english_white_2-97515-65e89388df\0027.png
Trace|Loading image 28...
Trace|Image was loaded from file infograph_english_white_2-97515-65e89388df\0028.png
Trace|Loading image 29...
Trace|Image was loaded from file infograph_english_white_2-97515-65e89388df\0029.png
Trace|Loading image 30...
Trace|Image was loaded from file infograph_english_white_2-97515-65e89388df\0030.png
Trace|Loading image 31...
Trace|Image was loaded from file infograph_english_white_2-97515-65e89388df\0031.png
Trace|Loading resources for 5.5 'ImageSet'
Trace|Loading image 12...
Trace|Image was loaded from file infograph_english_white_2-97515-65e89388df\0012.png
Trace|Loading image 13...
Trace|Image was loaded from file infograph_english_white_2-97515-65e89388df\0013.png
Trace|Loading image 14...
Trace|Image was loaded from file infograph_english_white_2-97515-65e89388df\0014.png
Trace|Loading image 15...
Trace|Image was loaded from file infograph_english_white_2-97515-65e89388df\0015.png
Trace|Loading image 16...
Trace|Image was loaded from file infograph_english_white_2-97515-65e89388df\0016.png
Trace|Loading image 17...
Trace|Image was loaded from file infograph_english_white_2-97515-65e89388df\0017.png
Trace|Loading resources for 5.6 'ImageSet'
Trace|Loading image 18...
Trace|Image was loaded from file infograph_english_white_2-97515-65e89388df\0018.png
Trace|Loading image 19...
Trace|Image was loaded from file infograph_english_white_2-97515-65e89388df\0019.png
Trace|Loading image 20...
Trace|Image was loaded from file infograph_english_white_2-97515-65e89388df\0020.png
Trace|Loading image 21...
Trace|Image was loaded from file infograph_english_white_2-97515-65e89388df\0021.png
Trace|Loading image 22...
Trace|Image was loaded from file infograph_english_white_2-97515-65e89388df\0022.png
Trace|Loading image 23...
Trace|Image was loaded from file infograph_english_white_2-97515-65e89388df\0023.png
Trace|Loading image 24...
Trace|Image was loaded from file infograph_english_white_2-97515-65e89388df\0024.png
Trace|Loading resources for 7 'StepsProgress'
Trace|Loading resources for 7.3 'Scale'
Trace|Loading image 52...
Trace|Image was loaded from file infograph_english_white_2-97515-65e89388df\0052.png
Trace|Loading image 53...
Trace|Image was loaded from file infograph_english_white_2-97515-65e89388df\0053.png
Trace|Loading image 54...
Trace|Image was loaded from file infograph_english_white_2-97515-65e89388df\0054.png
Trace|Loading image 55...
Trace|Image was loaded from file infograph_english_white_2-97515-65e89388df\0055.png
Trace|Loading image 56...
Trace|Image was loaded from file infograph_english_white_2-97515-65e89388df\0056.png
Trace|Loading image 57...
Trace|Image was loaded from file infograph_english_white_2-97515-65e89388df\0057.png
Trace|Loading image 58...
Trace|Image was loaded from file infograph_english_white_2-97515-65e89388df\0058.png
Trace|Loading image 59...
Trace|Image was loaded from file infograph_english_white_2-97515-65e89388df\0059.png
Trace|Loading image 60...
Trace|Image was loaded from file infograph_english_white_2-97515-65e89388df\0060.png
Trace|Loading image 61...
Trace|Image was loaded from file infograph_english_white_2-97515-65e89388df\0061.png
Trace|Loading resources for 8 'Status'
Trace|Loading resources for 8.1 'Switch'
Trace|Loading resources for 8.1.1 'XY'
Trace|Loading image 2...
Trace|Image was loaded from file infograph_english_white_2-97515-65e89388df\0002.png
Trace|Loading resources for 8.2 'Switch'
Trace|Loading resources for 8.2.1 'XY'
Trace|Loading image 1...
Trace|Image was loaded from file infograph_english_white_2-97515-65e89388df\0001.png
Trace|Loading resources for 8.3 'Switch'
Trace|Loading resources for 8.3.1 'XY'
Trace|Loading image 3...
Trace|Image was loaded from file infograph_english_white_2-97515-65e89388df\0003.png
Trace|Loading resources for 9 'Battery'
Trace|Loading resources for 9.2 'ImageSet'
Trace|Loading image 42...
Trace|Image was loaded from file infograph_english_white_2-97515-65e89388df\0042.png
Trace|Loading image 43...
Trace|Image was loaded from file infograph_english_white_2-97515-65e89388df\0043.png
Trace|Loading image 44...
Trace|Image was loaded from file infograph_english_white_2-97515-65e89388df\0044.png
Trace|Loading image 45...
Trace|Image was loaded from file infograph_english_white_2-97515-65e89388df\0045.png
Trace|Loading image 46...
Trace|Image was loaded from file infograph_english_white_2-97515-65e89388df\0046.png
Trace|Loading image 47...
Trace|Image was loaded from file infograph_english_white_2-97515-65e89388df\0047.png
Trace|Loading image 48...
Trace|Image was loaded from file infograph_english_white_2-97515-65e89388df\0048.png
Trace|Loading image 49...
Trace|Image was loaded from file infograph_english_white_2-97515-65e89388df\0049.png
Trace|Loading image 50...
Trace|Image was loaded from file infograph_english_white_2-97515-65e89388df\0050.png
Trace|Loading image 51...
Trace|Image was loaded from file infograph_english_white_2-97515-65e89388df\0051.png
Trace|Loading resources for 10 'AnalogDialFace'
Trace|Loading resources for 10.1 'ClockHand'
Trace|Loading resources for 10.1.1 'Boolean'
Trace|Loading resources for 10.1.3 'XY'
Trace|Loading resources for 10.2 'ClockHand'
Trace|Loading resources for 10.2.1 'Boolean'
Trace|Loading resources for 10.2.3 'XY'
Trace|Loading resources for 10.2.5 'ImageBasic'
Trace|Loading image 67...
Trace|Image was loaded from file infograph_english_white_2-97515-65e89388df\0067.png
Trace|Loading resources for 12 'HeartProgress'
Trace|Loading resources for 12.3 'Scale'
Trace|Loading image 62...
Trace|Image was loaded from file infograph_english_white_2-97515-65e89388df\0062.png
Trace|Loading image 63...
Trace|Image was loaded from file infograph_english_white_2-97515-65e89388df\0063.png
Trace|Loading image 64...
Trace|Image was loaded from file infograph_english_white_2-97515-65e89388df\0064.png
Trace|Loading image 65...
Trace|Image was loaded from file infograph_english_white_2-97515-65e89388df\0065.png
Trace|Loading image 66...
Trace|Image was loaded from file infograph_english_white_2-97515-65e89388df\0066.png
Trace|Loading resources for 14 'WeekDaysIcons'
Trace|Loading resources for 14.1 'ImageBasic'
Trace|Loading image 4...
Trace|Image was loaded from file infograph_english_white_2-97515-65e89388df\0004.png
Trace|Loading resources for 14.2 'ImageBasic'
Trace|Loading image 5...
Trace|Image was loaded from file infograph_english_white_2-97515-65e89388df\0005.png
Trace|Loading resources for 14.3 'ImageBasic'
Trace|Loading image 6...
Trace|Image was loaded from file infograph_english_white_2-97515-65e89388df\0006.png
Trace|Loading resources for 14.4 'ImageBasic'
Trace|Loading image 7...
Trace|Image was loaded from file infograph_english_white_2-97515-65e89388df\0007.png
Trace|Loading resources for 14.5 'ImageBasic'
Trace|Loading image 8...
Trace|Image was loaded from file infograph_english_white_2-97515-65e89388df\0008.png
Trace|Loading resources for 14.6 'ImageBasic'
Trace|Loading image 9...
Trace|Image was loaded from file infograph_english_white_2-97515-65e89388df\0009.png
Trace|Loading resources for 14.7 'ImageBasic'
Trace|Loading image 10...
Trace|Image was loaded from file infograph_english_white_2-97515-65e89388df\0010.png
Trace|Verifiying Resources...
Trace|Building parameters for watch face...
Trace|2.1.1 'X': 13
Trace|2.1.2 'Y': 96
Trace|2.1.3 'ImageIndex': 0
Trace|2.1 'Image'
Trace|2.3.1 'X': 31
Trace|2.3.2 'Y': 113
Trace|2.3.3 'ImageIndex': 110
Trace|2.3 'Preview1'
Trace|2.4.1 'X': 31
Trace|2.4.2 'Y': 113
Trace|2.4.3 'ImageIndex': 110
Trace|2.4 'Preview2'
Trace|2.5.1 'X': 31
Trace|2.5.2 'Y': 113
Trace|2.5.3 'ImageIndex': 110
Trace|2.5 'Preview3'
Trace|2 'Background'
Trace|3.1.1.1 'X': 52
Trace|3.1.1.2 'Y': 185
Trace|3.1.1.3 'ImageIndex': 32
Trace|3.1.1.4 'ImagesCount': 3
Trace|3.1.1 'Tens'
Trace|3.1.2.1 'X': 63
Trace|3.1.2.2 'Y': 185
Trace|3.1.2.3 'ImageIndex': 32
Trace|3.1.2.4 'ImagesCount': 10
Trace|3.1.2 'Ones'
Trace|3.1 'Hours'
Trace|3.2.1.1 'X': 78
Trace|3.2.1.2 'Y': 185
Trace|3.2.1.3 'ImageIndex': 32
Trace|3.2.1.4 'ImagesCount': 6
Trace|3.2.1 'Tens'
Trace|3.2.2.1 'X': 89
Trace|3.2.2.2 'Y': 185
Trace|3.2.2.3 'ImageIndex': 32
Trace|3.2.2.4 'ImagesCount': 10
Trace|3.2.2 'Ones'
Trace|3.2 'Minutes'
Trace|3.11 'UnknownV11': 0
Trace|3 'Time'
Trace|4.1.1.1 'TopLeftX': 14
Trace|4.1.1.2 'TopLeftY': 370
Trace|4.1.1.3 'BottomRightX': 13
Trace|4.1.1.4 'BottomRightY': 96
Trace|4.1.1.5 'Alignment': 2
Trace|4.1.1.6 'SpacingX': 1
Trace|4.1.1.7 'SpacingY': 0
Trace|4.1.1.8 'ImageIndex': 80
Trace|4.1.1.9 'ImagesCount': 10
Trace|4.1.1 'Number'
Trace|4.1 'Steps'
Trace|4.4.1.1 'TopLeftX': 13
Trace|4.4.1.2 'TopLeftY': 370
Trace|4.4.1.3 'BottomRightX': 137
Trace|4.4.1.4 'BottomRightY': 96
Trace|4.4.1.5 'Alignment': 4
Trace|4.4.1.6 'SpacingX': 1
Trace|4.4.1.7 'SpacingY': 0
Trace|4.4.1.8 'ImageIndex': 90
Trace|4.4.1.9 'ImagesCount': 10
Trace|4.4.1 'Number'
Trace|4.4.3 'NoDataImageIndex': 11
Trace|4.4 'Pulse'
Trace|4.7 'UnknownV7': 0
Trace|4 'Activity'
Trace|5.1.1.2.1 'X': 86
Trace|5.1.1.2.2 'Y': 238
Trace|5.1.1.2.3 'ImageIndex': 68
Trace|5.1.1.2.4 'ImagesCount': 12
Trace|5.1.1.2 'MonthsEN'
Trace|5.1.1.3.1 'X': 86
Trace|5.1.1.3.2 'Y': 238
Trace|5.1.1.3.3 'ImageIndex': 68
Trace|5.1.1.3.4 'ImagesCount': 12
Trace|5.1.1.3 'MonthsCN'
Trace|5.1.1.4.1 'TopLeftX': 60
Trace|5.1.1.4.2 'TopLeftY': 286
Trace|5.1.1.4.3 'BottomRightX': 13
Trace|5.1.1.4.4 'BottomRightY': 96
Trace|5.1.1.4.5 'Alignment': 4
Trace|5.1.1.4.6 'SpacingX': 0
Trace|5.1.1.4.7 'SpacingY': 0
Trace|5.1.1.4.8 'ImageIndex': 100
Trace|5.1.1.4.9 'ImagesCount': 10
Trace|5.1.1.4 'Day'
Trace|5.1.1 'Separate'
Trace|5.1.4 'TwoDigitsMonth': 1
Trace|5.1.5 'TwoDigitsDay': 1
Trace|5.1 'MonthAndDayAndYear'
Trace|5.4.1 'X': 89
Trace|5.4.2 'Y': 107
Trace|5.4.3 'ImageIndex': 25
Trace|5.4.4 'ImagesCount': 7
Trace|5.4 'ENWeekDays'
Trace|5.5.1 'X': 89
Trace|5.5.2 'Y': 107
Trace|5.5.3 'ImageIndex': 11
Trace|5.5.4 'ImagesCount': 7
Trace|5.5 'CNWeekDays'
Trace|5.6.1 'X': 89
Trace|5.6.2 'Y': 107
Trace|5.6.3 'ImageIndex': 18
Trace|5.6.4 'ImagesCount': 7
Trace|5.6 'CN2WeekDays'
Trace|5 'Date'
Trace|7.3.1 'StartImageIndex': 52
Trace|7.3.2 'Segments'
Trace|7.3.2.1 'X': 13
Trace|7.3.2.2 'Y': 327
Trace|7.3.2 'Segments'
Trace|7.3.2.1 'X': 13
Trace|7.3.2.2 'Y': 327
Trace|7.3.2 'Segments'
Trace|7.3.2.1 'X': 13
Trace|7.3.2.2 'Y': 327
Trace|7.3.2 'Segments'
Trace|7.3.2.1 'X': 13
Trace|7.3.2.2 'Y': 327
Trace|7.3.2 'Segments'
Trace|7.3.2.1 'X': 13
Trace|7.3.2.2 'Y': 327
Trace|7.3.2 'Segments'
Trace|7.3.2.1 'X': 13
Trace|7.3.2.2 'Y': 327
Trace|7.3.2 'Segments'
Trace|7.3.2.1 'X': 13
Trace|7.3.2.2 'Y': 327
Trace|7.3.2 'Segments'
Trace|7.3.2.1 'X': 13
Trace|7.3.2.2 'Y': 327
Trace|7.3.2 'Segments'
Trace|7.3.2.1 'X': 13
Trace|7.3.2.2 'Y': 327
Trace|7.3.2 'Segments'
Trace|7.3.2.1 'X': 13
Trace|7.3.2.2 'Y': 327
Trace|7.3 'Linear'
Trace|7 'StepsProgress'
Trace|8.1.1.1 'X': 61
Trace|8.1.1.2 'Y': 100
Trace|8.1.1 'Coordinates'
Trace|8.1.2 'ImageIndexOn': 2
Trace|8.1 'DoNotDisturb'
Trace|8.2.1.1 'X': 72
Trace|8.2.1.2 'Y': 100
Trace|8.2.1 'Coordinates'
Trace|8.2.3 'ImageIndexOff': 1
Trace|8.2 'Lock'
Trace|8.3.1.1 'X': 83
Trace|8.3.1.2 'Y': 100
Trace|8.3.1 'Coordinates'
Trace|8.3.2 'ImageIndexOn': 3
Trace|8.3 'Bluetooth'
Trace|8 'Status'
Trace|9.2.1 'X': 13
Trace|9.2.2 'Y': 112
Trace|9.2.3 'ImageIndex': 42
Trace|9.2.4 'ImagesCount': 10
Trace|9.2 'BatteryIcon'
Trace|9 'Battery'
Trace|10.1.1 'OnlyBorder': 0
Trace|10.1.2 'Color': 11447982
Trace|10.1.3.1 'X': 76
Trace|10.1.3.2 'Y': 244
Trace|10.1.3 'Center'
Trace|10.1.4 'Shape'
Trace|10.1.4.1 'X': 2
Trace|10.1.4.2 'Y': -2
Trace|10.1.4 'Shape'
Trace|10.1.4.1 'X': 38
Trace|10.1.4.2 'Y': -2
Trace|10.1.4 'Shape'
Trace|10.1.4.1 'X': 40
Trace|10.1.4.2 'Y': 0
Trace|10.1.4 'Shape'
Trace|10.1.4.1 'X': 38
Trace|10.1.4.2 'Y': 3
Trace|10.1.4 'Shape'
Trace|10.1.4.1 'X': 2
Trace|10.1.4.2 'Y': 3
Trace|10.1 'Hours'
Trace|10.2.1 'OnlyBorder': 0
Trace|10.2.2 'Color': 11447982
Trace|10.2.3.1 'X': 76
Trace|10.2.3.2 'Y': 244
Trace|10.2.3 'Center'
Trace|10.2.4 'Shape'
Trace|10.2.4.1 'X': 2
Trace|10.2.4.2 'Y': -2
Trace|10.2.4 'Shape'
Trace|10.2.4.1 'X': 62
Trace|10.2.4.2 'Y': -2
Trace|10.2.4 'Shape'
Trace|10.2.4.1 'X': 64
Trace|10.2.4.2 'Y': 0
Trace|10.2.4 'Shape'
Trace|10.2.4.1 'X': 62
Trace|10.2.4.2 'Y': 3
Trace|10.2.4 'Shape'
Trace|10.2.4.1 'X': 2
Trace|10.2.4.2 'Y': 3
Trace|10.2.5.1 'X': 71
Trace|10.2.5.2 'Y': 239
Trace|10.2.5.3 'ImageIndex': 67
Trace|10.2.5 'CenterImage'
Trace|10.2 'Minutes'
Trace|10 'AnalogDialFace'
Trace|12.3.1 'StartImageIndex': 62
Trace|12.3.2 'Segments'
Trace|12.3.2.1 'X': 79
Trace|12.3.2.2 'Y': 327
Trace|12.3.2 'Segments'
Trace|12.3.2.1 'X': 79
Trace|12.3.2.2 'Y': 327
Trace|12.3.2 'Segments'
Trace|12.3.2.1 'X': 79
Trace|12.3.2.2 'Y': 327
Trace|12.3.2 'Segments'
Trace|12.3.2.1 'X': 79
Trace|12.3.2.2 'Y': 327
Trace|12.3.2 'Segments'
Trace|12.3.2.1 'X': 79
Trace|12.3.2.2 'Y': 327
Trace|12.3 'Linear'
Trace|12 'HeartProgress'
Trace|14.1.1 'X': 79
Trace|14.1.2 'Y': 126
Trace|14.1.3 'ImageIndex': 4
Trace|14.1 'Monday'
Trace|14.2.1 'X': 79
Trace|14.2.2 'Y': 126
Trace|14.2.3 'ImageIndex': 5
Trace|14.2 'Tuesday'
Trace|14.3.1 'X': 79
Trace|14.3.2 'Y': 126
Trace|14.3.3 'ImageIndex': 6
Trace|14.3 'Wednesday'
Trace|14.4.1 'X': 79
Trace|14.4.2 'Y': 126
Trace|14.4.3 'ImageIndex': 7
Trace|14.4 'Thursday'
Trace|14.5.1 'X': 79
Trace|14.5.2 'Y': 126
Trace|14.5.3 'ImageIndex': 8
Trace|14.5 'Friday'
Trace|14.6.1 'X': 79
Trace|14.6.2 'Y': 126
Trace|14.6.3 'ImageIndex': 9
Trace|14.6 'Saturday'
Trace|14.7.1 'X': 79
Trace|14.7.2 'Y': 126
Trace|14.7.3 'ImageIndex': 10
Trace|14.7 'Sunday'
Trace|14 'WeekDaysIcons'
Debug|Generating previews...
Debug|Writing watch face to 'infograph_english_white_2-97515-65e89388df\infograph_english_white_2-97515-65e89388df_packed.bin'
Trace|Encoding parameters...
Trace|Parameter: 2
Trace|1 (0A):
Trace|    1 (08): 13 (0D)
Trace|    2 (10): 96 (60)
Trace|    3 (18): 0 (00)
Trace|8 bytes
Trace|3 (1A):
Trace|    1 (08): 31 (1F)
Trace|    2 (10): 113 (71)
Trace|    3 (18): 110 (6E)
Trace|8 bytes
Trace|4 (22):
Trace|    1 (08): 31 (1F)
Trace|    2 (10): 113 (71)
Trace|    3 (18): 110 (6E)
Trace|8 bytes
Trace|5 (2A):
Trace|    1 (08): 31 (1F)
Trace|    2 (10): 113 (71)
Trace|    3 (18): 110 (6E)
Trace|8 bytes
Trace|Parameter: 3
Trace|1 (0A):
Trace|    1 (0A):
Trace|        1 (08): 52 (34)
Trace|        2 (10): 185 (B9)
Trace|        3 (18): 32 (20)
Trace|        4 (20): 3 (03)
Trace|    11 bytes
Trace|    2 (12):
Trace|        1 (08): 63 (3F)
Trace|        2 (10): 185 (B9)
Trace|        3 (18): 32 (20)
Trace|        4 (20): 10 (0A)
Trace|    11 bytes
Trace|24 bytes
Trace|2 (12):
Trace|    1 (0A):
Trace|        1 (08): 78 (4E)
Trace|        2 (10): 185 (B9)
Trace|        3 (18): 32 (20)
Trace|        4 (20): 6 (06)
Trace|    11 bytes
Trace|    2 (12):
Trace|        1 (08): 89 (59)
Trace|        2 (10): 185 (B9)
Trace|        3 (18): 32 (20)
Trace|        4 (20): 10 (0A)
Trace|    11 bytes
Trace|24 bytes
Trace|11 (58): 0 (00)
Trace|Parameter: 4
Trace|1 (0A):
Trace|    1 (0A):
Trace|        1 (08): 14 (0E)
Trace|        2 (10): 370 (172)
Trace|        3 (18): 13 (0D)
Trace|        4 (20): 96 (60)
Trace|        5 (28): 2 (02)
Trace|        6 (30): 1 (01)
Trace|        7 (38): 0 (00)
Trace|        8 (40): 80 (50)
Trace|        9 (48): 10 (0A)
Trace|    21 bytes
Trace|23 bytes
Trace|4 (22):
Trace|    1 (0A):
Trace|        1 (08): 13 (0D)
Trace|        2 (10): 370 (172)
Trace|        3 (18): 137 (89)
Trace|        4 (20): 96 (60)
Trace|        5 (28): 4 (04)
Trace|        6 (30): 1 (01)
Trace|        7 (38): 0 (00)
Trace|        8 (40): 90 (5A)
Trace|        9 (48): 10 (0A)
Trace|    22 bytes
Trace|    3 (18): 11 (0B)
Trace|26 bytes
Trace|7 (38): 0 (00)
Trace|Parameter: 5
Trace|1 (0A):
Trace|    1 (0A):
Trace|        2 (12):
Trace|            1 (08): 86 (56)
Trace|            2 (10): 238 (EE)
Trace|            3 (18): 68 (44)
Trace|            4 (20): 12 (0C)
Trace|        11 bytes
Trace|        3 (1A):
Trace|            1 (08): 86 (56)
Trace|            2 (10): 238 (EE)
Trace|            3 (18): 68 (44)
Trace|            4 (20): 12 (0C)
Trace|        11 bytes
Trace|        4 (22):
Trace|            1 (08): 60 (3C)
Trace|            2 (10): 286 (11E)
Trace|            3 (18): 13 (0D)
Trace|            4 (20): 96 (60)
Trace|            5 (28): 4 (04)
Trace|            6 (30): 0 (00)
Trace|            7 (38): 0 (00)
Trace|            8 (40): 100 (64)
Trace|            9 (48): 10 (0A)
Trace|        21 bytes
Trace|    45 bytes
Trace|    4 (20): 1 (01)
Trace|    5 (28): 1 (01)
Trace|51 bytes
Trace|4 (22):
Trace|    1 (08): 89 (59)
Trace|    2 (10): 107 (6B)
Trace|    3 (18): 25 (19)
Trace|    4 (20): 7 (07)
Trace|10 bytes
Trace|5 (2A):
Trace|    1 (08): 89 (59)
Trace|    2 (10): 107 (6B)
Trace|    3 (18): 11 (0B)
Trace|    4 (20): 7 (07)
Trace|10 bytes
Trace|6 (32):
Trace|    1 (08): 89 (59)
Trace|    2 (10): 107 (6B)
Trace|    3 (18): 18 (12)
Trace|    4 (20): 7 (07)
Trace|10 bytes
Trace|Parameter: 7
Trace|3 (1A):
Trace|    1 (08): 52 (34)
Trace|    2 (12):
Trace|        1 (08): 13 (0D)
Trace|        2 (10): 327 (147)
Trace|    7 bytes
Trace|    2 (12):
Trace|        1 (08): 13 (0D)
Trace|        2 (10): 327 (147)
Trace|    7 bytes
Trace|    2 (12):
Trace|        1 (08): 13 (0D)
Trace|        2 (10): 327 (147)
Trace|    7 bytes
Trace|    2 (12):
Trace|        1 (08): 13 (0D)
Trace|        2 (10): 327 (147)
Trace|    7 bytes
Trace|    2 (12):
Trace|        1 (08): 13 (0D)
Trace|        2 (10): 327 (147)
Trace|    7 bytes
Trace|    2 (12):
Trace|        1 (08): 13 (0D)
Trace|        2 (10): 327 (147)
Trace|    7 bytes
Trace|    2 (12):
Trace|        1 (08): 13 (0D)
Trace|        2 (10): 327 (147)
Trace|    7 bytes
Trace|    2 (12):
Trace|        1 (08): 13 (0D)
Trace|        2 (10): 327 (147)
Trace|    7 bytes
Trace|    2 (12):
Trace|        1 (08): 13 (0D)
Trace|        2 (10): 327 (147)
Trace|    7 bytes
Trace|    2 (12):
Trace|        1 (08): 13 (0D)
Trace|        2 (10): 327 (147)
Trace|    7 bytes
Trace|74 bytes
Trace|Parameter: 8
Trace|1 (0A):
Trace|    1 (0A):
Trace|        1 (08): 61 (3D)
Trace|        2 (10): 100 (64)
Trace|    6 bytes
Trace|    2 (10): 2 (02)
Trace|10 bytes
Trace|2 (12):
Trace|    1 (0A):
Trace|        1 (08): 72 (48)
Trace|        2 (10): 100 (64)
Trace|    6 bytes
Trace|    3 (18): 1 (01)
Trace|10 bytes
Trace|3 (1A):
Trace|    1 (0A):
Trace|        1 (08): 83 (53)
Trace|        2 (10): 100 (64)
Trace|    6 bytes
Trace|    2 (10): 3 (03)
Trace|10 bytes
Trace|Parameter: 9
Trace|2 (12):
Trace|    1 (08): 13 (0D)
Trace|    2 (10): 112 (70)
Trace|    3 (18): 42 (2A)
Trace|    4 (20): 10 (0A)
Trace|10 bytes
Trace|Parameter: 10
Trace|1 (0A):
Trace|    1 (08): 0 (00)
Trace|    2 (10): 11447982 (AEAEAE)
Trace|    3 (1A):
Trace|        1 (08): 76 (4C)
Trace|        2 (10): 244 (F4)
Trace|    7 bytes
Trace|    4 (22):
Trace|        1 (08): 2 (02)
Trace|        2 (10): -2 (FFFFFFFFFFFFFFFE)
Trace|    15 bytes
Trace|    4 (22):
Trace|        1 (08): 38 (26)
Trace|        2 (10): -2 (FFFFFFFFFFFFFFFE)
Trace|    15 bytes
Trace|    4 (22):
Trace|        1 (08): 40 (28)
Trace|        2 (10): 0 (00)
Trace|    6 bytes
Trace|    4 (22):
Trace|        1 (08): 38 (26)
Trace|        2 (10): 3 (03)
Trace|    6 bytes
Trace|    4 (22):
Trace|        1 (08): 2 (02)
Trace|        2 (10): 3 (03)
Trace|    6 bytes
Trace|64 bytes
Trace|2 (12):
Trace|    1 (08): 0 (00)
Trace|    2 (10): 11447982 (AEAEAE)
Trace|    3 (1A):
Trace|        1 (08): 76 (4C)
Trace|        2 (10): 244 (F4)
Trace|    7 bytes
Trace|    4 (22):
Trace|        1 (08): 2 (02)
Trace|        2 (10): -2 (FFFFFFFFFFFFFFFE)
Trace|    15 bytes
Trace|    4 (22):
Trace|        1 (08): 62 (3E)
Trace|        2 (10): -2 (FFFFFFFFFFFFFFFE)
Trace|    15 bytes
Trace|    4 (22):
Trace|        1 (08): 64 (40)
Trace|        2 (10): 0 (00)
Trace|    6 bytes
Trace|    4 (22):
Trace|        1 (08): 62 (3E)
Trace|        2 (10): 3 (03)
Trace|    6 bytes
Trace|    4 (22):
Trace|        1 (08): 2 (02)
Trace|        2 (10): 3 (03)
Trace|    6 bytes
Trace|    5 (2A):
Trace|        1 (08): 71 (47)
Trace|        2 (10): 239 (EF)
Trace|        3 (18): 67 (43)
Trace|    9 bytes
Trace|73 bytes
Trace|Parameter: 12
Trace|3 (1A):
Trace|    1 (08): 62 (3E)
Trace|    2 (12):
Trace|        1 (08): 79 (4F)
Trace|        2 (10): 327 (147)
Trace|    7 bytes
Trace|    2 (12):
Trace|        1 (08): 79 (4F)
Trace|        2 (10): 327 (147)
Trace|    7 bytes
Trace|    2 (12):
Trace|        1 (08): 79 (4F)
Trace|        2 (10): 327 (147)
Trace|    7 bytes
Trace|    2 (12):
Trace|        1 (08): 79 (4F)
Trace|        2 (10): 327 (147)
Trace|    7 bytes
Trace|    2 (12):
Trace|        1 (08): 79 (4F)
Trace|        2 (10): 327 (147)
Trace|    7 bytes
Trace|39 bytes
Trace|Parameter: 14
Trace|1 (0A):
Trace|    1 (08): 79 (4F)
Trace|    2 (10): 126 (7E)
Trace|    3 (18): 4 (04)
Trace|8 bytes
Trace|2 (12):
Trace|    1 (08): 79 (4F)
Trace|    2 (10): 126 (7E)
Trace|    3 (18): 5 (05)
Trace|8 bytes
Trace|3 (1A):
Trace|    1 (08): 79 (4F)
Trace|    2 (10): 126 (7E)
Trace|    3 (18): 6 (06)
Trace|8 bytes
Trace|4 (22):
Trace|    1 (08): 79 (4F)
Trace|    2 (10): 126 (7E)
Trace|    3 (18): 7 (07)
Trace|8 bytes
Trace|5 (2A):
Trace|    1 (08): 79 (4F)
Trace|    2 (10): 126 (7E)
Trace|    3 (18): 8 (08)
Trace|8 bytes
Trace|6 (32):
Trace|    1 (08): 79 (4F)
Trace|    2 (10): 126 (7E)
Trace|    3 (18): 9 (09)
Trace|8 bytes
Trace|7 (3A):
Trace|    1 (08): 79 (4F)
Trace|    2 (10): 126 (7E)
Trace|    3 (18): 10 (0A)
Trace|8 bytes
Trace|Encoding offsets and lengths...
Trace|1 (0A):
Trace|    1 (08): 560 (230)
Trace|    2 (10): 111 (6F)
Trace|7 bytes
Trace|2 (12):
Trace|    1 (08): 0 (00)
Trace|    2 (10): 32 (20)
Trace|6 bytes
Trace|3 (1A):
Trace|    1 (08): 32 (20)
Trace|    2 (10): 50 (32)
Trace|6 bytes
Trace|4 (22):
Trace|    1 (08): 82 (52)
Trace|    2 (10): 51 (33)
Trace|6 bytes
Trace|5 (2A):
Trace|    1 (08): 133 (85)
Trace|    2 (10): 81 (51)
Trace|7 bytes
Trace|7 (3A):
Trace|    1 (08): 214 (D6)
Trace|    2 (10): 74 (4A)
Trace|7 bytes
Trace|8 (42):
Trace|    1 (08): 288 (120)
Trace|    2 (10): 30 (1E)
Trace|7 bytes
Trace|9 (4A):
Trace|    1 (08): 318 (13E)
Trace|    2 (10): 10 (0A)
Trace|7 bytes
Trace|10 (52):
Trace|    1 (08): 328 (148)
Trace|    2 (10): 137 (89)
Trace|8 bytes
Trace|12 (62):
Trace|    1 (08): 465 (1D1)
Trace|    2 (10): 39 (27)
Trace|7 bytes
Trace|14 (72):
Trace|    1 (08): 504 (1F8)
Trace|    2 (10): 56 (38)
Trace|7 bytes
Trace|Writing header...
Trace|Writing parameters offsets and lengths...
Trace|Writing parameters...
Trace|Writing images...
Trace|Resource 0 offset is 0...
Debug|Encoding resource 0...
Trace|Writing image in Raw mode
Trace|No Transparency image...
Trace|Writing image header...
Trace|Width: 126, Height: 294, RowLength: 252
Trace|BPP: 16, PaletteColors: 0, Transaparency: 0
Trace|Writing image...
Trace|Resource 1 offset is 74104...
Debug|Encoding resource 1...
Trace|Writing image in Raw mode
Trace|Transparency image...
Trace|Writing image header...
Trace|Width: 10, Height: 10, RowLength: 30
Trace|BPP: 24, PaletteColors: 0, Transaparency: 0
Trace|Resource 2 offset is 74420...
Debug|Encoding resource 2...
Trace|Writing image in Raw mode
Trace|Transparency image...
Trace|Writing image header...
Trace|Width: 10, Height: 10, RowLength: 30
Trace|BPP: 24, PaletteColors: 0, Transaparency: 0
Trace|Resource 3 offset is 74736...
Debug|Encoding resource 3...
Trace|Writing image in Raw mode
Trace|Transparency image...
Trace|Writing image header...
Trace|Width: 10, Height: 10, RowLength: 30
Trace|BPP: 24, PaletteColors: 0, Transaparency: 0
Trace|Resource 4 offset is 75052...
Debug|Encoding resource 4...
Trace|Writing image in Raw mode
Trace|Transparency image...
Trace|Writing image header...
Trace|Width: 60, Height: 38, RowLength: 180
Trace|BPP: 24, PaletteColors: 0, Transaparency: 0
Trace|Resource 5 offset is 81908...
Debug|Encoding resource 5...
Trace|Writing image in Raw mode
Trace|Transparency image...
Trace|Writing image header...
Trace|Width: 60, Height: 38, RowLength: 180
Trace|BPP: 24, PaletteColors: 0, Transaparency: 0
Trace|Resource 6 offset is 88764...
Debug|Encoding resource 6...
Trace|Writing image in Raw mode
Trace|Transparency image...
Trace|Writing image header...
Trace|Width: 60, Height: 38, RowLength: 180
Trace|BPP: 24, PaletteColors: 0, Transaparency: 0
Trace|Resource 7 offset is 95620...
Debug|Encoding resource 7...
Trace|Writing image in Raw mode
Trace|Transparency image...
Trace|Writing image header...
Trace|Width: 60, Height: 38, RowLength: 180
Trace|BPP: 24, PaletteColors: 0, Transaparency: 0
Trace|Resource 8 offset is 102476...
Debug|Encoding resource 8...
Trace|Writing image in Raw mode
Trace|Transparency image...
Trace|Writing image header...
Trace|Width: 60, Height: 38, RowLength: 180
Trace|BPP: 24, PaletteColors: 0, Transaparency: 0
Trace|Resource 9 offset is 109332...
Debug|Encoding resource 9...
Trace|Writing image in Raw mode
Trace|Transparency image...
Trace|Writing image header...
Trace|Width: 60, Height: 38, RowLength: 180
Trace|BPP: 24, PaletteColors: 0, Transaparency: 0
Trace|Resource 10 offset is 116188...
Debug|Encoding resource 10...
Trace|Writing image in Raw mode
Trace|Transparency image...
Trace|Writing image header...
Trace|Width: 60, Height: 38, RowLength: 180
Trace|BPP: 24, PaletteColors: 0, Transaparency: 0
Trace|Resource 11 offset is 123044...
Debug|Encoding resource 11...
Trace|Writing image in Raw mode
Trace|Transparency image...
Trace|Writing image header...
Trace|Width: 46, Height: 58, RowLength: 138
Trace|BPP: 24, PaletteColors: 0, Transaparency: 0
Trace|Resource 12 offset is 131064...
Debug|Encoding resource 12...
Trace|Writing image in Raw mode
Trace|Transparency image...
Trace|Writing image header...
Trace|Width: 46, Height: 58, RowLength: 138
Trace|BPP: 24, PaletteColors: 0, Transaparency: 0
Trace|Resource 13 offset is 139084...
Debug|Encoding resource 13...
Trace|Writing image in Raw mode
Trace|Transparency image...
Trace|Writing image header...
Trace|Width: 46, Height: 58, RowLength: 138
Trace|BPP: 24, PaletteColors: 0, Transaparency: 0
Trace|Resource 14 offset is 147104...
Debug|Encoding resource 14...
Trace|Writing image in Raw mode
Trace|Transparency image...
Trace|Writing image header...
Trace|Width: 46, Height: 58, RowLength: 138
Trace|BPP: 24, PaletteColors: 0, Transaparency: 0
Trace|Resource 15 offset is 155124...
Debug|Encoding resource 15...
Trace|Writing image in Raw mode
Trace|Transparency image...
Trace|Writing image header...
Trace|Width: 46, Height: 58, RowLength: 138
Trace|BPP: 24, PaletteColors: 0, Transaparency: 0
Trace|Resource 16 offset is 163144...
Debug|Encoding resource 16...
Trace|Writing image in Raw mode
Trace|Transparency image...
Trace|Writing image header...
Trace|Width: 46, Height: 58, RowLength: 138
Trace|BPP: 24, PaletteColors: 0, Transaparency: 0
Trace|Resource 17 offset is 171164...
Debug|Encoding resource 17...
Trace|Writing image in Raw mode
Trace|Transparency image...
Trace|Writing image header...
Trace|Width: 46, Height: 58, RowLength: 138
Trace|BPP: 24, PaletteColors: 0, Transaparency: 0
Trace|Resource 18 offset is 179184...
Debug|Encoding resource 18...
Trace|Writing image in Raw mode
Trace|Transparency image...
Trace|Writing image header...
Trace|Width: 46, Height: 58, RowLength: 138
Trace|BPP: 24, PaletteColors: 0, Transaparency: 0
Trace|Resource 19 offset is 187204...
Debug|Encoding resource 19...
Trace|Writing image in Raw mode
Trace|Transparency image...
Trace|Writing image header...
Trace|Width: 46, Height: 58, RowLength: 138
Trace|BPP: 24, PaletteColors: 0, Transaparency: 0
Trace|Resource 20 offset is 195224...
Debug|Encoding resource 20...
Trace|Writing image in Raw mode
Trace|Transparency image...
Trace|Writing image header...
Trace|Width: 46, Height: 58, RowLength: 138
Trace|BPP: 24, PaletteColors: 0, Transaparency: 0
Trace|Resource 21 offset is 203244...
Debug|Encoding resource 21...
Trace|Writing image in Raw mode
Trace|Transparency image...
Trace|Writing image header...
Trace|Width: 46, Height: 58, RowLength: 138
Trace|BPP: 24, PaletteColors: 0, Transaparency: 0
Trace|Resource 22 offset is 211264...
Debug|Encoding resource 22...
Trace|Writing image in Raw mode
Trace|Transparency image...
Trace|Writing image header...
Trace|Width: 46, Height: 58, RowLength: 138
Trace|BPP: 24, PaletteColors: 0, Transaparency: 0
Trace|Resource 23 offset is 219284...
Debug|Encoding resource 23...
Trace|Writing image in Raw mode
Trace|Transparency image...
Trace|Writing image header...
Trace|Width: 46, Height: 58, RowLength: 138
Trace|BPP: 24, PaletteColors: 0, Transaparency: 0
Trace|Resource 24 offset is 227304...
Debug|Encoding resource 24...
Trace|Writing image in Raw mode
Trace|Transparency image...
Trace|Writing image header...
Trace|Width: 46, Height: 58, RowLength: 138
Trace|BPP: 24, PaletteColors: 0, Transaparency: 0
Trace|Resource 25 offset is 235324...
Debug|Encoding resource 25...
Trace|Writing image in Raw mode
Trace|Transparency image...
Trace|Writing image header...
Trace|Width: 60, Height: 38, RowLength: 180
Trace|BPP: 24, PaletteColors: 0, Transaparency: 0
Trace|Resource 26 offset is 242180...
Debug|Encoding resource 26...
Trace|Writing image in Raw mode
Trace|Transparency image...
Trace|Writing image header...
Trace|Width: 60, Height: 38, RowLength: 180
Trace|BPP: 24, PaletteColors: 0, Transaparency: 0
Trace|Resource 27 offset is 249036...
Debug|Encoding resource 27...
Trace|Writing image in Raw mode
Trace|Transparency image...
Trace|Writing image header...
Trace|Width: 60, Height: 38, RowLength: 180
Trace|BPP: 24, PaletteColors: 0, Transaparency: 0
Trace|Resource 28 offset is 255892...
Debug|Encoding resource 28...
Trace|Writing image in Raw mode
Trace|Transparency image...
Trace|Writing image header...
Trace|Width: 60, Height: 38, RowLength: 180
Trace|BPP: 24, PaletteColors: 0, Transaparency: 0
Trace|Resource 29 offset is 262748...
Debug|Encoding resource 29...
Trace|Writing image in Raw mode
Trace|Transparency image...
Trace|Writing image header...
Trace|Width: 60, Height: 38, RowLength: 180
Trace|BPP: 24, PaletteColors: 0, Transaparency: 0
Trace|Resource 30 offset is 269604...
Debug|Encoding resource 30...
Trace|Writing image in Raw mode
Trace|Transparency image...
Trace|Writing image header...
Trace|Width: 60, Height: 38, RowLength: 180
Trace|BPP: 24, PaletteColors: 0, Transaparency: 0
Trace|Resource 31 offset is 276460...
Debug|Encoding resource 31...
Trace|Writing image in Raw mode
Trace|Transparency image...
Trace|Writing image header...
Trace|Width: 60, Height: 38, RowLength: 180
Trace|BPP: 24, PaletteColors: 0, Transaparency: 0
Trace|Resource 32 offset is 283316...
Debug|Encoding resource 32...
Trace|Writing image in Raw mode
Trace|Transparency image...
Trace|Writing image header...
Trace|Width: 12, Height: 14, RowLength: 36
Trace|BPP: 24, PaletteColors: 0, Transaparency: 0
Trace|Resource 33 offset is 283836...
Debug|Encoding resource 33...
Trace|Writing image in Raw mode
Trace|Transparency image...
Trace|Writing image header...
Trace|Width: 12, Height: 14, RowLength: 36
Trace|BPP: 24, PaletteColors: 0, Transaparency: 0
Trace|Resource 34 offset is 284356...
Debug|Encoding resource 34...
Trace|Writing image in Raw mode
Trace|Transparency image...
Trace|Writing image header...
Trace|Width: 12, Height: 14, RowLength: 36
Trace|BPP: 24, PaletteColors: 0, Transaparency: 0
Trace|Resource 35 offset is 284876...
Debug|Encoding resource 35...
Trace|Writing image in Raw mode
Trace|Transparency image...
Trace|Writing image header...
Trace|Width: 12, Height: 14, RowLength: 36
Trace|BPP: 24, PaletteColors: 0, Transaparency: 0
Trace|Resource 36 offset is 285396...
Debug|Encoding resource 36...
Trace|Writing image in Raw mode
Trace|Transparency image...
Trace|Writing image header...
Trace|Width: 12, Height: 14, RowLength: 36
Trace|BPP: 24, PaletteColors: 0, Transaparency: 0
Trace|Resource 37 offset is 285916...
Debug|Encoding resource 37...
Trace|Writing image in Raw mode
Trace|Transparency image...
Trace|Writing image header...
Trace|Width: 12, Height: 14, RowLength: 36
Trace|BPP: 24, PaletteColors: 0, Transaparency: 0
Trace|Resource 38 offset is 286436...
Debug|Encoding resource 38...
Trace|Writing image in Raw mode
Trace|Transparency image...
Trace|Writing image header...
Trace|Width: 12, Height: 14, RowLength: 36
Trace|BPP: 24, PaletteColors: 0, Transaparency: 0
Trace|Resource 39 offset is 286956...
Debug|Encoding resource 39...
Trace|Writing image in Raw mode
Trace|Transparency image...
Trace|Writing image header...
Trace|Width: 12, Height: 14, RowLength: 36
Trace|BPP: 24, PaletteColors: 0, Transaparency: 0
Trace|Resource 40 offset is 287476...
Debug|Encoding resource 40...
Trace|Writing image in Raw mode
Trace|Transparency image...
Trace|Writing image header...
Trace|Width: 12, Height: 14, RowLength: 36
Trace|BPP: 24, PaletteColors: 0, Transaparency: 0
Trace|Resource 41 offset is 287996...
Debug|Encoding resource 41...
Trace|Writing image in Raw mode
Trace|Transparency image...
Trace|Writing image header...
Trace|Width: 12, Height: 14, RowLength: 36
Trace|BPP: 24, PaletteColors: 0, Transaparency: 0
Trace|Resource 42 offset is 288516...
Debug|Encoding resource 42...
Trace|Writing image in Raw mode
Trace|Transparency image...
Trace|Writing image header...
Trace|Width: 60, Height: 52, RowLength: 180
Trace|BPP: 24, PaletteColors: 0, Transaparency: 0
Trace|Resource 43 offset is 297892...
Debug|Encoding resource 43...
Trace|Writing image in Raw mode
Trace|Transparency image...
Trace|Writing image header...
Trace|Width: 60, Height: 52, RowLength: 180
Trace|BPP: 24, PaletteColors: 0, Transaparency: 0
Trace|Resource 44 offset is 307268...
Debug|Encoding resource 44...
Trace|Writing image in Raw mode
Trace|Transparency image...
Trace|Writing image header...
Trace|Width: 60, Height: 52, RowLength: 180
Trace|BPP: 24, PaletteColors: 0, Transaparency: 0
Trace|Resource 45 offset is 316644...
Debug|Encoding resource 45...
Trace|Writing image in Raw mode
Trace|Transparency image...
Trace|Writing image header...
Trace|Width: 60, Height: 52, RowLength: 180
Trace|BPP: 24, PaletteColors: 0, Transaparency: 0
Trace|Resource 46 offset is 326020...
Debug|Encoding resource 46...
Trace|Writing image in Raw mode
Trace|Transparency image...
Trace|Writing image header...
Trace|Width: 60, Height: 52, RowLength: 180
Trace|BPP: 24, PaletteColors: 0, Transaparency: 0
Trace|Resource 47 offset is 335396...
Debug|Encoding resource 47...
Trace|Writing image in Raw mode
Trace|Transparency image...
Trace|Writing image header...
Trace|Width: 60, Height: 52, RowLength: 180
Trace|BPP: 24, PaletteColors: 0, Transaparency: 0
Trace|Resource 48 offset is 344772...
Debug|Encoding resource 48...
Trace|Writing image in Raw mode
Trace|Transparency image...
Trace|Writing image header...
Trace|Width: 60, Height: 52, RowLength: 180
Trace|BPP: 24, PaletteColors: 0, Transaparency: 0
Trace|Resource 49 offset is 354148...
Debug|Encoding resource 49...
Trace|Writing image in Raw mode
Trace|Transparency image...
Trace|Writing image header...
Trace|Width: 60, Height: 52, RowLength: 180
Trace|BPP: 24, PaletteColors: 0, Transaparency: 0
Trace|Resource 50 offset is 363524...
Debug|Encoding resource 50...
Trace|Writing image in Raw mode
Trace|Transparency image...
Trace|Writing image header...
Trace|Width: 60, Height: 52, RowLength: 180
Trace|BPP: 24, PaletteColors: 0, Transaparency: 0
Trace|Resource 51 offset is 372900...
Debug|Encoding resource 51...
Trace|Writing image in Raw mode
Trace|Transparency image...
Trace|Writing image header...
Trace|Width: 60, Height: 52, RowLength: 180
Trace|BPP: 24, PaletteColors: 0, Transaparency: 0
Trace|Resource 52 offset is 382276...
Debug|Encoding resource 52...
Trace|Writing image in Raw mode
Trace|Transparency image...
Trace|Writing image header...
Trace|Width: 60, Height: 38, RowLength: 180
Trace|BPP: 24, PaletteColors: 0, Transaparency: 0
Trace|Resource 53 offset is 389132...
Debug|Encoding resource 53...
Trace|Writing image in Raw mode
Trace|Transparency image...
Trace|Writing image header...
Trace|Width: 60, Height: 38, RowLength: 180
Trace|BPP: 24, PaletteColors: 0, Transaparency: 0
Trace|Resource 54 offset is 395988...
Debug|Encoding resource 54...
Trace|Writing image in Raw mode
Trace|Transparency image...
Trace|Writing image header...
Trace|Width: 60, Height: 38, RowLength: 180
Trace|BPP: 24, PaletteColors: 0, Transaparency: 0
Trace|Resource 55 offset is 402844...
Debug|Encoding resource 55...
Trace|Writing image in Raw mode
Trace|Transparency image...
Trace|Writing image header...
Trace|Width: 60, Height: 38, RowLength: 180
Trace|BPP: 24, PaletteColors: 0, Transaparency: 0
Trace|Resource 56 offset is 409700...
Debug|Encoding resource 56...
Trace|Writing image in Raw mode
Trace|Transparency image...
Trace|Writing image header...
Trace|Width: 60, Height: 38, RowLength: 180
Trace|BPP: 24, PaletteColors: 0, Transaparency: 0
Trace|Resource 57 offset is 416556...
Debug|Encoding resource 57...
Trace|Writing image in Raw mode
Trace|Transparency image...
Trace|Writing image header...
Trace|Width: 60, Height: 38, RowLength: 180
Trace|BPP: 24, PaletteColors: 0, Transaparency: 0
Trace|Resource 58 offset is 423412...
Debug|Encoding resource 58...
Trace|Writing image in Raw mode
Trace|Transparency image...
Trace|Writing image header...
Trace|Width: 60, Height: 38, RowLength: 180
Trace|BPP: 24, PaletteColors: 0, Transaparency: 0
Trace|Resource 59 offset is 430268...
Debug|Encoding resource 59...
Trace|Writing image in Raw mode
Trace|Transparency image...
Trace|Writing image header...
Trace|Width: 60, Height: 38, RowLength: 180
Trace|BPP: 24, PaletteColors: 0, Transaparency: 0
Trace|Resource 60 offset is 437124...
Debug|Encoding resource 60...
Trace|Writing image in Raw mode
Trace|Transparency image...
Trace|Writing image header...
Trace|Width: 60, Height: 38, RowLength: 180
Trace|BPP: 24, PaletteColors: 0, Transaparency: 0
Trace|Resource 61 offset is 443980...
Debug|Encoding resource 61...
Trace|Writing image in Raw mode
Trace|Transparency image...
Trace|Writing image header...
Trace|Width: 60, Height: 38, RowLength: 180
Trace|BPP: 24, PaletteColors: 0, Transaparency: 0
Trace|Resource 62 offset is 450836...
Debug|Encoding resource 62...
Trace|Writing image in Raw mode
Trace|Transparency image...
Trace|Writing image header...
Trace|Width: 60, Height: 38, RowLength: 180
Trace|BPP: 24, PaletteColors: 0, Transaparency: 0
Trace|Resource 63 offset is 457692...
Debug|Encoding resource 63...
Trace|Writing image in Raw mode
Trace|Transparency image...
Trace|Writing image header...
Trace|Width: 60, Height: 38, RowLength: 180
Trace|BPP: 24, PaletteColors: 0, Transaparency: 0
Trace|Resource 64 offset is 464548...
Debug|Encoding resource 64...
Trace|Writing image in Raw mode
Trace|Transparency image...
Trace|Writing image header...
Trace|Width: 60, Height: 38, RowLength: 180
Trace|BPP: 24, PaletteColors: 0, Transaparency: 0
Trace|Resource 65 offset is 471404...
Debug|Encoding resource 65...
Trace|Writing image in Raw mode
Trace|Transparency image...
Trace|Writing image header...
Trace|Width: 60, Height: 38, RowLength: 180
Trace|BPP: 24, PaletteColors: 0, Transaparency: 0
Trace|Resource 66 offset is 478260...
Debug|Encoding resource 66...
Trace|Writing image in Raw mode
Trace|Transparency image...
Trace|Writing image header...
Trace|Width: 60, Height: 38, RowLength: 180
Trace|BPP: 24, PaletteColors: 0, Transaparency: 0
Trace|Resource 67 offset is 485116...
Debug|Encoding resource 67...
Trace|Writing image in Raw mode
Trace|Transparency image...
Trace|Writing image header...
Trace|Width: 10, Height: 10, RowLength: 30
Trace|BPP: 24, PaletteColors: 0, Transaparency: 0
Trace|Resource 68 offset is 485432...
Debug|Encoding resource 68...
Trace|Writing image in Raw mode
Trace|Transparency image...
Trace|Writing image header...
Trace|Width: 42, Height: 12, RowLength: 126
Trace|BPP: 24, PaletteColors: 0, Transaparency: 0
Trace|Resource 69 offset is 486960...
Debug|Encoding resource 69...
Trace|Writing image in Raw mode
Trace|Transparency image...
Trace|Writing image header...
Trace|Width: 42, Height: 12, RowLength: 126
Trace|BPP: 24, PaletteColors: 0, Transaparency: 0
Trace|Resource 70 offset is 488488...
Debug|Encoding resource 70...
Trace|Writing image in Raw mode
Trace|Transparency image...
Trace|Writing image header...
Trace|Width: 42, Height: 12, RowLength: 126
Trace|BPP: 24, PaletteColors: 0, Transaparency: 0
Trace|Resource 71 offset is 490016...
Debug|Encoding resource 71...
Trace|Writing image in Raw mode
Trace|Transparency image...
Trace|Writing image header...
Trace|Width: 42, Height: 12, RowLength: 126
Trace|BPP: 24, PaletteColors: 0, Transaparency: 0
Trace|Resource 72 offset is 491544...
Debug|Encoding resource 72...
Trace|Writing image in Raw mode
Trace|Transparency image...
Trace|Writing image header...
Trace|Width: 42, Height: 12, RowLength: 126
Trace|BPP: 24, PaletteColors: 0, Transaparency: 0
Trace|Resource 73 offset is 493072...
Debug|Encoding resource 73...
Trace|Writing image in Raw mode
Trace|Transparency image...
Trace|Writing image header...
Trace|Width: 42, Height: 12, RowLength: 126
Trace|BPP: 24, PaletteColors: 0, Transaparency: 0
Trace|Resource 74 offset is 494600...
Debug|Encoding resource 74...
Trace|Writing image in Raw mode
Trace|Transparency image...
Trace|Writing image header...
Trace|Width: 42, Height: 12, RowLength: 126
Trace|BPP: 24, PaletteColors: 0, Transaparency: 0
Trace|Resource 75 offset is 496128...
Debug|Encoding resource 75...
Trace|Writing image in Raw mode
Trace|Transparency image...
Trace|Writing image header...
Trace|Width: 42, Height: 12, RowLength: 126
Trace|BPP: 24, PaletteColors: 0, Transaparency: 0
Trace|Resource 76 offset is 497656...
Debug|Encoding resource 76...
Trace|Writing image in Raw mode
Trace|Transparency image...
Trace|Writing image header...
Trace|Width: 42, Height: 12, RowLength: 126
Trace|BPP: 24, PaletteColors: 0, Transaparency: 0
Trace|Resource 77 offset is 499184...
Debug|Encoding resource 77...
Trace|Writing image in Raw mode
Trace|Transparency image...
Trace|Writing image header...
Trace|Width: 42, Height: 12, RowLength: 126
Trace|BPP: 24, PaletteColors: 0, Transaparency: 0
Trace|Resource 78 offset is 500712...
Debug|Encoding resource 78...
Trace|Writing image in Raw mode
Trace|Transparency image...
Trace|Writing image header...
Trace|Width: 42, Height: 12, RowLength: 126
Trace|BPP: 24, PaletteColors: 0, Transaparency: 0
Trace|Resource 79 offset is 502240...
Debug|Encoding resource 79...
Trace|Writing image in Raw mode
Trace|Transparency image...
Trace|Writing image header...
Trace|Width: 42, Height: 12, RowLength: 126
Trace|BPP: 24, PaletteColors: 0, Transaparency: 0
Trace|Resource 80 offset is 503768...
Debug|Encoding resource 80...
Trace|Writing image in Raw mode
Trace|Transparency image...
Trace|Writing image header...
Trace|Width: 9, Height: 12, RowLength: 27
Trace|BPP: 24, PaletteColors: 0, Transaparency: 0
Trace|Resource 81 offset is 504108...
Debug|Encoding resource 81...
Trace|Writing image in Raw mode
Trace|Transparency image...
Trace|Writing image header...
Trace|Width: 9, Height: 12, RowLength: 27
Trace|BPP: 24, PaletteColors: 0, Transaparency: 0
Trace|Resource 82 offset is 504448...
Debug|Encoding resource 82...
Trace|Writing image in Raw mode
Trace|Transparency image...
Trace|Writing image header...
Trace|Width: 9, Height: 12, RowLength: 27
Trace|BPP: 24, PaletteColors: 0, Transaparency: 0
Trace|Resource 83 offset is 504788...
Debug|Encoding resource 83...
Trace|Writing image in Raw mode
Trace|Transparency image...
Trace|Writing image header...
Trace|Width: 9, Height: 12, RowLength: 27
Trace|BPP: 24, PaletteColors: 0, Transaparency: 0
Trace|Resource 84 offset is 505128...
Debug|Encoding resource 84...
Trace|Writing image in Raw mode
Trace|Transparency image...
Trace|Writing image header...
Trace|Width: 9, Height: 12, RowLength: 27
Trace|BPP: 24, PaletteColors: 0, Transaparency: 0
Trace|Resource 85 offset is 505468...
Debug|Encoding resource 85...
Trace|Writing image in Raw mode
Trace|Transparency image...
Trace|Writing image header...
Trace|Width: 9, Height: 12, RowLength: 27
Trace|BPP: 24, PaletteColors: 0, Transaparency: 0
Trace|Resource 86 offset is 505808...
Debug|Encoding resource 86...
Trace|Writing image in Raw mode
Trace|Transparency image...
Trace|Writing image header...
Trace|Width: 9, Height: 12, RowLength: 27
Trace|BPP: 24, PaletteColors: 0, Transaparency: 0
Trace|Resource 87 offset is 506148...
Debug|Encoding resource 87...
Trace|Writing image in Raw mode
Trace|Transparency image...
Trace|Writing image header...
Trace|Width: 9, Height: 12, RowLength: 27
Trace|BPP: 24, PaletteColors: 0, Transaparency: 0
Trace|Resource 88 offset is 506488...
Debug|Encoding resource 88...
Trace|Writing image in Raw mode
Trace|Transparency image...
Trace|Writing image header...
Trace|Width: 9, Height: 12, RowLength: 27
Trace|BPP: 24, PaletteColors: 0, Transaparency: 0
Trace|Resource 89 offset is 506828...
Debug|Encoding resource 89...
Trace|Writing image in Raw mode
Trace|Transparency image...
Trace|Writing image header...
Trace|Width: 9, Height: 12, RowLength: 27
Trace|BPP: 24, PaletteColors: 0, Transaparency: 0
Trace|Resource 90 offset is 507168...
Debug|Encoding resource 90...
Trace|Writing image in Raw mode
Trace|Transparency image...
Trace|Writing image header...
Trace|Width: 9, Height: 12, RowLength: 27
Trace|BPP: 24, PaletteColors: 0, Transaparency: 0
Trace|Resource 91 offset is 507508...
Debug|Encoding resource 91...
Trace|Writing image in Raw mode
Trace|Transparency image...
Trace|Writing image header...
Trace|Width: 9, Height: 12, RowLength: 27
Trace|BPP: 24, PaletteColors: 0, Transaparency: 0
Trace|Resource 92 offset is 507848...
Debug|Encoding resource 92...
Trace|Writing image in Raw mode
Trace|Transparency image...
Trace|Writing image header...
Trace|Width: 9, Height: 12, RowLength: 27
Trace|BPP: 24, PaletteColors: 0, Transaparency: 0
Trace|Resource 93 offset is 508188...
Debug|Encoding resource 93...
Trace|Writing image in Raw mode
Trace|Transparency image...
Trace|Writing image header...
Trace|Width: 9, Height: 12, RowLength: 27
Trace|BPP: 24, PaletteColors: 0, Transaparency: 0
Trace|Resource 94 offset is 508528...
Debug|Encoding resource 94...
Trace|Writing image in Raw mode
Trace|Transparency image...
Trace|Writing image header...
Trace|Width: 9, Height: 12, RowLength: 27
Trace|BPP: 24, PaletteColors: 0, Transaparency: 0
Trace|Resource 95 offset is 508868...
Debug|Encoding resource 95...
Trace|Writing image in Raw mode
Trace|Transparency image...
Trace|Writing image header...
Trace|Width: 9, Height: 12, RowLength: 27
Trace|BPP: 24, PaletteColors: 0, Transaparency: 0
Trace|Resource 96 offset is 509208...
Debug|Encoding resource 96...
Trace|Writing image in Raw mode
Trace|Transparency image...
Trace|Writing image header...
Trace|Width: 9, Height: 12, RowLength: 27
Trace|BPP: 24, PaletteColors: 0, Transaparency: 0
Trace|Resource 97 offset is 509548...
Debug|Encoding resource 97...
Trace|Writing image in Raw mode
Trace|Transparency image...
Trace|Writing image header...
Trace|Width: 9, Height: 12, RowLength: 27
Trace|BPP: 24, PaletteColors: 0, Transaparency: 0
Trace|Resource 98 offset is 509888...
Debug|Encoding resource 98...
Trace|Writing image in Raw mode
Trace|Transparency image...
Trace|Writing image header...
Trace|Width: 9, Height: 12, RowLength: 27
Trace|BPP: 24, PaletteColors: 0, Transaparency: 0
Trace|Resource 99 offset is 510228...
Debug|Encoding resource 99...
Trace|Writing image in Raw mode
Trace|Transparency image...
Trace|Writing image header...
Trace|Width: 9, Height: 12, RowLength: 27
Trace|BPP: 24, PaletteColors: 0, Transaparency: 0
Trace|Resource 100 offset is 510568...
Debug|Encoding resource 100...
Trace|Writing image in Raw mode
Trace|Transparency image...
Trace|Writing image header...
Trace|Width: 16, Height: 19, RowLength: 48
Trace|BPP: 24, PaletteColors: 0, Transaparency: 0
Trace|Resource 101 offset is 511496...
Debug|Encoding resource 101...
Trace|Writing image in Raw mode
Trace|Transparency image...
Trace|Writing image header...
Trace|Width: 16, Height: 19, RowLength: 48
Trace|BPP: 24, PaletteColors: 0, Transaparency: 0
Trace|Resource 102 offset is 512424...
Debug|Encoding resource 102...
Trace|Writing image in Raw mode
Trace|Transparency image...
Trace|Writing image header...
Trace|Width: 16, Height: 19, RowLength: 48
Trace|BPP: 24, PaletteColors: 0, Transaparency: 0
Trace|Resource 103 offset is 513352...
Debug|Encoding resource 103...
Trace|Writing image in Raw mode
Trace|Transparency image...
Trace|Writing image header...
Trace|Width: 16, Height: 19, RowLength: 48
Trace|BPP: 24, PaletteColors: 0, Transaparency: 0
Trace|Resource 104 offset is 514280...
Debug|Encoding resource 104...
Trace|Writing image in Raw mode
Trace|Transparency image...
Trace|Writing image header...
Trace|Width: 16, Height: 19, RowLength: 48
Trace|BPP: 24, PaletteColors: 0, Transaparency: 0
Trace|Resource 105 offset is 515208...
Debug|Encoding resource 105...
Trace|Writing image in Raw mode
Trace|Transparency image...
Trace|Writing image header...
Trace|Width: 16, Height: 19, RowLength: 48
Trace|BPP: 24, PaletteColors: 0, Transaparency: 0
Trace|Resource 106 offset is 516136...
Debug|Encoding resource 106...
Trace|Writing image in Raw mode
Trace|Transparency image...
Trace|Writing image header...
Trace|Width: 16, Height: 19, RowLength: 48
Trace|BPP: 24, PaletteColors: 0, Transaparency: 0
Trace|Resource 107 offset is 517064...
Debug|Encoding resource 107...
Trace|Writing image in Raw mode
Trace|Transparency image...
Trace|Writing image header...
Trace|Width: 16, Height: 19, RowLength: 48
Trace|BPP: 24, PaletteColors: 0, Transaparency: 0
Trace|Resource 108 offset is 517992...
Debug|Encoding resource 108...
Trace|Writing image in Raw mode
Trace|Transparency image...
Trace|Writing image header...
Trace|Width: 16, Height: 19, RowLength: 48
Trace|BPP: 24, PaletteColors: 0, Transaparency: 0
Trace|Resource 109 offset is 518920...
Debug|Encoding resource 109...
Trace|Writing image in Raw mode
Trace|Transparency image...
Trace|Writing image header...
Trace|Width: 16, Height: 19, RowLength: 48
Trace|BPP: 24, PaletteColors: 0, Transaparency: 0
Trace|Resource 110 offset is 519848...
Debug|Encoding resource 110...
Trace|Writing image in Raw mode
Trace|No Transparency image...
Trace|Writing image header...
Trace|Width: 90, Height: 210, RowLength: 180
Trace|BPP: 16, PaletteColors: 0, Transaparency: 0
Trace|Writing image...
Trace|Writing resources offsets table
Debug|Writing resources
