Debug|Reading config...
Debug|Reading referenced images from 'infograph_alternative_optimized-97515-a16859b467'
Trace|Loading resources for 2 'Background'
Trace|Loading resources for 2.1 'ImageBasic'
Trace|Loading image 3...
Trace|Image was loaded from file infograph_alternative_optimized-97515-a16859b467\0003.png
Trace|Loading resources for 2.3 'ImageBasic'
Trace|Loading image 128...
Trace|Image was loaded from file infograph_alternative_optimized-97515-a16859b467\0128.png
Trace|Loading resources for 2.4 'ImageBasic'
Trace|Loading resources for 2.5 'ImageBasic'
Trace|Loading resources for 3 'Time'
Trace|Loading resources for 3.1 'TwoDigits'
Trace|Loading resources for 3.1.1 'ImageSet'
Trace|Loading image 105...
Trace|Image was loaded from file infograph_alternative_optimized-97515-a16859b467\0105.png
Trace|Loading image 106...
Trace|Image was loaded from file infograph_alternative_optimized-97515-a16859b467\0106.png
Trace|Loading image 107...
Trace|Image was loaded from file infograph_alternative_optimized-97515-a16859b467\0107.png
Trace|Loading resources for 3.1.2 'ImageSet'
Trace|Loading image 108...
Trace|Image was loaded from file infograph_alternative_optimized-97515-a16859b467\0108.png
Trace|Loading image 109...
Trace|Image was loaded from file infograph_alternative_optimized-97515-a16859b467\0109.png
Trace|Loading image 110...
Trace|Image was loaded from file infograph_alternative_optimized-97515-a16859b467\0110.png
Trace|Loading image 111...
Trace|Image was loaded from file infograph_alternative_optimized-97515-a16859b467\0111.png
Trace|Loading image 112...
Trace|Image was loaded from file infograph_alternative_optimized-97515-a16859b467\0112.png
Trace|Loading image 113...
Trace|Image was loaded from file infograph_alternative_optimized-97515-a16859b467\0113.png
Trace|Loading image 114...
Trace|Image was loaded from file infograph_alternative_optimized-97515-a16859b467\0114.png
Trace|Loading image 115...
Trace|Image was loaded from file infograph_alternative_optimized-97515-a16859b467\0115.png
Trace|Loading image 116...
Trace|Image was loaded from file infograph_alternative_optimized-97515-a16859b467\0116.png
Trace|Loading image 117...
Trace|Image was loaded from file infograph_alternative_optimized-97515-a16859b467\0117.png
Trace|Loading resources for 3.2 'TwoDigits'
Trace|Loading resources for 3.2.1 'ImageSet'
Trace|Loading resources for 3.2.2 'ImageSet'
Trace|Loading resources for 4 'Activity'
Trace|Loading resources for 4.1 'Steps'
Trace|Loading resources for 4.1.1 'Number'
Trace|Loading resources for 4.1.1.5 'TextAlignment'
Trace|Loading image 32...
Trace|Image was loaded from file infograph_alternative_optimized-97515-a16859b467\0032.png
Trace|Loading image 33...
Trace|Image was loaded from file infograph_alternative_optimized-97515-a16859b467\0033.png
Trace|Loading image 34...
Trace|Image was loaded from file infograph_alternative_optimized-97515-a16859b467\0034.png
Trace|Loading image 35...
Trace|Image was loaded from file infograph_alternative_optimized-97515-a16859b467\0035.png
Trace|Loading image 36...
Trace|Image was loaded from file infograph_alternative_optimized-97515-a16859b467\0036.png
Trace|Loading image 37...
Trace|Image was loaded from file infograph_alternative_optimized-97515-a16859b467\0037.png
Trace|Loading image 38...
Trace|Image was loaded from file infograph_alternative_optimized-97515-a16859b467\0038.png
Trace|Loading image 39...
Trace|Image was loaded from file infograph_alternative_optimized-97515-a16859b467\0039.png
Trace|Loading image 40...
Trace|Image was loaded from file infograph_alternative_optimized-97515-a16859b467\0040.png
Trace|Loading image 41...
Trace|Image was loaded from file infograph_alternative_optimized-97515-a16859b467\0041.png
Trace|Loading resources for 4.4 'PulseWrapper'
Trace|Loading resources for 4.4.1 'Number'
Trace|Loading resources for 4.4.1.5 'TextAlignment'
Trace|Loading image 118...
Trace|Image was loaded from file infograph_alternative_optimized-97515-a16859b467\0118.png
Trace|Loading image 119...
Trace|Image was loaded from file infograph_alternative_optimized-97515-a16859b467\0119.png
Trace|Loading image 120...
Trace|Image was loaded from file infograph_alternative_optimized-97515-a16859b467\0120.png
Trace|Loading image 121...
Trace|Image was loaded from file infograph_alternative_optimized-97515-a16859b467\0121.png
Trace|Loading image 122...
Trace|Image was loaded from file infograph_alternative_optimized-97515-a16859b467\0122.png
Trace|Loading image 123...
Trace|Image was loaded from file infograph_alternative_optimized-97515-a16859b467\0123.png
Trace|Loading image 124...
Trace|Image was loaded from file infograph_alternative_optimized-97515-a16859b467\0124.png
Trace|Loading image 125...
Trace|Image was loaded from file infograph_alternative_optimized-97515-a16859b467\0125.png
Trace|Loading image 126...
Trace|Image was loaded from file infograph_alternative_optimized-97515-a16859b467\0126.png
Trace|Loading image 127...
Trace|Image was loaded from file infograph_alternative_optimized-97515-a16859b467\0127.png
Trace|Loading image 42...
Trace|Image was loaded from file infograph_alternative_optimized-97515-a16859b467\0042.png
Trace|Loading resources for 4.5 'DistanceWrapper'
Trace|Loading resources for 4.5.1 'Number'
Trace|Loading resources for 4.5.1.5 'TextAlignment'
Trace|Loading image 93...
Trace|Image was loaded from file infograph_alternative_optimized-97515-a16859b467\0093.png
Trace|Loading image 31...
Trace|Image was loaded from file infograph_alternative_optimized-97515-a16859b467\0031.png
Trace|Loading resources for 5 'Date'
Trace|Loading resources for 5.1 'MonthAndDayAndYear'
Trace|Loading resources for 5.1.1 'SeparateMonthAndDay'
Trace|Loading resources for 5.1.1.2 'ImageSet'
Trace|Loading image 50...
Trace|Image was loaded from file infograph_alternative_optimized-97515-a16859b467\0050.png
Trace|Loading image 51...
Trace|Image was loaded from file infograph_alternative_optimized-97515-a16859b467\0051.png
Trace|Loading image 52...
Trace|Image was loaded from file infograph_alternative_optimized-97515-a16859b467\0052.png
Trace|Loading image 53...
Trace|Image was loaded from file infograph_alternative_optimized-97515-a16859b467\0053.png
Trace|Loading image 54...
Trace|Image was loaded from file infograph_alternative_optimized-97515-a16859b467\0054.png
Trace|Loading image 55...
Trace|Image was loaded from file infograph_alternative_optimized-97515-a16859b467\0055.png
Trace|Loading image 56...
Trace|Image was loaded from file infograph_alternative_optimized-97515-a16859b467\0056.png
Trace|Loading image 57...
Trace|Image was loaded from file infograph_alternative_optimized-97515-a16859b467\0057.png
Trace|Loading image 58...
Trace|Image was loaded from file infograph_alternative_optimized-97515-a16859b467\0058.png
Trace|Loading image 59...
Trace|Image was loaded from file infograph_alternative_optimized-97515-a16859b467\0059.png
Trace|Loading image 60...
Trace|Image was loaded from file infograph_alternative_optimized-97515-a16859b467\0060.png
Trace|Loading image 61...
Trace|Image was loaded from file infograph_alternative_optimized-97515-a16859b467\0061.png
Trace|Loading resources for 5.1.1.3 'ImageSet'
Trace|Loading resources for 5.1.1.4 'Number'
Trace|Loading resources for 5.1.1.4.5 'TextAlignment'
Trace|Loading image 62...
Trace|Image was loaded from file infograph_alternative_optimized-97515-a16859b467\0062.png
Trace|Loading image 63...
Trace|Image was loaded from file infograph_alternative_optimized-97515-a16859b467\0063.png
Trace|Loading image 64...
Trace|Image was loaded from file infograph_alternative_optimized-97515-a16859b467\0064.png
Trace|Loading image 65...
Trace|Image was loaded from file infograph_alternative_optimized-97515-a16859b467\0065.png
Trace|Loading image 66...
Trace|Image was loaded from file infograph_alternative_optimized-97515-a16859b467\0066.png
Trace|Loading image 67...
Trace|Image was loaded from file infograph_alternative_optimized-97515-a16859b467\0067.png
Trace|Loading image 68...
Trace|Image was loaded from file infograph_alternative_optimized-97515-a16859b467\0068.png
Trace|Loading image 69...
Trace|Image was loaded from file infograph_alternative_optimized-97515-a16859b467\0069.png
Trace|Loading image 70...
Trace|Image was loaded from file infograph_alternative_optimized-97515-a16859b467\0070.png
Trace|Loading image 71...
Trace|Image was loaded from file infograph_alternative_optimized-97515-a16859b467\0071.png
Trace|Loading resources for 5.1.4 'Boolean'
Trace|Loading resources for 5.1.5 'Boolean'
Trace|Loading resources for 5.4 'ImageSet'
Trace|Loading image 43...
Trace|Image was loaded from file infograph_alternative_optimized-97515-a16859b467\0043.png
Trace|Loading image 44...
Trace|Image was loaded from file infograph_alternative_optimized-97515-a16859b467\0044.png
Trace|Loading image 45...
Trace|Image was loaded from file infograph_alternative_optimized-97515-a16859b467\0045.png
Trace|Loading image 46...
Trace|Image was loaded from file infograph_alternative_optimized-97515-a16859b467\0046.png
Trace|Loading image 47...
Trace|Image was loaded from file infograph_alternative_optimized-97515-a16859b467\0047.png
Trace|Loading image 48...
Trace|Image was loaded from file infograph_alternative_optimized-97515-a16859b467\0048.png
Trace|Loading image 49...
Trace|Image was loaded from file infograph_alternative_optimized-97515-a16859b467\0049.png
Trace|Loading resources for 5.5 'ImageSet'
Trace|Loading resources for 5.6 'ImageSet'
Trace|Loading resources for 6 'Weather'
Trace|Loading resources for 6.1 'WeatherIcon'
Trace|Loading resources for 6.1.2 'CustomWeatherIcon'
Trace|Loading image 4...
Trace|Image was loaded from file infograph_alternative_optimized-97515-a16859b467\0004.png
Trace|Loading image 5...
Trace|Image was loaded from file infograph_alternative_optimized-97515-a16859b467\0005.png
Trace|Loading image 6...
Trace|Image was loaded from file infograph_alternative_optimized-97515-a16859b467\0006.png
Trace|Loading image 7...
Trace|Image was loaded from file infograph_alternative_optimized-97515-a16859b467\0007.png
Trace|Loading image 8...
Trace|Image was loaded from file infograph_alternative_optimized-97515-a16859b467\0008.png
Trace|Loading image 9...
Trace|Image was loaded from file infograph_alternative_optimized-97515-a16859b467\0009.png
Trace|Loading image 10...
Trace|Image was loaded from file infograph_alternative_optimized-97515-a16859b467\0010.png
Trace|Loading image 11...
Trace|Image was loaded from file infograph_alternative_optimized-97515-a16859b467\0011.png
Trace|Loading image 12...
Trace|Image was loaded from file infograph_alternative_optimized-97515-a16859b467\0012.png
Trace|Loading image 13...
Trace|Image was loaded from file infograph_alternative_optimized-97515-a16859b467\0013.png
Trace|Loading image 14...
Trace|Image was loaded from file infograph_alternative_optimized-97515-a16859b467\0014.png
Trace|Loading image 15...
Trace|Image was loaded from file infograph_alternative_optimized-97515-a16859b467\0015.png
Trace|Loading image 16...
Trace|Image was loaded from file infograph_alternative_optimized-97515-a16859b467\0016.png
Trace|Loading image 17...
Trace|Image was loaded from file infograph_alternative_optimized-97515-a16859b467\0017.png
Trace|Loading image 18...
Trace|Image was loaded from file infograph_alternative_optimized-97515-a16859b467\0018.png
Trace|Loading image 19...
Trace|Image was loaded from file infograph_alternative_optimized-97515-a16859b467\0019.png
Trace|Loading image 20...
Trace|Image was loaded from file infograph_alternative_optimized-97515-a16859b467\0020.png
Trace|Loading image 21...
Trace|Image was loaded from file infograph_alternative_optimized-97515-a16859b467\0021.png
Trace|Loading image 22...
Trace|Image was loaded from file infograph_alternative_optimized-97515-a16859b467\0022.png
Trace|Loading image 23...
Trace|Image was loaded from file infograph_alternative_optimized-97515-a16859b467\0023.png
Trace|Loading image 24...
Trace|Image was loaded from file infograph_alternative_optimized-97515-a16859b467\0024.png
Trace|Loading image 25...
Trace|Image was loaded from file infograph_alternative_optimized-97515-a16859b467\0025.png
Trace|Loading image 26...
Trace|Image was loaded from file infograph_alternative_optimized-97515-a16859b467\0026.png
Trace|Loading image 27...
Trace|Image was loaded from file infograph_alternative_optimized-97515-a16859b467\0027.png
Trace|Loading image 28...
Trace|Image was loaded from file infograph_alternative_optimized-97515-a16859b467\0028.png
Trace|Loading image 29...
Trace|Image was loaded from file infograph_alternative_optimized-97515-a16859b467\0029.png
Trace|Loading resources for 6.1.3 'XY'
Trace|Loading resources for 6.1.4 'XY'
Trace|Loading resources for 6.4 'Humidity'
Trace|Loading resources for 6.4.1 'Number'
Trace|Loading resources for 6.4.1.5 'TextAlignment'
Trace|Loading image 104...
Trace|Image was loaded from file infograph_alternative_optimized-97515-a16859b467\0104.png
Trace|Loading resources for 7 'StepsProgress'
Trace|Loading resources for 7.3 'Scale'
Trace|Loading image 94...
Trace|Image was loaded from file infograph_alternative_optimized-97515-a16859b467\0094.png
Trace|Loading image 95...
Trace|Image was loaded from file infograph_alternative_optimized-97515-a16859b467\0095.png
Trace|Loading image 96...
Trace|Image was loaded from file infograph_alternative_optimized-97515-a16859b467\0096.png
Trace|Loading image 97...
Trace|Image was loaded from file infograph_alternative_optimized-97515-a16859b467\0097.png
Trace|Loading image 98...
Trace|Image was loaded from file infograph_alternative_optimized-97515-a16859b467\0098.png
Trace|Loading image 99...
Trace|Image was loaded from file infograph_alternative_optimized-97515-a16859b467\0099.png
Trace|Loading image 100...
Trace|Image was loaded from file infograph_alternative_optimized-97515-a16859b467\0100.png
Trace|Loading image 101...
Trace|Image was loaded from file infograph_alternative_optimized-97515-a16859b467\0101.png
Trace|Loading image 102...
Trace|Image was loaded from file infograph_alternative_optimized-97515-a16859b467\0102.png
Trace|Loading image 103...
Trace|Image was loaded from file infograph_alternative_optimized-97515-a16859b467\0103.png
Trace|Loading resources for 8 'Status'
Trace|Loading resources for 8.1 'Switch'
Trace|Loading resources for 8.1.1 'XY'
Trace|Loading image 1...
Trace|Image was loaded from file infograph_alternative_optimized-97515-a16859b467\0001.png
Trace|Loading resources for 8.2 'Switch'
Trace|Loading resources for 8.2.1 'XY'
Trace|Loading image 0...
Trace|Image was loaded from file infograph_alternative_optimized-97515-a16859b467\0000.png
Trace|Loading resources for 8.3 'Switch'
Trace|Loading resources for 8.3.1 'XY'
Trace|Loading image 2...
Trace|Image was loaded from file infograph_alternative_optimized-97515-a16859b467\0002.png
Trace|Loading resources for 9 'Battery'
Trace|Loading resources for 9.1 'BatteryTextWrapper'
Trace|Loading resources for 9.1.1 'Number'
Trace|Loading resources for 9.1.1.5 'TextAlignment'
Trace|Loading image 72...
Trace|Image was loaded from file infograph_alternative_optimized-97515-a16859b467\0072.png
Trace|Loading image 73...
Trace|Image was loaded from file infograph_alternative_optimized-97515-a16859b467\0073.png
Trace|Loading image 74...
Trace|Image was loaded from file infograph_alternative_optimized-97515-a16859b467\0074.png
Trace|Loading image 75...
Trace|Image was loaded from file infograph_alternative_optimized-97515-a16859b467\0075.png
Trace|Loading image 76...
Trace|Image was loaded from file infograph_alternative_optimized-97515-a16859b467\0076.png
Trace|Loading image 77...
Trace|Image was loaded from file infograph_alternative_optimized-97515-a16859b467\0077.png
Trace|Loading image 78...
Trace|Image was loaded from file infograph_alternative_optimized-97515-a16859b467\0078.png
Trace|Loading image 79...
Trace|Image was loaded from file infograph_alternative_optimized-97515-a16859b467\0079.png
Trace|Loading image 80...
Trace|Image was loaded from file infograph_alternative_optimized-97515-a16859b467\0080.png
Trace|Loading image 81...
Trace|Image was loaded from file infograph_alternative_optimized-97515-a16859b467\0081.png
Trace|Loading image 82...
Trace|Image was loaded from file infograph_alternative_optimized-97515-a16859b467\0082.png
Trace|Loading resources for 9.2 'ImageSet'
Trace|Loading image 83...
Trace|Image was loaded from file infograph_alternative_optimized-97515-a16859b467\0083.png
Trace|Loading image 84...
Trace|Image was loaded from file infograph_alternative_optimized-97515-a16859b467\0084.png
Trace|Loading image 85...
Trace|Image was loaded from file infograph_alternative_optimized-97515-a16859b467\0085.png
Trace|Loading image 86...
Trace|Image was loaded from file infograph_alternative_optimized-97515-a16859b467\0086.png
Trace|Loading image 87...
Trace|Image was loaded from file infograph_alternative_optimized-97515-a16859b467\0087.png
Trace|Loading image 88...
Trace|Image was loaded from file infograph_alternative_optimized-97515-a16859b467\0088.png
Trace|Loading image 89...
Trace|Image was loaded from file infograph_alternative_optimized-97515-a16859b467\0089.png
Trace|Loading image 90...
Trace|Image was loaded from file infograph_alternative_optimized-97515-a16859b467\0090.png
Trace|Loading image 91...
Trace|Image was loaded from file infograph_alternative_optimized-97515-a16859b467\0091.png
Trace|Loading image 92...
Trace|Image was loaded from file infograph_alternative_optimized-97515-a16859b467\0092.png
Trace|Loading resources for 10 'AnalogDialFace'
Trace|Loading resources for 10.1 'ClockHand'
Trace|Loading resources for 10.1.1 'Boolean'
Trace|Loading resources for 10.1.3 'XY'
Trace|Loading resources for 10.2 'ClockHand'
Trace|Loading resources for 10.2.1 'Boolean'
Trace|Loading resources for 10.2.3 'XY'
Trace|Loading resources for 10.2.5 'ImageBasic'
Trace|Loading image 30...
Trace|Image was loaded from file infograph_alternative_optimized-97515-a16859b467\0030.png
Trace|Verifiying Resources...
Trace|Building parameters for watch face...
Trace|2.1.1 'X': 13
Trace|2.1.2 'Y': 96
Trace|2.1.3 'ImageIndex': 3
Trace|2.1 'Image'
Trace|2.3.1 'X': 31
Trace|2.3.2 'Y': 113
Trace|2.3.3 'ImageIndex': 128
Trace|2.3 'Preview1'
Trace|2.4.1 'X': 31
Trace|2.4.2 'Y': 113
Trace|2.4.3 'ImageIndex': 128
Trace|2.4 'Preview2'
Trace|2.5.1 'X': 31
Trace|2.5.2 'Y': 113
Trace|2.5.3 'ImageIndex': 128
Trace|2.5 'Preview3'
Trace|2 'Background'
Trace|3.1.1.1 'X': 39
Trace|3.1.1.2 'Y': 181
Trace|3.1.1.3 'ImageIndex': 105
Trace|3.1.1.4 'ImagesCount': 3
Trace|3.1.1 'Tens'
Trace|3.1.2.1 'X': 55
Trace|3.1.2.2 'Y': 181
Trace|3.1.2.3 'ImageIndex': 108
Trace|3.1.2.4 'ImagesCount': 10
Trace|3.1.2 'Ones'
Trace|3.1 'Hours'
Trace|3.2.1.1 'X': 80
Trace|3.2.1.2 'Y': 181
Trace|3.2.1.3 'ImageIndex': 108
Trace|3.2.1.4 'ImagesCount': 6
Trace|3.2.1 'Tens'
Trace|3.2.2.1 'X': 96
Trace|3.2.2.2 'Y': 181
Trace|3.2.2.3 'ImageIndex': 108
Trace|3.2.2.4 'ImagesCount': 10
Trace|3.2.2 'Ones'
Trace|3.2 'Minutes'
Trace|3.11 'UnknownV11': 0
Trace|3 'Time'
Trace|4.1.1.1 'TopLeftX': 92
Trace|4.1.1.2 'TopLeftY': 354
Trace|4.1.1.3 'BottomRightX': 13
Trace|4.1.1.4 'BottomRightY': 396
Trace|4.1.1.5 'Alignment': 2
Trace|4.1.1.6 'SpacingX': -5
Trace|4.1.1.7 'SpacingY': -5
Trace|4.1.1.8 'ImageIndex': 32
Trace|4.1.1.9 'ImagesCount': 10
Trace|4.1.1 'Number'
Trace|4.1 'Steps'
Trace|4.4.1.1 'TopLeftX': 25
Trace|4.4.1.2 'TopLeftY': 237
Trace|4.4.1.3 'BottomRightX': 67
Trace|4.4.1.4 'BottomRightY': 96
Trace|4.4.1.5 'Alignment': 72
Trace|4.4.1.6 'SpacingX': -1
Trace|4.4.1.7 'SpacingY': 0
Trace|4.4.1.8 'ImageIndex': 118
Trace|4.4.1.9 'ImagesCount': 10
Trace|4.4.1 'Number'
Trace|4.4.3 'NoDataImageIndex': 42
Trace|4.4 'Pulse'
Trace|4.5.1.1 'TopLeftX': 13
Trace|4.5.1.2 'TopLeftY': 119
Trace|4.5.1.3 'BottomRightX': 73
Trace|4.5.1.4 'BottomRightY': 146
Trace|4.5.1.5 'Alignment': 2
Trace|4.5.1.6 'SpacingX': -5
Trace|4.5.1.7 'SpacingY': -5
Trace|4.5.1.8 'ImageIndex': 32
Trace|4.5.1.9 'ImagesCount': 10
Trace|4.5.1 'Number'
Trace|4.5.2 'KmSuffixImageIndex': 93
Trace|4.5.3 'DecimalPointImageIndex': 31
Trace|4.5.4 'MilesSuffixImageIndex': 93
Trace|4.5 'Distance'
Trace|4.7 'UnknownV7': 0
Trace|4 'Activity'
Trace|5.1.1.2.1 'X': 97
Trace|5.1.1.2.2 'Y': 130
Trace|5.1.1.2.3 'ImageIndex': 50
Trace|5.1.1.2.4 'ImagesCount': 12
Trace|5.1.1.2 'MonthsEN'
Trace|5.1.1.3.1 'X': 97
Trace|5.1.1.3.2 'Y': 130
Trace|5.1.1.3.3 'ImageIndex': 50
Trace|5.1.1.3.4 'ImagesCount': 12
Trace|5.1.1.3 'MonthsCN'
Trace|5.1.1.4.1 'TopLeftX': 78
Trace|5.1.1.4.2 'TopLeftY': 123
Trace|5.1.1.4.3 'BottomRightX': 13
Trace|5.1.1.4.4 'BottomRightY': 96
Trace|5.1.1.4.5 'Alignment': 2
Trace|5.1.1.4.6 'SpacingX': -3
Trace|5.1.1.4.7 'SpacingY': 2
Trace|5.1.1.4.8 'ImageIndex': 62
Trace|5.1.1.4.9 'ImagesCount': 10
Trace|5.1.1.4 'Day'
Trace|5.1.1 'Separate'
Trace|5.1.4 'TwoDigitsMonth': 0
Trace|5.1.5 'TwoDigitsDay': 1
Trace|5.1 'MonthAndDayAndYear'
Trace|5.4.1 'X': 96
Trace|5.4.2 'Y': 109
Trace|5.4.3 'ImageIndex': 43
Trace|5.4.4 'ImagesCount': 7
Trace|5.4 'ENWeekDays'
Trace|5.5.1 'X': 96
Trace|5.5.2 'Y': 109
Trace|5.5.3 'ImageIndex': 43
Trace|5.5.4 'ImagesCount': 7
Trace|5.5 'CNWeekDays'
Trace|5.6.1 'X': 96
Trace|5.6.2 'Y': 109
Trace|5.6.3 'ImageIndex': 43
Trace|5.6.4 'ImagesCount': 7
Trace|5.6 'CN2WeekDays'
Trace|5 'Date'
Trace|6.1.2.1 'X': 60
Trace|6.1.2.2 'Y': 280
Trace|6.1.2.3 'ImageIndex': 4
Trace|6.1.2.4 'ImagesCount': 26
Trace|6.1.2 'CustomIcon'
Trace|6.1.3.1 'X': 60
Trace|6.1.3.2 'Y': 280
Trace|6.1.3 'Unknown3'
Trace|6.1.4.1 'X': 60
Trace|6.1.4.2 'Y': 280
Trace|6.1.4 'Unknown4'
Trace|6.1 'Icon'
Trace|6.4.1.1 'TopLeftX': 79
Trace|6.4.1.2 'TopLeftY': 237
Trace|6.4.1.3 'BottomRightX': 133
Trace|6.4.1.4 'BottomRightY': 96
Trace|6.4.1.5 'Alignment': 72
Trace|6.4.1.6 'SpacingX': -1
Trace|6.4.1.7 'SpacingY': 0
Trace|6.4.1.8 'ImageIndex': 118
Trace|6.4.1.9 'ImagesCount': 10
Trace|6.4.1 'Text'
Trace|6.4.2 'SuffixImageIndex': 104
Trace|6.4 'Humidity'
Trace|6 'Weather'
Trace|7.3.1 'StartImageIndex': 94
Trace|7.3.2 'Segments'
Trace|7.3.2.1 'X': 79
Trace|7.3.2.2 'Y': 326
Trace|7.3.2 'Segments'
Trace|7.3.2.1 'X': 79
Trace|7.3.2.2 'Y': 326
Trace|7.3.2 'Segments'
Trace|7.3.2.1 'X': 79
Trace|7.3.2.2 'Y': 326
Trace|7.3.2 'Segments'
Trace|7.3.2.1 'X': 79
Trace|7.3.2.2 'Y': 326
Trace|7.3.2 'Segments'
Trace|7.3.2.1 'X': 79
Trace|7.3.2.2 'Y': 326
Trace|7.3.2 'Segments'
Trace|7.3.2.1 'X': 79
Trace|7.3.2.2 'Y': 326
Trace|7.3.2 'Segments'
Trace|7.3.2.1 'X': 79
Trace|7.3.2.2 'Y': 326
Trace|7.3.2 'Segments'
Trace|7.3.2.1 'X': 79
Trace|7.3.2.2 'Y': 326
Trace|7.3.2 'Segments'
Trace|7.3.2.1 'X': 79
Trace|7.3.2.2 'Y': 326
Trace|7.3.2 'Segments'
Trace|7.3.2.1 'X': 79
Trace|7.3.2.2 'Y': 326
Trace|7.3 'Linear'
Trace|7 'StepsProgress'
Trace|8.1.1.1 'X': 64
Trace|8.1.1.2 'Y': 95
Trace|8.1.1 'Coordinates'
Trace|8.1.2 'ImageIndexOn': 1
Trace|8.1 'DoNotDisturb'
Trace|8.2.1.1 'X': 64
Trace|8.2.1.2 'Y': 95
Trace|8.2.1 'Coordinates'
Trace|8.2.3 'ImageIndexOff': 0
Trace|8.2 'Lock'
Trace|8.3.1.1 'X': 64
Trace|8.3.1.2 'Y': 95
Trace|8.3.1 'Coordinates'
Trace|8.3.3 'ImageIndexOff': 2
Trace|8.3 'Bluetooth'
Trace|8 'Status'
Trace|9.1.1.1 'TopLeftX': 13
Trace|9.1.1.2 'TopLeftY': 351
Trace|9.1.1.3 'BottomRightX': 56
Trace|9.1.1.4 'BottomRightY': 96
Trace|9.1.1.5 'Alignment': 2
Trace|9.1.1.6 'SpacingX': -6
Trace|9.1.1.7 'SpacingY': 6
Trace|9.1.1.8 'ImageIndex': 72
Trace|9.1.1.9 'ImagesCount': 10
Trace|9.1.1 'Coordinates'
Trace|9.1.4 'SuffixImageIndex': 82
Trace|9.1 'BatteryText'
Trace|9.2.1 'X': 13
Trace|9.2.2 'Y': 326
Trace|9.2.3 'ImageIndex': 83
Trace|9.2.4 'ImagesCount': 10
Trace|9.2 'BatteryIcon'
Trace|9 'Battery'
Trace|10.1.1 'OnlyBorder': 0
Trace|10.1.2 'Color': 16777215
Trace|10.1.3.1 'X': 76
Trace|10.1.3.2 'Y': 245
Trace|10.1.3 'Center'
Trace|10.1.4 'Shape'
Trace|10.1.4.1 'X': 2
Trace|10.1.4.2 'Y': -2
Trace|10.1.4 'Shape'
Trace|10.1.4.1 'X': 38
Trace|10.1.4.2 'Y': -2
Trace|10.1.4 'Shape'
Trace|10.1.4.1 'X': 40
Trace|10.1.4.2 'Y': 0
Trace|10.1.4 'Shape'
Trace|10.1.4.1 'X': 38
Trace|10.1.4.2 'Y': 3
Trace|10.1.4 'Shape'
Trace|10.1.4.1 'X': 2
Trace|10.1.4.2 'Y': 3
Trace|10.1 'Hours'
Trace|10.2.1 'OnlyBorder': 0
Trace|10.2.2 'Color': 16777215
Trace|10.2.3.1 'X': 76
Trace|10.2.3.2 'Y': 245
Trace|10.2.3 'Center'
Trace|10.2.4 'Shape'
Trace|10.2.4.1 'X': 2
Trace|10.2.4.2 'Y': -2
Trace|10.2.4 'Shape'
Trace|10.2.4.1 'X': 62
Trace|10.2.4.2 'Y': -2
Trace|10.2.4 'Shape'
Trace|10.2.4.1 'X': 64
Trace|10.2.4.2 'Y': 0
Trace|10.2.4 'Shape'
Trace|10.2.4.1 'X': 62
Trace|10.2.4.2 'Y': 3
Trace|10.2.4 'Shape'
Trace|10.2.4.1 'X': 2
Trace|10.2.4.2 'Y': 3
Trace|10.2.5.1 'X': 71
Trace|10.2.5.2 'Y': 240
Trace|10.2.5.3 'ImageIndex': 30
Trace|10.2.5 'CenterImage'
Trace|10.2 'Minutes'
Trace|10 'AnalogDialFace'
Debug|Generating previews...
Debug|Writing watch face to 'infograph_alternative_optimized-97515-a16859b467\infograph_alternative_optimized-97515-a16859b467_packed.bin'
Trace|Encoding parameters...
Trace|Parameter: 2
Trace|1 (0A):
Trace|    1 (08): 13 (0D)
Trace|    2 (10): 96 (60)
Trace|    3 (18): 3 (03)
Trace|8 bytes
Trace|3 (1A):
Trace|    1 (08): 31 (1F)
Trace|    2 (10): 113 (71)
Trace|    3 (18): 128 (80)
Trace|9 bytes
Trace|4 (22):
Trace|    1 (08): 31 (1F)
Trace|    2 (10): 113 (71)
Trace|    3 (18): 128 (80)
Trace|9 bytes
Trace|5 (2A):
Trace|    1 (08): 31 (1F)
Trace|    2 (10): 113 (71)
Trace|    3 (18): 128 (80)
Trace|9 bytes
Trace|Parameter: 3
Trace|1 (0A):
Trace|    1 (0A):
Trace|        1 (08): 39 (27)
Trace|        2 (10): 181 (B5)
Trace|        3 (18): 105 (69)
Trace|        4 (20): 3 (03)
Trace|    11 bytes
Trace|    2 (12):
Trace|        1 (08): 55 (37)
Trace|        2 (10): 181 (B5)
Trace|        3 (18): 108 (6C)
Trace|        4 (20): 10 (0A)
Trace|    11 bytes
Trace|24 bytes
Trace|2 (12):
Trace|    1 (0A):
Trace|        1 (08): 80 (50)
Trace|        2 (10): 181 (B5)
Trace|        3 (18): 108 (6C)
Trace|        4 (20): 6 (06)
Trace|    11 bytes
Trace|    2 (12):
Trace|        1 (08): 96 (60)
Trace|        2 (10): 181 (B5)
Trace|        3 (18): 108 (6C)
Trace|        4 (20): 10 (0A)
Trace|    11 bytes
Trace|24 bytes
Trace|11 (58): 0 (00)
Trace|Parameter: 4
Trace|1 (0A):
Trace|    1 (0A):
Trace|        1 (08): 92 (5C)
Trace|        2 (10): 354 (162)
Trace|        3 (18): 13 (0D)
Trace|        4 (20): 396 (18C)
Trace|        5 (28): 2 (02)
Trace|        6 (30): -5 (FFFFFFFFFFFFFFFB)
Trace|        7 (38): -5 (FFFFFFFFFFFFFFFB)
Trace|        8 (40): 32 (20)
Trace|        9 (48): 10 (0A)
Trace|    40 bytes
Trace|42 bytes
Trace|4 (22):
Trace|    1 (0A):
Trace|        1 (08): 25 (19)
Trace|        2 (10): 237 (ED)
Trace|        3 (18): 67 (43)
Trace|        4 (20): 96 (60)
Trace|        5 (28): 72 (48)
Trace|        6 (30): -1 (FFFFFFFFFFFFFFFF)
Trace|        7 (38): 0 (00)
Trace|        8 (40): 118 (76)
Trace|        9 (48): 10 (0A)
Trace|    30 bytes
Trace|    3 (18): 42 (2A)
Trace|34 bytes
Trace|5 (2A):
Trace|    1 (0A):
Trace|        1 (08): 13 (0D)
Trace|        2 (10): 119 (77)
Trace|        3 (18): 73 (49)
Trace|        4 (20): 146 (92)
Trace|        5 (28): 2 (02)
Trace|        6 (30): -5 (FFFFFFFFFFFFFFFB)
Trace|        7 (38): -5 (FFFFFFFFFFFFFFFB)
Trace|        8 (40): 32 (20)
Trace|        9 (48): 10 (0A)
Trace|    39 bytes
Trace|    2 (10): 93 (5D)
Trace|    3 (18): 31 (1F)
Trace|    4 (20): 93 (5D)
Trace|47 bytes
Trace|7 (38): 0 (00)
Trace|Parameter: 5
Trace|1 (0A):
Trace|    1 (0A):
Trace|        2 (12):
Trace|            1 (08): 97 (61)
Trace|            2 (10): 130 (82)
Trace|            3 (18): 50 (32)
Trace|            4 (20): 12 (0C)
Trace|        11 bytes
Trace|        3 (1A):
Trace|            1 (08): 97 (61)
Trace|            2 (10): 130 (82)
Trace|            3 (18): 50 (32)
Trace|            4 (20): 12 (0C)
Trace|        11 bytes
Trace|        4 (22):
Trace|            1 (08): 78 (4E)
Trace|            2 (10): 123 (7B)
Trace|            3 (18): 13 (0D)
Trace|            4 (20): 96 (60)
Trace|            5 (28): 2 (02)
Trace|            6 (30): -3 (FFFFFFFFFFFFFFFD)
Trace|            7 (38): 2 (02)
Trace|            8 (40): 62 (3E)
Trace|            9 (48): 10 (0A)
Trace|        29 bytes
Trace|    53 bytes
Trace|    4 (20): 0 (00)
Trace|    5 (28): 1 (01)
Trace|59 bytes
Trace|4 (22):
Trace|    1 (08): 96 (60)
Trace|    2 (10): 109 (6D)
Trace|    3 (18): 43 (2B)
Trace|    4 (20): 7 (07)
Trace|10 bytes
Trace|5 (2A):
Trace|    1 (08): 96 (60)
Trace|    2 (10): 109 (6D)
Trace|    3 (18): 43 (2B)
Trace|    4 (20): 7 (07)
Trace|10 bytes
Trace|6 (32):
Trace|    1 (08): 96 (60)
Trace|    2 (10): 109 (6D)
Trace|    3 (18): 43 (2B)
Trace|    4 (20): 7 (07)
Trace|10 bytes
Trace|Parameter: 6
Trace|1 (0A):
Trace|    2 (12):
Trace|        1 (08): 60 (3C)
Trace|        2 (10): 280 (118)
Trace|        3 (18): 4 (04)
Trace|        4 (20): 26 (1A)
Trace|    11 bytes
Trace|    3 (1A):
Trace|        1 (08): 60 (3C)
Trace|        2 (10): 280 (118)
Trace|    7 bytes
Trace|    4 (22):
Trace|        1 (08): 60 (3C)
Trace|        2 (10): 280 (118)
Trace|    7 bytes
Trace|27 bytes
Trace|4 (22):
Trace|    1 (0A):
Trace|        1 (08): 79 (4F)
Trace|        2 (10): 237 (ED)
Trace|        3 (18): 133 (85)
Trace|        4 (20): 96 (60)
Trace|        5 (28): 72 (48)
Trace|        6 (30): -1 (FFFFFFFFFFFFFFFF)
Trace|        7 (38): 0 (00)
Trace|        8 (40): 118 (76)
Trace|        9 (48): 10 (0A)
Trace|    31 bytes
Trace|    2 (10): 104 (68)
Trace|35 bytes
Trace|Parameter: 7
Trace|3 (1A):
Trace|    1 (08): 94 (5E)
Trace|    2 (12):
Trace|        1 (08): 79 (4F)
Trace|        2 (10): 326 (146)
Trace|    7 bytes
Trace|    2 (12):
Trace|        1 (08): 79 (4F)
Trace|        2 (10): 326 (146)
Trace|    7 bytes
Trace|    2 (12):
Trace|        1 (08): 79 (4F)
Trace|        2 (10): 326 (146)
Trace|    7 bytes
Trace|    2 (12):
Trace|        1 (08): 79 (4F)
Trace|        2 (10): 326 (146)
Trace|    7 bytes
Trace|    2 (12):
Trace|        1 (08): 79 (4F)
Trace|        2 (10): 326 (146)
Trace|    7 bytes
Trace|    2 (12):
Trace|        1 (08): 79 (4F)
Trace|        2 (10): 326 (146)
Trace|    7 bytes
Trace|    2 (12):
Trace|        1 (08): 79 (4F)
Trace|        2 (10): 326 (146)
Trace|    7 bytes
Trace|    2 (12):
Trace|        1 (08): 79 (4F)
Trace|        2 (10): 326 (146)
Trace|    7 bytes
Trace|    2 (12):
Trace|        1 (08): 79 (4F)
Trace|        2 (10): 326 (146)
Trace|    7 bytes
Trace|    2 (12):
Trace|        1 (08): 79 (4F)
Trace|        2 (10): 326 (146)
Trace|    7 bytes
Trace|74 bytes
Trace|Parameter: 8
Trace|1 (0A):
Trace|    1 (0A):
Trace|        1 (08): 64 (40)
Trace|        2 (10): 95 (5F)
Trace|    6 bytes
Trace|    2 (10): 1 (01)
Trace|10 bytes
Trace|2 (12):
Trace|    1 (0A):
Trace|        1 (08): 64 (40)
Trace|        2 (10): 95 (5F)
Trace|    6 bytes
Trace|    3 (18): 0 (00)
Trace|10 bytes
Trace|3 (1A):
Trace|    1 (0A):
Trace|        1 (08): 64 (40)
Trace|        2 (10): 95 (5F)
Trace|    6 bytes
Trace|    3 (18): 2 (02)
Trace|10 bytes
Trace|Parameter: 9
Trace|1 (0A):
Trace|    1 (0A):
Trace|        1 (08): 13 (0D)
Trace|        2 (10): 351 (15F)
Trace|        3 (18): 56 (38)
Trace|        4 (20): 96 (60)
Trace|        5 (28): 2 (02)
Trace|        6 (30): -6 (FFFFFFFFFFFFFFFA)
Trace|        7 (38): 6 (06)
Trace|        8 (40): 72 (48)
Trace|        9 (48): 10 (0A)
Trace|    30 bytes
Trace|    4 (20): 82 (52)
Trace|34 bytes
Trace|2 (12):
Trace|    1 (08): 13 (0D)
Trace|    2 (10): 326 (146)
Trace|    3 (18): 83 (53)
Trace|    4 (20): 10 (0A)
Trace|11 bytes
Trace|Parameter: 10
Trace|1 (0A):
Trace|    1 (08): 0 (00)
Trace|    2 (10): 16777215 (FFFFFF)
Trace|    3 (1A):
Trace|        1 (08): 76 (4C)
Trace|        2 (10): 245 (F5)
Trace|    7 bytes
Trace|    4 (22):
Trace|        1 (08): 2 (02)
Trace|        2 (10): -2 (FFFFFFFFFFFFFFFE)
Trace|    15 bytes
Trace|    4 (22):
Trace|        1 (08): 38 (26)
Trace|        2 (10): -2 (FFFFFFFFFFFFFFFE)
Trace|    15 bytes
Trace|    4 (22):
Trace|        1 (08): 40 (28)
Trace|        2 (10): 0 (00)
Trace|    6 bytes
Trace|    4 (22):
Trace|        1 (08): 38 (26)
Trace|        2 (10): 3 (03)
Trace|    6 bytes
Trace|    4 (22):
Trace|        1 (08): 2 (02)
Trace|        2 (10): 3 (03)
Trace|    6 bytes
Trace|64 bytes
Trace|2 (12):
Trace|    1 (08): 0 (00)
Trace|    2 (10): 16777215 (FFFFFF)
Trace|    3 (1A):
Trace|        1 (08): 76 (4C)
Trace|        2 (10): 245 (F5)
Trace|    7 bytes
Trace|    4 (22):
Trace|        1 (08): 2 (02)
Trace|        2 (10): -2 (FFFFFFFFFFFFFFFE)
Trace|    15 bytes
Trace|    4 (22):
Trace|        1 (08): 62 (3E)
Trace|        2 (10): -2 (FFFFFFFFFFFFFFFE)
Trace|    15 bytes
Trace|    4 (22):
Trace|        1 (08): 64 (40)
Trace|        2 (10): 0 (00)
Trace|    6 bytes
Trace|    4 (22):
Trace|        1 (08): 62 (3E)
Trace|        2 (10): 3 (03)
Trace|    6 bytes
Trace|    4 (22):
Trace|        1 (08): 2 (02)
Trace|        2 (10): 3 (03)
Trace|    6 bytes
Trace|    5 (2A):
Trace|        1 (08): 71 (47)
Trace|        2 (10): 240 (F0)
Trace|        3 (18): 30 (1E)
Trace|    9 bytes
Trace|73 bytes
Trace|Encoding offsets and lengths...
Trace|1 (0A):
Trace|    1 (08): 647 (287)
Trace|    2 (10): 129 (81)
Trace|8 bytes
Trace|2 (12):
Trace|    1 (08): 0 (00)
Trace|    2 (10): 35 (23)
Trace|6 bytes
Trace|3 (1A):
Trace|    1 (08): 35 (23)
Trace|    2 (10): 50 (32)
Trace|6 bytes
Trace|4 (22):
Trace|    1 (08): 85 (55)
Trace|    2 (10): 125 (7D)
Trace|6 bytes
Trace|5 (2A):
Trace|    1 (08): 210 (D2)
Trace|    2 (10): 89 (59)
Trace|7 bytes
Trace|6 (32):
Trace|    1 (08): 299 (12B)
Trace|    2 (10): 62 (3E)
Trace|7 bytes
Trace|7 (3A):
Trace|    1 (08): 361 (169)
Trace|    2 (10): 74 (4A)
Trace|7 bytes
Trace|8 (42):
Trace|    1 (08): 435 (1B3)
Trace|    2 (10): 30 (1E)
Trace|7 bytes
Trace|9 (4A):
Trace|    1 (08): 465 (1D1)
Trace|    2 (10): 45 (2D)
Trace|7 bytes
Trace|10 (52):
Trace|    1 (08): 510 (1FE)
Trace|    2 (10): 137 (89)
Trace|8 bytes
Trace|Writing header...
Trace|Writing parameters offsets and lengths...
Trace|Writing parameters...
Trace|Writing images...
Trace|Resource 0 offset is 0...
Debug|Encoding resource 0...
Trace|Writing image in Raw mode
Trace|Transparency image...
Trace|Writing image header...
Trace|Width: 23, Height: 24, RowLength: 69
Trace|BPP: 24, PaletteColors: 0, Transaparency: 0
Trace|Resource 1 offset is 1672...
Debug|Encoding resource 1...
Trace|Writing image in Raw mode
Trace|Transparency image...
Trace|Writing image header...
Trace|Width: 23, Height: 24, RowLength: 69
Trace|BPP: 24, PaletteColors: 0, Transaparency: 0
Trace|Resource 2 offset is 3344...
Debug|Encoding resource 2...
Trace|Writing image in Raw mode
Trace|Transparency image...
Trace|Writing image header...
Trace|Width: 23, Height: 24, RowLength: 69
Trace|BPP: 24, PaletteColors: 0, Transaparency: 0
Trace|Resource 3 offset is 5016...
Debug|Encoding resource 3...
Trace|Writing image in Raw mode
Trace|No Transparency image...
Trace|Writing image header...
Trace|Width: 126, Height: 294, RowLength: 252
Trace|BPP: 16, PaletteColors: 0, Transaparency: 0
Trace|Writing image...
Trace|Resource 4 offset is 79120...
Debug|Encoding resource 4...
Trace|Writing image in Raw mode
Trace|Transparency image...
Trace|Writing image header...
Trace|Width: 32, Height: 32, RowLength: 96
Trace|BPP: 24, PaletteColors: 0, Transaparency: 0
Trace|Resource 5 offset is 82208...
Debug|Encoding resource 5...
Trace|Writing image in Raw mode
Trace|Transparency image...
Trace|Writing image header...
Trace|Width: 32, Height: 32, RowLength: 96
Trace|BPP: 24, PaletteColors: 0, Transaparency: 0
Trace|Resource 6 offset is 85296...
Debug|Encoding resource 6...
Trace|Writing image in Raw mode
Trace|Transparency image...
Trace|Writing image header...
Trace|Width: 32, Height: 32, RowLength: 96
Trace|BPP: 24, PaletteColors: 0, Transaparency: 0
Trace|Resource 7 offset is 88384...
Debug|Encoding resource 7...
Trace|Writing image in Raw mode
Trace|Transparency image...
Trace|Writing image header...
Trace|Width: 32, Height: 32, RowLength: 96
Trace|BPP: 24, PaletteColors: 0, Transaparency: 0
Trace|Resource 8 offset is 91472...
Debug|Encoding resource 8...
Trace|Writing image in Raw mode
Trace|Transparency image...
Trace|Writing image header...
Trace|Width: 32, Height: 32, RowLength: 96
Trace|BPP: 24, PaletteColors: 0, Transaparency: 0
Trace|Resource 9 offset is 94560...
Debug|Encoding resource 9...
Trace|Writing image in Raw mode
Trace|Transparency image...
Trace|Writing image header...
Trace|Width: 32, Height: 32, RowLength: 96
Trace|BPP: 24, PaletteColors: 0, Transaparency: 0
Trace|Resource 10 offset is 97648...
Debug|Encoding resource 10...
Trace|Writing image in Raw mode
Trace|Transparency image...
Trace|Writing image header...
Trace|Width: 32, Height: 32, RowLength: 96
Trace|BPP: 24, PaletteColors: 0, Transaparency: 0
Trace|Resource 11 offset is 100736...
Debug|Encoding resource 11...
Trace|Writing image in Raw mode
Trace|Transparency image...
Trace|Writing image header...
Trace|Width: 32, Height: 32, RowLength: 96
Trace|BPP: 24, PaletteColors: 0, Transaparency: 0
Trace|Resource 12 offset is 103824...
Debug|Encoding resource 12...
Trace|Writing image in Raw mode
Trace|Transparency image...
Trace|Writing image header...
Trace|Width: 32, Height: 32, RowLength: 96
Trace|BPP: 24, PaletteColors: 0, Transaparency: 0
Trace|Resource 13 offset is 106912...
Debug|Encoding resource 13...
Trace|Writing image in Raw mode
Trace|Transparency image...
Trace|Writing image header...
Trace|Width: 32, Height: 32, RowLength: 96
Trace|BPP: 24, PaletteColors: 0, Transaparency: 0
Trace|Resource 14 offset is 110000...
Debug|Encoding resource 14...
Trace|Writing image in Raw mode
Trace|Transparency image...
Trace|Writing image header...
Trace|Width: 32, Height: 32, RowLength: 96
Trace|BPP: 24, PaletteColors: 0, Transaparency: 0
Trace|Resource 15 offset is 113088...
Debug|Encoding resource 15...
Trace|Writing image in Raw mode
Trace|Transparency image...
Trace|Writing image header...
Trace|Width: 32, Height: 32, RowLength: 96
Trace|BPP: 24, PaletteColors: 0, Transaparency: 0
Trace|Resource 16 offset is 116176...
Debug|Encoding resource 16...
Trace|Writing image in Raw mode
Trace|Transparency image...
Trace|Writing image header...
Trace|Width: 32, Height: 32, RowLength: 96
Trace|BPP: 24, PaletteColors: 0, Transaparency: 0
Trace|Resource 17 offset is 119264...
Debug|Encoding resource 17...
Trace|Writing image in Raw mode
Trace|Transparency image...
Trace|Writing image header...
Trace|Width: 32, Height: 32, RowLength: 96
Trace|BPP: 24, PaletteColors: 0, Transaparency: 0
Trace|Resource 18 offset is 122352...
Debug|Encoding resource 18...
Trace|Writing image in Raw mode
Trace|Transparency image...
Trace|Writing image header...
Trace|Width: 32, Height: 32, RowLength: 96
Trace|BPP: 24, PaletteColors: 0, Transaparency: 0
Trace|Resource 19 offset is 125440...
Debug|Encoding resource 19...
Trace|Writing image in Raw mode
Trace|Transparency image...
Trace|Writing image header...
Trace|Width: 32, Height: 32, RowLength: 96
Trace|BPP: 24, PaletteColors: 0, Transaparency: 0
Trace|Resource 20 offset is 128528...
Debug|Encoding resource 20...
Trace|Writing image in Raw mode
Trace|Transparency image...
Trace|Writing image header...
Trace|Width: 32, Height: 32, RowLength: 96
Trace|BPP: 24, PaletteColors: 0, Transaparency: 0
Trace|Resource 21 offset is 131616...
Debug|Encoding resource 21...
Trace|Writing image in Raw mode
Trace|Transparency image...
Trace|Writing image header...
Trace|Width: 32, Height: 32, RowLength: 96
Trace|BPP: 24, PaletteColors: 0, Transaparency: 0
Trace|Resource 22 offset is 134704...
Debug|Encoding resource 22...
Trace|Writing image in Raw mode
Trace|Transparency image...
Trace|Writing image header...
Trace|Width: 32, Height: 32, RowLength: 96
Trace|BPP: 24, PaletteColors: 0, Transaparency: 0
Trace|Resource 23 offset is 137792...
Debug|Encoding resource 23...
Trace|Writing image in Raw mode
Trace|Transparency image...
Trace|Writing image header...
Trace|Width: 32, Height: 32, RowLength: 96
Trace|BPP: 24, PaletteColors: 0, Transaparency: 0
Trace|Resource 24 offset is 140880...
Debug|Encoding resource 24...
Trace|Writing image in Raw mode
Trace|Transparency image...
Trace|Writing image header...
Trace|Width: 32, Height: 32, RowLength: 96
Trace|BPP: 24, PaletteColors: 0, Transaparency: 0
Trace|Resource 25 offset is 143968...
Debug|Encoding resource 25...
Trace|Writing image in Raw mode
Trace|Transparency image...
Trace|Writing image header...
Trace|Width: 32, Height: 32, RowLength: 96
Trace|BPP: 24, PaletteColors: 0, Transaparency: 0
Trace|Resource 26 offset is 147056...
Debug|Encoding resource 26...
Trace|Writing image in Raw mode
Trace|Transparency image...
Trace|Writing image header...
Trace|Width: 32, Height: 32, RowLength: 96
Trace|BPP: 24, PaletteColors: 0, Transaparency: 0
Trace|Resource 27 offset is 150144...
Debug|Encoding resource 27...
Trace|Writing image in Raw mode
Trace|Transparency image...
Trace|Writing image header...
Trace|Width: 32, Height: 32, RowLength: 96
Trace|BPP: 24, PaletteColors: 0, Transaparency: 0
Trace|Resource 28 offset is 153232...
Debug|Encoding resource 28...
Trace|Writing image in Raw mode
Trace|Transparency image...
Trace|Writing image header...
Trace|Width: 32, Height: 32, RowLength: 96
Trace|BPP: 24, PaletteColors: 0, Transaparency: 0
Trace|Resource 29 offset is 156320...
Debug|Encoding resource 29...
Trace|Writing image in Raw mode
Trace|Transparency image...
Trace|Writing image header...
Trace|Width: 32, Height: 32, RowLength: 96
Trace|BPP: 24, PaletteColors: 0, Transaparency: 0
Trace|Resource 30 offset is 159408...
Debug|Encoding resource 30...
Trace|Writing image in Raw mode
Trace|Transparency image...
Trace|Writing image header...
Trace|Width: 10, Height: 10, RowLength: 30
Trace|BPP: 24, PaletteColors: 0, Transaparency: 0
Trace|Resource 31 offset is 159724...
Debug|Encoding resource 31...
Trace|Writing image in Raw mode
Trace|Transparency image...
Trace|Writing image header...
Trace|Width: 11, Height: 17, RowLength: 33
Trace|BPP: 24, PaletteColors: 0, Transaparency: 0
Trace|Resource 32 offset is 160301...
Debug|Encoding resource 32...
Trace|Writing image in Raw mode
Trace|Transparency image...
Trace|Writing image header...
Trace|Width: 16, Height: 17, RowLength: 48
Trace|BPP: 24, PaletteColors: 0, Transaparency: 0
Trace|Resource 33 offset is 161133...
Debug|Encoding resource 33...
Trace|Writing image in Raw mode
Trace|Transparency image...
Trace|Writing image header...
Trace|Width: 16, Height: 17, RowLength: 48
Trace|BPP: 24, PaletteColors: 0, Transaparency: 0
Trace|Resource 34 offset is 161965...
Debug|Encoding resource 34...
Trace|Writing image in Raw mode
Trace|Transparency image...
Trace|Writing image header...
Trace|Width: 16, Height: 17, RowLength: 48
Trace|BPP: 24, PaletteColors: 0, Transaparency: 0
Trace|Resource 35 offset is 162797...
Debug|Encoding resource 35...
Trace|Writing image in Raw mode
Trace|Transparency image...
Trace|Writing image header...
Trace|Width: 16, Height: 17, RowLength: 48
Trace|BPP: 24, PaletteColors: 0, Transaparency: 0
Trace|Resource 36 offset is 163629...
Debug|Encoding resource 36...
Trace|Writing image in Raw mode
Trace|Transparency image...
Trace|Writing image header...
Trace|Width: 16, Height: 17, RowLength: 48
Trace|BPP: 24, PaletteColors: 0, Transaparency: 0
Trace|Resource 37 offset is 164461...
Debug|Encoding resource 37...
Trace|Writing image in Raw mode
Trace|Transparency image...
Trace|Writing image header...
Trace|Width: 16, Height: 17, RowLength: 48
Trace|BPP: 24, PaletteColors: 0, Transaparency: 0
Trace|Resource 38 offset is 165293...
Debug|Encoding resource 38...
Trace|Writing image in Raw mode
Trace|Transparency image...
Trace|Writing image header...
Trace|Width: 16, Height: 17, RowLength: 48
Trace|BPP: 24, PaletteColors: 0, Transaparency: 0
Trace|Resource 39 offset is 166125...
Debug|Encoding resource 39...
Trace|Writing image in Raw mode
Trace|Transparency image...
Trace|Writing image header...
Trace|Width: 16, Height: 17, RowLength: 48
Trace|BPP: 24, PaletteColors: 0, Transaparency: 0
Trace|Resource 40 offset is 166957...
Debug|Encoding resource 40...
Trace|Writing image in Raw mode
Trace|Transparency image...
Trace|Writing image header...
Trace|Width: 16, Height: 17, RowLength: 48
Trace|BPP: 24, PaletteColors: 0, Transaparency: 0
Trace|Resource 41 offset is 167789...
Debug|Encoding resource 41...
Trace|Writing image in Raw mode
Trace|Transparency image...
Trace|Writing image header...
Trace|Width: 16, Height: 17, RowLength: 48
Trace|BPP: 24, PaletteColors: 0, Transaparency: 0
Trace|Resource 42 offset is 168621...
Debug|Encoding resource 42...
Trace|Writing image in Raw mode
Trace|Transparency image...
Trace|Writing image header...
Trace|Width: 1, Height: 17, RowLength: 3
Trace|BPP: 24, PaletteColors: 0, Transaparency: 0
Trace|Resource 43 offset is 168688...
Debug|Encoding resource 43...
Trace|Writing image in Raw mode
Trace|Transparency image...
Trace|Writing image header...
Trace|Width: 45, Height: 33, RowLength: 135
Trace|BPP: 24, PaletteColors: 0, Transaparency: 0
Trace|Resource 44 offset is 173159...
Debug|Encoding resource 44...
Trace|Writing image in Raw mode
Trace|Transparency image...
Trace|Writing image header...
Trace|Width: 45, Height: 33, RowLength: 135
Trace|BPP: 24, PaletteColors: 0, Transaparency: 0
Trace|Resource 45 offset is 177630...
Debug|Encoding resource 45...
Trace|Writing image in Raw mode
Trace|Transparency image...
Trace|Writing image header...
Trace|Width: 45, Height: 33, RowLength: 135
Trace|BPP: 24, PaletteColors: 0, Transaparency: 0
Trace|Resource 46 offset is 182101...
Debug|Encoding resource 46...
Trace|Writing image in Raw mode
Trace|Transparency image...
Trace|Writing image header...
Trace|Width: 45, Height: 33, RowLength: 135
Trace|BPP: 24, PaletteColors: 0, Transaparency: 0
Trace|Resource 47 offset is 186572...
Debug|Encoding resource 47...
Trace|Writing image in Raw mode
Trace|Transparency image...
Trace|Writing image header...
Trace|Width: 45, Height: 33, RowLength: 135
Trace|BPP: 24, PaletteColors: 0, Transaparency: 0
Trace|Resource 48 offset is 191043...
Debug|Encoding resource 48...
Trace|Writing image in Raw mode
Trace|Transparency image...
Trace|Writing image header...
Trace|Width: 45, Height: 33, RowLength: 135
Trace|BPP: 24, PaletteColors: 0, Transaparency: 0
Trace|Resource 49 offset is 195514...
Debug|Encoding resource 49...
Trace|Writing image in Raw mode
Trace|Transparency image...
Trace|Writing image header...
Trace|Width: 45, Height: 33, RowLength: 135
Trace|BPP: 24, PaletteColors: 0, Transaparency: 0
Trace|Resource 50 offset is 199985...
Debug|Encoding resource 50...
Trace|Writing image in Raw mode
Trace|Transparency image...
Trace|Writing image header...
Trace|Width: 45, Height: 33, RowLength: 135
Trace|BPP: 24, PaletteColors: 0, Transaparency: 0
Trace|Resource 51 offset is 204456...
Debug|Encoding resource 51...
Trace|Writing image in Raw mode
Trace|Transparency image...
Trace|Writing image header...
Trace|Width: 45, Height: 33, RowLength: 135
Trace|BPP: 24, PaletteColors: 0, Transaparency: 0
Trace|Resource 52 offset is 208927...
Debug|Encoding resource 52...
Trace|Writing image in Raw mode
Trace|Transparency image...
Trace|Writing image header...
Trace|Width: 45, Height: 33, RowLength: 135
Trace|BPP: 24, PaletteColors: 0, Transaparency: 0
Trace|Resource 53 offset is 213398...
Debug|Encoding resource 53...
Trace|Writing image in Raw mode
Trace|Transparency image...
Trace|Writing image header...
Trace|Width: 45, Height: 33, RowLength: 135
Trace|BPP: 24, PaletteColors: 0, Transaparency: 0
Trace|Resource 54 offset is 217869...
Debug|Encoding resource 54...
Trace|Writing image in Raw mode
Trace|Transparency image...
Trace|Writing image header...
Trace|Width: 45, Height: 33, RowLength: 135
Trace|BPP: 24, PaletteColors: 0, Transaparency: 0
Trace|Resource 55 offset is 222340...
Debug|Encoding resource 55...
Trace|Writing image in Raw mode
Trace|Transparency image...
Trace|Writing image header...
Trace|Width: 45, Height: 33, RowLength: 135
Trace|BPP: 24, PaletteColors: 0, Transaparency: 0
Trace|Resource 56 offset is 226811...
Debug|Encoding resource 56...
Trace|Writing image in Raw mode
Trace|Transparency image...
Trace|Writing image header...
Trace|Width: 45, Height: 33, RowLength: 135
Trace|BPP: 24, PaletteColors: 0, Transaparency: 0
Trace|Resource 57 offset is 231282...
Debug|Encoding resource 57...
Trace|Writing image in Raw mode
Trace|Transparency image...
Trace|Writing image header...
Trace|Width: 45, Height: 33, RowLength: 135
Trace|BPP: 24, PaletteColors: 0, Transaparency: 0
Trace|Resource 58 offset is 235753...
Debug|Encoding resource 58...
Trace|Writing image in Raw mode
Trace|Transparency image...
Trace|Writing image header...
Trace|Width: 45, Height: 33, RowLength: 135
Trace|BPP: 24, PaletteColors: 0, Transaparency: 0
Trace|Resource 59 offset is 240224...
Debug|Encoding resource 59...
Trace|Writing image in Raw mode
Trace|Transparency image...
Trace|Writing image header...
Trace|Width: 45, Height: 33, RowLength: 135
Trace|BPP: 24, PaletteColors: 0, Transaparency: 0
Trace|Resource 60 offset is 244695...
Debug|Encoding resource 60...
Trace|Writing image in Raw mode
Trace|Transparency image...
Trace|Writing image header...
Trace|Width: 45, Height: 33, RowLength: 135
Trace|BPP: 24, PaletteColors: 0, Transaparency: 0
Trace|Resource 61 offset is 249166...
Debug|Encoding resource 61...
Trace|Writing image in Raw mode
Trace|Transparency image...
Trace|Writing image header...
Trace|Width: 45, Height: 33, RowLength: 135
Trace|BPP: 24, PaletteColors: 0, Transaparency: 0
Trace|Resource 62 offset is 253637...
Debug|Encoding resource 62...
Trace|Writing image in Raw mode
Trace|Transparency image...
Trace|Writing image header...
Trace|Width: 14, Height: 17, RowLength: 42
Trace|BPP: 24, PaletteColors: 0, Transaparency: 0
Trace|Resource 63 offset is 254367...
Debug|Encoding resource 63...
Trace|Writing image in Raw mode
Trace|Transparency image...
Trace|Writing image header...
Trace|Width: 14, Height: 17, RowLength: 42
Trace|BPP: 24, PaletteColors: 0, Transaparency: 0
Trace|Resource 64 offset is 255097...
Debug|Encoding resource 64...
Trace|Writing image in Raw mode
Trace|Transparency image...
Trace|Writing image header...
Trace|Width: 14, Height: 17, RowLength: 42
Trace|BPP: 24, PaletteColors: 0, Transaparency: 0
Trace|Resource 65 offset is 255827...
Debug|Encoding resource 65...
Trace|Writing image in Raw mode
Trace|Transparency image...
Trace|Writing image header...
Trace|Width: 14, Height: 17, RowLength: 42
Trace|BPP: 24, PaletteColors: 0, Transaparency: 0
Trace|Resource 66 offset is 256557...
Debug|Encoding resource 66...
Trace|Writing image in Raw mode
Trace|Transparency image...
Trace|Writing image header...
Trace|Width: 14, Height: 17, RowLength: 42
Trace|BPP: 24, PaletteColors: 0, Transaparency: 0
Trace|Resource 67 offset is 257287...
Debug|Encoding resource 67...
Trace|Writing image in Raw mode
Trace|Transparency image...
Trace|Writing image header...
Trace|Width: 14, Height: 17, RowLength: 42
Trace|BPP: 24, PaletteColors: 0, Transaparency: 0
Trace|Resource 68 offset is 258017...
Debug|Encoding resource 68...
Trace|Writing image in Raw mode
Trace|Transparency image...
Trace|Writing image header...
Trace|Width: 14, Height: 17, RowLength: 42
Trace|BPP: 24, PaletteColors: 0, Transaparency: 0
Trace|Resource 69 offset is 258747...
Debug|Encoding resource 69...
Trace|Writing image in Raw mode
Trace|Transparency image...
Trace|Writing image header...
Trace|Width: 14, Height: 17, RowLength: 42
Trace|BPP: 24, PaletteColors: 0, Transaparency: 0
Trace|Resource 70 offset is 259477...
Debug|Encoding resource 70...
Trace|Writing image in Raw mode
Trace|Transparency image...
Trace|Writing image header...
Trace|Width: 14, Height: 17, RowLength: 42
Trace|BPP: 24, PaletteColors: 0, Transaparency: 0
Trace|Resource 71 offset is 260207...
Debug|Encoding resource 71...
Trace|Writing image in Raw mode
Trace|Transparency image...
Trace|Writing image header...
Trace|Width: 14, Height: 17, RowLength: 42
Trace|BPP: 24, PaletteColors: 0, Transaparency: 0
Trace|Resource 72 offset is 260937...
Debug|Encoding resource 72...
Trace|Writing image in Raw mode
Trace|Transparency image...
Trace|Writing image header...
Trace|Width: 16, Height: 17, RowLength: 48
Trace|BPP: 24, PaletteColors: 0, Transaparency: 0
Trace|Resource 73 offset is 261769...
Debug|Encoding resource 73...
Trace|Writing image in Raw mode
Trace|Transparency image...
Trace|Writing image header...
Trace|Width: 16, Height: 17, RowLength: 48
Trace|BPP: 24, PaletteColors: 0, Transaparency: 0
Trace|Resource 74 offset is 262601...
Debug|Encoding resource 74...
Trace|Writing image in Raw mode
Trace|Transparency image...
Trace|Writing image header...
Trace|Width: 16, Height: 17, RowLength: 48
Trace|BPP: 24, PaletteColors: 0, Transaparency: 0
Trace|Resource 75 offset is 263433...
Debug|Encoding resource 75...
Trace|Writing image in Raw mode
Trace|Transparency image...
Trace|Writing image header...
Trace|Width: 16, Height: 17, RowLength: 48
Trace|BPP: 24, PaletteColors: 0, Transaparency: 0
Trace|Resource 76 offset is 264265...
Debug|Encoding resource 76...
Trace|Writing image in Raw mode
Trace|Transparency image...
Trace|Writing image header...
Trace|Width: 16, Height: 17, RowLength: 48
Trace|BPP: 24, PaletteColors: 0, Transaparency: 0
Trace|Resource 77 offset is 265097...
Debug|Encoding resource 77...
Trace|Writing image in Raw mode
Trace|Transparency image...
Trace|Writing image header...
Trace|Width: 16, Height: 17, RowLength: 48
Trace|BPP: 24, PaletteColors: 0, Transaparency: 0
Trace|Resource 78 offset is 265929...
Debug|Encoding resource 78...
Trace|Writing image in Raw mode
Trace|Transparency image...
Trace|Writing image header...
Trace|Width: 16, Height: 17, RowLength: 48
Trace|BPP: 24, PaletteColors: 0, Transaparency: 0
Trace|Resource 79 offset is 266761...
Debug|Encoding resource 79...
Trace|Writing image in Raw mode
Trace|Transparency image...
Trace|Writing image header...
Trace|Width: 16, Height: 17, RowLength: 48
Trace|BPP: 24, PaletteColors: 0, Transaparency: 0
Trace|Resource 80 offset is 267593...
Debug|Encoding resource 80...
Trace|Writing image in Raw mode
Trace|Transparency image...
Trace|Writing image header...
Trace|Width: 16, Height: 17, RowLength: 48
Trace|BPP: 24, PaletteColors: 0, Transaparency: 0
Trace|Resource 81 offset is 268425...
Debug|Encoding resource 81...
Trace|Writing image in Raw mode
Trace|Transparency image...
Trace|Writing image header...
Trace|Width: 16, Height: 17, RowLength: 48
Trace|BPP: 24, PaletteColors: 0, Transaparency: 0
Trace|Resource 82 offset is 269257...
Debug|Encoding resource 82...
Trace|Writing image in Raw mode
Trace|Transparency image...
Trace|Writing image header...
Trace|Width: 20, Height: 20, RowLength: 60
Trace|BPP: 24, PaletteColors: 0, Transaparency: 0
Trace|Resource 83 offset is 270473...
Debug|Encoding resource 83...
Trace|Writing image in Raw mode
Trace|Transparency image...
Trace|Writing image header...
Trace|Width: 60, Height: 38, RowLength: 180
Trace|BPP: 24, PaletteColors: 0, Transaparency: 0
Trace|Resource 84 offset is 277329...
Debug|Encoding resource 84...
Trace|Writing image in Raw mode
Trace|Transparency image...
Trace|Writing image header...
Trace|Width: 60, Height: 38, RowLength: 180
Trace|BPP: 24, PaletteColors: 0, Transaparency: 0
Trace|Resource 85 offset is 284185...
Debug|Encoding resource 85...
Trace|Writing image in Raw mode
Trace|Transparency image...
Trace|Writing image header...
Trace|Width: 60, Height: 38, RowLength: 180
Trace|BPP: 24, PaletteColors: 0, Transaparency: 0
Trace|Resource 86 offset is 291041...
Debug|Encoding resource 86...
Trace|Writing image in Raw mode
Trace|Transparency image...
Trace|Writing image header...
Trace|Width: 60, Height: 38, RowLength: 180
Trace|BPP: 24, PaletteColors: 0, Transaparency: 0
Trace|Resource 87 offset is 297897...
Debug|Encoding resource 87...
Trace|Writing image in Raw mode
Trace|Transparency image...
Trace|Writing image header...
Trace|Width: 60, Height: 38, RowLength: 180
Trace|BPP: 24, PaletteColors: 0, Transaparency: 0
Trace|Resource 88 offset is 304753...
Debug|Encoding resource 88...
Trace|Writing image in Raw mode
Trace|Transparency image...
Trace|Writing image header...
Trace|Width: 60, Height: 38, RowLength: 180
Trace|BPP: 24, PaletteColors: 0, Transaparency: 0
Trace|Resource 89 offset is 311609...
Debug|Encoding resource 89...
Trace|Writing image in Raw mode
Trace|Transparency image...
Trace|Writing image header...
Trace|Width: 60, Height: 38, RowLength: 180
Trace|BPP: 24, PaletteColors: 0, Transaparency: 0
Trace|Resource 90 offset is 318465...
Debug|Encoding resource 90...
Trace|Writing image in Raw mode
Trace|Transparency image...
Trace|Writing image header...
Trace|Width: 60, Height: 38, RowLength: 180
Trace|BPP: 24, PaletteColors: 0, Transaparency: 0
Trace|Resource 91 offset is 325321...
Debug|Encoding resource 91...
Trace|Writing image in Raw mode
Trace|Transparency image...
Trace|Writing image header...
Trace|Width: 60, Height: 38, RowLength: 180
Trace|BPP: 24, PaletteColors: 0, Transaparency: 0
Trace|Resource 92 offset is 332177...
Debug|Encoding resource 92...
Trace|Writing image in Raw mode
Trace|Transparency image...
Trace|Writing image header...
Trace|Width: 60, Height: 38, RowLength: 180
Trace|BPP: 24, PaletteColors: 0, Transaparency: 0
Trace|Resource 93 offset is 339033...
Debug|Encoding resource 93...
Trace|Writing image in Raw mode
Trace|Transparency image...
Trace|Writing image header...
Trace|Width: 1, Height: 17, RowLength: 3
Trace|BPP: 24, PaletteColors: 0, Transaparency: 0
Trace|Resource 94 offset is 339100...
Debug|Encoding resource 94...
Trace|Writing image in Raw mode
Trace|Transparency image...
Trace|Writing image header...
Trace|Width: 60, Height: 38, RowLength: 180
Trace|BPP: 24, PaletteColors: 0, Transaparency: 0
Trace|Resource 95 offset is 345956...
Debug|Encoding resource 95...
Trace|Writing image in Raw mode
Trace|Transparency image...
Trace|Writing image header...
Trace|Width: 60, Height: 38, RowLength: 180
Trace|BPP: 24, PaletteColors: 0, Transaparency: 0
Trace|Resource 96 offset is 352812...
Debug|Encoding resource 96...
Trace|Writing image in Raw mode
Trace|Transparency image...
Trace|Writing image header...
Trace|Width: 60, Height: 38, RowLength: 180
Trace|BPP: 24, PaletteColors: 0, Transaparency: 0
Trace|Resource 97 offset is 359668...
Debug|Encoding resource 97...
Trace|Writing image in Raw mode
Trace|Transparency image...
Trace|Writing image header...
Trace|Width: 60, Height: 38, RowLength: 180
Trace|BPP: 24, PaletteColors: 0, Transaparency: 0
Trace|Resource 98 offset is 366524...
Debug|Encoding resource 98...
Trace|Writing image in Raw mode
Trace|Transparency image...
Trace|Writing image header...
Trace|Width: 60, Height: 38, RowLength: 180
Trace|BPP: 24, PaletteColors: 0, Transaparency: 0
Trace|Resource 99 offset is 373380...
Debug|Encoding resource 99...
Trace|Writing image in Raw mode
Trace|Transparency image...
Trace|Writing image header...
Trace|Width: 60, Height: 38, RowLength: 180
Trace|BPP: 24, PaletteColors: 0, Transaparency: 0
Trace|Resource 100 offset is 380236...
Debug|Encoding resource 100...
Trace|Writing image in Raw mode
Trace|Transparency image...
Trace|Writing image header...
Trace|Width: 60, Height: 38, RowLength: 180
Trace|BPP: 24, PaletteColors: 0, Transaparency: 0
Trace|Resource 101 offset is 387092...
Debug|Encoding resource 101...
Trace|Writing image in Raw mode
Trace|Transparency image...
Trace|Writing image header...
Trace|Width: 60, Height: 38, RowLength: 180
Trace|BPP: 24, PaletteColors: 0, Transaparency: 0
Trace|Resource 102 offset is 393948...
Debug|Encoding resource 102...
Trace|Writing image in Raw mode
Trace|Transparency image...
Trace|Writing image header...
Trace|Width: 60, Height: 38, RowLength: 180
Trace|BPP: 24, PaletteColors: 0, Transaparency: 0
Trace|Resource 103 offset is 400804...
Debug|Encoding resource 103...
Trace|Writing image in Raw mode
Trace|Transparency image...
Trace|Writing image header...
Trace|Width: 60, Height: 38, RowLength: 180
Trace|BPP: 24, PaletteColors: 0, Transaparency: 0
Trace|Resource 104 offset is 407660...
Debug|Encoding resource 104...
Trace|Writing image in Raw mode
Trace|Transparency image...
Trace|Writing image header...
Trace|Width: 1, Height: 17, RowLength: 3
Trace|BPP: 24, PaletteColors: 0, Transaparency: 0
Trace|Resource 105 offset is 407727...
Debug|Encoding resource 105...
Trace|Writing image in Raw mode
Trace|Transparency image...
Trace|Writing image header...
Trace|Width: 17, Height: 20, RowLength: 51
Trace|BPP: 24, PaletteColors: 0, Transaparency: 0
Trace|Resource 106 offset is 408763...
Debug|Encoding resource 106...
Trace|Writing image in Raw mode
Trace|Transparency image...
Trace|Writing image header...
Trace|Width: 17, Height: 20, RowLength: 51
Trace|BPP: 24, PaletteColors: 0, Transaparency: 0
Trace|Resource 107 offset is 409799...
Debug|Encoding resource 107...
Trace|Writing image in Raw mode
Trace|Transparency image...
Trace|Writing image header...
Trace|Width: 17, Height: 20, RowLength: 51
Trace|BPP: 24, PaletteColors: 0, Transaparency: 0
Trace|Resource 108 offset is 410835...
Debug|Encoding resource 108...
Trace|Writing image in Raw mode
Trace|Transparency image...
Trace|Writing image header...
Trace|Width: 17, Height: 20, RowLength: 51
Trace|BPP: 24, PaletteColors: 0, Transaparency: 0
Trace|Resource 109 offset is 411871...
Debug|Encoding resource 109...
Trace|Writing image in Raw mode
Trace|Transparency image...
Trace|Writing image header...
Trace|Width: 17, Height: 20, RowLength: 51
Trace|BPP: 24, PaletteColors: 0, Transaparency: 0
Trace|Resource 110 offset is 412907...
Debug|Encoding resource 110...
Trace|Writing image in Raw mode
Trace|Transparency image...
Trace|Writing image header...
Trace|Width: 17, Height: 20, RowLength: 51
Trace|BPP: 24, PaletteColors: 0, Transaparency: 0
Trace|Resource 111 offset is 413943...
Debug|Encoding resource 111...
Trace|Writing image in Raw mode
Trace|Transparency image...
Trace|Writing image header...
Trace|Width: 17, Height: 20, RowLength: 51
Trace|BPP: 24, PaletteColors: 0, Transaparency: 0
Trace|Resource 112 offset is 414979...
Debug|Encoding resource 112...
Trace|Writing image in Raw mode
Trace|Transparency image...
Trace|Writing image header...
Trace|Width: 17, Height: 20, RowLength: 51
Trace|BPP: 24, PaletteColors: 0, Transaparency: 0
Trace|Resource 113 offset is 416015...
Debug|Encoding resource 113...
Trace|Writing image in Raw mode
Trace|Transparency image...
Trace|Writing image header...
Trace|Width: 17, Height: 20, RowLength: 51
Trace|BPP: 24, PaletteColors: 0, Transaparency: 0
Trace|Resource 114 offset is 417051...
Debug|Encoding resource 114...
Trace|Writing image in Raw mode
Trace|Transparency image...
Trace|Writing image header...
Trace|Width: 17, Height: 20, RowLength: 51
Trace|BPP: 24, PaletteColors: 0, Transaparency: 0
Trace|Resource 115 offset is 418087...
Debug|Encoding resource 115...
Trace|Writing image in Raw mode
Trace|Transparency image...
Trace|Writing image header...
Trace|Width: 17, Height: 20, RowLength: 51
Trace|BPP: 24, PaletteColors: 0, Transaparency: 0
Trace|Resource 116 offset is 419123...
Debug|Encoding resource 116...
Trace|Writing image in Raw mode
Trace|Transparency image...
Trace|Writing image header...
Trace|Width: 17, Height: 20, RowLength: 51
Trace|BPP: 24, PaletteColors: 0, Transaparency: 0
Trace|Resource 117 offset is 420159...
Debug|Encoding resource 117...
Trace|Writing image in Raw mode
Trace|Transparency image...
Trace|Writing image header...
Trace|Width: 17, Height: 20, RowLength: 51
Trace|BPP: 24, PaletteColors: 0, Transaparency: 0
Trace|Resource 118 offset is 421195...
Debug|Encoding resource 118...
Trace|Writing image in Raw mode
Trace|Transparency image...
Trace|Writing image header...
Trace|Width: 13, Height: 16, RowLength: 39
Trace|BPP: 24, PaletteColors: 0, Transaparency: 0
Trace|Resource 119 offset is 421835...
Debug|Encoding resource 119...
Trace|Writing image in Raw mode
Trace|Transparency image...
Trace|Writing image header...
Trace|Width: 10, Height: 16, RowLength: 30
Trace|BPP: 24, PaletteColors: 0, Transaparency: 0
Trace|Resource 120 offset is 422331...
Debug|Encoding resource 120...
Trace|Writing image in Raw mode
Trace|Transparency image...
Trace|Writing image header...
Trace|Width: 13, Height: 16, RowLength: 39
Trace|BPP: 24, PaletteColors: 0, Transaparency: 0
Trace|Resource 121 offset is 422971...
Debug|Encoding resource 121...
Trace|Writing image in Raw mode
Trace|Transparency image...
Trace|Writing image header...
Trace|Width: 13, Height: 16, RowLength: 39
Trace|BPP: 24, PaletteColors: 0, Transaparency: 0
Trace|Resource 122 offset is 423611...
Debug|Encoding resource 122...
Trace|Writing image in Raw mode
Trace|Transparency image...
Trace|Writing image header...
Trace|Width: 13, Height: 16, RowLength: 39
Trace|BPP: 24, PaletteColors: 0, Transaparency: 0
Trace|Resource 123 offset is 424251...
Debug|Encoding resource 123...
Trace|Writing image in Raw mode
Trace|Transparency image...
Trace|Writing image header...
Trace|Width: 13, Height: 16, RowLength: 39
Trace|BPP: 24, PaletteColors: 0, Transaparency: 0
Trace|Resource 124 offset is 424891...
Debug|Encoding resource 124...
Trace|Writing image in Raw mode
Trace|Transparency image...
Trace|Writing image header...
Trace|Width: 13, Height: 16, RowLength: 39
Trace|BPP: 24, PaletteColors: 0, Transaparency: 0
Trace|Resource 125 offset is 425531...
Debug|Encoding resource 125...
Trace|Writing image in Raw mode
Trace|Transparency image...
Trace|Writing image header...
Trace|Width: 13, Height: 16, RowLength: 39
Trace|BPP: 24, PaletteColors: 0, Transaparency: 0
Trace|Resource 126 offset is 426171...
Debug|Encoding resource 126...
Trace|Writing image in Raw mode
Trace|Transparency image...
Trace|Writing image header...
Trace|Width: 13, Height: 16, RowLength: 39
Trace|BPP: 24, PaletteColors: 0, Transaparency: 0
Trace|Resource 127 offset is 426811...
Debug|Encoding resource 127...
Trace|Writing image in Raw mode
Trace|Transparency image...
Trace|Writing image header...
Trace|Width: 13, Height: 16, RowLength: 39
Trace|BPP: 24, PaletteColors: 0, Transaparency: 0
Trace|Resource 128 offset is 427451...
Debug|Encoding resource 128...
Trace|Writing image in Raw mode
Trace|No Transparency image...
Trace|Writing image header...
Trace|Width: 90, Height: 210, RowLength: 180
Trace|BPP: 16, PaletteColors: 0, Transaparency: 0
Trace|Writing image...
Trace|Writing resources offsets table
Debug|Writing resources
