Debug|Reading config...
Debug|Reading referenced images from 'infograph_spanish_white_17-97515-601c1f5a30'
Trace|Loading resources for 2 'Background'
Trace|Loading resources for 2.1 'ImageBasic'
Trace|Loading image 0...
Trace|Image was loaded from file infograph_spanish_white_17-97515-601c1f5a30\0000.png
Trace|Loading resources for 3 'Time'
Trace|Loading resources for 3.1 'TwoDigits'
Trace|Loading resources for 3.1.1 'ImageSet'
Trace|Loading image 25...
Trace|Image was loaded from file infograph_spanish_white_17-97515-601c1f5a30\0025.png
Trace|Loading image 26...
Trace|Image was loaded from file infograph_spanish_white_17-97515-601c1f5a30\0026.png
Trace|Loading image 27...
Trace|Image was loaded from file infograph_spanish_white_17-97515-601c1f5a30\0027.png
Trace|Loading resources for 3.1.2 'ImageSet'
Trace|Loading image 28...
Trace|Image was loaded from file infograph_spanish_white_17-97515-601c1f5a30\0028.png
Trace|Loading image 29...
Trace|Image was loaded from file infograph_spanish_white_17-97515-601c1f5a30\0029.png
Trace|Loading image 30...
Trace|Image was loaded from file infograph_spanish_white_17-97515-601c1f5a30\0030.png
Trace|Loading image 31...
Trace|Image was loaded from file infograph_spanish_white_17-97515-601c1f5a30\0031.png
Trace|Loading image 32...
Trace|Image was loaded from file infograph_spanish_white_17-97515-601c1f5a30\0032.png
Trace|Loading image 33...
Trace|Image was loaded from file infograph_spanish_white_17-97515-601c1f5a30\0033.png
Trace|Loading image 34...
Trace|Image was loaded from file infograph_spanish_white_17-97515-601c1f5a30\0034.png
Trace|Loading resources for 3.2 'TwoDigits'
Trace|Loading resources for 3.2.1 'ImageSet'
Trace|Loading resources for 3.2.2 'ImageSet'
Trace|Loading resources for 4 'Activity'
Trace|Loading resources for 4.1 'Steps'
Trace|Loading resources for 4.1.1 'Number'
Trace|Loading resources for 4.1.1.5 'TextAlignment'
Trace|Loading image 68...
Trace|Image was loaded from file infograph_spanish_white_17-97515-601c1f5a30\0068.png
Trace|Loading image 69...
Trace|Image was loaded from file infograph_spanish_white_17-97515-601c1f5a30\0069.png
Trace|Loading image 70...
Trace|Image was loaded from file infograph_spanish_white_17-97515-601c1f5a30\0070.png
Trace|Loading image 71...
Trace|Image was loaded from file infograph_spanish_white_17-97515-601c1f5a30\0071.png
Trace|Loading image 72...
Trace|Image was loaded from file infograph_spanish_white_17-97515-601c1f5a30\0072.png
Trace|Loading image 73...
Trace|Image was loaded from file infograph_spanish_white_17-97515-601c1f5a30\0073.png
Trace|Loading image 74...
Trace|Image was loaded from file infograph_spanish_white_17-97515-601c1f5a30\0074.png
Trace|Loading image 75...
Trace|Image was loaded from file infograph_spanish_white_17-97515-601c1f5a30\0075.png
Trace|Loading image 76...
Trace|Image was loaded from file infograph_spanish_white_17-97515-601c1f5a30\0076.png
Trace|Loading image 77...
Trace|Image was loaded from file infograph_spanish_white_17-97515-601c1f5a30\0077.png
Trace|Loading resources for 4.4 'PulseWrapper'
Trace|Loading resources for 4.4.1 'Number'
Trace|Loading resources for 4.4.1.5 'TextAlignment'
Trace|Loading image 114...
Trace|Image was loaded from file infograph_spanish_white_17-97515-601c1f5a30\0114.png
Trace|Loading image 115...
Trace|Image was loaded from file infograph_spanish_white_17-97515-601c1f5a30\0115.png
Trace|Loading image 116...
Trace|Image was loaded from file infograph_spanish_white_17-97515-601c1f5a30\0116.png
Trace|Loading image 117...
Trace|Image was loaded from file infograph_spanish_white_17-97515-601c1f5a30\0117.png
Trace|Loading image 118...
Trace|Image was loaded from file infograph_spanish_white_17-97515-601c1f5a30\0118.png
Trace|Loading image 119...
Trace|Image was loaded from file infograph_spanish_white_17-97515-601c1f5a30\0119.png
Trace|Loading image 120...
Trace|Image was loaded from file infograph_spanish_white_17-97515-601c1f5a30\0120.png
Trace|Loading image 121...
Trace|Image was loaded from file infograph_spanish_white_17-97515-601c1f5a30\0121.png
Trace|Loading image 122...
Trace|Image was loaded from file infograph_spanish_white_17-97515-601c1f5a30\0122.png
Trace|Loading image 123...
Trace|Image was loaded from file infograph_spanish_white_17-97515-601c1f5a30\0123.png
Trace|Loading image 4...
Trace|Image was loaded from file infograph_spanish_white_17-97515-601c1f5a30\0004.png
Trace|Loading resources for 4.5 'DistanceWrapper'
Trace|Loading resources for 4.5.1 'Number'
Trace|Loading resources for 4.5.1.5 'TextAlignment'
Trace|Loading image 135...
Trace|Image was loaded from file infograph_spanish_white_17-97515-601c1f5a30\0135.png
Trace|Loading resources for 5 'Date'
Trace|Loading resources for 5.1 'MonthAndDayAndYear'
Trace|Loading resources for 5.1.1 'SeparateMonthAndDay'
Trace|Loading resources for 5.1.1.2 'ImageSet'
Trace|Loading image 56...
Trace|Image was loaded from file infograph_spanish_white_17-97515-601c1f5a30\0056.png
Trace|Loading image 57...
Trace|Image was loaded from file infograph_spanish_white_17-97515-601c1f5a30\0057.png
Trace|Loading image 58...
Trace|Image was loaded from file infograph_spanish_white_17-97515-601c1f5a30\0058.png
Trace|Loading image 59...
Trace|Image was loaded from file infograph_spanish_white_17-97515-601c1f5a30\0059.png
Trace|Loading image 60...
Trace|Image was loaded from file infograph_spanish_white_17-97515-601c1f5a30\0060.png
Trace|Loading image 61...
Trace|Image was loaded from file infograph_spanish_white_17-97515-601c1f5a30\0061.png
Trace|Loading image 62...
Trace|Image was loaded from file infograph_spanish_white_17-97515-601c1f5a30\0062.png
Trace|Loading image 63...
Trace|Image was loaded from file infograph_spanish_white_17-97515-601c1f5a30\0063.png
Trace|Loading image 64...
Trace|Image was loaded from file infograph_spanish_white_17-97515-601c1f5a30\0064.png
Trace|Loading image 65...
Trace|Image was loaded from file infograph_spanish_white_17-97515-601c1f5a30\0065.png
Trace|Loading image 66...
Trace|Image was loaded from file infograph_spanish_white_17-97515-601c1f5a30\0066.png
Trace|Loading image 67...
Trace|Image was loaded from file infograph_spanish_white_17-97515-601c1f5a30\0067.png
Trace|Loading resources for 5.1.1.3 'ImageSet'
Trace|Loading resources for 5.1.1.4 'Number'
Trace|Loading resources for 5.1.1.4.5 'TextAlignment'
Trace|Loading image 124...
Trace|Image was loaded from file infograph_spanish_white_17-97515-601c1f5a30\0124.png
Trace|Loading image 125...
Trace|Image was loaded from file infograph_spanish_white_17-97515-601c1f5a30\0125.png
Trace|Loading image 126...
Trace|Image was loaded from file infograph_spanish_white_17-97515-601c1f5a30\0126.png
Trace|Loading image 127...
Trace|Image was loaded from file infograph_spanish_white_17-97515-601c1f5a30\0127.png
Trace|Loading image 128...
Trace|Image was loaded from file infograph_spanish_white_17-97515-601c1f5a30\0128.png
Trace|Loading image 129...
Trace|Image was loaded from file infograph_spanish_white_17-97515-601c1f5a30\0129.png
Trace|Loading image 130...
Trace|Image was loaded from file infograph_spanish_white_17-97515-601c1f5a30\0130.png
Trace|Loading image 131...
Trace|Image was loaded from file infograph_spanish_white_17-97515-601c1f5a30\0131.png
Trace|Loading image 132...
Trace|Image was loaded from file infograph_spanish_white_17-97515-601c1f5a30\0132.png
Trace|Loading image 133...
Trace|Image was loaded from file infograph_spanish_white_17-97515-601c1f5a30\0133.png
Trace|Loading resources for 5.1.4 'Boolean'
Trace|Loading resources for 5.1.5 'Boolean'
Trace|Loading resources for 5.4 'ImageSet'
Trace|Loading image 18...
Trace|Image was loaded from file infograph_spanish_white_17-97515-601c1f5a30\0018.png
Trace|Loading image 19...
Trace|Image was loaded from file infograph_spanish_white_17-97515-601c1f5a30\0019.png
Trace|Loading image 20...
Trace|Image was loaded from file infograph_spanish_white_17-97515-601c1f5a30\0020.png
Trace|Loading image 21...
Trace|Image was loaded from file infograph_spanish_white_17-97515-601c1f5a30\0021.png
Trace|Loading image 22...
Trace|Image was loaded from file infograph_spanish_white_17-97515-601c1f5a30\0022.png
Trace|Loading image 23...
Trace|Image was loaded from file infograph_spanish_white_17-97515-601c1f5a30\0023.png
Trace|Loading image 24...
Trace|Image was loaded from file infograph_spanish_white_17-97515-601c1f5a30\0024.png
Trace|Loading resources for 5.5 'ImageSet'
Trace|Loading image 5...
Trace|Image was loaded from file infograph_spanish_white_17-97515-601c1f5a30\0005.png
Trace|Loading image 6...
Trace|Image was loaded from file infograph_spanish_white_17-97515-601c1f5a30\0006.png
Trace|Loading image 7...
Trace|Image was loaded from file infograph_spanish_white_17-97515-601c1f5a30\0007.png
Trace|Loading image 8...
Trace|Image was loaded from file infograph_spanish_white_17-97515-601c1f5a30\0008.png
Trace|Loading image 9...
Trace|Image was loaded from file infograph_spanish_white_17-97515-601c1f5a30\0009.png
Trace|Loading image 10...
Trace|Image was loaded from file infograph_spanish_white_17-97515-601c1f5a30\0010.png
Trace|Loading resources for 5.6 'ImageSet'
Trace|Loading image 11...
Trace|Image was loaded from file infograph_spanish_white_17-97515-601c1f5a30\0011.png
Trace|Loading image 12...
Trace|Image was loaded from file infograph_spanish_white_17-97515-601c1f5a30\0012.png
Trace|Loading image 13...
Trace|Image was loaded from file infograph_spanish_white_17-97515-601c1f5a30\0013.png
Trace|Loading image 14...
Trace|Image was loaded from file infograph_spanish_white_17-97515-601c1f5a30\0014.png
Trace|Loading image 15...
Trace|Image was loaded from file infograph_spanish_white_17-97515-601c1f5a30\0015.png
Trace|Loading image 16...
Trace|Image was loaded from file infograph_spanish_white_17-97515-601c1f5a30\0016.png
Trace|Loading image 17...
Trace|Image was loaded from file infograph_spanish_white_17-97515-601c1f5a30\0017.png
Trace|Loading resources for 6 'Weather'
Trace|Loading resources for 6.1 'WeatherIcon'
Trace|Loading resources for 6.1.2 'CustomWeatherIcon'
Trace|Loading image 78...
Trace|Image was loaded from file infograph_spanish_white_17-97515-601c1f5a30\0078.png
Trace|Loading image 79...
Trace|Image was loaded from file infograph_spanish_white_17-97515-601c1f5a30\0079.png
Trace|Loading image 80...
Trace|Image was loaded from file infograph_spanish_white_17-97515-601c1f5a30\0080.png
Trace|Loading image 81...
Trace|Image was loaded from file infograph_spanish_white_17-97515-601c1f5a30\0081.png
Trace|Loading image 82...
Trace|Image was loaded from file infograph_spanish_white_17-97515-601c1f5a30\0082.png
Trace|Loading image 83...
Trace|Image was loaded from file infograph_spanish_white_17-97515-601c1f5a30\0083.png
Trace|Loading image 84...
Trace|Image was loaded from file infograph_spanish_white_17-97515-601c1f5a30\0084.png
Trace|Loading image 85...
Trace|Image was loaded from file infograph_spanish_white_17-97515-601c1f5a30\0085.png
Trace|Loading image 86...
Trace|Image was loaded from file infograph_spanish_white_17-97515-601c1f5a30\0086.png
Trace|Loading image 87...
Trace|Image was loaded from file infograph_spanish_white_17-97515-601c1f5a30\0087.png
Trace|Loading image 88...
Trace|Image was loaded from file infograph_spanish_white_17-97515-601c1f5a30\0088.png
Trace|Loading image 89...
Trace|Image was loaded from file infograph_spanish_white_17-97515-601c1f5a30\0089.png
Trace|Loading image 90...
Trace|Image was loaded from file infograph_spanish_white_17-97515-601c1f5a30\0090.png
Trace|Loading image 91...
Trace|Image was loaded from file infograph_spanish_white_17-97515-601c1f5a30\0091.png
Trace|Loading image 92...
Trace|Image was loaded from file infograph_spanish_white_17-97515-601c1f5a30\0092.png
Trace|Loading image 93...
Trace|Image was loaded from file infograph_spanish_white_17-97515-601c1f5a30\0093.png
Trace|Loading image 94...
Trace|Image was loaded from file infograph_spanish_white_17-97515-601c1f5a30\0094.png
Trace|Loading image 95...
Trace|Image was loaded from file infograph_spanish_white_17-97515-601c1f5a30\0095.png
Trace|Loading image 96...
Trace|Image was loaded from file infograph_spanish_white_17-97515-601c1f5a30\0096.png
Trace|Loading image 97...
Trace|Image was loaded from file infograph_spanish_white_17-97515-601c1f5a30\0097.png
Trace|Loading image 98...
Trace|Image was loaded from file infograph_spanish_white_17-97515-601c1f5a30\0098.png
Trace|Loading image 99...
Trace|Image was loaded from file infograph_spanish_white_17-97515-601c1f5a30\0099.png
Trace|Loading image 100...
Trace|Image was loaded from file infograph_spanish_white_17-97515-601c1f5a30\0100.png
Trace|Loading image 101...
Trace|Image was loaded from file infograph_spanish_white_17-97515-601c1f5a30\0101.png
Trace|Loading image 102...
Trace|Image was loaded from file infograph_spanish_white_17-97515-601c1f5a30\0102.png
Trace|Loading image 103...
Trace|Image was loaded from file infograph_spanish_white_17-97515-601c1f5a30\0103.png
Trace|Loading resources for 6.1.3 'XY'
Trace|Loading resources for 6.1.4 'XY'
Trace|Loading resources for 6.4 'Humidity'
Trace|Loading resources for 6.4.1 'Number'
Trace|Loading resources for 6.4.1.5 'TextAlignment'
Trace|Loading image 104...
Trace|Image was loaded from file infograph_spanish_white_17-97515-601c1f5a30\0104.png
Trace|Loading image 105...
Trace|Image was loaded from file infograph_spanish_white_17-97515-601c1f5a30\0105.png
Trace|Loading image 106...
Trace|Image was loaded from file infograph_spanish_white_17-97515-601c1f5a30\0106.png
Trace|Loading image 107...
Trace|Image was loaded from file infograph_spanish_white_17-97515-601c1f5a30\0107.png
Trace|Loading image 108...
Trace|Image was loaded from file infograph_spanish_white_17-97515-601c1f5a30\0108.png
Trace|Loading image 109...
Trace|Image was loaded from file infograph_spanish_white_17-97515-601c1f5a30\0109.png
Trace|Loading image 110...
Trace|Image was loaded from file infograph_spanish_white_17-97515-601c1f5a30\0110.png
Trace|Loading image 111...
Trace|Image was loaded from file infograph_spanish_white_17-97515-601c1f5a30\0111.png
Trace|Loading image 112...
Trace|Image was loaded from file infograph_spanish_white_17-97515-601c1f5a30\0112.png
Trace|Loading image 113...
Trace|Image was loaded from file infograph_spanish_white_17-97515-601c1f5a30\0113.png
Trace|Loading image 136...
Trace|Image was loaded from file infograph_spanish_white_17-97515-601c1f5a30\0136.png
Trace|Loading resources for 7 'StepsProgress'
Trace|Loading resources for 7.3 'Scale'
Trace|Loading image 45...
Trace|Image was loaded from file infograph_spanish_white_17-97515-601c1f5a30\0045.png
Trace|Loading image 46...
Trace|Image was loaded from file infograph_spanish_white_17-97515-601c1f5a30\0046.png
Trace|Loading image 47...
Trace|Image was loaded from file infograph_spanish_white_17-97515-601c1f5a30\0047.png
Trace|Loading image 48...
Trace|Image was loaded from file infograph_spanish_white_17-97515-601c1f5a30\0048.png
Trace|Loading image 49...
Trace|Image was loaded from file infograph_spanish_white_17-97515-601c1f5a30\0049.png
Trace|Loading image 50...
Trace|Image was loaded from file infograph_spanish_white_17-97515-601c1f5a30\0050.png
Trace|Loading image 51...
Trace|Image was loaded from file infograph_spanish_white_17-97515-601c1f5a30\0051.png
Trace|Loading image 52...
Trace|Image was loaded from file infograph_spanish_white_17-97515-601c1f5a30\0052.png
Trace|Loading image 53...
Trace|Image was loaded from file infograph_spanish_white_17-97515-601c1f5a30\0053.png
Trace|Loading image 54...
Trace|Image was loaded from file infograph_spanish_white_17-97515-601c1f5a30\0054.png
Trace|Loading resources for 8 'Status'
Trace|Loading resources for 8.1 'Switch'
Trace|Loading resources for 8.1.1 'XY'
Trace|Loading image 2...
Trace|Image was loaded from file infograph_spanish_white_17-97515-601c1f5a30\0002.png
Trace|Loading resources for 8.2 'Switch'
Trace|Loading resources for 8.2.1 'XY'
Trace|Loading image 1...
Trace|Image was loaded from file infograph_spanish_white_17-97515-601c1f5a30\0001.png
Trace|Loading resources for 8.3 'Switch'
Trace|Loading resources for 8.3.1 'XY'
Trace|Loading image 3...
Trace|Image was loaded from file infograph_spanish_white_17-97515-601c1f5a30\0003.png
Trace|Loading resources for 9 'Battery'
Trace|Loading resources for 9.1 'BatteryTextWrapper'
Trace|Loading resources for 9.1.1 'Number'
Trace|Loading resources for 9.1.1.5 'TextAlignment'
Trace|Loading image 134...
Trace|Image was loaded from file infograph_spanish_white_17-97515-601c1f5a30\0134.png
Trace|Loading resources for 9.2 'ImageSet'
Trace|Loading image 35...
Trace|Image was loaded from file infograph_spanish_white_17-97515-601c1f5a30\0035.png
Trace|Loading image 36...
Trace|Image was loaded from file infograph_spanish_white_17-97515-601c1f5a30\0036.png
Trace|Loading image 37...
Trace|Image was loaded from file infograph_spanish_white_17-97515-601c1f5a30\0037.png
Trace|Loading image 38...
Trace|Image was loaded from file infograph_spanish_white_17-97515-601c1f5a30\0038.png
Trace|Loading image 39...
Trace|Image was loaded from file infograph_spanish_white_17-97515-601c1f5a30\0039.png
Trace|Loading image 40...
Trace|Image was loaded from file infograph_spanish_white_17-97515-601c1f5a30\0040.png
Trace|Loading image 41...
Trace|Image was loaded from file infograph_spanish_white_17-97515-601c1f5a30\0041.png
Trace|Loading image 42...
Trace|Image was loaded from file infograph_spanish_white_17-97515-601c1f5a30\0042.png
Trace|Loading image 43...
Trace|Image was loaded from file infograph_spanish_white_17-97515-601c1f5a30\0043.png
Trace|Loading image 44...
Trace|Image was loaded from file infograph_spanish_white_17-97515-601c1f5a30\0044.png
Trace|Loading resources for 10 'AnalogDialFace'
Trace|Loading resources for 10.1 'ClockHand'
Trace|Loading resources for 10.1.1 'Boolean'
Trace|Loading resources for 10.1.3 'XY'
Trace|Loading resources for 10.2 'ClockHand'
Trace|Loading resources for 10.2.1 'Boolean'
Trace|Loading resources for 10.2.3 'XY'
Trace|Loading resources for 10.2.5 'ImageBasic'
Trace|Loading image 55...
Trace|Image was loaded from file infograph_spanish_white_17-97515-601c1f5a30\0055.png
Trace|Verifiying Resources...
Trace|Building parameters for watch face...
Trace|2.1.1 'X': 13
Trace|2.1.2 'Y': 96
Trace|2.1.3 'ImageIndex': 0
Trace|2.1 'Image'
Trace|2 'Background'
Trace|3.1.1.1 'X': 52
Trace|3.1.1.2 'Y': 185
Trace|3.1.1.3 'ImageIndex': 25
Trace|3.1.1.4 'ImagesCount': 3
Trace|3.1.1 'Tens'
Trace|3.1.2.1 'X': 63
Trace|3.1.2.2 'Y': 185
Trace|3.1.2.3 'ImageIndex': 25
Trace|3.1.2.4 'ImagesCount': 10
Trace|3.1.2 'Ones'
Trace|3.1 'Hours'
Trace|3.2.1.1 'X': 78
Trace|3.2.1.2 'Y': 185
Trace|3.2.1.3 'ImageIndex': 25
Trace|3.2.1.4 'ImagesCount': 6
Trace|3.2.1 'Tens'
Trace|3.2.2.1 'X': 89
Trace|3.2.2.2 'Y': 185
Trace|3.2.2.3 'ImageIndex': 25
Trace|3.2.2.4 'ImagesCount': 10
Trace|3.2.2 'Ones'
Trace|3.2 'Minutes'
Trace|3.11 'UnknownV11': 0
Trace|3 'Time'
Trace|4.1.1.1 'TopLeftX': 14
Trace|4.1.1.2 'TopLeftY': 370
Trace|4.1.1.3 'BottomRightX': 13
Trace|4.1.1.4 'BottomRightY': 96
Trace|4.1.1.5 'Alignment': 2
Trace|4.1.1.6 'SpacingX': 1
Trace|4.1.1.7 'SpacingY': 0
Trace|4.1.1.8 'ImageIndex': 68
Trace|4.1.1.9 'ImagesCount': 10
Trace|4.1.1 'Number'
Trace|4.1 'Steps'
Trace|4.4.1.1 'TopLeftX': 46
Trace|4.4.1.2 'TopLeftY': 288
Trace|4.4.1.3 'BottomRightX': 106
Trace|4.4.1.4 'BottomRightY': 96
Trace|4.4.1.5 'Alignment': 72
Trace|4.4.1.6 'SpacingX': -1
Trace|4.4.1.7 'SpacingY': 0
Trace|4.4.1.8 'ImageIndex': 114
Trace|4.4.1.9 'ImagesCount': 10
Trace|4.4.1 'Number'
Trace|4.4.3 'NoDataImageIndex': 4
Trace|4.4 'Pulse'
Trace|4.5.1.1 'TopLeftX': 14
Trace|4.5.1.2 'TopLeftY': 109
Trace|4.5.1.3 'BottomRightX': 13
Trace|4.5.1.4 'BottomRightY': 96
Trace|4.5.1.5 'Alignment': 2
Trace|4.5.1.6 'SpacingX': 1
Trace|4.5.1.7 'SpacingY': 0
Trace|4.5.1.8 'ImageIndex': 68
Trace|4.5.1.9 'ImagesCount': 10
Trace|4.5.1 'Number'
Trace|4.5.2 'KmSuffixImageIndex': 4
Trace|4.5.3 'DecimalPointImageIndex': 135
Trace|4.5.4 'MilesSuffixImageIndex': 4
Trace|4.5 'Distance'
Trace|4.7 'UnknownV7': 0
Trace|4 'Activity'
Trace|5.1.1.2.1 'X': 95
Trace|5.1.1.2.2 'Y': 124
Trace|5.1.1.2.3 'ImageIndex': 56
Trace|5.1.1.2.4 'ImagesCount': 12
Trace|5.1.1.2 'MonthsEN'
Trace|5.1.1.3.1 'X': 95
Trace|5.1.1.3.2 'Y': 124
Trace|5.1.1.3.3 'ImageIndex': 56
Trace|5.1.1.3.4 'ImagesCount': 12
Trace|5.1.1.3 'MonthsCN'
Trace|5.1.1.4.1 'TopLeftX': 78
Trace|5.1.1.4.2 'TopLeftY': 128
Trace|5.1.1.4.3 'BottomRightX': 13
Trace|5.1.1.4.4 'BottomRightY': 96
Trace|5.1.1.4.5 'Alignment': 4
Trace|5.1.1.4.6 'SpacingX': -2
Trace|5.1.1.4.7 'SpacingY': 0
Trace|5.1.1.4.8 'ImageIndex': 124
Trace|5.1.1.4.9 'ImagesCount': 10
Trace|5.1.1.4 'Day'
Trace|5.1.1 'Separate'
Trace|5.1.4 'TwoDigitsMonth': 0
Trace|5.1.5 'TwoDigitsDay': 1
Trace|5.1 'MonthAndDayAndYear'
Trace|5.4.1 'X': 89
Trace|5.4.2 'Y': 107
Trace|5.4.3 'ImageIndex': 18
Trace|5.4.4 'ImagesCount': 7
Trace|5.4 'ENWeekDays'
Trace|5.5.1 'X': 89
Trace|5.5.2 'Y': 107
Trace|5.5.3 'ImageIndex': 4
Trace|5.5.4 'ImagesCount': 7
Trace|5.5 'CNWeekDays'
Trace|5.6.1 'X': 89
Trace|5.6.2 'Y': 107
Trace|5.6.3 'ImageIndex': 11
Trace|5.6.4 'ImagesCount': 7
Trace|5.6 'CN2WeekDays'
Trace|5 'Date'
Trace|6.1.2.1 'X': 30
Trace|6.1.2.2 'Y': 228
Trace|6.1.2.3 'ImageIndex': 78
Trace|6.1.2.4 'ImagesCount': 26
Trace|6.1.2 'CustomIcon'
Trace|6.1.3.1 'X': 30
Trace|6.1.3.2 'Y': 228
Trace|6.1.3 'Unknown3'
Trace|6.1.4.1 'X': 30
Trace|6.1.4.2 'Y': 228
Trace|6.1.4 'Unknown4'
Trace|6.1 'Icon'
Trace|6.4.1.1 'TopLeftX': 77
Trace|6.4.1.2 'TopLeftY': 234
Trace|6.4.1.3 'BottomRightX': 137
Trace|6.4.1.4 'BottomRightY': 96
Trace|6.4.1.5 'Alignment': 72
Trace|6.4.1.6 'SpacingX': 0
Trace|6.4.1.7 'SpacingY': 0
Trace|6.4.1.8 'ImageIndex': 104
Trace|6.4.1.9 'ImagesCount': 10
Trace|6.4.1 'Text'
Trace|6.4.2 'SuffixImageIndex': 136
Trace|6.4 'Humidity'
Trace|6 'Weather'
Trace|7.3.1 'StartImageIndex': 45
Trace|7.3.2 'Segments'
Trace|7.3.2.1 'X': 13
Trace|7.3.2.2 'Y': 327
Trace|7.3.2 'Segments'
Trace|7.3.2.1 'X': 13
Trace|7.3.2.2 'Y': 327
Trace|7.3.2 'Segments'
Trace|7.3.2.1 'X': 13
Trace|7.3.2.2 'Y': 327
Trace|7.3.2 'Segments'
Trace|7.3.2.1 'X': 13
Trace|7.3.2.2 'Y': 327
Trace|7.3.2 'Segments'
Trace|7.3.2.1 'X': 13
Trace|7.3.2.2 'Y': 327
Trace|7.3.2 'Segments'
Trace|7.3.2.1 'X': 13
Trace|7.3.2.2 'Y': 327
Trace|7.3.2 'Segments'
Trace|7.3.2.1 'X': 13
Trace|7.3.2.2 'Y': 327
Trace|7.3.2 'Segments'
Trace|7.3.2.1 'X': 13
Trace|7.3.2.2 'Y': 327
Trace|7.3.2 'Segments'
Trace|7.3.2.1 'X': 13
Trace|7.3.2.2 'Y': 327
Trace|7.3.2 'Segments'
Trace|7.3.2.1 'X': 13
Trace|7.3.2.2 'Y': 327
Trace|7.3 'Linear'
Trace|7 'StepsProgress'
Trace|8.1.1.1 'X': 61
Trace|8.1.1.2 'Y': 100
Trace|8.1.1 'Coordinates'
Trace|8.1.2 'ImageIndexOn': 2
Trace|8.1 'DoNotDisturb'
Trace|8.2.1.1 'X': 72
Trace|8.2.1.2 'Y': 100
Trace|8.2.1 'Coordinates'
Trace|8.2.3 'ImageIndexOff': 1
Trace|8.2 'Lock'
Trace|8.3.1.1 'X': 83
Trace|8.3.1.2 'Y': 100
Trace|8.3.1 'Coordinates'
Trace|8.3.2 'ImageIndexOn': 3
Trace|8.3 'Bluetooth'
Trace|8 'Status'
Trace|9.1.1.1 'TopLeftX': 13
Trace|9.1.1.2 'TopLeftY': 370
Trace|9.1.1.3 'BottomRightX': 137
Trace|9.1.1.4 'BottomRightY': 96
Trace|9.1.1.5 'Alignment': 4
Trace|9.1.1.6 'SpacingX': 1
Trace|9.1.1.7 'SpacingY': 0
Trace|9.1.1.8 'ImageIndex': 68
Trace|9.1.1.9 'ImagesCount': 10
Trace|9.1.1 'Coordinates'
Trace|9.1.4 'SuffixImageIndex': 134
Trace|9.1 'BatteryText'
Trace|9.2.1 'X': 79
Trace|9.2.2 'Y': 328
Trace|9.2.3 'ImageIndex': 35
Trace|9.2.4 'ImagesCount': 10
Trace|9.2 'BatteryIcon'
Trace|9 'Battery'
Trace|10.1.1 'OnlyBorder': 0
Trace|10.1.2 'Color': 11447982
Trace|10.1.3.1 'X': 76
Trace|10.1.3.2 'Y': 244
Trace|10.1.3 'Center'
Trace|10.1.4 'Shape'
Trace|10.1.4.1 'X': 2
Trace|10.1.4.2 'Y': -2
Trace|10.1.4 'Shape'
Trace|10.1.4.1 'X': 38
Trace|10.1.4.2 'Y': -2
Trace|10.1.4 'Shape'
Trace|10.1.4.1 'X': 40
Trace|10.1.4.2 'Y': 0
Trace|10.1.4 'Shape'
Trace|10.1.4.1 'X': 38
Trace|10.1.4.2 'Y': 3
Trace|10.1.4 'Shape'
Trace|10.1.4.1 'X': 2
Trace|10.1.4.2 'Y': 3
Trace|10.1 'Hours'
Trace|10.2.1 'OnlyBorder': 0
Trace|10.2.2 'Color': 11447982
Trace|10.2.3.1 'X': 76
Trace|10.2.3.2 'Y': 244
Trace|10.2.3 'Center'
Trace|10.2.4 'Shape'
Trace|10.2.4.1 'X': 2
Trace|10.2.4.2 'Y': -2
Trace|10.2.4 'Shape'
Trace|10.2.4.1 'X': 62
Trace|10.2.4.2 'Y': -2
Trace|10.2.4 'Shape'
Trace|10.2.4.1 'X': 64
Trace|10.2.4.2 'Y': 0
Trace|10.2.4 'Shape'
Trace|10.2.4.1 'X': 62
Trace|10.2.4.2 'Y': 3
Trace|10.2.4 'Shape'
Trace|10.2.4.1 'X': 2
Trace|10.2.4.2 'Y': 3
Trace|10.2.5.1 'X': 71
Trace|10.2.5.2 'Y': 239
Trace|10.2.5.3 'ImageIndex': 55
Trace|10.2.5 'CenterImage'
Trace|10.2 'Minutes'
Trace|10 'AnalogDialFace'
Debug|Generating previews...
Debug|Writing watch face to 'infograph_spanish_white_17-97515-601c1f5a30\infograph_spanish_white_17-97515-601c1f5a30_packed.bin'
Trace|Encoding parameters...
Trace|Parameter: 2
Trace|1 (0A):
Trace|    1 (08): 13 (0D)
Trace|    2 (10): 96 (60)
Trace|    3 (18): 0 (00)
Trace|8 bytes
Trace|Parameter: 3
Trace|1 (0A):
Trace|    1 (0A):
Trace|        1 (08): 52 (34)
Trace|        2 (10): 185 (B9)
Trace|        3 (18): 25 (19)
Trace|        4 (20): 3 (03)
Trace|    11 bytes
Trace|    2 (12):
Trace|        1 (08): 63 (3F)
Trace|        2 (10): 185 (B9)
Trace|        3 (18): 25 (19)
Trace|        4 (20): 10 (0A)
Trace|    11 bytes
Trace|24 bytes
Trace|2 (12):
Trace|    1 (0A):
Trace|        1 (08): 78 (4E)
Trace|        2 (10): 185 (B9)
Trace|        3 (18): 25 (19)
Trace|        4 (20): 6 (06)
Trace|    11 bytes
Trace|    2 (12):
Trace|        1 (08): 89 (59)
Trace|        2 (10): 185 (B9)
Trace|        3 (18): 25 (19)
Trace|        4 (20): 10 (0A)
Trace|    11 bytes
Trace|24 bytes
Trace|11 (58): 0 (00)
Trace|Parameter: 4
Trace|1 (0A):
Trace|    1 (0A):
Trace|        1 (08): 14 (0E)
Trace|        2 (10): 370 (172)
Trace|        3 (18): 13 (0D)
Trace|        4 (20): 96 (60)
Trace|        5 (28): 2 (02)
Trace|        6 (30): 1 (01)
Trace|        7 (38): 0 (00)
Trace|        8 (40): 68 (44)
Trace|        9 (48): 10 (0A)
Trace|    21 bytes
Trace|23 bytes
Trace|4 (22):
Trace|    1 (0A):
Trace|        1 (08): 46 (2E)
Trace|        2 (10): 288 (120)
Trace|        3 (18): 106 (6A)
Trace|        4 (20): 96 (60)
Trace|        5 (28): 72 (48)
Trace|        6 (30): -1 (FFFFFFFFFFFFFFFF)
Trace|        7 (38): 0 (00)
Trace|        8 (40): 114 (72)
Trace|        9 (48): 10 (0A)
Trace|    30 bytes
Trace|    3 (18): 4 (04)
Trace|34 bytes
Trace|5 (2A):
Trace|    1 (0A):
Trace|        1 (08): 14 (0E)
Trace|        2 (10): 109 (6D)
Trace|        3 (18): 13 (0D)
Trace|        4 (20): 96 (60)
Trace|        5 (28): 2 (02)
Trace|        6 (30): 1 (01)
Trace|        7 (38): 0 (00)
Trace|        8 (40): 68 (44)
Trace|        9 (48): 10 (0A)
Trace|    20 bytes
Trace|    2 (10): 4 (04)
Trace|    3 (18): 135 (87)
Trace|    4 (20): 4 (04)
Trace|29 bytes
Trace|7 (38): 0 (00)
Trace|Parameter: 5
Trace|1 (0A):
Trace|    1 (0A):
Trace|        2 (12):
Trace|            1 (08): 95 (5F)
Trace|            2 (10): 124 (7C)
Trace|            3 (18): 56 (38)
Trace|            4 (20): 12 (0C)
Trace|        10 bytes
Trace|        3 (1A):
Trace|            1 (08): 95 (5F)
Trace|            2 (10): 124 (7C)
Trace|            3 (18): 56 (38)
Trace|            4 (20): 12 (0C)
Trace|        10 bytes
Trace|        4 (22):
Trace|            1 (08): 78 (4E)
Trace|            2 (10): 128 (80)
Trace|            3 (18): 13 (0D)
Trace|            4 (20): 96 (60)
Trace|            5 (28): 4 (04)
Trace|            6 (30): -2 (FFFFFFFFFFFFFFFE)
Trace|            7 (38): 0 (00)
Trace|            8 (40): 124 (7C)
Trace|            9 (48): 10 (0A)
Trace|        30 bytes
Trace|    52 bytes
Trace|    4 (20): 0 (00)
Trace|    5 (28): 1 (01)
Trace|58 bytes
Trace|4 (22):
Trace|    1 (08): 89 (59)
Trace|    2 (10): 107 (6B)
Trace|    3 (18): 18 (12)
Trace|    4 (20): 7 (07)
Trace|10 bytes
Trace|5 (2A):
Trace|    1 (08): 89 (59)
Trace|    2 (10): 107 (6B)
Trace|    3 (18): 4 (04)
Trace|    4 (20): 7 (07)
Trace|10 bytes
Trace|6 (32):
Trace|    1 (08): 89 (59)
Trace|    2 (10): 107 (6B)
Trace|    3 (18): 11 (0B)
Trace|    4 (20): 7 (07)
Trace|10 bytes
Trace|Parameter: 6
Trace|1 (0A):
Trace|    2 (12):
Trace|        1 (08): 30 (1E)
Trace|        2 (10): 228 (E4)
Trace|        3 (18): 78 (4E)
Trace|        4 (20): 26 (1A)
Trace|    11 bytes
Trace|    3 (1A):
Trace|        1 (08): 30 (1E)
Trace|        2 (10): 228 (E4)
Trace|    7 bytes
Trace|    4 (22):
Trace|        1 (08): 30 (1E)
Trace|        2 (10): 228 (E4)
Trace|    7 bytes
Trace|27 bytes
Trace|4 (22):
Trace|    1 (0A):
Trace|        1 (08): 77 (4D)
Trace|        2 (10): 234 (EA)
Trace|        3 (18): 137 (89)
Trace|        4 (20): 96 (60)
Trace|        5 (28): 72 (48)
Trace|        6 (30): 0 (00)
Trace|        7 (38): 0 (00)
Trace|        8 (40): 104 (68)
Trace|        9 (48): 10 (0A)
Trace|    22 bytes
Trace|    2 (10): 136 (88)
Trace|27 bytes
Trace|Parameter: 7
Trace|3 (1A):
Trace|    1 (08): 45 (2D)
Trace|    2 (12):
Trace|        1 (08): 13 (0D)
Trace|        2 (10): 327 (147)
Trace|    7 bytes
Trace|    2 (12):
Trace|        1 (08): 13 (0D)
Trace|        2 (10): 327 (147)
Trace|    7 bytes
Trace|    2 (12):
Trace|        1 (08): 13 (0D)
Trace|        2 (10): 327 (147)
Trace|    7 bytes
Trace|    2 (12):
Trace|        1 (08): 13 (0D)
Trace|        2 (10): 327 (147)
Trace|    7 bytes
Trace|    2 (12):
Trace|        1 (08): 13 (0D)
Trace|        2 (10): 327 (147)
Trace|    7 bytes
Trace|    2 (12):
Trace|        1 (08): 13 (0D)
Trace|        2 (10): 327 (147)
Trace|    7 bytes
Trace|    2 (12):
Trace|        1 (08): 13 (0D)
Trace|        2 (10): 327 (147)
Trace|    7 bytes
Trace|    2 (12):
Trace|        1 (08): 13 (0D)
Trace|        2 (10): 327 (147)
Trace|    7 bytes
Trace|    2 (12):
Trace|        1 (08): 13 (0D)
Trace|        2 (10): 327 (147)
Trace|    7 bytes
Trace|    2 (12):
Trace|        1 (08): 13 (0D)
Trace|        2 (10): 327 (147)
Trace|    7 bytes
Trace|74 bytes
Trace|Parameter: 8
Trace|1 (0A):
Trace|    1 (0A):
Trace|        1 (08): 61 (3D)
Trace|        2 (10): 100 (64)
Trace|    6 bytes
Trace|    2 (10): 2 (02)
Trace|10 bytes
Trace|2 (12):
Trace|    1 (0A):
Trace|        1 (08): 72 (48)
Trace|        2 (10): 100 (64)
Trace|    6 bytes
Trace|    3 (18): 1 (01)
Trace|10 bytes
Trace|3 (1A):
Trace|    1 (0A):
Trace|        1 (08): 83 (53)
Trace|        2 (10): 100 (64)
Trace|    6 bytes
Trace|    2 (10): 3 (03)
Trace|10 bytes
Trace|Parameter: 9
Trace|1 (0A):
Trace|    1 (0A):
Trace|        1 (08): 13 (0D)
Trace|        2 (10): 370 (172)
Trace|        3 (18): 137 (89)
Trace|        4 (20): 96 (60)
Trace|        5 (28): 4 (04)
Trace|        6 (30): 1 (01)
Trace|        7 (38): 0 (00)
Trace|        8 (40): 68 (44)
Trace|        9 (48): 10 (0A)
Trace|    22 bytes
Trace|    4 (20): 134 (86)
Trace|27 bytes
Trace|2 (12):
Trace|    1 (08): 79 (4F)
Trace|    2 (10): 328 (148)
Trace|    3 (18): 35 (23)
Trace|    4 (20): 10 (0A)
Trace|11 bytes
Trace|Parameter: 10
Trace|1 (0A):
Trace|    1 (08): 0 (00)
Trace|    2 (10): 11447982 (AEAEAE)
Trace|    3 (1A):
Trace|        1 (08): 76 (4C)
Trace|        2 (10): 244 (F4)
Trace|    7 bytes
Trace|    4 (22):
Trace|        1 (08): 2 (02)
Trace|        2 (10): -2 (FFFFFFFFFFFFFFFE)
Trace|    15 bytes
Trace|    4 (22):
Trace|        1 (08): 38 (26)
Trace|        2 (10): -2 (FFFFFFFFFFFFFFFE)
Trace|    15 bytes
Trace|    4 (22):
Trace|        1 (08): 40 (28)
Trace|        2 (10): 0 (00)
Trace|    6 bytes
Trace|    4 (22):
Trace|        1 (08): 38 (26)
Trace|        2 (10): 3 (03)
Trace|    6 bytes
Trace|    4 (22):
Trace|        1 (08): 2 (02)
Trace|        2 (10): 3 (03)
Trace|    6 bytes
Trace|64 bytes
Trace|2 (12):
Trace|    1 (08): 0 (00)
Trace|    2 (10): 11447982 (AEAEAE)
Trace|    3 (1A):
Trace|        1 (08): 76 (4C)
Trace|        2 (10): 244 (F4)
Trace|    7 bytes
Trace|    4 (22):
Trace|        1 (08): 2 (02)
Trace|        2 (10): -2 (FFFFFFFFFFFFFFFE)
Trace|    15 bytes
Trace|    4 (22):
Trace|        1 (08): 62 (3E)
Trace|        2 (10): -2 (FFFFFFFFFFFFFFFE)
Trace|    15 bytes
Trace|    4 (22):
Trace|        1 (08): 64 (40)
Trace|        2 (10): 0 (00)
Trace|    6 bytes
Trace|    4 (22):
Trace|        1 (08): 62 (3E)
Trace|        2 (10): 3 (03)
Trace|    6 bytes
Trace|    4 (22):
Trace|        1 (08): 2 (02)
Trace|        2 (10): 3 (03)
Trace|    6 bytes
Trace|    5 (2A):
Trace|        1 (08): 71 (47)
Trace|        2 (10): 239 (EF)
Trace|        3 (18): 55 (37)
Trace|    9 bytes
Trace|73 bytes
Trace|Encoding offsets and lengths...
Trace|1 (0A):
Trace|    1 (08): 567 (237)
Trace|    2 (10): 137 (89)
Trace|8 bytes
Trace|2 (12):
Trace|    1 (08): 0 (00)
Trace|    2 (10): 8 (08)
Trace|6 bytes
Trace|3 (1A):
Trace|    1 (08): 8 (08)
Trace|    2 (10): 50 (32)
Trace|6 bytes
Trace|4 (22):
Trace|    1 (08): 58 (3A)
Trace|    2 (10): 88 (58)
Trace|6 bytes
Trace|5 (2A):
Trace|    1 (08): 146 (92)
Trace|    2 (10): 88 (58)
Trace|7 bytes
Trace|6 (32):
Trace|    1 (08): 234 (EA)
Trace|    2 (10): 54 (36)
Trace|7 bytes
Trace|7 (3A):
Trace|    1 (08): 288 (120)
Trace|    2 (10): 74 (4A)
Trace|7 bytes
Trace|8 (42):
Trace|    1 (08): 362 (16A)
Trace|    2 (10): 30 (1E)
Trace|7 bytes
Trace|9 (4A):
Trace|    1 (08): 392 (188)
Trace|    2 (10): 38 (26)
Trace|7 bytes
Trace|10 (52):
Trace|    1 (08): 430 (1AE)
Trace|    2 (10): 137 (89)
Trace|8 bytes
Trace|Writing header...
Trace|Writing parameters offsets and lengths...
Trace|Writing parameters...
Trace|Writing images...
Trace|Resource 0 offset is 0...
Debug|Encoding resource 0...
Trace|Writing image in Raw mode
Trace|No Transparency image...
Trace|Writing image header...
Trace|Width: 126, Height: 294, RowLength: 252
Trace|BPP: 16, PaletteColors: 0, Transaparency: 0
Trace|Writing image...
Trace|Resource 1 offset is 74104...
Debug|Encoding resource 1...
Trace|Writing image in Raw mode
Trace|Transparency image...
Trace|Writing image header...
Trace|Width: 10, Height: 10, RowLength: 30
Trace|BPP: 24, PaletteColors: 0, Transaparency: 0
Trace|Resource 2 offset is 74420...
Debug|Encoding resource 2...
Trace|Writing image in Raw mode
Trace|Transparency image...
Trace|Writing image header...
Trace|Width: 10, Height: 10, RowLength: 30
Trace|BPP: 24, PaletteColors: 0, Transaparency: 0
Trace|Resource 3 offset is 74736...
Debug|Encoding resource 3...
Trace|Writing image in Raw mode
Trace|Transparency image...
Trace|Writing image header...
Trace|Width: 10, Height: 10, RowLength: 30
Trace|BPP: 24, PaletteColors: 0, Transaparency: 0
Trace|Resource 4 offset is 75052...
Debug|Encoding resource 4...
Trace|Writing image in Raw mode
Trace|Transparency image...
Trace|Writing image header...
Trace|Width: 46, Height: 58, RowLength: 138
Trace|BPP: 24, PaletteColors: 0, Transaparency: 0
Trace|Resource 5 offset is 83072...
Debug|Encoding resource 5...
Trace|Writing image in Raw mode
Trace|Transparency image...
Trace|Writing image header...
Trace|Width: 46, Height: 58, RowLength: 138
Trace|BPP: 24, PaletteColors: 0, Transaparency: 0
Trace|Resource 6 offset is 91092...
Debug|Encoding resource 6...
Trace|Writing image in Raw mode
Trace|Transparency image...
Trace|Writing image header...
Trace|Width: 46, Height: 58, RowLength: 138
Trace|BPP: 24, PaletteColors: 0, Transaparency: 0
Trace|Resource 7 offset is 99112...
Debug|Encoding resource 7...
Trace|Writing image in Raw mode
Trace|Transparency image...
Trace|Writing image header...
Trace|Width: 46, Height: 58, RowLength: 138
Trace|BPP: 24, PaletteColors: 0, Transaparency: 0
Trace|Resource 8 offset is 107132...
Debug|Encoding resource 8...
Trace|Writing image in Raw mode
Trace|Transparency image...
Trace|Writing image header...
Trace|Width: 46, Height: 58, RowLength: 138
Trace|BPP: 24, PaletteColors: 0, Transaparency: 0
Trace|Resource 9 offset is 115152...
Debug|Encoding resource 9...
Trace|Writing image in Raw mode
Trace|Transparency image...
Trace|Writing image header...
Trace|Width: 46, Height: 58, RowLength: 138
Trace|BPP: 24, PaletteColors: 0, Transaparency: 0
Trace|Resource 10 offset is 123172...
Debug|Encoding resource 10...
Trace|Writing image in Raw mode
Trace|Transparency image...
Trace|Writing image header...
Trace|Width: 46, Height: 58, RowLength: 138
Trace|BPP: 24, PaletteColors: 0, Transaparency: 0
Trace|Resource 11 offset is 131192...
Debug|Encoding resource 11...
Trace|Writing image in Raw mode
Trace|Transparency image...
Trace|Writing image header...
Trace|Width: 46, Height: 58, RowLength: 138
Trace|BPP: 24, PaletteColors: 0, Transaparency: 0
Trace|Resource 12 offset is 139212...
Debug|Encoding resource 12...
Trace|Writing image in Raw mode
Trace|Transparency image...
Trace|Writing image header...
Trace|Width: 46, Height: 58, RowLength: 138
Trace|BPP: 24, PaletteColors: 0, Transaparency: 0
Trace|Resource 13 offset is 147232...
Debug|Encoding resource 13...
Trace|Writing image in Raw mode
Trace|Transparency image...
Trace|Writing image header...
Trace|Width: 46, Height: 58, RowLength: 138
Trace|BPP: 24, PaletteColors: 0, Transaparency: 0
Trace|Resource 14 offset is 155252...
Debug|Encoding resource 14...
Trace|Writing image in Raw mode
Trace|Transparency image...
Trace|Writing image header...
Trace|Width: 46, Height: 58, RowLength: 138
Trace|BPP: 24, PaletteColors: 0, Transaparency: 0
Trace|Resource 15 offset is 163272...
Debug|Encoding resource 15...
Trace|Writing image in Raw mode
Trace|Transparency image...
Trace|Writing image header...
Trace|Width: 46, Height: 58, RowLength: 138
Trace|BPP: 24, PaletteColors: 0, Transaparency: 0
Trace|Resource 16 offset is 171292...
Debug|Encoding resource 16...
Trace|Writing image in Raw mode
Trace|Transparency image...
Trace|Writing image header...
Trace|Width: 46, Height: 58, RowLength: 138
Trace|BPP: 24, PaletteColors: 0, Transaparency: 0
Trace|Resource 17 offset is 179312...
Debug|Encoding resource 17...
Trace|Writing image in Raw mode
Trace|Transparency image...
Trace|Writing image header...
Trace|Width: 46, Height: 58, RowLength: 138
Trace|BPP: 24, PaletteColors: 0, Transaparency: 0
Trace|Resource 18 offset is 187332...
Debug|Encoding resource 18...
Trace|Writing image in Raw mode
Trace|Transparency image...
Trace|Writing image header...
Trace|Width: 60, Height: 38, RowLength: 180
Trace|BPP: 24, PaletteColors: 0, Transaparency: 0
Trace|Resource 19 offset is 194188...
Debug|Encoding resource 19...
Trace|Writing image in Raw mode
Trace|Transparency image...
Trace|Writing image header...
Trace|Width: 60, Height: 38, RowLength: 180
Trace|BPP: 24, PaletteColors: 0, Transaparency: 0
Trace|Resource 20 offset is 201044...
Debug|Encoding resource 20...
Trace|Writing image in Raw mode
Trace|Transparency image...
Trace|Writing image header...
Trace|Width: 60, Height: 38, RowLength: 180
Trace|BPP: 24, PaletteColors: 0, Transaparency: 0
Trace|Resource 21 offset is 207900...
Debug|Encoding resource 21...
Trace|Writing image in Raw mode
Trace|Transparency image...
Trace|Writing image header...
Trace|Width: 60, Height: 38, RowLength: 180
Trace|BPP: 24, PaletteColors: 0, Transaparency: 0
Trace|Resource 22 offset is 214756...
Debug|Encoding resource 22...
Trace|Writing image in Raw mode
Trace|Transparency image...
Trace|Writing image header...
Trace|Width: 60, Height: 38, RowLength: 180
Trace|BPP: 24, PaletteColors: 0, Transaparency: 0
Trace|Resource 23 offset is 221612...
Debug|Encoding resource 23...
Trace|Writing image in Raw mode
Trace|Transparency image...
Trace|Writing image header...
Trace|Width: 60, Height: 38, RowLength: 180
Trace|BPP: 24, PaletteColors: 0, Transaparency: 0
Trace|Resource 24 offset is 228468...
Debug|Encoding resource 24...
Trace|Writing image in Raw mode
Trace|Transparency image...
Trace|Writing image header...
Trace|Width: 60, Height: 38, RowLength: 180
Trace|BPP: 24, PaletteColors: 0, Transaparency: 0
Trace|Resource 25 offset is 235324...
Debug|Encoding resource 25...
Trace|Writing image in Raw mode
Trace|Transparency image...
Trace|Writing image header...
Trace|Width: 12, Height: 14, RowLength: 36
Trace|BPP: 24, PaletteColors: 0, Transaparency: 0
Trace|Resource 26 offset is 235844...
Debug|Encoding resource 26...
Trace|Writing image in Raw mode
Trace|Transparency image...
Trace|Writing image header...
Trace|Width: 12, Height: 14, RowLength: 36
Trace|BPP: 24, PaletteColors: 0, Transaparency: 0
Trace|Resource 27 offset is 236364...
Debug|Encoding resource 27...
Trace|Writing image in Raw mode
Trace|Transparency image...
Trace|Writing image header...
Trace|Width: 12, Height: 14, RowLength: 36
Trace|BPP: 24, PaletteColors: 0, Transaparency: 0
Trace|Resource 28 offset is 236884...
Debug|Encoding resource 28...
Trace|Writing image in Raw mode
Trace|Transparency image...
Trace|Writing image header...
Trace|Width: 12, Height: 14, RowLength: 36
Trace|BPP: 24, PaletteColors: 0, Transaparency: 0
Trace|Resource 29 offset is 237404...
Debug|Encoding resource 29...
Trace|Writing image in Raw mode
Trace|Transparency image...
Trace|Writing image header...
Trace|Width: 12, Height: 14, RowLength: 36
Trace|BPP: 24, PaletteColors: 0, Transaparency: 0
Trace|Resource 30 offset is 237924...
Debug|Encoding resource 30...
Trace|Writing image in Raw mode
Trace|Transparency image...
Trace|Writing image header...
Trace|Width: 12, Height: 14, RowLength: 36
Trace|BPP: 24, PaletteColors: 0, Transaparency: 0
Trace|Resource 31 offset is 238444...
Debug|Encoding resource 31...
Trace|Writing image in Raw mode
Trace|Transparency image...
Trace|Writing image header...
Trace|Width: 12, Height: 14, RowLength: 36
Trace|BPP: 24, PaletteColors: 0, Transaparency: 0
Trace|Resource 32 offset is 238964...
Debug|Encoding resource 32...
Trace|Writing image in Raw mode
Trace|Transparency image...
Trace|Writing image header...
Trace|Width: 12, Height: 14, RowLength: 36
Trace|BPP: 24, PaletteColors: 0, Transaparency: 0
Trace|Resource 33 offset is 239484...
Debug|Encoding resource 33...
Trace|Writing image in Raw mode
Trace|Transparency image...
Trace|Writing image header...
Trace|Width: 12, Height: 14, RowLength: 36
Trace|BPP: 24, PaletteColors: 0, Transaparency: 0
Trace|Resource 34 offset is 240004...
Debug|Encoding resource 34...
Trace|Writing image in Raw mode
Trace|Transparency image...
Trace|Writing image header...
Trace|Width: 12, Height: 14, RowLength: 36
Trace|BPP: 24, PaletteColors: 0, Transaparency: 0
Trace|Resource 35 offset is 240524...
Debug|Encoding resource 35...
Trace|Writing image in Raw mode
Trace|Transparency image...
Trace|Writing image header...
Trace|Width: 60, Height: 52, RowLength: 180
Trace|BPP: 24, PaletteColors: 0, Transaparency: 0
Trace|Resource 36 offset is 249900...
Debug|Encoding resource 36...
Trace|Writing image in Raw mode
Trace|Transparency image...
Trace|Writing image header...
Trace|Width: 60, Height: 52, RowLength: 180
Trace|BPP: 24, PaletteColors: 0, Transaparency: 0
Trace|Resource 37 offset is 259276...
Debug|Encoding resource 37...
Trace|Writing image in Raw mode
Trace|Transparency image...
Trace|Writing image header...
Trace|Width: 60, Height: 52, RowLength: 180
Trace|BPP: 24, PaletteColors: 0, Transaparency: 0
Trace|Resource 38 offset is 268652...
Debug|Encoding resource 38...
Trace|Writing image in Raw mode
Trace|Transparency image...
Trace|Writing image header...
Trace|Width: 60, Height: 52, RowLength: 180
Trace|BPP: 24, PaletteColors: 0, Transaparency: 0
Trace|Resource 39 offset is 278028...
Debug|Encoding resource 39...
Trace|Writing image in Raw mode
Trace|Transparency image...
Trace|Writing image header...
Trace|Width: 60, Height: 52, RowLength: 180
Trace|BPP: 24, PaletteColors: 0, Transaparency: 0
Trace|Resource 40 offset is 287404...
Debug|Encoding resource 40...
Trace|Writing image in Raw mode
Trace|Transparency image...
Trace|Writing image header...
Trace|Width: 60, Height: 52, RowLength: 180
Trace|BPP: 24, PaletteColors: 0, Transaparency: 0
Trace|Resource 41 offset is 296780...
Debug|Encoding resource 41...
Trace|Writing image in Raw mode
Trace|Transparency image...
Trace|Writing image header...
Trace|Width: 60, Height: 52, RowLength: 180
Trace|BPP: 24, PaletteColors: 0, Transaparency: 0
Trace|Resource 42 offset is 306156...
Debug|Encoding resource 42...
Trace|Writing image in Raw mode
Trace|Transparency image...
Trace|Writing image header...
Trace|Width: 60, Height: 52, RowLength: 180
Trace|BPP: 24, PaletteColors: 0, Transaparency: 0
Trace|Resource 43 offset is 315532...
Debug|Encoding resource 43...
Trace|Writing image in Raw mode
Trace|Transparency image...
Trace|Writing image header...
Trace|Width: 60, Height: 52, RowLength: 180
Trace|BPP: 24, PaletteColors: 0, Transaparency: 0
Trace|Resource 44 offset is 324908...
Debug|Encoding resource 44...
Trace|Writing image in Raw mode
Trace|Transparency image...
Trace|Writing image header...
Trace|Width: 60, Height: 52, RowLength: 180
Trace|BPP: 24, PaletteColors: 0, Transaparency: 0
Trace|Resource 45 offset is 334284...
Debug|Encoding resource 45...
Trace|Writing image in Raw mode
Trace|Transparency image...
Trace|Writing image header...
Trace|Width: 60, Height: 38, RowLength: 180
Trace|BPP: 24, PaletteColors: 0, Transaparency: 0
Trace|Resource 46 offset is 341140...
Debug|Encoding resource 46...
Trace|Writing image in Raw mode
Trace|Transparency image...
Trace|Writing image header...
Trace|Width: 60, Height: 38, RowLength: 180
Trace|BPP: 24, PaletteColors: 0, Transaparency: 0
Trace|Resource 47 offset is 347996...
Debug|Encoding resource 47...
Trace|Writing image in Raw mode
Trace|Transparency image...
Trace|Writing image header...
Trace|Width: 60, Height: 38, RowLength: 180
Trace|BPP: 24, PaletteColors: 0, Transaparency: 0
Trace|Resource 48 offset is 354852...
Debug|Encoding resource 48...
Trace|Writing image in Raw mode
Trace|Transparency image...
Trace|Writing image header...
Trace|Width: 60, Height: 38, RowLength: 180
Trace|BPP: 24, PaletteColors: 0, Transaparency: 0
Trace|Resource 49 offset is 361708...
Debug|Encoding resource 49...
Trace|Writing image in Raw mode
Trace|Transparency image...
Trace|Writing image header...
Trace|Width: 60, Height: 38, RowLength: 180
Trace|BPP: 24, PaletteColors: 0, Transaparency: 0
Trace|Resource 50 offset is 368564...
Debug|Encoding resource 50...
Trace|Writing image in Raw mode
Trace|Transparency image...
Trace|Writing image header...
Trace|Width: 60, Height: 38, RowLength: 180
Trace|BPP: 24, PaletteColors: 0, Transaparency: 0
Trace|Resource 51 offset is 375420...
Debug|Encoding resource 51...
Trace|Writing image in Raw mode
Trace|Transparency image...
Trace|Writing image header...
Trace|Width: 60, Height: 38, RowLength: 180
Trace|BPP: 24, PaletteColors: 0, Transaparency: 0
Trace|Resource 52 offset is 382276...
Debug|Encoding resource 52...
Trace|Writing image in Raw mode
Trace|Transparency image...
Trace|Writing image header...
Trace|Width: 60, Height: 38, RowLength: 180
Trace|BPP: 24, PaletteColors: 0, Transaparency: 0
Trace|Resource 53 offset is 389132...
Debug|Encoding resource 53...
Trace|Writing image in Raw mode
Trace|Transparency image...
Trace|Writing image header...
Trace|Width: 60, Height: 38, RowLength: 180
Trace|BPP: 24, PaletteColors: 0, Transaparency: 0
Trace|Resource 54 offset is 395988...
Debug|Encoding resource 54...
Trace|Writing image in Raw mode
Trace|Transparency image...
Trace|Writing image header...
Trace|Width: 60, Height: 38, RowLength: 180
Trace|BPP: 24, PaletteColors: 0, Transaparency: 0
Trace|Resource 55 offset is 402844...
Debug|Encoding resource 55...
Trace|Writing image in Raw mode
Trace|Transparency image...
Trace|Writing image header...
Trace|Width: 10, Height: 10, RowLength: 30
Trace|BPP: 24, PaletteColors: 0, Transaparency: 0
Trace|Resource 56 offset is 403160...
Debug|Encoding resource 56...
Trace|Writing image in Raw mode
Trace|Transparency image...
Trace|Writing image header...
Trace|Width: 44, Height: 46, RowLength: 132
Trace|BPP: 24, PaletteColors: 0, Transaparency: 0
Trace|Resource 57 offset is 409248...
Debug|Encoding resource 57...
Trace|Writing image in Raw mode
Trace|Transparency image...
Trace|Writing image header...
Trace|Width: 44, Height: 46, RowLength: 132
Trace|BPP: 24, PaletteColors: 0, Transaparency: 0
Trace|Resource 58 offset is 415336...
Debug|Encoding resource 58...
Trace|Writing image in Raw mode
Trace|Transparency image...
Trace|Writing image header...
Trace|Width: 44, Height: 46, RowLength: 132
Trace|BPP: 24, PaletteColors: 0, Transaparency: 0
Trace|Resource 59 offset is 421424...
Debug|Encoding resource 59...
Trace|Writing image in Raw mode
Trace|Transparency image...
Trace|Writing image header...
Trace|Width: 44, Height: 46, RowLength: 132
Trace|BPP: 24, PaletteColors: 0, Transaparency: 0
Trace|Resource 60 offset is 427512...
Debug|Encoding resource 60...
Trace|Writing image in Raw mode
Trace|Transparency image...
Trace|Writing image header...
Trace|Width: 44, Height: 46, RowLength: 132
Trace|BPP: 24, PaletteColors: 0, Transaparency: 0
Trace|Resource 61 offset is 433600...
Debug|Encoding resource 61...
Trace|Writing image in Raw mode
Trace|Transparency image...
Trace|Writing image header...
Trace|Width: 44, Height: 46, RowLength: 132
Trace|BPP: 24, PaletteColors: 0, Transaparency: 0
Trace|Resource 62 offset is 439688...
Debug|Encoding resource 62...
Trace|Writing image in Raw mode
Trace|Transparency image...
Trace|Writing image header...
Trace|Width: 44, Height: 46, RowLength: 132
Trace|BPP: 24, PaletteColors: 0, Transaparency: 0
Trace|Resource 63 offset is 445776...
Debug|Encoding resource 63...
Trace|Writing image in Raw mode
Trace|Transparency image...
Trace|Writing image header...
Trace|Width: 44, Height: 46, RowLength: 132
Trace|BPP: 24, PaletteColors: 0, Transaparency: 0
Trace|Resource 64 offset is 451864...
Debug|Encoding resource 64...
Trace|Writing image in Raw mode
Trace|Transparency image...
Trace|Writing image header...
Trace|Width: 44, Height: 46, RowLength: 132
Trace|BPP: 24, PaletteColors: 0, Transaparency: 0
Trace|Resource 65 offset is 457952...
Debug|Encoding resource 65...
Trace|Writing image in Raw mode
Trace|Transparency image...
Trace|Writing image header...
Trace|Width: 44, Height: 46, RowLength: 132
Trace|BPP: 24, PaletteColors: 0, Transaparency: 0
Trace|Resource 66 offset is 464040...
Debug|Encoding resource 66...
Trace|Writing image in Raw mode
Trace|Transparency image...
Trace|Writing image header...
Trace|Width: 44, Height: 46, RowLength: 132
Trace|BPP: 24, PaletteColors: 0, Transaparency: 0
Trace|Resource 67 offset is 470128...
Debug|Encoding resource 67...
Trace|Writing image in Raw mode
Trace|Transparency image...
Trace|Writing image header...
Trace|Width: 44, Height: 46, RowLength: 132
Trace|BPP: 24, PaletteColors: 0, Transaparency: 0
Trace|Resource 68 offset is 476216...
Debug|Encoding resource 68...
Trace|Writing image in Raw mode
Trace|Transparency image...
Trace|Writing image header...
Trace|Width: 9, Height: 12, RowLength: 27
Trace|BPP: 24, PaletteColors: 0, Transaparency: 0
Trace|Resource 69 offset is 476556...
Debug|Encoding resource 69...
Trace|Writing image in Raw mode
Trace|Transparency image...
Trace|Writing image header...
Trace|Width: 9, Height: 12, RowLength: 27
Trace|BPP: 24, PaletteColors: 0, Transaparency: 0
Trace|Resource 70 offset is 476896...
Debug|Encoding resource 70...
Trace|Writing image in Raw mode
Trace|Transparency image...
Trace|Writing image header...
Trace|Width: 9, Height: 12, RowLength: 27
Trace|BPP: 24, PaletteColors: 0, Transaparency: 0
Trace|Resource 71 offset is 477236...
Debug|Encoding resource 71...
Trace|Writing image in Raw mode
Trace|Transparency image...
Trace|Writing image header...
Trace|Width: 9, Height: 12, RowLength: 27
Trace|BPP: 24, PaletteColors: 0, Transaparency: 0
Trace|Resource 72 offset is 477576...
Debug|Encoding resource 72...
Trace|Writing image in Raw mode
Trace|Transparency image...
Trace|Writing image header...
Trace|Width: 9, Height: 12, RowLength: 27
Trace|BPP: 24, PaletteColors: 0, Transaparency: 0
Trace|Resource 73 offset is 477916...
Debug|Encoding resource 73...
Trace|Writing image in Raw mode
Trace|Transparency image...
Trace|Writing image header...
Trace|Width: 9, Height: 12, RowLength: 27
Trace|BPP: 24, PaletteColors: 0, Transaparency: 0
Trace|Resource 74 offset is 478256...
Debug|Encoding resource 74...
Trace|Writing image in Raw mode
Trace|Transparency image...
Trace|Writing image header...
Trace|Width: 9, Height: 12, RowLength: 27
Trace|BPP: 24, PaletteColors: 0, Transaparency: 0
Trace|Resource 75 offset is 478596...
Debug|Encoding resource 75...
Trace|Writing image in Raw mode
Trace|Transparency image...
Trace|Writing image header...
Trace|Width: 9, Height: 12, RowLength: 27
Trace|BPP: 24, PaletteColors: 0, Transaparency: 0
Trace|Resource 76 offset is 478936...
Debug|Encoding resource 76...
Trace|Writing image in Raw mode
Trace|Transparency image...
Trace|Writing image header...
Trace|Width: 9, Height: 12, RowLength: 27
Trace|BPP: 24, PaletteColors: 0, Transaparency: 0
Trace|Resource 77 offset is 479276...
Debug|Encoding resource 77...
Trace|Writing image in Raw mode
Trace|Transparency image...
Trace|Writing image header...
Trace|Width: 9, Height: 12, RowLength: 27
Trace|BPP: 24, PaletteColors: 0, Transaparency: 0
Trace|Resource 78 offset is 479616...
Debug|Encoding resource 78...
Trace|Writing image in Raw mode
Trace|Transparency image...
Trace|Writing image header...
Trace|Width: 32, Height: 32, RowLength: 96
Trace|BPP: 24, PaletteColors: 0, Transaparency: 0
Trace|Resource 79 offset is 482704...
Debug|Encoding resource 79...
Trace|Writing image in Raw mode
Trace|Transparency image...
Trace|Writing image header...
Trace|Width: 32, Height: 32, RowLength: 96
Trace|BPP: 24, PaletteColors: 0, Transaparency: 0
Trace|Resource 80 offset is 485792...
Debug|Encoding resource 80...
Trace|Writing image in Raw mode
Trace|Transparency image...
Trace|Writing image header...
Trace|Width: 32, Height: 32, RowLength: 96
Trace|BPP: 24, PaletteColors: 0, Transaparency: 0
Trace|Resource 81 offset is 488880...
Debug|Encoding resource 81...
Trace|Writing image in Raw mode
Trace|Transparency image...
Trace|Writing image header...
Trace|Width: 32, Height: 32, RowLength: 96
Trace|BPP: 24, PaletteColors: 0, Transaparency: 0
Trace|Resource 82 offset is 491968...
Debug|Encoding resource 82...
Trace|Writing image in Raw mode
Trace|Transparency image...
Trace|Writing image header...
Trace|Width: 32, Height: 32, RowLength: 96
Trace|BPP: 24, PaletteColors: 0, Transaparency: 0
Trace|Resource 83 offset is 495056...
Debug|Encoding resource 83...
Trace|Writing image in Raw mode
Trace|Transparency image...
Trace|Writing image header...
Trace|Width: 32, Height: 32, RowLength: 96
Trace|BPP: 24, PaletteColors: 0, Transaparency: 0
Trace|Resource 84 offset is 498144...
Debug|Encoding resource 84...
Trace|Writing image in Raw mode
Trace|Transparency image...
Trace|Writing image header...
Trace|Width: 32, Height: 32, RowLength: 96
Trace|BPP: 24, PaletteColors: 0, Transaparency: 0
Trace|Resource 85 offset is 501232...
Debug|Encoding resource 85...
Trace|Writing image in Raw mode
Trace|Transparency image...
Trace|Writing image header...
Trace|Width: 32, Height: 32, RowLength: 96
Trace|BPP: 24, PaletteColors: 0, Transaparency: 0
Trace|Resource 86 offset is 504320...
Debug|Encoding resource 86...
Trace|Writing image in Raw mode
Trace|Transparency image...
Trace|Writing image header...
Trace|Width: 32, Height: 32, RowLength: 96
Trace|BPP: 24, PaletteColors: 0, Transaparency: 0
Trace|Resource 87 offset is 507408...
Debug|Encoding resource 87...
Trace|Writing image in Raw mode
Trace|Transparency image...
Trace|Writing image header...
Trace|Width: 32, Height: 32, RowLength: 96
Trace|BPP: 24, PaletteColors: 0, Transaparency: 0
Trace|Resource 88 offset is 510496...
Debug|Encoding resource 88...
Trace|Writing image in Raw mode
Trace|Transparency image...
Trace|Writing image header...
Trace|Width: 32, Height: 32, RowLength: 96
Trace|BPP: 24, PaletteColors: 0, Transaparency: 0
Trace|Resource 89 offset is 513584...
Debug|Encoding resource 89...
Trace|Writing image in Raw mode
Trace|Transparency image...
Trace|Writing image header...
Trace|Width: 32, Height: 32, RowLength: 96
Trace|BPP: 24, PaletteColors: 0, Transaparency: 0
Trace|Resource 90 offset is 516672...
Debug|Encoding resource 90...
Trace|Writing image in Raw mode
Trace|Transparency image...
Trace|Writing image header...
Trace|Width: 32, Height: 32, RowLength: 96
Trace|BPP: 24, PaletteColors: 0, Transaparency: 0
Trace|Resource 91 offset is 519760...
Debug|Encoding resource 91...
Trace|Writing image in Raw mode
Trace|Transparency image...
Trace|Writing image header...
Trace|Width: 32, Height: 32, RowLength: 96
Trace|BPP: 24, PaletteColors: 0, Transaparency: 0
Trace|Resource 92 offset is 522848...
Debug|Encoding resource 92...
Trace|Writing image in Raw mode
Trace|Transparency image...
Trace|Writing image header...
Trace|Width: 32, Height: 32, RowLength: 96
Trace|BPP: 24, PaletteColors: 0, Transaparency: 0
Trace|Resource 93 offset is 525936...
Debug|Encoding resource 93...
Trace|Writing image in Raw mode
Trace|Transparency image...
Trace|Writing image header...
Trace|Width: 32, Height: 32, RowLength: 96
Trace|BPP: 24, PaletteColors: 0, Transaparency: 0
Trace|Resource 94 offset is 529024...
Debug|Encoding resource 94...
Trace|Writing image in Raw mode
Trace|Transparency image...
Trace|Writing image header...
Trace|Width: 32, Height: 32, RowLength: 96
Trace|BPP: 24, PaletteColors: 0, Transaparency: 0
Trace|Resource 95 offset is 532112...
Debug|Encoding resource 95...
Trace|Writing image in Raw mode
Trace|Transparency image...
Trace|Writing image header...
Trace|Width: 32, Height: 32, RowLength: 96
Trace|BPP: 24, PaletteColors: 0, Transaparency: 0
Trace|Resource 96 offset is 535200...
Debug|Encoding resource 96...
Trace|Writing image in Raw mode
Trace|Transparency image...
Trace|Writing image header...
Trace|Width: 32, Height: 32, RowLength: 96
Trace|BPP: 24, PaletteColors: 0, Transaparency: 0
Trace|Resource 97 offset is 538288...
Debug|Encoding resource 97...
Trace|Writing image in Raw mode
Trace|Transparency image...
Trace|Writing image header...
Trace|Width: 32, Height: 32, RowLength: 96
Trace|BPP: 24, PaletteColors: 0, Transaparency: 0
Trace|Resource 98 offset is 541376...
Debug|Encoding resource 98...
Trace|Writing image in Raw mode
Trace|Transparency image...
Trace|Writing image header...
Trace|Width: 32, Height: 32, RowLength: 96
Trace|BPP: 24, PaletteColors: 0, Transaparency: 0
Trace|Resource 99 offset is 544464...
Debug|Encoding resource 99...
Trace|Writing image in Raw mode
Trace|Transparency image...
Trace|Writing image header...
Trace|Width: 32, Height: 32, RowLength: 96
Trace|BPP: 24, PaletteColors: 0, Transaparency: 0
Trace|Resource 100 offset is 547552...
Debug|Encoding resource 100...
Trace|Writing image in Raw mode
Trace|Transparency image...
Trace|Writing image header...
Trace|Width: 32, Height: 32, RowLength: 96
Trace|BPP: 24, PaletteColors: 0, Transaparency: 0
Trace|Resource 101 offset is 550640...
Debug|Encoding resource 101...
Trace|Writing image in Raw mode
Trace|Transparency image...
Trace|Writing image header...
Trace|Width: 32, Height: 32, RowLength: 96
Trace|BPP: 24, PaletteColors: 0, Transaparency: 0
Trace|Resource 102 offset is 553728...
Debug|Encoding resource 102...
Trace|Writing image in Raw mode
Trace|Transparency image...
Trace|Writing image header...
Trace|Width: 32, Height: 32, RowLength: 96
Trace|BPP: 24, PaletteColors: 0, Transaparency: 0
Trace|Resource 103 offset is 556816...
Debug|Encoding resource 103...
Trace|Writing image in Raw mode
Trace|Transparency image...
Trace|Writing image header...
Trace|Width: 32, Height: 32, RowLength: 96
Trace|BPP: 24, PaletteColors: 0, Transaparency: 0
Trace|Resource 104 offset is 559904...
Debug|Encoding resource 104...
Trace|Writing image in Raw mode
Trace|Transparency image...
Trace|Writing image header...
Trace|Width: 16, Height: 19, RowLength: 48
Trace|BPP: 24, PaletteColors: 0, Transaparency: 0
Trace|Resource 105 offset is 560832...
Debug|Encoding resource 105...
Trace|Writing image in Raw mode
Trace|Transparency image...
Trace|Writing image header...
Trace|Width: 16, Height: 19, RowLength: 48
Trace|BPP: 24, PaletteColors: 0, Transaparency: 0
Trace|Resource 106 offset is 561760...
Debug|Encoding resource 106...
Trace|Writing image in Raw mode
Trace|Transparency image...
Trace|Writing image header...
Trace|Width: 16, Height: 19, RowLength: 48
Trace|BPP: 24, PaletteColors: 0, Transaparency: 0
Trace|Resource 107 offset is 562688...
Debug|Encoding resource 107...
Trace|Writing image in Raw mode
Trace|Transparency image...
Trace|Writing image header...
Trace|Width: 16, Height: 19, RowLength: 48
Trace|BPP: 24, PaletteColors: 0, Transaparency: 0
Trace|Resource 108 offset is 563616...
Debug|Encoding resource 108...
Trace|Writing image in Raw mode
Trace|Transparency image...
Trace|Writing image header...
Trace|Width: 16, Height: 19, RowLength: 48
Trace|BPP: 24, PaletteColors: 0, Transaparency: 0
Trace|Resource 109 offset is 564544...
Debug|Encoding resource 109...
Trace|Writing image in Raw mode
Trace|Transparency image...
Trace|Writing image header...
Trace|Width: 16, Height: 19, RowLength: 48
Trace|BPP: 24, PaletteColors: 0, Transaparency: 0
Trace|Resource 110 offset is 565472...
Debug|Encoding resource 110...
Trace|Writing image in Raw mode
Trace|Transparency image...
Trace|Writing image header...
Trace|Width: 16, Height: 19, RowLength: 48
Trace|BPP: 24, PaletteColors: 0, Transaparency: 0
Trace|Resource 111 offset is 566400...
Debug|Encoding resource 111...
Trace|Writing image in Raw mode
Trace|Transparency image...
Trace|Writing image header...
Trace|Width: 16, Height: 19, RowLength: 48
Trace|BPP: 24, PaletteColors: 0, Transaparency: 0
Trace|Resource 112 offset is 567328...
Debug|Encoding resource 112...
Trace|Writing image in Raw mode
Trace|Transparency image...
Trace|Writing image header...
Trace|Width: 16, Height: 19, RowLength: 48
Trace|BPP: 24, PaletteColors: 0, Transaparency: 0
Trace|Resource 113 offset is 568256...
Debug|Encoding resource 113...
Trace|Writing image in Raw mode
Trace|Transparency image...
Trace|Writing image header...
Trace|Width: 16, Height: 19, RowLength: 48
Trace|BPP: 24, PaletteColors: 0, Transaparency: 0
Trace|Resource 114 offset is 569184...
Debug|Encoding resource 114...
Trace|Writing image in Raw mode
Trace|Transparency image...
Trace|Writing image header...
Trace|Width: 13, Height: 15, RowLength: 39
Trace|BPP: 24, PaletteColors: 0, Transaparency: 0
Trace|Resource 115 offset is 569785...
Debug|Encoding resource 115...
Trace|Writing image in Raw mode
Trace|Transparency image...
Trace|Writing image header...
Trace|Width: 13, Height: 15, RowLength: 39
Trace|BPP: 24, PaletteColors: 0, Transaparency: 0
Trace|Resource 116 offset is 570386...
Debug|Encoding resource 116...
Trace|Writing image in Raw mode
Trace|Transparency image...
Trace|Writing image header...
Trace|Width: 13, Height: 15, RowLength: 39
Trace|BPP: 24, PaletteColors: 0, Transaparency: 0
Trace|Resource 117 offset is 570987...
Debug|Encoding resource 117...
Trace|Writing image in Raw mode
Trace|Transparency image...
Trace|Writing image header...
Trace|Width: 13, Height: 15, RowLength: 39
Trace|BPP: 24, PaletteColors: 0, Transaparency: 0
Trace|Resource 118 offset is 571588...
Debug|Encoding resource 118...
Trace|Writing image in Raw mode
Trace|Transparency image...
Trace|Writing image header...
Trace|Width: 13, Height: 15, RowLength: 39
Trace|BPP: 24, PaletteColors: 0, Transaparency: 0
Trace|Resource 119 offset is 572189...
Debug|Encoding resource 119...
Trace|Writing image in Raw mode
Trace|Transparency image...
Trace|Writing image header...
Trace|Width: 13, Height: 15, RowLength: 39
Trace|BPP: 24, PaletteColors: 0, Transaparency: 0
Trace|Resource 120 offset is 572790...
Debug|Encoding resource 120...
Trace|Writing image in Raw mode
Trace|Transparency image...
Trace|Writing image header...
Trace|Width: 13, Height: 15, RowLength: 39
Trace|BPP: 24, PaletteColors: 0, Transaparency: 0
Trace|Resource 121 offset is 573391...
Debug|Encoding resource 121...
Trace|Writing image in Raw mode
Trace|Transparency image...
Trace|Writing image header...
Trace|Width: 13, Height: 15, RowLength: 39
Trace|BPP: 24, PaletteColors: 0, Transaparency: 0
Trace|Resource 122 offset is 573992...
Debug|Encoding resource 122...
Trace|Writing image in Raw mode
Trace|Transparency image...
Trace|Writing image header...
Trace|Width: 13, Height: 15, RowLength: 39
Trace|BPP: 24, PaletteColors: 0, Transaparency: 0
Trace|Resource 123 offset is 574593...
Debug|Encoding resource 123...
Trace|Writing image in Raw mode
Trace|Transparency image...
Trace|Writing image header...
Trace|Width: 13, Height: 15, RowLength: 39
Trace|BPP: 24, PaletteColors: 0, Transaparency: 0
Trace|Resource 124 offset is 575194...
Debug|Encoding resource 124...
Trace|Writing image in Raw mode
Trace|Transparency image...
Trace|Writing image header...
Trace|Width: 12, Height: 14, RowLength: 36
Trace|BPP: 24, PaletteColors: 0, Transaparency: 0
Trace|Resource 125 offset is 575714...
Debug|Encoding resource 125...
Trace|Writing image in Raw mode
Trace|Transparency image...
Trace|Writing image header...
Trace|Width: 12, Height: 14, RowLength: 36
Trace|BPP: 24, PaletteColors: 0, Transaparency: 0
Trace|Resource 126 offset is 576234...
Debug|Encoding resource 126...
Trace|Writing image in Raw mode
Trace|Transparency image...
Trace|Writing image header...
Trace|Width: 12, Height: 14, RowLength: 36
Trace|BPP: 24, PaletteColors: 0, Transaparency: 0
Trace|Resource 127 offset is 576754...
Debug|Encoding resource 127...
Trace|Writing image in Raw mode
Trace|Transparency image...
Trace|Writing image header...
Trace|Width: 12, Height: 14, RowLength: 36
Trace|BPP: 24, PaletteColors: 0, Transaparency: 0
Trace|Resource 128 offset is 577274...
Debug|Encoding resource 128...
Trace|Writing image in Raw mode
Trace|Transparency image...
Trace|Writing image header...
Trace|Width: 12, Height: 14, RowLength: 36
Trace|BPP: 24, PaletteColors: 0, Transaparency: 0
Trace|Resource 129 offset is 577794...
Debug|Encoding resource 129...
Trace|Writing image in Raw mode
Trace|Transparency image...
Trace|Writing image header...
Trace|Width: 12, Height: 14, RowLength: 36
Trace|BPP: 24, PaletteColors: 0, Transaparency: 0
Trace|Resource 130 offset is 578314...
Debug|Encoding resource 130...
Trace|Writing image in Raw mode
Trace|Transparency image...
Trace|Writing image header...
Trace|Width: 12, Height: 14, RowLength: 36
Trace|BPP: 24, PaletteColors: 0, Transaparency: 0
Trace|Resource 131 offset is 578834...
Debug|Encoding resource 131...
Trace|Writing image in Raw mode
Trace|Transparency image...
Trace|Writing image header...
Trace|Width: 12, Height: 14, RowLength: 36
Trace|BPP: 24, PaletteColors: 0, Transaparency: 0
Trace|Resource 132 offset is 579354...
Debug|Encoding resource 132...
Trace|Writing image in Raw mode
Trace|Transparency image...
Trace|Writing image header...
Trace|Width: 12, Height: 14, RowLength: 36
Trace|BPP: 24, PaletteColors: 0, Transaparency: 0
Trace|Resource 133 offset is 579874...
Debug|Encoding resource 133...
Trace|Writing image in Raw mode
Trace|Transparency image...
Trace|Writing image header...
Trace|Width: 12, Height: 14, RowLength: 36
Trace|BPP: 24, PaletteColors: 0, Transaparency: 0
Trace|Resource 134 offset is 580394...
Debug|Encoding resource 134...
Trace|Writing image in Raw mode
Trace|Transparency image...
Trace|Writing image header...
Trace|Width: 14, Height: 12, RowLength: 42
Trace|BPP: 24, PaletteColors: 0, Transaparency: 0
Trace|Resource 135 offset is 580914...
Debug|Encoding resource 135...
Trace|Writing image in Raw mode
Trace|Transparency image...
Trace|Writing image header...
Trace|Width: 4, Height: 12, RowLength: 12
Trace|BPP: 24, PaletteColors: 0, Transaparency: 0
Trace|Resource 136 offset is 581074...
Debug|Encoding resource 136...
Trace|Writing image in Raw mode
Trace|Transparency image...
Trace|Writing image header...
Trace|Width: 1, Height: 12, RowLength: 3
Trace|BPP: 24, PaletteColors: 0, Transaparency: 0
Trace|Writing resources offsets table
Debug|Writing resources
