Debug|Reading config...
Debug|Reading referenced images from 'infograph_no.23_packed-97515-38b4a2ef2e'
Trace|Loading resources for 2 'Background'
Trace|Loading resources for 2.1 'ImageBasic'
Trace|Loading image 0...
Trace|Image was loaded from file infograph_no.23_packed-97515-38b4a2ef2e\0000.png
Trace|Loading resources for 2.3 'ImageBasic'
Trace|Loading image 143...
Trace|Image was loaded from file infograph_no.23_packed-97515-38b4a2ef2e\0143.png
Trace|Loading resources for 2.4 'ImageBasic'
Trace|Loading resources for 2.5 'ImageBasic'
Trace|Loading resources for 3 'Time'
Trace|Loading resources for 3.1 'TwoDigits'
Trace|Loading resources for 3.1.1 'ImageSet'
Trace|Loading image 32...
Trace|Image was loaded from file infograph_no.23_packed-97515-38b4a2ef2e\0032.png
Trace|Loading image 33...
Trace|Image was loaded from file infograph_no.23_packed-97515-38b4a2ef2e\0033.png
Trace|Loading image 34...
Trace|Image was loaded from file infograph_no.23_packed-97515-38b4a2ef2e\0034.png
Trace|Loading resources for 3.1.2 'ImageSet'
Trace|Loading image 35...
Trace|Image was loaded from file infograph_no.23_packed-97515-38b4a2ef2e\0035.png
Trace|Loading image 36...
Trace|Image was loaded from file infograph_no.23_packed-97515-38b4a2ef2e\0036.png
Trace|Loading image 37...
Trace|Image was loaded from file infograph_no.23_packed-97515-38b4a2ef2e\0037.png
Trace|Loading image 38...
Trace|Image was loaded from file infograph_no.23_packed-97515-38b4a2ef2e\0038.png
Trace|Loading image 39...
Trace|Image was loaded from file infograph_no.23_packed-97515-38b4a2ef2e\0039.png
Trace|Loading image 40...
Trace|Image was loaded from file infograph_no.23_packed-97515-38b4a2ef2e\0040.png
Trace|Loading image 41...
Trace|Image was loaded from file infograph_no.23_packed-97515-38b4a2ef2e\0041.png
Trace|Loading resources for 3.2 'TwoDigits'
Trace|Loading resources for 3.2.1 'ImageSet'
Trace|Loading resources for 3.2.2 'ImageSet'
Trace|Loading resources for 4 'Activity'
Trace|Loading resources for 4.1 'Steps'
Trace|Loading resources for 4.1.1 'Number'
Trace|Loading resources for 4.1.1.5 'TextAlignment'
Trace|Loading image 63...
Trace|Image was loaded from file infograph_no.23_packed-97515-38b4a2ef2e\0063.png
Trace|Loading image 64...
Trace|Image was loaded from file infograph_no.23_packed-97515-38b4a2ef2e\0064.png
Trace|Loading image 65...
Trace|Image was loaded from file infograph_no.23_packed-97515-38b4a2ef2e\0065.png
Trace|Loading image 66...
Trace|Image was loaded from file infograph_no.23_packed-97515-38b4a2ef2e\0066.png
Trace|Loading image 67...
Trace|Image was loaded from file infograph_no.23_packed-97515-38b4a2ef2e\0067.png
Trace|Loading image 68...
Trace|Image was loaded from file infograph_no.23_packed-97515-38b4a2ef2e\0068.png
Trace|Loading image 69...
Trace|Image was loaded from file infograph_no.23_packed-97515-38b4a2ef2e\0069.png
Trace|Loading image 70...
Trace|Image was loaded from file infograph_no.23_packed-97515-38b4a2ef2e\0070.png
Trace|Loading image 71...
Trace|Image was loaded from file infograph_no.23_packed-97515-38b4a2ef2e\0071.png
Trace|Loading image 72...
Trace|Image was loaded from file infograph_no.23_packed-97515-38b4a2ef2e\0072.png
Trace|Loading resources for 4.5 'DistanceWrapper'
Trace|Loading resources for 4.5.1 'Number'
Trace|Loading resources for 4.5.1.5 'TextAlignment'
Trace|Loading image 73...
Trace|Image was loaded from file infograph_no.23_packed-97515-38b4a2ef2e\0073.png
Trace|Loading image 74...
Trace|Image was loaded from file infograph_no.23_packed-97515-38b4a2ef2e\0074.png
Trace|Loading image 75...
Trace|Image was loaded from file infograph_no.23_packed-97515-38b4a2ef2e\0075.png
Trace|Loading image 76...
Trace|Image was loaded from file infograph_no.23_packed-97515-38b4a2ef2e\0076.png
Trace|Loading image 77...
Trace|Image was loaded from file infograph_no.23_packed-97515-38b4a2ef2e\0077.png
Trace|Loading image 78...
Trace|Image was loaded from file infograph_no.23_packed-97515-38b4a2ef2e\0078.png
Trace|Loading image 79...
Trace|Image was loaded from file infograph_no.23_packed-97515-38b4a2ef2e\0079.png
Trace|Loading image 80...
Trace|Image was loaded from file infograph_no.23_packed-97515-38b4a2ef2e\0080.png
Trace|Loading image 81...
Trace|Image was loaded from file infograph_no.23_packed-97515-38b4a2ef2e\0081.png
Trace|Loading image 82...
Trace|Image was loaded from file infograph_no.23_packed-97515-38b4a2ef2e\0082.png
Trace|Loading image 146...
Trace|Image was loaded from file infograph_no.23_packed-97515-38b4a2ef2e\0146.png
Trace|Loading image 145...
Trace|Image was loaded from file infograph_no.23_packed-97515-38b4a2ef2e\0145.png
Trace|Loading resources for 5 'Date'
Trace|Loading resources for 5.1 'MonthAndDayAndYear'
Trace|Loading resources for 5.1.1 'SeparateMonthAndDay'
Trace|Loading resources for 5.1.1.4 'Number'
Trace|Loading resources for 5.1.1.4.5 'TextAlignment'
Trace|Loading image 133...
Trace|Image was loaded from file infograph_no.23_packed-97515-38b4a2ef2e\0133.png
Trace|Loading image 134...
Trace|Image was loaded from file infograph_no.23_packed-97515-38b4a2ef2e\0134.png
Trace|Loading image 135...
Trace|Image was loaded from file infograph_no.23_packed-97515-38b4a2ef2e\0135.png
Trace|Loading image 136...
Trace|Image was loaded from file infograph_no.23_packed-97515-38b4a2ef2e\0136.png
Trace|Loading image 137...
Trace|Image was loaded from file infograph_no.23_packed-97515-38b4a2ef2e\0137.png
Trace|Loading image 138...
Trace|Image was loaded from file infograph_no.23_packed-97515-38b4a2ef2e\0138.png
Trace|Loading image 139...
Trace|Image was loaded from file infograph_no.23_packed-97515-38b4a2ef2e\0139.png
Trace|Loading image 140...
Trace|Image was loaded from file infograph_no.23_packed-97515-38b4a2ef2e\0140.png
Trace|Loading image 141...
Trace|Image was loaded from file infograph_no.23_packed-97515-38b4a2ef2e\0141.png
Trace|Loading image 142...
Trace|Image was loaded from file infograph_no.23_packed-97515-38b4a2ef2e\0142.png
Trace|Loading resources for 5.1.4 'Boolean'
Trace|Loading resources for 5.1.5 'Boolean'
Trace|Loading resources for 5.4 'ImageSet'
Trace|Loading image 25...
Trace|Image was loaded from file infograph_no.23_packed-97515-38b4a2ef2e\0025.png
Trace|Loading image 26...
Trace|Image was loaded from file infograph_no.23_packed-97515-38b4a2ef2e\0026.png
Trace|Loading image 27...
Trace|Image was loaded from file infograph_no.23_packed-97515-38b4a2ef2e\0027.png
Trace|Loading image 28...
Trace|Image was loaded from file infograph_no.23_packed-97515-38b4a2ef2e\0028.png
Trace|Loading image 29...
Trace|Image was loaded from file infograph_no.23_packed-97515-38b4a2ef2e\0029.png
Trace|Loading image 30...
Trace|Image was loaded from file infograph_no.23_packed-97515-38b4a2ef2e\0030.png
Trace|Loading image 31...
Trace|Image was loaded from file infograph_no.23_packed-97515-38b4a2ef2e\0031.png
Trace|Loading resources for 5.5 'ImageSet'
Trace|Loading image 11...
Trace|Image was loaded from file infograph_no.23_packed-97515-38b4a2ef2e\0011.png
Trace|Loading image 12...
Trace|Image was loaded from file infograph_no.23_packed-97515-38b4a2ef2e\0012.png
Trace|Loading image 13...
Trace|Image was loaded from file infograph_no.23_packed-97515-38b4a2ef2e\0013.png
Trace|Loading image 14...
Trace|Image was loaded from file infograph_no.23_packed-97515-38b4a2ef2e\0014.png
Trace|Loading image 15...
Trace|Image was loaded from file infograph_no.23_packed-97515-38b4a2ef2e\0015.png
Trace|Loading image 16...
Trace|Image was loaded from file infograph_no.23_packed-97515-38b4a2ef2e\0016.png
Trace|Loading image 17...
Trace|Image was loaded from file infograph_no.23_packed-97515-38b4a2ef2e\0017.png
Trace|Loading resources for 5.6 'ImageSet'
Trace|Loading image 18...
Trace|Image was loaded from file infograph_no.23_packed-97515-38b4a2ef2e\0018.png
Trace|Loading image 19...
Trace|Image was loaded from file infograph_no.23_packed-97515-38b4a2ef2e\0019.png
Trace|Loading image 20...
Trace|Image was loaded from file infograph_no.23_packed-97515-38b4a2ef2e\0020.png
Trace|Loading image 21...
Trace|Image was loaded from file infograph_no.23_packed-97515-38b4a2ef2e\0021.png
Trace|Loading image 22...
Trace|Image was loaded from file infograph_no.23_packed-97515-38b4a2ef2e\0022.png
Trace|Loading image 23...
Trace|Image was loaded from file infograph_no.23_packed-97515-38b4a2ef2e\0023.png
Trace|Loading image 24...
Trace|Image was loaded from file infograph_no.23_packed-97515-38b4a2ef2e\0024.png
Trace|Loading resources for 6 'Weather'
Trace|Loading resources for 6.1 'WeatherIcon'
Trace|Loading resources for 6.1.2 'CustomWeatherIcon'
Trace|Loading image 83...
Trace|Image was loaded from file infograph_no.23_packed-97515-38b4a2ef2e\0083.png
Trace|Loading image 84...
Trace|Image was loaded from file infograph_no.23_packed-97515-38b4a2ef2e\0084.png
Trace|Loading image 85...
Trace|Image was loaded from file infograph_no.23_packed-97515-38b4a2ef2e\0085.png
Trace|Loading image 86...
Trace|Image was loaded from file infograph_no.23_packed-97515-38b4a2ef2e\0086.png
Trace|Loading image 87...
Trace|Image was loaded from file infograph_no.23_packed-97515-38b4a2ef2e\0087.png
Trace|Loading image 88...
Trace|Image was loaded from file infograph_no.23_packed-97515-38b4a2ef2e\0088.png
Trace|Loading image 89...
Trace|Image was loaded from file infograph_no.23_packed-97515-38b4a2ef2e\0089.png
Trace|Loading image 90...
Trace|Image was loaded from file infograph_no.23_packed-97515-38b4a2ef2e\0090.png
Trace|Loading image 91...
Trace|Image was loaded from file infograph_no.23_packed-97515-38b4a2ef2e\0091.png
Trace|Loading image 92...
Trace|Image was loaded from file infograph_no.23_packed-97515-38b4a2ef2e\0092.png
Trace|Loading image 93...
Trace|Image was loaded from file infograph_no.23_packed-97515-38b4a2ef2e\0093.png
Trace|Loading image 94...
Trace|Image was loaded from file infograph_no.23_packed-97515-38b4a2ef2e\0094.png
Trace|Loading image 95...
Trace|Image was loaded from file infograph_no.23_packed-97515-38b4a2ef2e\0095.png
Trace|Loading image 96...
Trace|Image was loaded from file infograph_no.23_packed-97515-38b4a2ef2e\0096.png
Trace|Loading image 97...
Trace|Image was loaded from file infograph_no.23_packed-97515-38b4a2ef2e\0097.png
Trace|Loading image 98...
Trace|Image was loaded from file infograph_no.23_packed-97515-38b4a2ef2e\0098.png
Trace|Loading image 99...
Trace|Image was loaded from file infograph_no.23_packed-97515-38b4a2ef2e\0099.png
Trace|Loading image 100...
Trace|Image was loaded from file infograph_no.23_packed-97515-38b4a2ef2e\0100.png
Trace|Loading image 101...
Trace|Image was loaded from file infograph_no.23_packed-97515-38b4a2ef2e\0101.png
Trace|Loading image 102...
Trace|Image was loaded from file infograph_no.23_packed-97515-38b4a2ef2e\0102.png
Trace|Loading image 103...
Trace|Image was loaded from file infograph_no.23_packed-97515-38b4a2ef2e\0103.png
Trace|Loading image 104...
Trace|Image was loaded from file infograph_no.23_packed-97515-38b4a2ef2e\0104.png
Trace|Loading image 105...
Trace|Image was loaded from file infograph_no.23_packed-97515-38b4a2ef2e\0105.png
Trace|Loading image 106...
Trace|Image was loaded from file infograph_no.23_packed-97515-38b4a2ef2e\0106.png
Trace|Loading image 107...
Trace|Image was loaded from file infograph_no.23_packed-97515-38b4a2ef2e\0107.png
Trace|Loading image 108...
Trace|Image was loaded from file infograph_no.23_packed-97515-38b4a2ef2e\0108.png
Trace|Loading resources for 6.1.3 'XY'
Trace|Loading resources for 6.1.4 'XY'
Trace|Loading resources for 6.2 'Temperature'
Trace|Loading resources for 6.2.1 'TemperatureNumber'
Trace|Loading resources for 6.2.1.1 'Number'
Trace|Loading resources for 6.2.1.1.5 'TextAlignment'
Trace|Loading image 132...
Trace|Image was loaded from file infograph_no.23_packed-97515-38b4a2ef2e\0132.png
Trace|Loading resources for 6.2.2 'TodayTemperature'
Trace|Loading resources for 6.2.2.1 'SeparateTemperature'
Trace|Loading resources for 6.2.2.1.1 'TemperatureNumber'
Trace|Loading resources for 6.2.2.1.1.1 'Number'
Trace|Loading resources for 6.2.2.1.1.1.5 'TextAlignment'
Trace|Loading image 109...
Trace|Image was loaded from file infograph_no.23_packed-97515-38b4a2ef2e\0109.png
Trace|Loading image 110...
Trace|Image was loaded from file infograph_no.23_packed-97515-38b4a2ef2e\0110.png
Trace|Loading image 111...
Trace|Image was loaded from file infograph_no.23_packed-97515-38b4a2ef2e\0111.png
Trace|Loading image 112...
Trace|Image was loaded from file infograph_no.23_packed-97515-38b4a2ef2e\0112.png
Trace|Loading image 113...
Trace|Image was loaded from file infograph_no.23_packed-97515-38b4a2ef2e\0113.png
Trace|Loading image 114...
Trace|Image was loaded from file infograph_no.23_packed-97515-38b4a2ef2e\0114.png
Trace|Loading image 115...
Trace|Image was loaded from file infograph_no.23_packed-97515-38b4a2ef2e\0115.png
Trace|Loading image 116...
Trace|Image was loaded from file infograph_no.23_packed-97515-38b4a2ef2e\0116.png
Trace|Loading image 117...
Trace|Image was loaded from file infograph_no.23_packed-97515-38b4a2ef2e\0117.png
Trace|Loading image 118...
Trace|Image was loaded from file infograph_no.23_packed-97515-38b4a2ef2e\0118.png
Trace|Loading image 119...
Trace|Image was loaded from file infograph_no.23_packed-97515-38b4a2ef2e\0119.png
Trace|Loading image 131...
Trace|Image was loaded from file infograph_no.23_packed-97515-38b4a2ef2e\0131.png
Trace|Loading resources for 6.2.2.1.2 'TemperatureNumber'
Trace|Loading resources for 6.2.2.1.2.1 'Number'
Trace|Loading resources for 6.2.2.1.2.1.5 'TextAlignment'
Trace|Loading image 120...
Trace|Image was loaded from file infograph_no.23_packed-97515-38b4a2ef2e\0120.png
Trace|Loading image 121...
Trace|Image was loaded from file infograph_no.23_packed-97515-38b4a2ef2e\0121.png
Trace|Loading image 122...
Trace|Image was loaded from file infograph_no.23_packed-97515-38b4a2ef2e\0122.png
Trace|Loading image 123...
Trace|Image was loaded from file infograph_no.23_packed-97515-38b4a2ef2e\0123.png
Trace|Loading image 124...
Trace|Image was loaded from file infograph_no.23_packed-97515-38b4a2ef2e\0124.png
Trace|Loading image 125...
Trace|Image was loaded from file infograph_no.23_packed-97515-38b4a2ef2e\0125.png
Trace|Loading image 126...
Trace|Image was loaded from file infograph_no.23_packed-97515-38b4a2ef2e\0126.png
Trace|Loading image 127...
Trace|Image was loaded from file infograph_no.23_packed-97515-38b4a2ef2e\0127.png
Trace|Loading image 128...
Trace|Image was loaded from file infograph_no.23_packed-97515-38b4a2ef2e\0128.png
Trace|Loading image 129...
Trace|Image was loaded from file infograph_no.23_packed-97515-38b4a2ef2e\0129.png
Trace|Loading image 130...
Trace|Image was loaded from file infograph_no.23_packed-97515-38b4a2ef2e\0130.png
Trace|Loading resources for 7 'StepsProgress'
Trace|Loading resources for 7.3 'Scale'
Trace|Loading image 52...
Trace|Image was loaded from file infograph_no.23_packed-97515-38b4a2ef2e\0052.png
Trace|Loading image 53...
Trace|Image was loaded from file infograph_no.23_packed-97515-38b4a2ef2e\0053.png
Trace|Loading image 54...
Trace|Image was loaded from file infograph_no.23_packed-97515-38b4a2ef2e\0054.png
Trace|Loading image 55...
Trace|Image was loaded from file infograph_no.23_packed-97515-38b4a2ef2e\0055.png
Trace|Loading image 56...
Trace|Image was loaded from file infograph_no.23_packed-97515-38b4a2ef2e\0056.png
Trace|Loading image 57...
Trace|Image was loaded from file infograph_no.23_packed-97515-38b4a2ef2e\0057.png
Trace|Loading image 58...
Trace|Image was loaded from file infograph_no.23_packed-97515-38b4a2ef2e\0058.png
Trace|Loading image 59...
Trace|Image was loaded from file infograph_no.23_packed-97515-38b4a2ef2e\0059.png
Trace|Loading image 60...
Trace|Image was loaded from file infograph_no.23_packed-97515-38b4a2ef2e\0060.png
Trace|Loading image 61...
Trace|Image was loaded from file infograph_no.23_packed-97515-38b4a2ef2e\0061.png
Trace|Loading resources for 8 'Status'
Trace|Loading resources for 8.1 'Switch'
Trace|Loading resources for 8.1.1 'XY'
Trace|Loading image 2...
Trace|Image was loaded from file infograph_no.23_packed-97515-38b4a2ef2e\0002.png
Trace|Loading resources for 8.2 'Switch'
Trace|Loading resources for 8.2.1 'XY'
Trace|Loading image 1...
Trace|Image was loaded from file infograph_no.23_packed-97515-38b4a2ef2e\0001.png
Trace|Loading resources for 8.3 'Switch'
Trace|Loading resources for 8.3.1 'XY'
Trace|Loading image 3...
Trace|Image was loaded from file infograph_no.23_packed-97515-38b4a2ef2e\0003.png
Trace|Loading resources for 9 'Battery'
Trace|Loading resources for 9.1 'BatteryTextWrapper'
Trace|Loading resources for 9.1.1 'Number'
Trace|Loading resources for 9.1.1.5 'TextAlignment'
Trace|Loading image 144...
Trace|Image was loaded from file infograph_no.23_packed-97515-38b4a2ef2e\0144.png
Trace|Loading resources for 9.2 'ImageSet'
Trace|Loading image 42...
Trace|Image was loaded from file infograph_no.23_packed-97515-38b4a2ef2e\0042.png
Trace|Loading image 43...
Trace|Image was loaded from file infograph_no.23_packed-97515-38b4a2ef2e\0043.png
Trace|Loading image 44...
Trace|Image was loaded from file infograph_no.23_packed-97515-38b4a2ef2e\0044.png
Trace|Loading image 45...
Trace|Image was loaded from file infograph_no.23_packed-97515-38b4a2ef2e\0045.png
Trace|Loading image 46...
Trace|Image was loaded from file infograph_no.23_packed-97515-38b4a2ef2e\0046.png
Trace|Loading image 47...
Trace|Image was loaded from file infograph_no.23_packed-97515-38b4a2ef2e\0047.png
Trace|Loading image 48...
Trace|Image was loaded from file infograph_no.23_packed-97515-38b4a2ef2e\0048.png
Trace|Loading image 49...
Trace|Image was loaded from file infograph_no.23_packed-97515-38b4a2ef2e\0049.png
Trace|Loading image 50...
Trace|Image was loaded from file infograph_no.23_packed-97515-38b4a2ef2e\0050.png
Trace|Loading image 51...
Trace|Image was loaded from file infograph_no.23_packed-97515-38b4a2ef2e\0051.png
Trace|Loading resources for 10 'AnalogDialFace'
Trace|Loading resources for 10.1 'ClockHand'
Trace|Loading resources for 10.1.1 'Boolean'
Trace|Loading resources for 10.1.3 'XY'
Trace|Loading resources for 10.2 'ClockHand'
Trace|Loading resources for 10.2.1 'Boolean'
Trace|Loading resources for 10.2.3 'XY'
Trace|Loading resources for 10.2.5 'ImageBasic'
Trace|Loading image 62...
Trace|Image was loaded from file infograph_no.23_packed-97515-38b4a2ef2e\0062.png
Trace|Loading resources for 14 'WeekDaysIcons'
Trace|Loading resources for 14.1 'ImageBasic'
Trace|Loading image 4...
Trace|Image was loaded from file infograph_no.23_packed-97515-38b4a2ef2e\0004.png
Trace|Loading resources for 14.2 'ImageBasic'
Trace|Loading image 5...
Trace|Image was loaded from file infograph_no.23_packed-97515-38b4a2ef2e\0005.png
Trace|Loading resources for 14.3 'ImageBasic'
Trace|Loading image 6...
Trace|Image was loaded from file infograph_no.23_packed-97515-38b4a2ef2e\0006.png
Trace|Loading resources for 14.4 'ImageBasic'
Trace|Loading image 7...
Trace|Image was loaded from file infograph_no.23_packed-97515-38b4a2ef2e\0007.png
Trace|Loading resources for 14.5 'ImageBasic'
Trace|Loading image 8...
Trace|Image was loaded from file infograph_no.23_packed-97515-38b4a2ef2e\0008.png
Trace|Loading resources for 14.6 'ImageBasic'
Trace|Loading image 9...
Trace|Image was loaded from file infograph_no.23_packed-97515-38b4a2ef2e\0009.png
Trace|Loading resources for 14.7 'ImageBasic'
Trace|Loading image 10...
Trace|Image was loaded from file infograph_no.23_packed-97515-38b4a2ef2e\0010.png
Trace|Verifiying Resources...
Trace|Building parameters for watch face...
Trace|2.1.1 'X': 13
Trace|2.1.2 'Y': 96
Trace|2.1.3 'ImageIndex': 0
Trace|2.1 'Image'
Trace|2.3.1 'X': 31
Trace|2.3.2 'Y': 113
Trace|2.3.3 'ImageIndex': 143
Trace|2.3 'Preview1'
Trace|2.4.1 'X': 31
Trace|2.4.2 'Y': 113
Trace|2.4.3 'ImageIndex': 143
Trace|2.4 'Preview2'
Trace|2.5.1 'X': 31
Trace|2.5.2 'Y': 113
Trace|2.5.3 'ImageIndex': 143
Trace|2.5 'Preview3'
Trace|2 'Background'
Trace|3.1.1.1 'X': 50
Trace|3.1.1.2 'Y': 183
Trace|3.1.1.3 'ImageIndex': 32
Trace|3.1.1.4 'ImagesCount': 3
Trace|3.1.1 'Tens'
Trace|3.1.2.1 'X': 62
Trace|3.1.2.2 'Y': 183
Trace|3.1.2.3 'ImageIndex': 32
Trace|3.1.2.4 'ImagesCount': 10
Trace|3.1.2 'Ones'
Trace|3.1 'Hours'
Trace|3.2.1.1 'X': 78
Trace|3.2.1.2 'Y': 183
Trace|3.2.1.3 'ImageIndex': 32
Trace|3.2.1.4 'ImagesCount': 6
Trace|3.2.1 'Tens'
Trace|3.2.2.1 'X': 89
Trace|3.2.2.2 'Y': 183
Trace|3.2.2.3 'ImageIndex': 32
Trace|3.2.2.4 'ImagesCount': 10
Trace|3.2.2 'Ones'
Trace|3.2 'Minutes'
Trace|3.11 'UnknownV11': 0
Trace|3 'Time'
Trace|4.1.1.1 'TopLeftX': 14
Trace|4.1.1.2 'TopLeftY': 370
Trace|4.1.1.3 'BottomRightX': 13
Trace|4.1.1.4 'BottomRightY': 96
Trace|4.1.1.5 'Alignment': 2
Trace|4.1.1.6 'SpacingX': 1
Trace|4.1.1.7 'SpacingY': 0
Trace|4.1.1.8 'ImageIndex': 63
Trace|4.1.1.9 'ImagesCount': 10
Trace|4.1.1 'Number'
Trace|4.1 'Steps'
Trace|4.5.1.1 'TopLeftX': 13
Trace|4.5.1.2 'TopLeftY': 370
Trace|4.5.1.3 'BottomRightX': 138
Trace|4.5.1.4 'BottomRightY': 96
Trace|4.5.1.5 'Alignment': 4
Trace|4.5.1.6 'SpacingX': 1
Trace|4.5.1.7 'SpacingY': 0
Trace|4.5.1.8 'ImageIndex': 73
Trace|4.5.1.9 'ImagesCount': 10
Trace|4.5.1 'Number'
Trace|4.5.2 'KmSuffixImageIndex': 146
Trace|4.5.3 'DecimalPointImageIndex': 145
Trace|4.5.4 'MilesSuffixImageIndex': 146
Trace|4.5 'Distance'
Trace|4.7 'UnknownV7': 0
Trace|4 'Activity'
Trace|5.1.1.4.1 'TopLeftX': 60
Trace|5.1.1.4.2 'TopLeftY': 286
Trace|5.1.1.4.3 'BottomRightX': 13
Trace|5.1.1.4.4 'BottomRightY': 96
Trace|5.1.1.4.5 'Alignment': 4
Trace|5.1.1.4.6 'SpacingX': 0
Trace|5.1.1.4.7 'SpacingY': 0
Trace|5.1.1.4.8 'ImageIndex': 133
Trace|5.1.1.4.9 'ImagesCount': 10
Trace|5.1.1.4 'Day'
Trace|5.1.1 'Separate'
Trace|5.1.4 'TwoDigitsMonth': 0
Trace|5.1.5 'TwoDigitsDay': 1
Trace|5.1 'MonthAndDayAndYear'
Trace|5.4.1 'X': 89
Trace|5.4.2 'Y': 107
Trace|5.4.3 'ImageIndex': 25
Trace|5.4.4 'ImagesCount': 7
Trace|5.4 'ENWeekDays'
Trace|5.5.1 'X': 89
Trace|5.5.2 'Y': 107
Trace|5.5.3 'ImageIndex': 11
Trace|5.5.4 'ImagesCount': 7
Trace|5.5 'CNWeekDays'
Trace|5.6.1 'X': 89
Trace|5.6.2 'Y': 107
Trace|5.6.3 'ImageIndex': 18
Trace|5.6.4 'ImagesCount': 7
Trace|5.6 'CN2WeekDays'
Trace|5 'Date'
Trace|6.1.2.1 'X': 30
Trace|6.1.2.2 'Y': 228
Trace|6.1.2.3 'ImageIndex': 83
Trace|6.1.2.4 'ImagesCount': 26
Trace|6.1.2 'CustomIcon'
Trace|6.1.3.1 'X': 30
Trace|6.1.3.2 'Y': 228
Trace|6.1.3 'Unknown3'
Trace|6.1.4.1 'X': 30
Trace|6.1.4.2 'Y': 228
Trace|6.1.4 'Unknown4'
Trace|6.1 'Icon'
Trace|6.2.1.1.1 'TopLeftX': 85
Trace|6.2.1.1.2 'TopLeftY': 232
Trace|6.2.1.1.3 'BottomRightX': 127
Trace|6.2.1.1.4 'BottomRightY': 96
Trace|6.2.1.1.5 'Alignment': 72
Trace|6.2.1.1.6 'SpacingX': 0
Trace|6.2.1.1.7 'SpacingY': 0
Trace|6.2.1.1.8 'ImageIndex': 133
Trace|6.2.1.1.9 'ImagesCount': 10
Trace|6.2.1.1 'Number'
Trace|6.2.1.2 'MinusImageIndex': 132
Trace|6.2.1 'Current'
Trace|6.2.2.1.1.1.1 'TopLeftX': 13
Trace|6.2.2.1.1.1.2 'TopLeftY': 256
Trace|6.2.2.1.1.1.3 'BottomRightX': 125
Trace|6.2.2.1.1.1.4 'BottomRightY': 96
Trace|6.2.2.1.1.1.5 'Alignment': 20
Trace|6.2.2.1.1.1.6 'SpacingX': 1
Trace|6.2.2.1.1.1.7 'SpacingY': 0
Trace|6.2.2.1.1.1.8 'ImageIndex': 109
Trace|6.2.2.1.1.1.9 'ImagesCount': 10
Trace|6.2.2.1.1.1 'Number'
Trace|6.2.2.1.1.2 'MinusImageIndex': 119
Trace|6.2.2.1.1.3 'DegreesImageIndex': 131
Trace|6.2.2.1.1 'Day'
Trace|6.2.2.1.2.1.1 'TopLeftX': 87
Trace|6.2.2.1.2.1.2 'TopLeftY': 256
Trace|6.2.2.1.2.1.3 'BottomRightX': 13
Trace|6.2.2.1.2.1.4 'BottomRightY': 96
Trace|6.2.2.1.2.1.5 'Alignment': 18
Trace|6.2.2.1.2.1.6 'SpacingX': 1
Trace|6.2.2.1.2.1.7 'SpacingY': 0
Trace|6.2.2.1.2.1.8 'ImageIndex': 120
Trace|6.2.2.1.2.1.9 'ImagesCount': 10
Trace|6.2.2.1.2.1 'Number'
Trace|6.2.2.1.2.2 'MinusImageIndex': 130
Trace|6.2.2.1.2.3 'DegreesImageIndex': 131
Trace|6.2.2.1.2 'Night'
Trace|6.2.2.1 'Separate'
Trace|6.2.2 'Today'
Trace|6.2 'Temperature'
Trace|6 'Weather'
Trace|7.3.1 'StartImageIndex': 52
Trace|7.3.2 'Segments'
Trace|7.3.2.1 'X': 13
Trace|7.3.2.2 'Y': 327
Trace|7.3.2 'Segments'
Trace|7.3.2.1 'X': 13
Trace|7.3.2.2 'Y': 327
Trace|7.3.2 'Segments'
Trace|7.3.2.1 'X': 13
Trace|7.3.2.2 'Y': 327
Trace|7.3.2 'Segments'
Trace|7.3.2.1 'X': 13
Trace|7.3.2.2 'Y': 327
Trace|7.3.2 'Segments'
Trace|7.3.2.1 'X': 13
Trace|7.3.2.2 'Y': 327
Trace|7.3.2 'Segments'
Trace|7.3.2.1 'X': 13
Trace|7.3.2.2 'Y': 327
Trace|7.3.2 'Segments'
Trace|7.3.2.1 'X': 13
Trace|7.3.2.2 'Y': 327
Trace|7.3.2 'Segments'
Trace|7.3.2.1 'X': 13
Trace|7.3.2.2 'Y': 327
Trace|7.3.2 'Segments'
Trace|7.3.2.1 'X': 13
Trace|7.3.2.2 'Y': 327
Trace|7.3.2 'Segments'
Trace|7.3.2.1 'X': 13
Trace|7.3.2.2 'Y': 327
Trace|7.3 'Linear'
Trace|7 'StepsProgress'
Trace|8.1.1.1 'X': 61
Trace|8.1.1.2 'Y': 100
Trace|8.1.1 'Coordinates'
Trace|8.1.2 'ImageIndexOn': 2
Trace|8.1 'DoNotDisturb'
Trace|8.2.1.1 'X': 72
Trace|8.2.1.2 'Y': 100
Trace|8.2.1 'Coordinates'
Trace|8.2.3 'ImageIndexOff': 1
Trace|8.2 'Lock'
Trace|8.3.1.1 'X': 83
Trace|8.3.1.2 'Y': 100
Trace|8.3.1 'Coordinates'
Trace|8.3.3 'ImageIndexOff': 3
Trace|8.3 'Bluetooth'
Trace|8 'Status'
Trace|9.1.1.1 'TopLeftX': 14
Trace|9.1.1.2 'TopLeftY': 109
Trace|9.1.1.3 'BottomRightX': 13
Trace|9.1.1.4 'BottomRightY': 96
Trace|9.1.1.5 'Alignment': 2
Trace|9.1.1.6 'SpacingX': 1
Trace|9.1.1.7 'SpacingY': 0
Trace|9.1.1.8 'ImageIndex': 73
Trace|9.1.1.9 'ImagesCount': 10
Trace|9.1.1 'Coordinates'
Trace|9.1.4 'SuffixImageIndex': 144
Trace|9.1 'BatteryText'
Trace|9.2.1 'X': 13
Trace|9.2.2 'Y': 112
Trace|9.2.3 'ImageIndex': 42
Trace|9.2.4 'ImagesCount': 10
Trace|9.2 'BatteryIcon'
Trace|9 'Battery'
Trace|10.1.1 'OnlyBorder': 0
Trace|10.1.2 'Color': 16777215
Trace|10.1.3.1 'X': 76
Trace|10.1.3.2 'Y': 244
Trace|10.1.3 'Center'
Trace|10.1.4 'Shape'
Trace|10.1.4.1 'X': 2
Trace|10.1.4.2 'Y': -2
Trace|10.1.4 'Shape'
Trace|10.1.4.1 'X': 38
Trace|10.1.4.2 'Y': -2
Trace|10.1.4 'Shape'
Trace|10.1.4.1 'X': 40
Trace|10.1.4.2 'Y': 0
Trace|10.1.4 'Shape'
Trace|10.1.4.1 'X': 38
Trace|10.1.4.2 'Y': 3
Trace|10.1.4 'Shape'
Trace|10.1.4.1 'X': 2
Trace|10.1.4.2 'Y': 3
Trace|10.1 'Hours'
Trace|10.2.1 'OnlyBorder': 0
Trace|10.2.2 'Color': 16777215
Trace|10.2.3.1 'X': 76
Trace|10.2.3.2 'Y': 244
Trace|10.2.3 'Center'
Trace|10.2.4 'Shape'
Trace|10.2.4.1 'X': 2
Trace|10.2.4.2 'Y': -2
Trace|10.2.4 'Shape'
Trace|10.2.4.1 'X': 62
Trace|10.2.4.2 'Y': -2
Trace|10.2.4 'Shape'
Trace|10.2.4.1 'X': 64
Trace|10.2.4.2 'Y': 0
Trace|10.2.4 'Shape'
Trace|10.2.4.1 'X': 62
Trace|10.2.4.2 'Y': 3
Trace|10.2.4 'Shape'
Trace|10.2.4.1 'X': 2
Trace|10.2.4.2 'Y': 3
Trace|10.2.5.1 'X': 71
Trace|10.2.5.2 'Y': 239
Trace|10.2.5.3 'ImageIndex': 62
Trace|10.2.5 'CenterImage'
Trace|10.2 'Minutes'
Trace|10 'AnalogDialFace'
Trace|14.1.1 'X': 79
Trace|14.1.2 'Y': 126
Trace|14.1.3 'ImageIndex': 4
Trace|14.1 'Monday'
Trace|14.2.1 'X': 79
Trace|14.2.2 'Y': 126
Trace|14.2.3 'ImageIndex': 5
Trace|14.2 'Tuesday'
Trace|14.3.1 'X': 79
Trace|14.3.2 'Y': 126
Trace|14.3.3 'ImageIndex': 6
Trace|14.3 'Wednesday'
Trace|14.4.1 'X': 79
Trace|14.4.2 'Y': 126
Trace|14.4.3 'ImageIndex': 7
Trace|14.4 'Thursday'
Trace|14.5.1 'X': 79
Trace|14.5.2 'Y': 126
Trace|14.5.3 'ImageIndex': 8
Trace|14.5 'Friday'
Trace|14.6.1 'X': 79
Trace|14.6.2 'Y': 126
Trace|14.6.3 'ImageIndex': 9
Trace|14.6 'Saturday'
Trace|14.7.1 'X': 79
Trace|14.7.2 'Y': 126
Trace|14.7.3 'ImageIndex': 10
Trace|14.7 'Sunday'
Trace|14 'WeekDaysIcons'
Debug|Generating previews...
Debug|Writing watch face to 'infograph_no.23_packed-97515-38b4a2ef2e\infograph_no.23_packed-97515-38b4a2ef2e_packed.bin'
Trace|Encoding parameters...
Trace|Parameter: 2
Trace|1 (0A):
Trace|    1 (08): 13 (0D)
Trace|    2 (10): 96 (60)
Trace|    3 (18): 0 (00)
Trace|8 bytes
Trace|3 (1A):
Trace|    1 (08): 31 (1F)
Trace|    2 (10): 113 (71)
Trace|    3 (18): 143 (8F)
Trace|9 bytes
Trace|4 (22):
Trace|    1 (08): 31 (1F)
Trace|    2 (10): 113 (71)
Trace|    3 (18): 143 (8F)
Trace|9 bytes
Trace|5 (2A):
Trace|    1 (08): 31 (1F)
Trace|    2 (10): 113 (71)
Trace|    3 (18): 143 (8F)
Trace|9 bytes
Trace|Parameter: 3
Trace|1 (0A):
Trace|    1 (0A):
Trace|        1 (08): 50 (32)
Trace|        2 (10): 183 (B7)
Trace|        3 (18): 32 (20)
Trace|        4 (20): 3 (03)
Trace|    11 bytes
Trace|    2 (12):
Trace|        1 (08): 62 (3E)
Trace|        2 (10): 183 (B7)
Trace|        3 (18): 32 (20)
Trace|        4 (20): 10 (0A)
Trace|    11 bytes
Trace|24 bytes
Trace|2 (12):
Trace|    1 (0A):
Trace|        1 (08): 78 (4E)
Trace|        2 (10): 183 (B7)
Trace|        3 (18): 32 (20)
Trace|        4 (20): 6 (06)
Trace|    11 bytes
Trace|    2 (12):
Trace|        1 (08): 89 (59)
Trace|        2 (10): 183 (B7)
Trace|        3 (18): 32 (20)
Trace|        4 (20): 10 (0A)
Trace|    11 bytes
Trace|24 bytes
Trace|11 (58): 0 (00)
Trace|Parameter: 4
Trace|1 (0A):
Trace|    1 (0A):
Trace|        1 (08): 14 (0E)
Trace|        2 (10): 370 (172)
Trace|        3 (18): 13 (0D)
Trace|        4 (20): 96 (60)
Trace|        5 (28): 2 (02)
Trace|        6 (30): 1 (01)
Trace|        7 (38): 0 (00)
Trace|        8 (40): 63 (3F)
Trace|        9 (48): 10 (0A)
Trace|    21 bytes
Trace|23 bytes
Trace|5 (2A):
Trace|    1 (0A):
Trace|        1 (08): 13 (0D)
Trace|        2 (10): 370 (172)
Trace|        3 (18): 138 (8A)
Trace|        4 (20): 96 (60)
Trace|        5 (28): 4 (04)
Trace|        6 (30): 1 (01)
Trace|        7 (38): 0 (00)
Trace|        8 (40): 73 (49)
Trace|        9 (48): 10 (0A)
Trace|    22 bytes
Trace|    2 (10): 146 (92)
Trace|    3 (18): 145 (91)
Trace|    4 (20): 146 (92)
Trace|33 bytes
Trace|7 (38): 0 (00)
Trace|Parameter: 5
Trace|1 (0A):
Trace|    1 (0A):
Trace|        4 (22):
Trace|            1 (08): 60 (3C)
Trace|            2 (10): 286 (11E)
Trace|            3 (18): 13 (0D)
Trace|            4 (20): 96 (60)
Trace|            5 (28): 4 (04)
Trace|            6 (30): 0 (00)
Trace|            7 (38): 0 (00)
Trace|            8 (40): 133 (85)
Trace|            9 (48): 10 (0A)
Trace|        22 bytes
Trace|    24 bytes
Trace|    4 (20): 0 (00)
Trace|    5 (28): 1 (01)
Trace|30 bytes
Trace|4 (22):
Trace|    1 (08): 89 (59)
Trace|    2 (10): 107 (6B)
Trace|    3 (18): 25 (19)
Trace|    4 (20): 7 (07)
Trace|10 bytes
Trace|5 (2A):
Trace|    1 (08): 89 (59)
Trace|    2 (10): 107 (6B)
Trace|    3 (18): 11 (0B)
Trace|    4 (20): 7 (07)
Trace|10 bytes
Trace|6 (32):
Trace|    1 (08): 89 (59)
Trace|    2 (10): 107 (6B)
Trace|    3 (18): 18 (12)
Trace|    4 (20): 7 (07)
Trace|10 bytes
Trace|Parameter: 6
Trace|1 (0A):
Trace|    2 (12):
Trace|        1 (08): 30 (1E)
Trace|        2 (10): 228 (E4)
Trace|        3 (18): 83 (53)
Trace|        4 (20): 26 (1A)
Trace|    11 bytes
Trace|    3 (1A):
Trace|        1 (08): 30 (1E)
Trace|        2 (10): 228 (E4)
Trace|    7 bytes
Trace|    4 (22):
Trace|        1 (08): 30 (1E)
Trace|        2 (10): 228 (E4)
Trace|    7 bytes
Trace|27 bytes
Trace|2 (12):
Trace|    1 (0A):
Trace|        1 (0A):
Trace|            1 (08): 85 (55)
Trace|            2 (10): 232 (E8)
Trace|            3 (18): 127 (7F)
Trace|            4 (20): 96 (60)
Trace|            5 (28): 72 (48)
Trace|            6 (30): 0 (00)
Trace|            7 (38): 0 (00)
Trace|            8 (40): 133 (85)
Trace|            9 (48): 10 (0A)
Trace|        22 bytes
Trace|        2 (10): 132 (84)
Trace|    27 bytes
Trace|    2 (12):
Trace|        1 (0A):
Trace|            1 (0A):
Trace|                1 (0A):
Trace|                    1 (08): 13 (0D)
Trace|                    2 (10): 256 (100)
Trace|                    3 (18): 125 (7D)
Trace|                    4 (20): 96 (60)
Trace|                    5 (28): 20 (14)
Trace|                    6 (30): 1 (01)
Trace|                    7 (38): 0 (00)
Trace|                    8 (40): 109 (6D)
Trace|                    9 (48): 10 (0A)
Trace|                21 bytes
Trace|                2 (10): 119 (77)
Trace|                3 (18): 131 (83)
Trace|            28 bytes
Trace|            2 (12):
Trace|                1 (0A):
Trace|                    1 (08): 87 (57)
Trace|                    2 (10): 256 (100)
Trace|                    3 (18): 13 (0D)
Trace|                    4 (20): 96 (60)
Trace|                    5 (28): 18 (12)
Trace|                    6 (30): 1 (01)
Trace|                    7 (38): 0 (00)
Trace|                    8 (40): 120 (78)
Trace|                    9 (48): 10 (0A)
Trace|                21 bytes
Trace|                2 (10): 130 (82)
Trace|                3 (18): 131 (83)
Trace|            29 bytes
Trace|        59 bytes
Trace|    61 bytes
Trace|90 bytes
Trace|Parameter: 7
Trace|3 (1A):
Trace|    1 (08): 52 (34)
Trace|    2 (12):
Trace|        1 (08): 13 (0D)
Trace|        2 (10): 327 (147)
Trace|    7 bytes
Trace|    2 (12):
Trace|        1 (08): 13 (0D)
Trace|        2 (10): 327 (147)
Trace|    7 bytes
Trace|    2 (12):
Trace|        1 (08): 13 (0D)
Trace|        2 (10): 327 (147)
Trace|    7 bytes
Trace|    2 (12):
Trace|        1 (08): 13 (0D)
Trace|        2 (10): 327 (147)
Trace|    7 bytes
Trace|    2 (12):
Trace|        1 (08): 13 (0D)
Trace|        2 (10): 327 (147)
Trace|    7 bytes
Trace|    2 (12):
Trace|        1 (08): 13 (0D)
Trace|        2 (10): 327 (147)
Trace|    7 bytes
Trace|    2 (12):
Trace|        1 (08): 13 (0D)
Trace|        2 (10): 327 (147)
Trace|    7 bytes
Trace|    2 (12):
Trace|        1 (08): 13 (0D)
Trace|        2 (10): 327 (147)
Trace|    7 bytes
Trace|    2 (12):
Trace|        1 (08): 13 (0D)
Trace|        2 (10): 327 (147)
Trace|    7 bytes
Trace|    2 (12):
Trace|        1 (08): 13 (0D)
Trace|        2 (10): 327 (147)
Trace|    7 bytes
Trace|74 bytes
Trace|Parameter: 8
Trace|1 (0A):
Trace|    1 (0A):
Trace|        1 (08): 61 (3D)
Trace|        2 (10): 100 (64)
Trace|    6 bytes
Trace|    2 (10): 2 (02)
Trace|10 bytes
Trace|2 (12):
Trace|    1 (0A):
Trace|        1 (08): 72 (48)
Trace|        2 (10): 100 (64)
Trace|    6 bytes
Trace|    3 (18): 1 (01)
Trace|10 bytes
Trace|3 (1A):
Trace|    1 (0A):
Trace|        1 (08): 83 (53)
Trace|        2 (10): 100 (64)
Trace|    6 bytes
Trace|    3 (18): 3 (03)
Trace|10 bytes
Trace|Parameter: 9
Trace|1 (0A):
Trace|    1 (0A):
Trace|        1 (08): 14 (0E)
Trace|        2 (10): 109 (6D)
Trace|        3 (18): 13 (0D)
Trace|        4 (20): 96 (60)
Trace|        5 (28): 2 (02)
Trace|        6 (30): 1 (01)
Trace|        7 (38): 0 (00)
Trace|        8 (40): 73 (49)
Trace|        9 (48): 10 (0A)
Trace|    20 bytes
Trace|    4 (20): 144 (90)
Trace|25 bytes
Trace|2 (12):
Trace|    1 (08): 13 (0D)
Trace|    2 (10): 112 (70)
Trace|    3 (18): 42 (2A)
Trace|    4 (20): 10 (0A)
Trace|10 bytes
Trace|Parameter: 10
Trace|1 (0A):
Trace|    1 (08): 0 (00)
Trace|    2 (10): 16777215 (FFFFFF)
Trace|    3 (1A):
Trace|        1 (08): 76 (4C)
Trace|        2 (10): 244 (F4)
Trace|    7 bytes
Trace|    4 (22):
Trace|        1 (08): 2 (02)
Trace|        2 (10): -2 (FFFFFFFFFFFFFFFE)
Trace|    15 bytes
Trace|    4 (22):
Trace|        1 (08): 38 (26)
Trace|        2 (10): -2 (FFFFFFFFFFFFFFFE)
Trace|    15 bytes
Trace|    4 (22):
Trace|        1 (08): 40 (28)
Trace|        2 (10): 0 (00)
Trace|    6 bytes
Trace|    4 (22):
Trace|        1 (08): 38 (26)
Trace|        2 (10): 3 (03)
Trace|    6 bytes
Trace|    4 (22):
Trace|        1 (08): 2 (02)
Trace|        2 (10): 3 (03)
Trace|    6 bytes
Trace|64 bytes
Trace|2 (12):
Trace|    1 (08): 0 (00)
Trace|    2 (10): 16777215 (FFFFFF)
Trace|    3 (1A):
Trace|        1 (08): 76 (4C)
Trace|        2 (10): 244 (F4)
Trace|    7 bytes
Trace|    4 (22):
Trace|        1 (08): 2 (02)
Trace|        2 (10): -2 (FFFFFFFFFFFFFFFE)
Trace|    15 bytes
Trace|    4 (22):
Trace|        1 (08): 62 (3E)
Trace|        2 (10): -2 (FFFFFFFFFFFFFFFE)
Trace|    15 bytes
Trace|    4 (22):
Trace|        1 (08): 64 (40)
Trace|        2 (10): 0 (00)
Trace|    6 bytes
Trace|    4 (22):
Trace|        1 (08): 62 (3E)
Trace|        2 (10): 3 (03)
Trace|    6 bytes
Trace|    4 (22):
Trace|        1 (08): 2 (02)
Trace|        2 (10): 3 (03)
Trace|    6 bytes
Trace|    5 (2A):
Trace|        1 (08): 71 (47)
Trace|        2 (10): 239 (EF)
Trace|        3 (18): 62 (3E)
Trace|    9 bytes
Trace|73 bytes
Trace|Parameter: 14
Trace|1 (0A):
Trace|    1 (08): 79 (4F)
Trace|    2 (10): 126 (7E)
Trace|    3 (18): 4 (04)
Trace|8 bytes
Trace|2 (12):
Trace|    1 (08): 79 (4F)
Trace|    2 (10): 126 (7E)
Trace|    3 (18): 5 (05)
Trace|8 bytes
Trace|3 (1A):
Trace|    1 (08): 79 (4F)
Trace|    2 (10): 126 (7E)
Trace|    3 (18): 6 (06)
Trace|8 bytes
Trace|4 (22):
Trace|    1 (08): 79 (4F)
Trace|    2 (10): 126 (7E)
Trace|    3 (18): 7 (07)
Trace|8 bytes
Trace|5 (2A):
Trace|    1 (08): 79 (4F)
Trace|    2 (10): 126 (7E)
Trace|    3 (18): 8 (08)
Trace|8 bytes
Trace|6 (32):
Trace|    1 (08): 79 (4F)
Trace|    2 (10): 126 (7E)
Trace|    3 (18): 9 (09)
Trace|8 bytes
Trace|7 (3A):
Trace|    1 (08): 79 (4F)
Trace|    2 (10): 126 (7E)
Trace|    3 (18): 10 (0A)
Trace|8 bytes
Trace|Encoding offsets and lengths...
Trace|1 (0A):
Trace|    1 (08): 652 (28C)
Trace|    2 (10): 147 (93)
Trace|8 bytes
Trace|2 (12):
Trace|    1 (08): 0 (00)
Trace|    2 (10): 35 (23)
Trace|6 bytes
Trace|3 (1A):
Trace|    1 (08): 35 (23)
Trace|    2 (10): 50 (32)
Trace|6 bytes
Trace|4 (22):
Trace|    1 (08): 85 (55)
Trace|    2 (10): 58 (3A)
Trace|6 bytes
Trace|5 (2A):
Trace|    1 (08): 143 (8F)
Trace|    2 (10): 60 (3C)
Trace|7 bytes
Trace|6 (32):
Trace|    1 (08): 203 (CB)
Trace|    2 (10): 117 (75)
Trace|7 bytes
Trace|7 (3A):
Trace|    1 (08): 320 (140)
Trace|    2 (10): 74 (4A)
Trace|7 bytes
Trace|8 (42):
Trace|    1 (08): 394 (18A)
Trace|    2 (10): 30 (1E)
Trace|7 bytes
Trace|9 (4A):
Trace|    1 (08): 424 (1A8)
Trace|    2 (10): 35 (23)
Trace|7 bytes
Trace|10 (52):
Trace|    1 (08): 459 (1CB)
Trace|    2 (10): 137 (89)
Trace|8 bytes
Trace|14 (72):
Trace|    1 (08): 596 (254)
Trace|    2 (10): 56 (38)
Trace|7 bytes
Trace|Writing header...
Trace|Writing parameters offsets and lengths...
Trace|Writing parameters...
Trace|Writing images...
Trace|Resource 0 offset is 0...
Debug|Encoding resource 0...
Trace|Writing image in Raw mode
Trace|No Transparency image...
Trace|Writing image header...
Trace|Width: 126, Height: 294, RowLength: 252
Trace|BPP: 16, PaletteColors: 0, Transaparency: 0
Trace|Writing image...
Trace|Resource 1 offset is 74104...
Debug|Encoding resource 1...
Trace|Writing image in Raw mode
Trace|Transparency image...
Trace|Writing image header...
Trace|Width: 10, Height: 10, RowLength: 30
Trace|BPP: 24, PaletteColors: 0, Transaparency: 0
Trace|Resource 2 offset is 74420...
Debug|Encoding resource 2...
Trace|Writing image in Raw mode
Trace|Transparency image...
Trace|Writing image header...
Trace|Width: 10, Height: 10, RowLength: 30
Trace|BPP: 24, PaletteColors: 0, Transaparency: 0
Trace|Resource 3 offset is 74736...
Debug|Encoding resource 3...
Trace|Writing image in Raw mode
Trace|Transparency image...
Trace|Writing image header...
Trace|Width: 10, Height: 10, RowLength: 30
Trace|BPP: 24, PaletteColors: 0, Transaparency: 0
Trace|Resource 4 offset is 75052...
Debug|Encoding resource 4...
Trace|Writing image in Raw mode
Trace|Transparency image...
Trace|Writing image header...
Trace|Width: 60, Height: 38, RowLength: 180
Trace|BPP: 24, PaletteColors: 0, Transaparency: 0
Trace|Resource 5 offset is 81908...
Debug|Encoding resource 5...
Trace|Writing image in Raw mode
Trace|Transparency image...
Trace|Writing image header...
Trace|Width: 60, Height: 38, RowLength: 180
Trace|BPP: 24, PaletteColors: 0, Transaparency: 0
Trace|Resource 6 offset is 88764...
Debug|Encoding resource 6...
Trace|Writing image in Raw mode
Trace|Transparency image...
Trace|Writing image header...
Trace|Width: 60, Height: 38, RowLength: 180
Trace|BPP: 24, PaletteColors: 0, Transaparency: 0
Trace|Resource 7 offset is 95620...
Debug|Encoding resource 7...
Trace|Writing image in Raw mode
Trace|Transparency image...
Trace|Writing image header...
Trace|Width: 60, Height: 38, RowLength: 180
Trace|BPP: 24, PaletteColors: 0, Transaparency: 0
Trace|Resource 8 offset is 102476...
Debug|Encoding resource 8...
Trace|Writing image in Raw mode
Trace|Transparency image...
Trace|Writing image header...
Trace|Width: 60, Height: 38, RowLength: 180
Trace|BPP: 24, PaletteColors: 0, Transaparency: 0
Trace|Resource 9 offset is 109332...
Debug|Encoding resource 9...
Trace|Writing image in Raw mode
Trace|Transparency image...
Trace|Writing image header...
Trace|Width: 60, Height: 38, RowLength: 180
Trace|BPP: 24, PaletteColors: 0, Transaparency: 0
Trace|Resource 10 offset is 116188...
Debug|Encoding resource 10...
Trace|Writing image in Raw mode
Trace|Transparency image...
Trace|Writing image header...
Trace|Width: 60, Height: 38, RowLength: 180
Trace|BPP: 24, PaletteColors: 0, Transaparency: 0
Trace|Resource 11 offset is 123044...
Debug|Encoding resource 11...
Trace|Writing image in Raw mode
Trace|Transparency image...
Trace|Writing image header...
Trace|Width: 60, Height: 38, RowLength: 180
Trace|BPP: 24, PaletteColors: 0, Transaparency: 0
Trace|Resource 12 offset is 129900...
Debug|Encoding resource 12...
Trace|Writing image in Raw mode
Trace|Transparency image...
Trace|Writing image header...
Trace|Width: 60, Height: 38, RowLength: 180
Trace|BPP: 24, PaletteColors: 0, Transaparency: 0
Trace|Resource 13 offset is 136756...
Debug|Encoding resource 13...
Trace|Writing image in Raw mode
Trace|Transparency image...
Trace|Writing image header...
Trace|Width: 60, Height: 38, RowLength: 180
Trace|BPP: 24, PaletteColors: 0, Transaparency: 0
Trace|Resource 14 offset is 143612...
Debug|Encoding resource 14...
Trace|Writing image in Raw mode
Trace|Transparency image...
Trace|Writing image header...
Trace|Width: 60, Height: 38, RowLength: 180
Trace|BPP: 24, PaletteColors: 0, Transaparency: 0
Trace|Resource 15 offset is 150468...
Debug|Encoding resource 15...
Trace|Writing image in Raw mode
Trace|Transparency image...
Trace|Writing image header...
Trace|Width: 60, Height: 38, RowLength: 180
Trace|BPP: 24, PaletteColors: 0, Transaparency: 0
Trace|Resource 16 offset is 157324...
Debug|Encoding resource 16...
Trace|Writing image in Raw mode
Trace|Transparency image...
Trace|Writing image header...
Trace|Width: 60, Height: 38, RowLength: 180
Trace|BPP: 24, PaletteColors: 0, Transaparency: 0
Trace|Resource 17 offset is 164180...
Debug|Encoding resource 17...
Trace|Writing image in Raw mode
Trace|Transparency image...
Trace|Writing image header...
Trace|Width: 60, Height: 38, RowLength: 180
Trace|BPP: 24, PaletteColors: 0, Transaparency: 0
Trace|Resource 18 offset is 171036...
Debug|Encoding resource 18...
Trace|Writing image in Raw mode
Trace|Transparency image...
Trace|Writing image header...
Trace|Width: 60, Height: 38, RowLength: 180
Trace|BPP: 24, PaletteColors: 0, Transaparency: 0
Trace|Resource 19 offset is 177892...
Debug|Encoding resource 19...
Trace|Writing image in Raw mode
Trace|Transparency image...
Trace|Writing image header...
Trace|Width: 60, Height: 38, RowLength: 180
Trace|BPP: 24, PaletteColors: 0, Transaparency: 0
Trace|Resource 20 offset is 184748...
Debug|Encoding resource 20...
Trace|Writing image in Raw mode
Trace|Transparency image...
Trace|Writing image header...
Trace|Width: 60, Height: 38, RowLength: 180
Trace|BPP: 24, PaletteColors: 0, Transaparency: 0
Trace|Resource 21 offset is 191604...
Debug|Encoding resource 21...
Trace|Writing image in Raw mode
Trace|Transparency image...
Trace|Writing image header...
Trace|Width: 60, Height: 38, RowLength: 180
Trace|BPP: 24, PaletteColors: 0, Transaparency: 0
Trace|Resource 22 offset is 198460...
Debug|Encoding resource 22...
Trace|Writing image in Raw mode
Trace|Transparency image...
Trace|Writing image header...
Trace|Width: 60, Height: 38, RowLength: 180
Trace|BPP: 24, PaletteColors: 0, Transaparency: 0
Trace|Resource 23 offset is 205316...
Debug|Encoding resource 23...
Trace|Writing image in Raw mode
Trace|Transparency image...
Trace|Writing image header...
Trace|Width: 60, Height: 38, RowLength: 180
Trace|BPP: 24, PaletteColors: 0, Transaparency: 0
Trace|Resource 24 offset is 212172...
Debug|Encoding resource 24...
Trace|Writing image in Raw mode
Trace|Transparency image...
Trace|Writing image header...
Trace|Width: 60, Height: 38, RowLength: 180
Trace|BPP: 24, PaletteColors: 0, Transaparency: 0
Trace|Resource 25 offset is 219028...
Debug|Encoding resource 25...
Trace|Writing image in Raw mode
Trace|Transparency image...
Trace|Writing image header...
Trace|Width: 60, Height: 38, RowLength: 180
Trace|BPP: 24, PaletteColors: 0, Transaparency: 0
Trace|Resource 26 offset is 225884...
Debug|Encoding resource 26...
Trace|Writing image in Raw mode
Trace|Transparency image...
Trace|Writing image header...
Trace|Width: 60, Height: 38, RowLength: 180
Trace|BPP: 24, PaletteColors: 0, Transaparency: 0
Trace|Resource 27 offset is 232740...
Debug|Encoding resource 27...
Trace|Writing image in Raw mode
Trace|Transparency image...
Trace|Writing image header...
Trace|Width: 60, Height: 38, RowLength: 180
Trace|BPP: 24, PaletteColors: 0, Transaparency: 0
Trace|Resource 28 offset is 239596...
Debug|Encoding resource 28...
Trace|Writing image in Raw mode
Trace|Transparency image...
Trace|Writing image header...
Trace|Width: 60, Height: 38, RowLength: 180
Trace|BPP: 24, PaletteColors: 0, Transaparency: 0
Trace|Resource 29 offset is 246452...
Debug|Encoding resource 29...
Trace|Writing image in Raw mode
Trace|Transparency image...
Trace|Writing image header...
Trace|Width: 60, Height: 38, RowLength: 180
Trace|BPP: 24, PaletteColors: 0, Transaparency: 0
Trace|Resource 30 offset is 253308...
Debug|Encoding resource 30...
Trace|Writing image in Raw mode
Trace|Transparency image...
Trace|Writing image header...
Trace|Width: 60, Height: 38, RowLength: 180
Trace|BPP: 24, PaletteColors: 0, Transaparency: 0
Trace|Resource 31 offset is 260164...
Debug|Encoding resource 31...
Trace|Writing image in Raw mode
Trace|Transparency image...
Trace|Writing image header...
Trace|Width: 60, Height: 38, RowLength: 180
Trace|BPP: 24, PaletteColors: 0, Transaparency: 0
Trace|Resource 32 offset is 267020...
Debug|Encoding resource 32...
Trace|Writing image in Raw mode
Trace|Transparency image...
Trace|Writing image header...
Trace|Width: 13, Height: 18, RowLength: 39
Trace|BPP: 24, PaletteColors: 0, Transaparency: 0
Trace|Resource 33 offset is 267738...
Debug|Encoding resource 33...
Trace|Writing image in Raw mode
Trace|Transparency image...
Trace|Writing image header...
Trace|Width: 13, Height: 18, RowLength: 39
Trace|BPP: 24, PaletteColors: 0, Transaparency: 0
Trace|Resource 34 offset is 268456...
Debug|Encoding resource 34...
Trace|Writing image in Raw mode
Trace|Transparency image...
Trace|Writing image header...
Trace|Width: 13, Height: 18, RowLength: 39
Trace|BPP: 24, PaletteColors: 0, Transaparency: 0
Trace|Resource 35 offset is 269174...
Debug|Encoding resource 35...
Trace|Writing image in Raw mode
Trace|Transparency image...
Trace|Writing image header...
Trace|Width: 13, Height: 18, RowLength: 39
Trace|BPP: 24, PaletteColors: 0, Transaparency: 0
Trace|Resource 36 offset is 269892...
Debug|Encoding resource 36...
Trace|Writing image in Raw mode
Trace|Transparency image...
Trace|Writing image header...
Trace|Width: 13, Height: 18, RowLength: 39
Trace|BPP: 24, PaletteColors: 0, Transaparency: 0
Trace|Resource 37 offset is 270610...
Debug|Encoding resource 37...
Trace|Writing image in Raw mode
Trace|Transparency image...
Trace|Writing image header...
Trace|Width: 13, Height: 18, RowLength: 39
Trace|BPP: 24, PaletteColors: 0, Transaparency: 0
Trace|Resource 38 offset is 271328...
Debug|Encoding resource 38...
Trace|Writing image in Raw mode
Trace|Transparency image...
Trace|Writing image header...
Trace|Width: 13, Height: 18, RowLength: 39
Trace|BPP: 24, PaletteColors: 0, Transaparency: 0
Trace|Resource 39 offset is 272046...
Debug|Encoding resource 39...
Trace|Writing image in Raw mode
Trace|Transparency image...
Trace|Writing image header...
Trace|Width: 13, Height: 18, RowLength: 39
Trace|BPP: 24, PaletteColors: 0, Transaparency: 0
Trace|Resource 40 offset is 272764...
Debug|Encoding resource 40...
Trace|Writing image in Raw mode
Trace|Transparency image...
Trace|Writing image header...
Trace|Width: 13, Height: 18, RowLength: 39
Trace|BPP: 24, PaletteColors: 0, Transaparency: 0
Trace|Resource 41 offset is 273482...
Debug|Encoding resource 41...
Trace|Writing image in Raw mode
Trace|Transparency image...
Trace|Writing image header...
Trace|Width: 13, Height: 18, RowLength: 39
Trace|BPP: 24, PaletteColors: 0, Transaparency: 0
Trace|Resource 42 offset is 274200...
Debug|Encoding resource 42...
Trace|Writing image in Raw mode
Trace|Transparency image...
Trace|Writing image header...
Trace|Width: 60, Height: 52, RowLength: 180
Trace|BPP: 24, PaletteColors: 0, Transaparency: 0
Trace|Resource 43 offset is 283576...
Debug|Encoding resource 43...
Trace|Writing image in Raw mode
Trace|Transparency image...
Trace|Writing image header...
Trace|Width: 60, Height: 52, RowLength: 180
Trace|BPP: 24, PaletteColors: 0, Transaparency: 0
Trace|Resource 44 offset is 292952...
Debug|Encoding resource 44...
Trace|Writing image in Raw mode
Trace|Transparency image...
Trace|Writing image header...
Trace|Width: 60, Height: 52, RowLength: 180
Trace|BPP: 24, PaletteColors: 0, Transaparency: 0
Trace|Resource 45 offset is 302328...
Debug|Encoding resource 45...
Trace|Writing image in Raw mode
Trace|Transparency image...
Trace|Writing image header...
Trace|Width: 60, Height: 52, RowLength: 180
Trace|BPP: 24, PaletteColors: 0, Transaparency: 0
Trace|Resource 46 offset is 311704...
Debug|Encoding resource 46...
Trace|Writing image in Raw mode
Trace|Transparency image...
Trace|Writing image header...
Trace|Width: 60, Height: 52, RowLength: 180
Trace|BPP: 24, PaletteColors: 0, Transaparency: 0
Trace|Resource 47 offset is 321080...
Debug|Encoding resource 47...
Trace|Writing image in Raw mode
Trace|Transparency image...
Trace|Writing image header...
Trace|Width: 60, Height: 52, RowLength: 180
Trace|BPP: 24, PaletteColors: 0, Transaparency: 0
Trace|Resource 48 offset is 330456...
Debug|Encoding resource 48...
Trace|Writing image in Raw mode
Trace|Transparency image...
Trace|Writing image header...
Trace|Width: 60, Height: 52, RowLength: 180
Trace|BPP: 24, PaletteColors: 0, Transaparency: 0
Trace|Resource 49 offset is 339832...
Debug|Encoding resource 49...
Trace|Writing image in Raw mode
Trace|Transparency image...
Trace|Writing image header...
Trace|Width: 60, Height: 52, RowLength: 180
Trace|BPP: 24, PaletteColors: 0, Transaparency: 0
Trace|Resource 50 offset is 349208...
Debug|Encoding resource 50...
Trace|Writing image in Raw mode
Trace|Transparency image...
Trace|Writing image header...
Trace|Width: 60, Height: 52, RowLength: 180
Trace|BPP: 24, PaletteColors: 0, Transaparency: 0
Trace|Resource 51 offset is 358584...
Debug|Encoding resource 51...
Trace|Writing image in Raw mode
Trace|Transparency image...
Trace|Writing image header...
Trace|Width: 60, Height: 52, RowLength: 180
Trace|BPP: 24, PaletteColors: 0, Transaparency: 0
Trace|Resource 52 offset is 367960...
Debug|Encoding resource 52...
Trace|Writing image in Raw mode
Trace|Transparency image...
Trace|Writing image header...
Trace|Width: 60, Height: 38, RowLength: 180
Trace|BPP: 24, PaletteColors: 0, Transaparency: 0
Trace|Resource 53 offset is 374816...
Debug|Encoding resource 53...
Trace|Writing image in Raw mode
Trace|Transparency image...
Trace|Writing image header...
Trace|Width: 60, Height: 38, RowLength: 180
Trace|BPP: 24, PaletteColors: 0, Transaparency: 0
Trace|Resource 54 offset is 381672...
Debug|Encoding resource 54...
Trace|Writing image in Raw mode
Trace|Transparency image...
Trace|Writing image header...
Trace|Width: 60, Height: 38, RowLength: 180
Trace|BPP: 24, PaletteColors: 0, Transaparency: 0
Trace|Resource 55 offset is 388528...
Debug|Encoding resource 55...
Trace|Writing image in Raw mode
Trace|Transparency image...
Trace|Writing image header...
Trace|Width: 60, Height: 38, RowLength: 180
Trace|BPP: 24, PaletteColors: 0, Transaparency: 0
Trace|Resource 56 offset is 395384...
Debug|Encoding resource 56...
Trace|Writing image in Raw mode
Trace|Transparency image...
Trace|Writing image header...
Trace|Width: 60, Height: 38, RowLength: 180
Trace|BPP: 24, PaletteColors: 0, Transaparency: 0
Trace|Resource 57 offset is 402240...
Debug|Encoding resource 57...
Trace|Writing image in Raw mode
Trace|Transparency image...
Trace|Writing image header...
Trace|Width: 60, Height: 38, RowLength: 180
Trace|BPP: 24, PaletteColors: 0, Transaparency: 0
Trace|Resource 58 offset is 409096...
Debug|Encoding resource 58...
Trace|Writing image in Raw mode
Trace|Transparency image...
Trace|Writing image header...
Trace|Width: 60, Height: 38, RowLength: 180
Trace|BPP: 24, PaletteColors: 0, Transaparency: 0
Trace|Resource 59 offset is 415952...
Debug|Encoding resource 59...
Trace|Writing image in Raw mode
Trace|Transparency image...
Trace|Writing image header...
Trace|Width: 60, Height: 38, RowLength: 180
Trace|BPP: 24, PaletteColors: 0, Transaparency: 0
Trace|Resource 60 offset is 422808...
Debug|Encoding resource 60...
Trace|Writing image in Raw mode
Trace|Transparency image...
Trace|Writing image header...
Trace|Width: 60, Height: 38, RowLength: 180
Trace|BPP: 24, PaletteColors: 0, Transaparency: 0
Trace|Resource 61 offset is 429664...
Debug|Encoding resource 61...
Trace|Writing image in Raw mode
Trace|Transparency image...
Trace|Writing image header...
Trace|Width: 60, Height: 38, RowLength: 180
Trace|BPP: 24, PaletteColors: 0, Transaparency: 0
Trace|Resource 62 offset is 436520...
Debug|Encoding resource 62...
Trace|Writing image in Raw mode
Trace|Transparency image...
Trace|Writing image header...
Trace|Width: 10, Height: 10, RowLength: 30
Trace|BPP: 24, PaletteColors: 0, Transaparency: 0
Trace|Resource 63 offset is 436836...
Debug|Encoding resource 63...
Trace|Writing image in Raw mode
Trace|Transparency image...
Trace|Writing image header...
Trace|Width: 9, Height: 12, RowLength: 27
Trace|BPP: 24, PaletteColors: 0, Transaparency: 0
Trace|Resource 64 offset is 437176...
Debug|Encoding resource 64...
Trace|Writing image in Raw mode
Trace|Transparency image...
Trace|Writing image header...
Trace|Width: 9, Height: 12, RowLength: 27
Trace|BPP: 24, PaletteColors: 0, Transaparency: 0
Trace|Resource 65 offset is 437516...
Debug|Encoding resource 65...
Trace|Writing image in Raw mode
Trace|Transparency image...
Trace|Writing image header...
Trace|Width: 9, Height: 12, RowLength: 27
Trace|BPP: 24, PaletteColors: 0, Transaparency: 0
Trace|Resource 66 offset is 437856...
Debug|Encoding resource 66...
Trace|Writing image in Raw mode
Trace|Transparency image...
Trace|Writing image header...
Trace|Width: 9, Height: 12, RowLength: 27
Trace|BPP: 24, PaletteColors: 0, Transaparency: 0
Trace|Resource 67 offset is 438196...
Debug|Encoding resource 67...
Trace|Writing image in Raw mode
Trace|Transparency image...
Trace|Writing image header...
Trace|Width: 9, Height: 12, RowLength: 27
Trace|BPP: 24, PaletteColors: 0, Transaparency: 0
Trace|Resource 68 offset is 438536...
Debug|Encoding resource 68...
Trace|Writing image in Raw mode
Trace|Transparency image...
Trace|Writing image header...
Trace|Width: 9, Height: 12, RowLength: 27
Trace|BPP: 24, PaletteColors: 0, Transaparency: 0
Trace|Resource 69 offset is 438876...
Debug|Encoding resource 69...
Trace|Writing image in Raw mode
Trace|Transparency image...
Trace|Writing image header...
Trace|Width: 9, Height: 12, RowLength: 27
Trace|BPP: 24, PaletteColors: 0, Transaparency: 0
Trace|Resource 70 offset is 439216...
Debug|Encoding resource 70...
Trace|Writing image in Raw mode
Trace|Transparency image...
Trace|Writing image header...
Trace|Width: 9, Height: 12, RowLength: 27
Trace|BPP: 24, PaletteColors: 0, Transaparency: 0
Trace|Resource 71 offset is 439556...
Debug|Encoding resource 71...
Trace|Writing image in Raw mode
Trace|Transparency image...
Trace|Writing image header...
Trace|Width: 9, Height: 12, RowLength: 27
Trace|BPP: 24, PaletteColors: 0, Transaparency: 0
Trace|Resource 72 offset is 439896...
Debug|Encoding resource 72...
Trace|Writing image in Raw mode
Trace|Transparency image...
Trace|Writing image header...
Trace|Width: 9, Height: 12, RowLength: 27
Trace|BPP: 24, PaletteColors: 0, Transaparency: 0
Trace|Resource 73 offset is 440236...
Debug|Encoding resource 73...
Trace|Writing image in Raw mode
Trace|Transparency image...
Trace|Writing image header...
Trace|Width: 9, Height: 12, RowLength: 27
Trace|BPP: 24, PaletteColors: 0, Transaparency: 0
Trace|Resource 74 offset is 440576...
Debug|Encoding resource 74...
Trace|Writing image in Raw mode
Trace|Transparency image...
Trace|Writing image header...
Trace|Width: 9, Height: 12, RowLength: 27
Trace|BPP: 24, PaletteColors: 0, Transaparency: 0
Trace|Resource 75 offset is 440916...
Debug|Encoding resource 75...
Trace|Writing image in Raw mode
Trace|Transparency image...
Trace|Writing image header...
Trace|Width: 9, Height: 12, RowLength: 27
Trace|BPP: 24, PaletteColors: 0, Transaparency: 0
Trace|Resource 76 offset is 441256...
Debug|Encoding resource 76...
Trace|Writing image in Raw mode
Trace|Transparency image...
Trace|Writing image header...
Trace|Width: 9, Height: 12, RowLength: 27
Trace|BPP: 24, PaletteColors: 0, Transaparency: 0
Trace|Resource 77 offset is 441596...
Debug|Encoding resource 77...
Trace|Writing image in Raw mode
Trace|Transparency image...
Trace|Writing image header...
Trace|Width: 9, Height: 12, RowLength: 27
Trace|BPP: 24, PaletteColors: 0, Transaparency: 0
Trace|Resource 78 offset is 441936...
Debug|Encoding resource 78...
Trace|Writing image in Raw mode
Trace|Transparency image...
Trace|Writing image header...
Trace|Width: 9, Height: 12, RowLength: 27
Trace|BPP: 24, PaletteColors: 0, Transaparency: 0
Trace|Resource 79 offset is 442276...
Debug|Encoding resource 79...
Trace|Writing image in Raw mode
Trace|Transparency image...
Trace|Writing image header...
Trace|Width: 9, Height: 12, RowLength: 27
Trace|BPP: 24, PaletteColors: 0, Transaparency: 0
Trace|Resource 80 offset is 442616...
Debug|Encoding resource 80...
Trace|Writing image in Raw mode
Trace|Transparency image...
Trace|Writing image header...
Trace|Width: 9, Height: 12, RowLength: 27
Trace|BPP: 24, PaletteColors: 0, Transaparency: 0
Trace|Resource 81 offset is 442956...
Debug|Encoding resource 81...
Trace|Writing image in Raw mode
Trace|Transparency image...
Trace|Writing image header...
Trace|Width: 9, Height: 12, RowLength: 27
Trace|BPP: 24, PaletteColors: 0, Transaparency: 0
Trace|Resource 82 offset is 443296...
Debug|Encoding resource 82...
Trace|Writing image in Raw mode
Trace|Transparency image...
Trace|Writing image header...
Trace|Width: 9, Height: 12, RowLength: 27
Trace|BPP: 24, PaletteColors: 0, Transaparency: 0
Trace|Resource 83 offset is 443636...
Debug|Encoding resource 83...
Trace|Writing image in Raw mode
Trace|Transparency image...
Trace|Writing image header...
Trace|Width: 32, Height: 32, RowLength: 96
Trace|BPP: 24, PaletteColors: 0, Transaparency: 0
Trace|Resource 84 offset is 446724...
Debug|Encoding resource 84...
Trace|Writing image in Raw mode
Trace|Transparency image...
Trace|Writing image header...
Trace|Width: 32, Height: 32, RowLength: 96
Trace|BPP: 24, PaletteColors: 0, Transaparency: 0
Trace|Resource 85 offset is 449812...
Debug|Encoding resource 85...
Trace|Writing image in Raw mode
Trace|Transparency image...
Trace|Writing image header...
Trace|Width: 32, Height: 32, RowLength: 96
Trace|BPP: 24, PaletteColors: 0, Transaparency: 0
Trace|Resource 86 offset is 452900...
Debug|Encoding resource 86...
Trace|Writing image in Raw mode
Trace|Transparency image...
Trace|Writing image header...
Trace|Width: 32, Height: 32, RowLength: 96
Trace|BPP: 24, PaletteColors: 0, Transaparency: 0
Trace|Resource 87 offset is 455988...
Debug|Encoding resource 87...
Trace|Writing image in Raw mode
Trace|Transparency image...
Trace|Writing image header...
Trace|Width: 32, Height: 32, RowLength: 96
Trace|BPP: 24, PaletteColors: 0, Transaparency: 0
Trace|Resource 88 offset is 459076...
Debug|Encoding resource 88...
Trace|Writing image in Raw mode
Trace|Transparency image...
Trace|Writing image header...
Trace|Width: 32, Height: 32, RowLength: 96
Trace|BPP: 24, PaletteColors: 0, Transaparency: 0
Trace|Resource 89 offset is 462164...
Debug|Encoding resource 89...
Trace|Writing image in Raw mode
Trace|Transparency image...
Trace|Writing image header...
Trace|Width: 32, Height: 32, RowLength: 96
Trace|BPP: 24, PaletteColors: 0, Transaparency: 0
Trace|Resource 90 offset is 465252...
Debug|Encoding resource 90...
Trace|Writing image in Raw mode
Trace|Transparency image...
Trace|Writing image header...
Trace|Width: 32, Height: 32, RowLength: 96
Trace|BPP: 24, PaletteColors: 0, Transaparency: 0
Trace|Resource 91 offset is 468340...
Debug|Encoding resource 91...
Trace|Writing image in Raw mode
Trace|Transparency image...
Trace|Writing image header...
Trace|Width: 32, Height: 32, RowLength: 96
Trace|BPP: 24, PaletteColors: 0, Transaparency: 0
Trace|Resource 92 offset is 471428...
Debug|Encoding resource 92...
Trace|Writing image in Raw mode
Trace|Transparency image...
Trace|Writing image header...
Trace|Width: 32, Height: 32, RowLength: 96
Trace|BPP: 24, PaletteColors: 0, Transaparency: 0
Trace|Resource 93 offset is 474516...
Debug|Encoding resource 93...
Trace|Writing image in Raw mode
Trace|Transparency image...
Trace|Writing image header...
Trace|Width: 32, Height: 32, RowLength: 96
Trace|BPP: 24, PaletteColors: 0, Transaparency: 0
Trace|Resource 94 offset is 477604...
Debug|Encoding resource 94...
Trace|Writing image in Raw mode
Trace|Transparency image...
Trace|Writing image header...
Trace|Width: 32, Height: 32, RowLength: 96
Trace|BPP: 24, PaletteColors: 0, Transaparency: 0
Trace|Resource 95 offset is 480692...
Debug|Encoding resource 95...
Trace|Writing image in Raw mode
Trace|Transparency image...
Trace|Writing image header...
Trace|Width: 32, Height: 32, RowLength: 96
Trace|BPP: 24, PaletteColors: 0, Transaparency: 0
Trace|Resource 96 offset is 483780...
Debug|Encoding resource 96...
Trace|Writing image in Raw mode
Trace|Transparency image...
Trace|Writing image header...
Trace|Width: 32, Height: 32, RowLength: 96
Trace|BPP: 24, PaletteColors: 0, Transaparency: 0
Trace|Resource 97 offset is 486868...
Debug|Encoding resource 97...
Trace|Writing image in Raw mode
Trace|Transparency image...
Trace|Writing image header...
Trace|Width: 32, Height: 32, RowLength: 96
Trace|BPP: 24, PaletteColors: 0, Transaparency: 0
Trace|Resource 98 offset is 489956...
Debug|Encoding resource 98...
Trace|Writing image in Raw mode
Trace|Transparency image...
Trace|Writing image header...
Trace|Width: 32, Height: 32, RowLength: 96
Trace|BPP: 24, PaletteColors: 0, Transaparency: 0
Trace|Resource 99 offset is 493044...
Debug|Encoding resource 99...
Trace|Writing image in Raw mode
Trace|Transparency image...
Trace|Writing image header...
Trace|Width: 32, Height: 32, RowLength: 96
Trace|BPP: 24, PaletteColors: 0, Transaparency: 0
Trace|Resource 100 offset is 496132...
Debug|Encoding resource 100...
Trace|Writing image in Raw mode
Trace|Transparency image...
Trace|Writing image header...
Trace|Width: 32, Height: 32, RowLength: 96
Trace|BPP: 24, PaletteColors: 0, Transaparency: 0
Trace|Resource 101 offset is 499220...
Debug|Encoding resource 101...
Trace|Writing image in Raw mode
Trace|Transparency image...
Trace|Writing image header...
Trace|Width: 32, Height: 32, RowLength: 96
Trace|BPP: 24, PaletteColors: 0, Transaparency: 0
Trace|Resource 102 offset is 502308...
Debug|Encoding resource 102...
Trace|Writing image in Raw mode
Trace|Transparency image...
Trace|Writing image header...
Trace|Width: 32, Height: 32, RowLength: 96
Trace|BPP: 24, PaletteColors: 0, Transaparency: 0
Trace|Resource 103 offset is 505396...
Debug|Encoding resource 103...
Trace|Writing image in Raw mode
Trace|Transparency image...
Trace|Writing image header...
Trace|Width: 32, Height: 32, RowLength: 96
Trace|BPP: 24, PaletteColors: 0, Transaparency: 0
Trace|Resource 104 offset is 508484...
Debug|Encoding resource 104...
Trace|Writing image in Raw mode
Trace|Transparency image...
Trace|Writing image header...
Trace|Width: 32, Height: 32, RowLength: 96
Trace|BPP: 24, PaletteColors: 0, Transaparency: 0
Trace|Resource 105 offset is 511572...
Debug|Encoding resource 105...
Trace|Writing image in Raw mode
Trace|Transparency image...
Trace|Writing image header...
Trace|Width: 32, Height: 32, RowLength: 96
Trace|BPP: 24, PaletteColors: 0, Transaparency: 0
Trace|Resource 106 offset is 514660...
Debug|Encoding resource 106...
Trace|Writing image in Raw mode
Trace|Transparency image...
Trace|Writing image header...
Trace|Width: 32, Height: 32, RowLength: 96
Trace|BPP: 24, PaletteColors: 0, Transaparency: 0
Trace|Resource 107 offset is 517748...
Debug|Encoding resource 107...
Trace|Writing image in Raw mode
Trace|Transparency image...
Trace|Writing image header...
Trace|Width: 32, Height: 32, RowLength: 96
Trace|BPP: 24, PaletteColors: 0, Transaparency: 0
Trace|Resource 108 offset is 520836...
Debug|Encoding resource 108...
Trace|Writing image in Raw mode
Trace|Transparency image...
Trace|Writing image header...
Trace|Width: 32, Height: 32, RowLength: 96
Trace|BPP: 24, PaletteColors: 0, Transaparency: 0
Trace|Resource 109 offset is 523924...
Debug|Encoding resource 109...
Trace|Writing image in Raw mode
Trace|Transparency image...
Trace|Writing image header...
Trace|Width: 7, Height: 9, RowLength: 21
Trace|BPP: 24, PaletteColors: 0, Transaparency: 0
Trace|Resource 110 offset is 524129...
Debug|Encoding resource 110...
Trace|Writing image in Raw mode
Trace|Transparency image...
Trace|Writing image header...
Trace|Width: 7, Height: 9, RowLength: 21
Trace|BPP: 24, PaletteColors: 0, Transaparency: 0
Trace|Resource 111 offset is 524334...
Debug|Encoding resource 111...
Trace|Writing image in Raw mode
Trace|Transparency image...
Trace|Writing image header...
Trace|Width: 7, Height: 9, RowLength: 21
Trace|BPP: 24, PaletteColors: 0, Transaparency: 0
Trace|Resource 112 offset is 524539...
Debug|Encoding resource 112...
Trace|Writing image in Raw mode
Trace|Transparency image...
Trace|Writing image header...
Trace|Width: 7, Height: 9, RowLength: 21
Trace|BPP: 24, PaletteColors: 0, Transaparency: 0
Trace|Resource 113 offset is 524744...
Debug|Encoding resource 113...
Trace|Writing image in Raw mode
Trace|Transparency image...
Trace|Writing image header...
Trace|Width: 7, Height: 9, RowLength: 21
Trace|BPP: 24, PaletteColors: 0, Transaparency: 0
Trace|Resource 114 offset is 524949...
Debug|Encoding resource 114...
Trace|Writing image in Raw mode
Trace|Transparency image...
Trace|Writing image header...
Trace|Width: 7, Height: 9, RowLength: 21
Trace|BPP: 24, PaletteColors: 0, Transaparency: 0
Trace|Resource 115 offset is 525154...
Debug|Encoding resource 115...
Trace|Writing image in Raw mode
Trace|Transparency image...
Trace|Writing image header...
Trace|Width: 7, Height: 9, RowLength: 21
Trace|BPP: 24, PaletteColors: 0, Transaparency: 0
Trace|Resource 116 offset is 525359...
Debug|Encoding resource 116...
Trace|Writing image in Raw mode
Trace|Transparency image...
Trace|Writing image header...
Trace|Width: 7, Height: 9, RowLength: 21
Trace|BPP: 24, PaletteColors: 0, Transaparency: 0
Trace|Resource 117 offset is 525564...
Debug|Encoding resource 117...
Trace|Writing image in Raw mode
Trace|Transparency image...
Trace|Writing image header...
Trace|Width: 7, Height: 9, RowLength: 21
Trace|BPP: 24, PaletteColors: 0, Transaparency: 0
Trace|Resource 118 offset is 525769...
Debug|Encoding resource 118...
Trace|Writing image in Raw mode
Trace|Transparency image...
Trace|Writing image header...
Trace|Width: 7, Height: 9, RowLength: 21
Trace|BPP: 24, PaletteColors: 0, Transaparency: 0
Trace|Resource 119 offset is 525974...
Debug|Encoding resource 119...
Trace|Writing image in Raw mode
Trace|Transparency image...
Trace|Writing image header...
Trace|Width: 3, Height: 9, RowLength: 9
Trace|BPP: 24, PaletteColors: 0, Transaparency: 0
Trace|Resource 120 offset is 526071...
Debug|Encoding resource 120...
Trace|Writing image in Raw mode
Trace|Transparency image...
Trace|Writing image header...
Trace|Width: 7, Height: 9, RowLength: 21
Trace|BPP: 24, PaletteColors: 0, Transaparency: 0
Trace|Resource 121 offset is 526276...
Debug|Encoding resource 121...
Trace|Writing image in Raw mode
Trace|Transparency image...
Trace|Writing image header...
Trace|Width: 7, Height: 9, RowLength: 21
Trace|BPP: 24, PaletteColors: 0, Transaparency: 0
Trace|Resource 122 offset is 526481...
Debug|Encoding resource 122...
Trace|Writing image in Raw mode
Trace|Transparency image...
Trace|Writing image header...
Trace|Width: 7, Height: 9, RowLength: 21
Trace|BPP: 24, PaletteColors: 0, Transaparency: 0
Trace|Resource 123 offset is 526686...
Debug|Encoding resource 123...
Trace|Writing image in Raw mode
Trace|Transparency image...
Trace|Writing image header...
Trace|Width: 7, Height: 9, RowLength: 21
Trace|BPP: 24, PaletteColors: 0, Transaparency: 0
Trace|Resource 124 offset is 526891...
Debug|Encoding resource 124...
Trace|Writing image in Raw mode
Trace|Transparency image...
Trace|Writing image header...
Trace|Width: 7, Height: 9, RowLength: 21
Trace|BPP: 24, PaletteColors: 0, Transaparency: 0
Trace|Resource 125 offset is 527096...
Debug|Encoding resource 125...
Trace|Writing image in Raw mode
Trace|Transparency image...
Trace|Writing image header...
Trace|Width: 7, Height: 9, RowLength: 21
Trace|BPP: 24, PaletteColors: 0, Transaparency: 0
Trace|Resource 126 offset is 527301...
Debug|Encoding resource 126...
Trace|Writing image in Raw mode
Trace|Transparency image...
Trace|Writing image header...
Trace|Width: 7, Height: 9, RowLength: 21
Trace|BPP: 24, PaletteColors: 0, Transaparency: 0
Trace|Resource 127 offset is 527506...
Debug|Encoding resource 127...
Trace|Writing image in Raw mode
Trace|Transparency image...
Trace|Writing image header...
Trace|Width: 7, Height: 9, RowLength: 21
Trace|BPP: 24, PaletteColors: 0, Transaparency: 0
Trace|Resource 128 offset is 527711...
Debug|Encoding resource 128...
Trace|Writing image in Raw mode
Trace|Transparency image...
Trace|Writing image header...
Trace|Width: 7, Height: 9, RowLength: 21
Trace|BPP: 24, PaletteColors: 0, Transaparency: 0
Trace|Resource 129 offset is 527916...
Debug|Encoding resource 129...
Trace|Writing image in Raw mode
Trace|Transparency image...
Trace|Writing image header...
Trace|Width: 7, Height: 9, RowLength: 21
Trace|BPP: 24, PaletteColors: 0, Transaparency: 0
Trace|Resource 130 offset is 528121...
Debug|Encoding resource 130...
Trace|Writing image in Raw mode
Trace|Transparency image...
Trace|Writing image header...
Trace|Width: 3, Height: 9, RowLength: 9
Trace|BPP: 24, PaletteColors: 0, Transaparency: 0
Trace|Resource 131 offset is 528218...
Debug|Encoding resource 131...
Trace|Writing image in Raw mode
Trace|Transparency image...
Trace|Writing image header...
Trace|Width: 1, Height: 1, RowLength: 3
Trace|BPP: 24, PaletteColors: 0, Transaparency: 0
Trace|Resource 132 offset is 528237...
Debug|Encoding resource 132...
Trace|Writing image in Raw mode
Trace|Transparency image...
Trace|Writing image header...
Trace|Width: 7, Height: 19, RowLength: 21
Trace|BPP: 24, PaletteColors: 0, Transaparency: 0
Trace|Resource 133 offset is 528652...
Debug|Encoding resource 133...
Trace|Writing image in Raw mode
Trace|Transparency image...
Trace|Writing image header...
Trace|Width: 16, Height: 19, RowLength: 48
Trace|BPP: 24, PaletteColors: 0, Transaparency: 0
Trace|Resource 134 offset is 529580...
Debug|Encoding resource 134...
Trace|Writing image in Raw mode
Trace|Transparency image...
Trace|Writing image header...
Trace|Width: 16, Height: 19, RowLength: 48
Trace|BPP: 24, PaletteColors: 0, Transaparency: 0
Trace|Resource 135 offset is 530508...
Debug|Encoding resource 135...
Trace|Writing image in Raw mode
Trace|Transparency image...
Trace|Writing image header...
Trace|Width: 16, Height: 19, RowLength: 48
Trace|BPP: 24, PaletteColors: 0, Transaparency: 0
Trace|Resource 136 offset is 531436...
Debug|Encoding resource 136...
Trace|Writing image in Raw mode
Trace|Transparency image...
Trace|Writing image header...
Trace|Width: 16, Height: 19, RowLength: 48
Trace|BPP: 24, PaletteColors: 0, Transaparency: 0
Trace|Resource 137 offset is 532364...
Debug|Encoding resource 137...
Trace|Writing image in Raw mode
Trace|Transparency image...
Trace|Writing image header...
Trace|Width: 16, Height: 19, RowLength: 48
Trace|BPP: 24, PaletteColors: 0, Transaparency: 0
Trace|Resource 138 offset is 533292...
Debug|Encoding resource 138...
Trace|Writing image in Raw mode
Trace|Transparency image...
Trace|Writing image header...
Trace|Width: 16, Height: 19, RowLength: 48
Trace|BPP: 24, PaletteColors: 0, Transaparency: 0
Trace|Resource 139 offset is 534220...
Debug|Encoding resource 139...
Trace|Writing image in Raw mode
Trace|Transparency image...
Trace|Writing image header...
Trace|Width: 16, Height: 19, RowLength: 48
Trace|BPP: 24, PaletteColors: 0, Transaparency: 0
Trace|Resource 140 offset is 535148...
Debug|Encoding resource 140...
Trace|Writing image in Raw mode
Trace|Transparency image...
Trace|Writing image header...
Trace|Width: 16, Height: 19, RowLength: 48
Trace|BPP: 24, PaletteColors: 0, Transaparency: 0
Trace|Resource 141 offset is 536076...
Debug|Encoding resource 141...
Trace|Writing image in Raw mode
Trace|Transparency image...
Trace|Writing image header...
Trace|Width: 16, Height: 19, RowLength: 48
Trace|BPP: 24, PaletteColors: 0, Transaparency: 0
Trace|Resource 142 offset is 537004...
Debug|Encoding resource 142...
Trace|Writing image in Raw mode
Trace|Transparency image...
Trace|Writing image header...
Trace|Width: 16, Height: 19, RowLength: 48
Trace|BPP: 24, PaletteColors: 0, Transaparency: 0
Trace|Resource 143 offset is 537932...
Debug|Encoding resource 143...
Trace|Writing image in Raw mode
Trace|No Transparency image...
Trace|Writing image header...
Trace|Width: 90, Height: 210, RowLength: 180
Trace|BPP: 16, PaletteColors: 0, Transaparency: 0
Trace|Writing image...
Trace|Resource 144 offset is 575748...
Debug|Encoding resource 144...
Trace|Writing image in Raw mode
Trace|Transparency image...
Trace|Writing image header...
Trace|Width: 14, Height: 12, RowLength: 42
Trace|BPP: 24, PaletteColors: 0, Transaparency: 0
Trace|Resource 145 offset is 576268...
Debug|Encoding resource 145...
Trace|Writing image in Raw mode
Trace|Transparency image...
Trace|Writing image header...
Trace|Width: 4, Height: 12, RowLength: 12
Trace|BPP: 24, PaletteColors: 0, Transaparency: 0
Trace|Resource 146 offset is 576428...
Debug|Encoding resource 146...
Trace|Writing image in Raw mode
Trace|Transparency image...
Trace|Writing image header...
Trace|Width: 1, Height: 12, RowLength: 3
Trace|BPP: 24, PaletteColors: 0, Transaparency: 0
Trace|Writing resources offsets table
Debug|Writing resources
