Debug|Opening watch face 'infograph_no.23_packed-97515-38b4a2ef2e.bin'
Debug|Reading parameters...
Trace|Reading header...
Trace|Header was read:
Trace|Signature: UIHH, Unknown: 16777215, ParametersSize: 76, IsValid: True
Trace|Reading parameter offsets...
Trace|Parameter offsets were read from file
Trace|Reading parameters descriptor...
Trace|1 (0A): 6 bytes
Trace|    1 (08): 647 (287)
Trace|    2 (10): 147 (93)
Trace|Parameters descriptor was read:
Trace|ParametrsTableLength: 647, ImagesCount: 147
Trace|Reading parameters locations...
Trace|2 (12): 4 bytes
Trace|    1 (08): 0 (00)
Trace|    2 (10): 35 (23)
Trace|3 (1A): 4 bytes
Trace|    1 (08): 35 (23)
Trace|    2 (10): 46 (2E)
Trace|4 (22): 4 bytes
Trace|    1 (08): 81 (51)
Trace|    2 (10): 57 (39)
Trace|5 (2A): 5 bytes
Trace|    1 (08): 138 (8A)
Trace|    2 (10): 60 (3C)
Trace|6 (32): 5 bytes
Trace|    1 (08): 198 (C6)
Trace|    2 (10): 117 (75)
Trace|7 (3A): 5 bytes
Trace|    1 (08): 315 (13B)
Trace|    2 (10): 74 (4A)
Trace|8 (42): 5 bytes
Trace|    1 (08): 389 (185)
Trace|    2 (10): 30 (1E)
Trace|9 (4A): 5 bytes
Trace|    1 (08): 419 (1A3)
Trace|    2 (10): 35 (23)
Trace|10 (52): 6 bytes
Trace|    1 (08): 454 (1C6)
Trace|    2 (10): 137 (89)
Trace|14 (72): 5 bytes
Trace|    1 (08): 591 (24F)
Trace|    2 (10): 56 (38)
Trace|Watch face parameters locations were read:
Trace|Reading descriptor for parameter 2
Trace|Descriptor offset: 0, Descriptor length: 35
Trace|Parsing descriptor for parameter 2...
Trace|1 (0A): 6 bytes
Trace|    1 (08): 0 (00)
Trace|    2 (10): 0 (00)
Trace|    3 (18): 0 (00)
Trace|3 (1A): 7 bytes
Trace|    1 (08): 18 (12)
Trace|    2 (10): 17 (11)
Trace|    3 (18): 143 (8F)
Trace|4 (22): 7 bytes
Trace|    1 (08): 18 (12)
Trace|    2 (10): 17 (11)
Trace|    3 (18): 143 (8F)
Trace|5 (2A): 7 bytes
Trace|    1 (08): 18 (12)
Trace|    2 (10): 17 (11)
Trace|    3 (18): 143 (8F)
Trace|Reading descriptor for parameter 3
Trace|Descriptor offset: 35, Descriptor length: 46
Trace|Parsing descriptor for parameter 3...
Trace|1 (0A): 20 bytes
Trace|    1 (0A): 8 bytes
Trace|        1 (08): 37 (25)
Trace|        2 (10): 87 (57)
Trace|        3 (18): 32 (20)
Trace|        4 (20): 3 (03)
Trace|    2 (12): 8 bytes
Trace|        1 (08): 49 (31)
Trace|        2 (10): 87 (57)
Trace|        3 (18): 32 (20)
Trace|        4 (20): 10 (0A)
Trace|2 (12): 20 bytes
Trace|    1 (0A): 8 bytes
Trace|        1 (08): 65 (41)
Trace|        2 (10): 87 (57)
Trace|        3 (18): 32 (20)
Trace|        4 (20): 6 (06)
Trace|    2 (12): 8 bytes
Trace|        1 (08): 76 (4C)
Trace|        2 (10): 87 (57)
Trace|        3 (18): 32 (20)
Trace|        4 (20): 10 (0A)
Trace|11 (58): 0 (00)
Trace|Reading descriptor for parameter 4
Trace|Descriptor offset: 81, Descriptor length: 57
Trace|Parsing descriptor for parameter 4...
Trace|1 (0A): 21 bytes
Trace|    1 (0A): 19 bytes
Trace|        1 (08): 1 (01)
Trace|        2 (10): 274 (112)
Trace|        3 (18): 0 (00)
Trace|        4 (20): 0 (00)
Trace|        5 (28): 2 (02)
Trace|        6 (30): 1 (01)
Trace|        7 (38): 0 (00)
Trace|        8 (40): 63 (3F)
Trace|        9 (48): 10 (0A)
Trace|5 (2A): 30 bytes
Trace|    1 (0A): 19 bytes
Trace|        1 (08): 0 (00)
Trace|        2 (10): 274 (112)
Trace|        3 (18): 125 (7D)
Trace|        4 (20): 0 (00)
Trace|        5 (28): 4 (04)
Trace|        6 (30): 1 (01)
Trace|        7 (38): 0 (00)
Trace|        8 (40): 73 (49)
Trace|        9 (48): 10 (0A)
Trace|    2 (10): 146 (92)
Trace|    3 (18): 145 (91)
Trace|    4 (20): 146 (92)
Trace|7 (38): 0 (00)
Trace|Reading descriptor for parameter 5
Trace|Descriptor offset: 138, Descriptor length: 60
Trace|Parsing descriptor for parameter 5...
Trace|1 (0A): 28 bytes
Trace|    1 (0A): 22 bytes
Trace|        4 (22): 20 bytes
Trace|            1 (08): 47 (2F)
Trace|            2 (10): 190 (BE)
Trace|            3 (18): 0 (00)
Trace|            4 (20): 0 (00)
Trace|            5 (28): 4 (04)
Trace|            6 (30): 0 (00)
Trace|            7 (38): 0 (00)
Trace|            8 (40): 133 (85)
Trace|            9 (48): 10 (0A)
Trace|    4 (20): 0 (00)
Trace|    5 (28): 1 (01)
Trace|4 (22): 8 bytes
Trace|    1 (08): 76 (4C)
Trace|    2 (10): 11 (0B)
Trace|    3 (18): 25 (19)
Trace|    4 (20): 7 (07)
Trace|5 (2A): 8 bytes
Trace|    1 (08): 76 (4C)
Trace|    2 (10): 11 (0B)
Trace|    3 (18): 11 (0B)
Trace|    4 (20): 7 (07)
Trace|6 (32): 8 bytes
Trace|    1 (08): 76 (4C)
Trace|    2 (10): 11 (0B)
Trace|    3 (18): 18 (12)
Trace|    4 (20): 7 (07)
Trace|Reading descriptor for parameter 6
Trace|Descriptor offset: 198, Descriptor length: 117
Trace|Parsing descriptor for parameter 6...
Trace|1 (0A): 25 bytes
Trace|    2 (12): 9 bytes
Trace|        1 (08): 17 (11)
Trace|        2 (10): 132 (84)
Trace|        3 (18): 83 (53)
Trace|        4 (20): 26 (1A)
Trace|    3 (1A): 5 bytes
Trace|        1 (08): 17 (11)
Trace|        2 (10): 132 (84)
Trace|    4 (22): 5 bytes
Trace|        1 (08): 17 (11)
Trace|        2 (10): 132 (84)
Trace|2 (12): 88 bytes
Trace|    1 (0A): 25 bytes
Trace|        1 (0A): 20 bytes
Trace|            1 (08): 72 (48)
Trace|            2 (10): 136 (88)
Trace|            3 (18): 114 (72)
Trace|            4 (20): 0 (00)
Trace|            5 (28): 72 (48)
Trace|            6 (30): 0 (00)
Trace|            7 (38): 0 (00)
Trace|            8 (40): 133 (85)
Trace|            9 (48): 10 (0A)
Trace|        2 (10): 132 (84)
Trace|    2 (12): 59 bytes
Trace|        1 (0A): 57 bytes
Trace|            1 (0A): 26 bytes
Trace|                1 (0A): 19 bytes
Trace|                    1 (08): 0 (00)
Trace|                    2 (10): 160 (A0)
Trace|                    3 (18): 112 (70)
Trace|                    4 (20): 0 (00)
Trace|                    5 (28): 20 (14)
Trace|                    6 (30): 1 (01)
Trace|                    7 (38): 0 (00)
Trace|                    8 (40): 109 (6D)
Trace|                    9 (48): 10 (0A)
Trace|                2 (10): 119 (77)
Trace|                3 (18): 131 (83)
Trace|            2 (12): 27 bytes
Trace|                1 (0A): 19 bytes
Trace|                    1 (08): 74 (4A)
Trace|                    2 (10): 160 (A0)
Trace|                    3 (18): 0 (00)
Trace|                    4 (20): 0 (00)
Trace|                    5 (28): 18 (12)
Trace|                    6 (30): 1 (01)
Trace|                    7 (38): 0 (00)
Trace|                    8 (40): 120 (78)
Trace|                    9 (48): 10 (0A)
Trace|                2 (10): 130 (82)
Trace|                3 (18): 131 (83)
Trace|Reading descriptor for parameter 7
Trace|Descriptor offset: 315, Descriptor length: 74
Trace|Parsing descriptor for parameter 7...
Trace|3 (1A): 72 bytes
Trace|    1 (08): 52 (34)
Trace|    2 (12): 5 bytes
Trace|        1 (08): 0 (00)
Trace|        2 (10): 231 (E7)
Trace|    2 (12): 5 bytes
Trace|        1 (08): 0 (00)
Trace|        2 (10): 231 (E7)
Trace|    2 (12): 5 bytes
Trace|        1 (08): 0 (00)
Trace|        2 (10): 231 (E7)
Trace|    2 (12): 5 bytes
Trace|        1 (08): 0 (00)
Trace|        2 (10): 231 (E7)
Trace|    2 (12): 5 bytes
Trace|        1 (08): 0 (00)
Trace|        2 (10): 231 (E7)
Trace|    2 (12): 5 bytes
Trace|        1 (08): 0 (00)
Trace|        2 (10): 231 (E7)
Trace|    2 (12): 5 bytes
Trace|        1 (08): 0 (00)
Trace|        2 (10): 231 (E7)
Trace|    2 (12): 5 bytes
Trace|        1 (08): 0 (00)
Trace|        2 (10): 231 (E7)
Trace|    2 (12): 5 bytes
Trace|        1 (08): 0 (00)
Trace|        2 (10): 231 (E7)
Trace|    2 (12): 5 bytes
Trace|        1 (08): 0 (00)
Trace|        2 (10): 231 (E7)
Trace|Reading descriptor for parameter 8
Trace|Descriptor offset: 389, Descriptor length: 30
Trace|Parsing descriptor for parameter 8...
Trace|1 (0A): 8 bytes
Trace|    1 (0A): 4 bytes
Trace|        1 (08): 48 (30)
Trace|        2 (10): 4 (04)
Trace|    2 (10): 2 (02)
Trace|2 (12): 8 bytes
Trace|    1 (0A): 4 bytes
Trace|        1 (08): 59 (3B)
Trace|        2 (10): 4 (04)
Trace|    3 (18): 1 (01)
Trace|3 (1A): 8 bytes
Trace|    1 (0A): 4 bytes
Trace|        1 (08): 70 (46)
Trace|        2 (10): 4 (04)
Trace|    3 (18): 3 (03)
Trace|Reading descriptor for parameter 9
Trace|Descriptor offset: 419, Descriptor length: 35
Trace|Parsing descriptor for parameter 9...
Trace|1 (0A): 23 bytes
Trace|    1 (0A): 18 bytes
Trace|        1 (08): 1 (01)
Trace|        2 (10): 13 (0D)
Trace|        3 (18): 0 (00)
Trace|        4 (20): 0 (00)
Trace|        5 (28): 2 (02)
Trace|        6 (30): 1 (01)
Trace|        7 (38): 0 (00)
Trace|        8 (40): 73 (49)
Trace|        9 (48): 10 (0A)
Trace|    4 (20): 144 (90)
Trace|2 (12): 8 bytes
Trace|    1 (08): 0 (00)
Trace|    2 (10): 16 (10)
Trace|    3 (18): 42 (2A)
Trace|    4 (20): 10 (0A)
Trace|Reading descriptor for parameter 10
Trace|Descriptor offset: 454, Descriptor length: 137
Trace|Parsing descriptor for parameter 10...
Trace|1 (0A): 62 bytes
Trace|    1 (08): 0 (00)
Trace|    2 (10): 16777215 (FFFFFF)
Trace|    3 (1A): 5 bytes
Trace|        1 (08): 63 (3F)
Trace|        2 (10): 148 (94)
Trace|    4 (22): 13 bytes
Trace|        1 (08): 2 (02)
Trace|        2 (10): -2 (FFFFFFFFFFFFFFFE)
Trace|    4 (22): 13 bytes
Trace|        1 (08): 38 (26)
Trace|        2 (10): -2 (FFFFFFFFFFFFFFFE)
Trace|    4 (22): 4 bytes
Trace|        1 (08): 40 (28)
Trace|        2 (10): 0 (00)
Trace|    4 (22): 4 bytes
Trace|        1 (08): 38 (26)
Trace|        2 (10): 3 (03)
Trace|    4 (22): 4 bytes
Trace|        1 (08): 2 (02)
Trace|        2 (10): 3 (03)
Trace|2 (12): 71 bytes
Trace|    1 (08): 0 (00)
Trace|    2 (10): 16777215 (FFFFFF)
Trace|    3 (1A): 5 bytes
Trace|        1 (08): 63 (3F)
Trace|        2 (10): 148 (94)
Trace|    4 (22): 13 bytes
Trace|        1 (08): 2 (02)
Trace|        2 (10): -2 (FFFFFFFFFFFFFFFE)
Trace|    4 (22): 13 bytes
Trace|        1 (08): 62 (3E)
Trace|        2 (10): -2 (FFFFFFFFFFFFFFFE)
Trace|    4 (22): 4 bytes
Trace|        1 (08): 64 (40)
Trace|        2 (10): 0 (00)
Trace|    4 (22): 4 bytes
Trace|        1 (08): 62 (3E)
Trace|        2 (10): 3 (03)
Trace|    4 (22): 4 bytes
Trace|        1 (08): 2 (02)
Trace|        2 (10): 3 (03)
Trace|    5 (2A): 7 bytes
Trace|        1 (08): 58 (3A)
Trace|        2 (10): 143 (8F)
Trace|        3 (18): 62 (3E)
Trace|Reading descriptor for parameter 14
Trace|Descriptor offset: 591, Descriptor length: 56
Trace|Parsing descriptor for parameter 14...
Trace|1 (0A): 6 bytes
Trace|    1 (08): 66 (42)
Trace|    2 (10): 30 (1E)
Trace|    3 (18): 4 (04)
Trace|2 (12): 6 bytes
Trace|    1 (08): 66 (42)
Trace|    2 (10): 30 (1E)
Trace|    3 (18): 5 (05)
Trace|3 (1A): 6 bytes
Trace|    1 (08): 66 (42)
Trace|    2 (10): 30 (1E)
Trace|    3 (18): 6 (06)
Trace|4 (22): 6 bytes
Trace|    1 (08): 66 (42)
Trace|    2 (10): 30 (1E)
Trace|    3 (18): 7 (07)
Trace|5 (2A): 6 bytes
Trace|    1 (08): 66 (42)
Trace|    2 (10): 30 (1E)
Trace|    3 (18): 8 (08)
Trace|6 (32): 6 bytes
Trace|    1 (08): 66 (42)
Trace|    2 (10): 30 (1E)
Trace|    3 (18): 9 (09)
Trace|7 (3A): 6 bytes
Trace|    1 (08): 66 (42)
Trace|    2 (10): 30 (1E)
Trace|    3 (18): 10 (0A)
Trace|Reading resources offsets table with 147 elements (588 bytes)
Debug|Reading 147 resources...
Trace|Resource 0 offset: 1398, length: 74104...
Debug|Reading resource 0...
Trace|Color bit encoding: 8
Trace|Reading image header...
Trace|Image header was read:
Trace|Width: 126, Height: 294, RowLength: 252
Trace|BPP: 16, PaletteColors: 0, Transaparency: False
Trace|The image doesn't use a palette.
Trace|Resource 1 offset: 75502, length: 316...
Debug|Reading resource 1...
Trace|Color bit encoding: 27
Trace|Reading image header...
Trace|Image header was read:
Trace|Width: 10, Height: 10, RowLength: 30
Trace|BPP: 24, PaletteColors: 0, Transaparency: False
Trace|The image doesn't use a palette.
Trace|Resource 2 offset: 75818, length: 316...
Debug|Reading resource 2...
Trace|Color bit encoding: 27
Trace|Reading image header...
Trace|Image header was read:
Trace|Width: 10, Height: 10, RowLength: 30
Trace|BPP: 24, PaletteColors: 0, Transaparency: False
Trace|The image doesn't use a palette.
Trace|Resource 3 offset: 76134, length: 316...
Debug|Reading resource 3...
Trace|Color bit encoding: 27
Trace|Reading image header...
Trace|Image header was read:
Trace|Width: 10, Height: 10, RowLength: 30
Trace|BPP: 24, PaletteColors: 0, Transaparency: False
Trace|The image doesn't use a palette.
Trace|Resource 4 offset: 76450, length: 6856...
Debug|Reading resource 4...
Trace|Color bit encoding: 27
Trace|Reading image header...
Trace|Image header was read:
Trace|Width: 60, Height: 38, RowLength: 180
Trace|BPP: 24, PaletteColors: 0, Transaparency: False
Trace|The image doesn't use a palette.
Trace|Resource 5 offset: 83306, length: 6856...
Debug|Reading resource 5...
Trace|Color bit encoding: 27
Trace|Reading image header...
Trace|Image header was read:
Trace|Width: 60, Height: 38, RowLength: 180
Trace|BPP: 24, PaletteColors: 0, Transaparency: False
Trace|The image doesn't use a palette.
Trace|Resource 6 offset: 90162, length: 6856...
Debug|Reading resource 6...
Trace|Color bit encoding: 27
Trace|Reading image header...
Trace|Image header was read:
Trace|Width: 60, Height: 38, RowLength: 180
Trace|BPP: 24, PaletteColors: 0, Transaparency: False
Trace|The image doesn't use a palette.
Trace|Resource 7 offset: 97018, length: 6856...
Debug|Reading resource 7...
Trace|Color bit encoding: 27
Trace|Reading image header...
Trace|Image header was read:
Trace|Width: 60, Height: 38, RowLength: 180
Trace|BPP: 24, PaletteColors: 0, Transaparency: False
Trace|The image doesn't use a palette.
Trace|Resource 8 offset: 103874, length: 6856...
Debug|Reading resource 8...
Trace|Color bit encoding: 27
Trace|Reading image header...
Trace|Image header was read:
Trace|Width: 60, Height: 38, RowLength: 180
Trace|BPP: 24, PaletteColors: 0, Transaparency: False
Trace|The image doesn't use a palette.
Trace|Resource 9 offset: 110730, length: 6856...
Debug|Reading resource 9...
Trace|Color bit encoding: 27
Trace|Reading image header...
Trace|Image header was read:
Trace|Width: 60, Height: 38, RowLength: 180
Trace|BPP: 24, PaletteColors: 0, Transaparency: False
Trace|The image doesn't use a palette.
Trace|Resource 10 offset: 117586, length: 6856...
Debug|Reading resource 10...
Trace|Color bit encoding: 27
Trace|Reading image header...
Trace|Image header was read:
Trace|Width: 60, Height: 38, RowLength: 180
Trace|BPP: 24, PaletteColors: 0, Transaparency: False
Trace|The image doesn't use a palette.
Trace|Resource 11 offset: 124442, length: 6856...
Debug|Reading resource 11...
Trace|Color bit encoding: 27
Trace|Reading image header...
Trace|Image header was read:
Trace|Width: 60, Height: 38, RowLength: 180
Trace|BPP: 24, PaletteColors: 0, Transaparency: False
Trace|The image doesn't use a palette.
Trace|Resource 12 offset: 131298, length: 6856...
Debug|Reading resource 12...
Trace|Color bit encoding: 27
Trace|Reading image header...
Trace|Image header was read:
Trace|Width: 60, Height: 38, RowLength: 180
Trace|BPP: 24, PaletteColors: 0, Transaparency: False
Trace|The image doesn't use a palette.
Trace|Resource 13 offset: 138154, length: 6856...
Debug|Reading resource 13...
Trace|Color bit encoding: 27
Trace|Reading image header...
Trace|Image header was read:
Trace|Width: 60, Height: 38, RowLength: 180
Trace|BPP: 24, PaletteColors: 0, Transaparency: False
Trace|The image doesn't use a palette.
Trace|Resource 14 offset: 145010, length: 6856...
Debug|Reading resource 14...
Trace|Color bit encoding: 27
Trace|Reading image header...
Trace|Image header was read:
Trace|Width: 60, Height: 38, RowLength: 180
Trace|BPP: 24, PaletteColors: 0, Transaparency: False
Trace|The image doesn't use a palette.
Trace|Resource 15 offset: 151866, length: 6856...
Debug|Reading resource 15...
Trace|Color bit encoding: 27
Trace|Reading image header...
Trace|Image header was read:
Trace|Width: 60, Height: 38, RowLength: 180
Trace|BPP: 24, PaletteColors: 0, Transaparency: False
Trace|The image doesn't use a palette.
Trace|Resource 16 offset: 158722, length: 6856...
Debug|Reading resource 16...
Trace|Color bit encoding: 27
Trace|Reading image header...
Trace|Image header was read:
Trace|Width: 60, Height: 38, RowLength: 180
Trace|BPP: 24, PaletteColors: 0, Transaparency: False
Trace|The image doesn't use a palette.
Trace|Resource 17 offset: 165578, length: 6856...
Debug|Reading resource 17...
Trace|Color bit encoding: 27
Trace|Reading image header...
Trace|Image header was read:
Trace|Width: 60, Height: 38, RowLength: 180
Trace|BPP: 24, PaletteColors: 0, Transaparency: False
Trace|The image doesn't use a palette.
Trace|Resource 18 offset: 172434, length: 6856...
Debug|Reading resource 18...
Trace|Color bit encoding: 27
Trace|Reading image header...
Trace|Image header was read:
Trace|Width: 60, Height: 38, RowLength: 180
Trace|BPP: 24, PaletteColors: 0, Transaparency: False
Trace|The image doesn't use a palette.
Trace|Resource 19 offset: 179290, length: 6856...
Debug|Reading resource 19...
Trace|Color bit encoding: 27
Trace|Reading image header...
Trace|Image header was read:
Trace|Width: 60, Height: 38, RowLength: 180
Trace|BPP: 24, PaletteColors: 0, Transaparency: False
Trace|The image doesn't use a palette.
Trace|Resource 20 offset: 186146, length: 6856...
Debug|Reading resource 20...
Trace|Color bit encoding: 27
Trace|Reading image header...
Trace|Image header was read:
Trace|Width: 60, Height: 38, RowLength: 180
Trace|BPP: 24, PaletteColors: 0, Transaparency: False
Trace|The image doesn't use a palette.
Trace|Resource 21 offset: 193002, length: 6856...
Debug|Reading resource 21...
Trace|Color bit encoding: 27
Trace|Reading image header...
Trace|Image header was read:
Trace|Width: 60, Height: 38, RowLength: 180
Trace|BPP: 24, PaletteColors: 0, Transaparency: False
Trace|The image doesn't use a palette.
Trace|Resource 22 offset: 199858, length: 6856...
Debug|Reading resource 22...
Trace|Color bit encoding: 27
Trace|Reading image header...
Trace|Image header was read:
Trace|Width: 60, Height: 38, RowLength: 180
Trace|BPP: 24, PaletteColors: 0, Transaparency: False
Trace|The image doesn't use a palette.
Trace|Resource 23 offset: 206714, length: 6856...
Debug|Reading resource 23...
Trace|Color bit encoding: 27
Trace|Reading image header...
Trace|Image header was read:
Trace|Width: 60, Height: 38, RowLength: 180
Trace|BPP: 24, PaletteColors: 0, Transaparency: False
Trace|The image doesn't use a palette.
Trace|Resource 24 offset: 213570, length: 6856...
Debug|Reading resource 24...
Trace|Color bit encoding: 27
Trace|Reading image header...
Trace|Image header was read:
Trace|Width: 60, Height: 38, RowLength: 180
Trace|BPP: 24, PaletteColors: 0, Transaparency: False
Trace|The image doesn't use a palette.
Trace|Resource 25 offset: 220426, length: 6856...
Debug|Reading resource 25...
Trace|Color bit encoding: 27
Trace|Reading image header...
Trace|Image header was read:
Trace|Width: 60, Height: 38, RowLength: 180
Trace|BPP: 24, PaletteColors: 0, Transaparency: False
Trace|The image doesn't use a palette.
Trace|Resource 26 offset: 227282, length: 6856...
Debug|Reading resource 26...
Trace|Color bit encoding: 27
Trace|Reading image header...
Trace|Image header was read:
Trace|Width: 60, Height: 38, RowLength: 180
Trace|BPP: 24, PaletteColors: 0, Transaparency: False
Trace|The image doesn't use a palette.
Trace|Resource 27 offset: 234138, length: 6856...
Debug|Reading resource 27...
Trace|Color bit encoding: 27
Trace|Reading image header...
Trace|Image header was read:
Trace|Width: 60, Height: 38, RowLength: 180
Trace|BPP: 24, PaletteColors: 0, Transaparency: False
Trace|The image doesn't use a palette.
Trace|Resource 28 offset: 240994, length: 6856...
Debug|Reading resource 28...
Trace|Color bit encoding: 27
Trace|Reading image header...
Trace|Image header was read:
Trace|Width: 60, Height: 38, RowLength: 180
Trace|BPP: 24, PaletteColors: 0, Transaparency: False
Trace|The image doesn't use a palette.
Trace|Resource 29 offset: 247850, length: 6856...
Debug|Reading resource 29...
Trace|Color bit encoding: 27
Trace|Reading image header...
Trace|Image header was read:
Trace|Width: 60, Height: 38, RowLength: 180
Trace|BPP: 24, PaletteColors: 0, Transaparency: False
Trace|The image doesn't use a palette.
Trace|Resource 30 offset: 254706, length: 6856...
Debug|Reading resource 30...
Trace|Color bit encoding: 27
Trace|Reading image header...
Trace|Image header was read:
Trace|Width: 60, Height: 38, RowLength: 180
Trace|BPP: 24, PaletteColors: 0, Transaparency: False
Trace|The image doesn't use a palette.
Trace|Resource 31 offset: 261562, length: 6856...
Debug|Reading resource 31...
Trace|Color bit encoding: 27
Trace|Reading image header...
Trace|Image header was read:
Trace|Width: 60, Height: 38, RowLength: 180
Trace|BPP: 24, PaletteColors: 0, Transaparency: False
Trace|The image doesn't use a palette.
Trace|Resource 32 offset: 268418, length: 718...
Debug|Reading resource 32...
Trace|Color bit encoding: 27
Trace|Reading image header...
Trace|Image header was read:
Trace|Width: 13, Height: 18, RowLength: 39
Trace|BPP: 24, PaletteColors: 0, Transaparency: False
Trace|The image doesn't use a palette.
Trace|Resource 33 offset: 269136, length: 718...
Debug|Reading resource 33...
Trace|Color bit encoding: 27
Trace|Reading image header...
Trace|Image header was read:
Trace|Width: 13, Height: 18, RowLength: 39
Trace|BPP: 24, PaletteColors: 0, Transaparency: False
Trace|The image doesn't use a palette.
Trace|Resource 34 offset: 269854, length: 718...
Debug|Reading resource 34...
Trace|Color bit encoding: 27
Trace|Reading image header...
Trace|Image header was read:
Trace|Width: 13, Height: 18, RowLength: 39
Trace|BPP: 24, PaletteColors: 0, Transaparency: False
Trace|The image doesn't use a palette.
Trace|Resource 35 offset: 270572, length: 718...
Debug|Reading resource 35...
Trace|Color bit encoding: 27
Trace|Reading image header...
Trace|Image header was read:
Trace|Width: 13, Height: 18, RowLength: 39
Trace|BPP: 24, PaletteColors: 0, Transaparency: False
Trace|The image doesn't use a palette.
Trace|Resource 36 offset: 271290, length: 718...
Debug|Reading resource 36...
Trace|Color bit encoding: 27
Trace|Reading image header...
Trace|Image header was read:
Trace|Width: 13, Height: 18, RowLength: 39
Trace|BPP: 24, PaletteColors: 0, Transaparency: False
Trace|The image doesn't use a palette.
Trace|Resource 37 offset: 272008, length: 718...
Debug|Reading resource 37...
Trace|Color bit encoding: 27
Trace|Reading image header...
Trace|Image header was read:
Trace|Width: 13, Height: 18, RowLength: 39
Trace|BPP: 24, PaletteColors: 0, Transaparency: False
Trace|The image doesn't use a palette.
Trace|Resource 38 offset: 272726, length: 718...
Debug|Reading resource 38...
Trace|Color bit encoding: 27
Trace|Reading image header...
Trace|Image header was read:
Trace|Width: 13, Height: 18, RowLength: 39
Trace|BPP: 24, PaletteColors: 0, Transaparency: False
Trace|The image doesn't use a palette.
Trace|Resource 39 offset: 273444, length: 718...
Debug|Reading resource 39...
Trace|Color bit encoding: 27
Trace|Reading image header...
Trace|Image header was read:
Trace|Width: 13, Height: 18, RowLength: 39
Trace|BPP: 24, PaletteColors: 0, Transaparency: False
Trace|The image doesn't use a palette.
Trace|Resource 40 offset: 274162, length: 718...
Debug|Reading resource 40...
Trace|Color bit encoding: 27
Trace|Reading image header...
Trace|Image header was read:
Trace|Width: 13, Height: 18, RowLength: 39
Trace|BPP: 24, PaletteColors: 0, Transaparency: False
Trace|The image doesn't use a palette.
Trace|Resource 41 offset: 274880, length: 718...
Debug|Reading resource 41...
Trace|Color bit encoding: 27
Trace|Reading image header...
Trace|Image header was read:
Trace|Width: 13, Height: 18, RowLength: 39
Trace|BPP: 24, PaletteColors: 0, Transaparency: False
Trace|The image doesn't use a palette.
Trace|Resource 42 offset: 275598, length: 9376...
Debug|Reading resource 42...
Trace|Color bit encoding: 27
Trace|Reading image header...
Trace|Image header was read:
Trace|Width: 60, Height: 52, RowLength: 180
Trace|BPP: 24, PaletteColors: 0, Transaparency: False
Trace|The image doesn't use a palette.
Trace|Resource 43 offset: 284974, length: 9376...
Debug|Reading resource 43...
Trace|Color bit encoding: 27
Trace|Reading image header...
Trace|Image header was read:
Trace|Width: 60, Height: 52, RowLength: 180
Trace|BPP: 24, PaletteColors: 0, Transaparency: False
Trace|The image doesn't use a palette.
Trace|Resource 44 offset: 294350, length: 9376...
Debug|Reading resource 44...
Trace|Color bit encoding: 27
Trace|Reading image header...
Trace|Image header was read:
Trace|Width: 60, Height: 52, RowLength: 180
Trace|BPP: 24, PaletteColors: 0, Transaparency: False
Trace|The image doesn't use a palette.
Trace|Resource 45 offset: 303726, length: 9376...
Debug|Reading resource 45...
Trace|Color bit encoding: 27
Trace|Reading image header...
Trace|Image header was read:
Trace|Width: 60, Height: 52, RowLength: 180
Trace|BPP: 24, PaletteColors: 0, Transaparency: False
Trace|The image doesn't use a palette.
Trace|Resource 46 offset: 313102, length: 9376...
Debug|Reading resource 46...
Trace|Color bit encoding: 27
Trace|Reading image header...
Trace|Image header was read:
Trace|Width: 60, Height: 52, RowLength: 180
Trace|BPP: 24, PaletteColors: 0, Transaparency: False
Trace|The image doesn't use a palette.
Trace|Resource 47 offset: 322478, length: 9376...
Debug|Reading resource 47...
Trace|Color bit encoding: 27
Trace|Reading image header...
Trace|Image header was read:
Trace|Width: 60, Height: 52, RowLength: 180
Trace|BPP: 24, PaletteColors: 0, Transaparency: False
Trace|The image doesn't use a palette.
Trace|Resource 48 offset: 331854, length: 9376...
Debug|Reading resource 48...
Trace|Color bit encoding: 27
Trace|Reading image header...
Trace|Image header was read:
Trace|Width: 60, Height: 52, RowLength: 180
Trace|BPP: 24, PaletteColors: 0, Transaparency: False
Trace|The image doesn't use a palette.
Trace|Resource 49 offset: 341230, length: 9376...
Debug|Reading resource 49...
Trace|Color bit encoding: 27
Trace|Reading image header...
Trace|Image header was read:
Trace|Width: 60, Height: 52, RowLength: 180
Trace|BPP: 24, PaletteColors: 0, Transaparency: False
Trace|The image doesn't use a palette.
Trace|Resource 50 offset: 350606, length: 9376...
Debug|Reading resource 50...
Trace|Color bit encoding: 27
Trace|Reading image header...
Trace|Image header was read:
Trace|Width: 60, Height: 52, RowLength: 180
Trace|BPP: 24, PaletteColors: 0, Transaparency: False
Trace|The image doesn't use a palette.
Trace|Resource 51 offset: 359982, length: 9376...
Debug|Reading resource 51...
Trace|Color bit encoding: 27
Trace|Reading image header...
Trace|Image header was read:
Trace|Width: 60, Height: 52, RowLength: 180
Trace|BPP: 24, PaletteColors: 0, Transaparency: False
Trace|The image doesn't use a palette.
Trace|Resource 52 offset: 369358, length: 6856...
Debug|Reading resource 52...
Trace|Color bit encoding: 27
Trace|Reading image header...
Trace|Image header was read:
Trace|Width: 60, Height: 38, RowLength: 180
Trace|BPP: 24, PaletteColors: 0, Transaparency: False
Trace|The image doesn't use a palette.
Trace|Resource 53 offset: 376214, length: 6856...
Debug|Reading resource 53...
Trace|Color bit encoding: 27
Trace|Reading image header...
Trace|Image header was read:
Trace|Width: 60, Height: 38, RowLength: 180
Trace|BPP: 24, PaletteColors: 0, Transaparency: False
Trace|The image doesn't use a palette.
Trace|Resource 54 offset: 383070, length: 6856...
Debug|Reading resource 54...
Trace|Color bit encoding: 27
Trace|Reading image header...
Trace|Image header was read:
Trace|Width: 60, Height: 38, RowLength: 180
Trace|BPP: 24, PaletteColors: 0, Transaparency: False
Trace|The image doesn't use a palette.
Trace|Resource 55 offset: 389926, length: 6856...
Debug|Reading resource 55...
Trace|Color bit encoding: 27
Trace|Reading image header...
Trace|Image header was read:
Trace|Width: 60, Height: 38, RowLength: 180
Trace|BPP: 24, PaletteColors: 0, Transaparency: False
Trace|The image doesn't use a palette.
Trace|Resource 56 offset: 396782, length: 6856...
Debug|Reading resource 56...
Trace|Color bit encoding: 27
Trace|Reading image header...
Trace|Image header was read:
Trace|Width: 60, Height: 38, RowLength: 180
Trace|BPP: 24, PaletteColors: 0, Transaparency: False
Trace|The image doesn't use a palette.
Trace|Resource 57 offset: 403638, length: 6856...
Debug|Reading resource 57...
Trace|Color bit encoding: 27
Trace|Reading image header...
Trace|Image header was read:
Trace|Width: 60, Height: 38, RowLength: 180
Trace|BPP: 24, PaletteColors: 0, Transaparency: False
Trace|The image doesn't use a palette.
Trace|Resource 58 offset: 410494, length: 6856...
Debug|Reading resource 58...
Trace|Color bit encoding: 27
Trace|Reading image header...
Trace|Image header was read:
Trace|Width: 60, Height: 38, RowLength: 180
Trace|BPP: 24, PaletteColors: 0, Transaparency: False
Trace|The image doesn't use a palette.
Trace|Resource 59 offset: 417350, length: 6856...
Debug|Reading resource 59...
Trace|Color bit encoding: 27
Trace|Reading image header...
Trace|Image header was read:
Trace|Width: 60, Height: 38, RowLength: 180
Trace|BPP: 24, PaletteColors: 0, Transaparency: False
Trace|The image doesn't use a palette.
Trace|Resource 60 offset: 424206, length: 6856...
Debug|Reading resource 60...
Trace|Color bit encoding: 27
Trace|Reading image header...
Trace|Image header was read:
Trace|Width: 60, Height: 38, RowLength: 180
Trace|BPP: 24, PaletteColors: 0, Transaparency: False
Trace|The image doesn't use a palette.
Trace|Resource 61 offset: 431062, length: 6856...
Debug|Reading resource 61...
Trace|Color bit encoding: 27
Trace|Reading image header...
Trace|Image header was read:
Trace|Width: 60, Height: 38, RowLength: 180
Trace|BPP: 24, PaletteColors: 0, Transaparency: False
Trace|The image doesn't use a palette.
Trace|Resource 62 offset: 437918, length: 316...
Debug|Reading resource 62...
Trace|Color bit encoding: 27
Trace|Reading image header...
Trace|Image header was read:
Trace|Width: 10, Height: 10, RowLength: 30
Trace|BPP: 24, PaletteColors: 0, Transaparency: False
Trace|The image doesn't use a palette.
Trace|Resource 63 offset: 438234, length: 340...
Debug|Reading resource 63...
Trace|Color bit encoding: 27
Trace|Reading image header...
Trace|Image header was read:
Trace|Width: 9, Height: 12, RowLength: 27
Trace|BPP: 24, PaletteColors: 0, Transaparency: False
Trace|The image doesn't use a palette.
Trace|Resource 64 offset: 438574, length: 340...
Debug|Reading resource 64...
Trace|Color bit encoding: 27
Trace|Reading image header...
Trace|Image header was read:
Trace|Width: 9, Height: 12, RowLength: 27
Trace|BPP: 24, PaletteColors: 0, Transaparency: False
Trace|The image doesn't use a palette.
Trace|Resource 65 offset: 438914, length: 340...
Debug|Reading resource 65...
Trace|Color bit encoding: 27
Trace|Reading image header...
Trace|Image header was read:
Trace|Width: 9, Height: 12, RowLength: 27
Trace|BPP: 24, PaletteColors: 0, Transaparency: False
Trace|The image doesn't use a palette.
Trace|Resource 66 offset: 439254, length: 340...
Debug|Reading resource 66...
Trace|Color bit encoding: 27
Trace|Reading image header...
Trace|Image header was read:
Trace|Width: 9, Height: 12, RowLength: 27
Trace|BPP: 24, PaletteColors: 0, Transaparency: False
Trace|The image doesn't use a palette.
Trace|Resource 67 offset: 439594, length: 340...
Debug|Reading resource 67...
Trace|Color bit encoding: 27
Trace|Reading image header...
Trace|Image header was read:
Trace|Width: 9, Height: 12, RowLength: 27
Trace|BPP: 24, PaletteColors: 0, Transaparency: False
Trace|The image doesn't use a palette.
Trace|Resource 68 offset: 439934, length: 340...
Debug|Reading resource 68...
Trace|Color bit encoding: 27
Trace|Reading image header...
Trace|Image header was read:
Trace|Width: 9, Height: 12, RowLength: 27
Trace|BPP: 24, PaletteColors: 0, Transaparency: False
Trace|The image doesn't use a palette.
Trace|Resource 69 offset: 440274, length: 340...
Debug|Reading resource 69...
Trace|Color bit encoding: 27
Trace|Reading image header...
Trace|Image header was read:
Trace|Width: 9, Height: 12, RowLength: 27
Trace|BPP: 24, PaletteColors: 0, Transaparency: False
Trace|The image doesn't use a palette.
Trace|Resource 70 offset: 440614, length: 340...
Debug|Reading resource 70...
Trace|Color bit encoding: 27
Trace|Reading image header...
Trace|Image header was read:
Trace|Width: 9, Height: 12, RowLength: 27
Trace|BPP: 24, PaletteColors: 0, Transaparency: False
Trace|The image doesn't use a palette.
Trace|Resource 71 offset: 440954, length: 340...
Debug|Reading resource 71...
Trace|Color bit encoding: 27
Trace|Reading image header...
Trace|Image header was read:
Trace|Width: 9, Height: 12, RowLength: 27
Trace|BPP: 24, PaletteColors: 0, Transaparency: False
Trace|The image doesn't use a palette.
Trace|Resource 72 offset: 441294, length: 340...
Debug|Reading resource 72...
Trace|Color bit encoding: 27
Trace|Reading image header...
Trace|Image header was read:
Trace|Width: 9, Height: 12, RowLength: 27
Trace|BPP: 24, PaletteColors: 0, Transaparency: False
Trace|The image doesn't use a palette.
Trace|Resource 73 offset: 441634, length: 340...
Debug|Reading resource 73...
Trace|Color bit encoding: 27
Trace|Reading image header...
Trace|Image header was read:
Trace|Width: 9, Height: 12, RowLength: 27
Trace|BPP: 24, PaletteColors: 0, Transaparency: False
Trace|The image doesn't use a palette.
Trace|Resource 74 offset: 441974, length: 340...
Debug|Reading resource 74...
Trace|Color bit encoding: 27
Trace|Reading image header...
Trace|Image header was read:
Trace|Width: 9, Height: 12, RowLength: 27
Trace|BPP: 24, PaletteColors: 0, Transaparency: False
Trace|The image doesn't use a palette.
Trace|Resource 75 offset: 442314, length: 340...
Debug|Reading resource 75...
Trace|Color bit encoding: 27
Trace|Reading image header...
Trace|Image header was read:
Trace|Width: 9, Height: 12, RowLength: 27
Trace|BPP: 24, PaletteColors: 0, Transaparency: False
Trace|The image doesn't use a palette.
Trace|Resource 76 offset: 442654, length: 340...
Debug|Reading resource 76...
Trace|Color bit encoding: 27
Trace|Reading image header...
Trace|Image header was read:
Trace|Width: 9, Height: 12, RowLength: 27
Trace|BPP: 24, PaletteColors: 0, Transaparency: False
Trace|The image doesn't use a palette.
Trace|Resource 77 offset: 442994, length: 340...
Debug|Reading resource 77...
Trace|Color bit encoding: 27
Trace|Reading image header...
Trace|Image header was read:
Trace|Width: 9, Height: 12, RowLength: 27
Trace|BPP: 24, PaletteColors: 0, Transaparency: False
Trace|The image doesn't use a palette.
Trace|Resource 78 offset: 443334, length: 340...
Debug|Reading resource 78...
Trace|Color bit encoding: 27
Trace|Reading image header...
Trace|Image header was read:
Trace|Width: 9, Height: 12, RowLength: 27
Trace|BPP: 24, PaletteColors: 0, Transaparency: False
Trace|The image doesn't use a palette.
Trace|Resource 79 offset: 443674, length: 340...
Debug|Reading resource 79...
Trace|Color bit encoding: 27
Trace|Reading image header...
Trace|Image header was read:
Trace|Width: 9, Height: 12, RowLength: 27
Trace|BPP: 24, PaletteColors: 0, Transaparency: False
Trace|The image doesn't use a palette.
Trace|Resource 80 offset: 444014, length: 340...
Debug|Reading resource 80...
Trace|Color bit encoding: 27
Trace|Reading image header...
Trace|Image header was read:
Trace|Width: 9, Height: 12, RowLength: 27
Trace|BPP: 24, PaletteColors: 0, Transaparency: False
Trace|The image doesn't use a palette.
Trace|Resource 81 offset: 444354, length: 340...
Debug|Reading resource 81...
Trace|Color bit encoding: 27
Trace|Reading image header...
Trace|Image header was read:
Trace|Width: 9, Height: 12, RowLength: 27
Trace|BPP: 24, PaletteColors: 0, Transaparency: False
Trace|The image doesn't use a palette.
Trace|Resource 82 offset: 444694, length: 340...
Debug|Reading resource 82...
Trace|Color bit encoding: 27
Trace|Reading image header...
Trace|Image header was read:
Trace|Width: 9, Height: 12, RowLength: 27
Trace|BPP: 24, PaletteColors: 0, Transaparency: False
Trace|The image doesn't use a palette.
Trace|Resource 83 offset: 445034, length: 3088...
Debug|Reading resource 83...
Trace|Color bit encoding: 27
Trace|Reading image header...
Trace|Image header was read:
Trace|Width: 32, Height: 32, RowLength: 96
Trace|BPP: 24, PaletteColors: 0, Transaparency: False
Trace|The image doesn't use a palette.
Trace|Resource 84 offset: 448122, length: 3088...
Debug|Reading resource 84...
Trace|Color bit encoding: 27
Trace|Reading image header...
Trace|Image header was read:
Trace|Width: 32, Height: 32, RowLength: 96
Trace|BPP: 24, PaletteColors: 0, Transaparency: False
Trace|The image doesn't use a palette.
Trace|Resource 85 offset: 451210, length: 3088...
Debug|Reading resource 85...
Trace|Color bit encoding: 27
Trace|Reading image header...
Trace|Image header was read:
Trace|Width: 32, Height: 32, RowLength: 96
Trace|BPP: 24, PaletteColors: 0, Transaparency: False
Trace|The image doesn't use a palette.
Trace|Resource 86 offset: 454298, length: 3088...
Debug|Reading resource 86...
Trace|Color bit encoding: 27
Trace|Reading image header...
Trace|Image header was read:
Trace|Width: 32, Height: 32, RowLength: 96
Trace|BPP: 24, PaletteColors: 0, Transaparency: False
Trace|The image doesn't use a palette.
Trace|Resource 87 offset: 457386, length: 3088...
Debug|Reading resource 87...
Trace|Color bit encoding: 27
Trace|Reading image header...
Trace|Image header was read:
Trace|Width: 32, Height: 32, RowLength: 96
Trace|BPP: 24, PaletteColors: 0, Transaparency: False
Trace|The image doesn't use a palette.
Trace|Resource 88 offset: 460474, length: 3088...
Debug|Reading resource 88...
Trace|Color bit encoding: 27
Trace|Reading image header...
Trace|Image header was read:
Trace|Width: 32, Height: 32, RowLength: 96
Trace|BPP: 24, PaletteColors: 0, Transaparency: False
Trace|The image doesn't use a palette.
Trace|Resource 89 offset: 463562, length: 3088...
Debug|Reading resource 89...
Trace|Color bit encoding: 27
Trace|Reading image header...
Trace|Image header was read:
Trace|Width: 32, Height: 32, RowLength: 96
Trace|BPP: 24, PaletteColors: 0, Transaparency: False
Trace|The image doesn't use a palette.
Trace|Resource 90 offset: 466650, length: 3088...
Debug|Reading resource 90...
Trace|Color bit encoding: 27
Trace|Reading image header...
Trace|Image header was read:
Trace|Width: 32, Height: 32, RowLength: 96
Trace|BPP: 24, PaletteColors: 0, Transaparency: False
Trace|The image doesn't use a palette.
Trace|Resource 91 offset: 469738, length: 3088...
Debug|Reading resource 91...
Trace|Color bit encoding: 27
Trace|Reading image header...
Trace|Image header was read:
Trace|Width: 32, Height: 32, RowLength: 96
Trace|BPP: 24, PaletteColors: 0, Transaparency: False
Trace|The image doesn't use a palette.
Trace|Resource 92 offset: 472826, length: 3088...
Debug|Reading resource 92...
Trace|Color bit encoding: 27
Trace|Reading image header...
Trace|Image header was read:
Trace|Width: 32, Height: 32, RowLength: 96
Trace|BPP: 24, PaletteColors: 0, Transaparency: False
Trace|The image doesn't use a palette.
Trace|Resource 93 offset: 475914, length: 3088...
Debug|Reading resource 93...
Trace|Color bit encoding: 27
Trace|Reading image header...
Trace|Image header was read:
Trace|Width: 32, Height: 32, RowLength: 96
Trace|BPP: 24, PaletteColors: 0, Transaparency: False
Trace|The image doesn't use a palette.
Trace|Resource 94 offset: 479002, length: 3088...
Debug|Reading resource 94...
Trace|Color bit encoding: 27
Trace|Reading image header...
Trace|Image header was read:
Trace|Width: 32, Height: 32, RowLength: 96
Trace|BPP: 24, PaletteColors: 0, Transaparency: False
Trace|The image doesn't use a palette.
Trace|Resource 95 offset: 482090, length: 3088...
Debug|Reading resource 95...
Trace|Color bit encoding: 27
Trace|Reading image header...
Trace|Image header was read:
Trace|Width: 32, Height: 32, RowLength: 96
Trace|BPP: 24, PaletteColors: 0, Transaparency: False
Trace|The image doesn't use a palette.
Trace|Resource 96 offset: 485178, length: 3088...
Debug|Reading resource 96...
Trace|Color bit encoding: 27
Trace|Reading image header...
Trace|Image header was read:
Trace|Width: 32, Height: 32, RowLength: 96
Trace|BPP: 24, PaletteColors: 0, Transaparency: False
Trace|The image doesn't use a palette.
Trace|Resource 97 offset: 488266, length: 3088...
Debug|Reading resource 97...
Trace|Color bit encoding: 27
Trace|Reading image header...
Trace|Image header was read:
Trace|Width: 32, Height: 32, RowLength: 96
Trace|BPP: 24, PaletteColors: 0, Transaparency: False
Trace|The image doesn't use a palette.
Trace|Resource 98 offset: 491354, length: 3088...
Debug|Reading resource 98...
Trace|Color bit encoding: 27
Trace|Reading image header...
Trace|Image header was read:
Trace|Width: 32, Height: 32, RowLength: 96
Trace|BPP: 24, PaletteColors: 0, Transaparency: False
Trace|The image doesn't use a palette.
Trace|Resource 99 offset: 494442, length: 3088...
Debug|Reading resource 99...
Trace|Color bit encoding: 27
Trace|Reading image header...
Trace|Image header was read:
Trace|Width: 32, Height: 32, RowLength: 96
Trace|BPP: 24, PaletteColors: 0, Transaparency: False
Trace|The image doesn't use a palette.
Trace|Resource 100 offset: 497530, length: 3088...
Debug|Reading resource 100...
Trace|Color bit encoding: 27
Trace|Reading image header...
Trace|Image header was read:
Trace|Width: 32, Height: 32, RowLength: 96
Trace|BPP: 24, PaletteColors: 0, Transaparency: False
Trace|The image doesn't use a palette.
Trace|Resource 101 offset: 500618, length: 3088...
Debug|Reading resource 101...
Trace|Color bit encoding: 27
Trace|Reading image header...
Trace|Image header was read:
Trace|Width: 32, Height: 32, RowLength: 96
Trace|BPP: 24, PaletteColors: 0, Transaparency: False
Trace|The image doesn't use a palette.
Trace|Resource 102 offset: 503706, length: 3088...
Debug|Reading resource 102...
Trace|Color bit encoding: 27
Trace|Reading image header...
Trace|Image header was read:
Trace|Width: 32, Height: 32, RowLength: 96
Trace|BPP: 24, PaletteColors: 0, Transaparency: False
Trace|The image doesn't use a palette.
Trace|Resource 103 offset: 506794, length: 3088...
Debug|Reading resource 103...
Trace|Color bit encoding: 27
Trace|Reading image header...
Trace|Image header was read:
Trace|Width: 32, Height: 32, RowLength: 96
Trace|BPP: 24, PaletteColors: 0, Transaparency: False
Trace|The image doesn't use a palette.
Trace|Resource 104 offset: 509882, length: 3088...
Debug|Reading resource 104...
Trace|Color bit encoding: 27
Trace|Reading image header...
Trace|Image header was read:
Trace|Width: 32, Height: 32, RowLength: 96
Trace|BPP: 24, PaletteColors: 0, Transaparency: False
Trace|The image doesn't use a palette.
Trace|Resource 105 offset: 512970, length: 3088...
Debug|Reading resource 105...
Trace|Color bit encoding: 27
Trace|Reading image header...
Trace|Image header was read:
Trace|Width: 32, Height: 32, RowLength: 96
Trace|BPP: 24, PaletteColors: 0, Transaparency: False
Trace|The image doesn't use a palette.
Trace|Resource 106 offset: 516058, length: 3088...
Debug|Reading resource 106...
Trace|Color bit encoding: 27
Trace|Reading image header...
Trace|Image header was read:
Trace|Width: 32, Height: 32, RowLength: 96
Trace|BPP: 24, PaletteColors: 0, Transaparency: False
Trace|The image doesn't use a palette.
Trace|Resource 107 offset: 519146, length: 3088...
Debug|Reading resource 107...
Trace|Color bit encoding: 27
Trace|Reading image header...
Trace|Image header was read:
Trace|Width: 32, Height: 32, RowLength: 96
Trace|BPP: 24, PaletteColors: 0, Transaparency: False
Trace|The image doesn't use a palette.
Trace|Resource 108 offset: 522234, length: 3088...
Debug|Reading resource 108...
Trace|Color bit encoding: 27
Trace|Reading image header...
Trace|Image header was read:
Trace|Width: 32, Height: 32, RowLength: 96
Trace|BPP: 24, PaletteColors: 0, Transaparency: False
Trace|The image doesn't use a palette.
Trace|Resource 109 offset: 525322, length: 205...
Debug|Reading resource 109...
Trace|Color bit encoding: 27
Trace|Reading image header...
Trace|Image header was read:
Trace|Width: 7, Height: 9, RowLength: 21
Trace|BPP: 24, PaletteColors: 0, Transaparency: False
Trace|The image doesn't use a palette.
Trace|Resource 110 offset: 525527, length: 205...
Debug|Reading resource 110...
Trace|Color bit encoding: 27
Trace|Reading image header...
Trace|Image header was read:
Trace|Width: 7, Height: 9, RowLength: 21
Trace|BPP: 24, PaletteColors: 0, Transaparency: False
Trace|The image doesn't use a palette.
Trace|Resource 111 offset: 525732, length: 205...
Debug|Reading resource 111...
Trace|Color bit encoding: 27
Trace|Reading image header...
Trace|Image header was read:
Trace|Width: 7, Height: 9, RowLength: 21
Trace|BPP: 24, PaletteColors: 0, Transaparency: False
Trace|The image doesn't use a palette.
Trace|Resource 112 offset: 525937, length: 205...
Debug|Reading resource 112...
Trace|Color bit encoding: 27
Trace|Reading image header...
Trace|Image header was read:
Trace|Width: 7, Height: 9, RowLength: 21
Trace|BPP: 24, PaletteColors: 0, Transaparency: False
Trace|The image doesn't use a palette.
Trace|Resource 113 offset: 526142, length: 205...
Debug|Reading resource 113...
Trace|Color bit encoding: 27
Trace|Reading image header...
Trace|Image header was read:
Trace|Width: 7, Height: 9, RowLength: 21
Trace|BPP: 24, PaletteColors: 0, Transaparency: False
Trace|The image doesn't use a palette.
Trace|Resource 114 offset: 526347, length: 205...
Debug|Reading resource 114...
Trace|Color bit encoding: 27
Trace|Reading image header...
Trace|Image header was read:
Trace|Width: 7, Height: 9, RowLength: 21
Trace|BPP: 24, PaletteColors: 0, Transaparency: False
Trace|The image doesn't use a palette.
Trace|Resource 115 offset: 526552, length: 205...
Debug|Reading resource 115...
Trace|Color bit encoding: 27
Trace|Reading image header...
Trace|Image header was read:
Trace|Width: 7, Height: 9, RowLength: 21
Trace|BPP: 24, PaletteColors: 0, Transaparency: False
Trace|The image doesn't use a palette.
Trace|Resource 116 offset: 526757, length: 205...
Debug|Reading resource 116...
Trace|Color bit encoding: 27
Trace|Reading image header...
Trace|Image header was read:
Trace|Width: 7, Height: 9, RowLength: 21
Trace|BPP: 24, PaletteColors: 0, Transaparency: False
Trace|The image doesn't use a palette.
Trace|Resource 117 offset: 526962, length: 205...
Debug|Reading resource 117...
Trace|Color bit encoding: 27
Trace|Reading image header...
Trace|Image header was read:
Trace|Width: 7, Height: 9, RowLength: 21
Trace|BPP: 24, PaletteColors: 0, Transaparency: False
Trace|The image doesn't use a palette.
Trace|Resource 118 offset: 527167, length: 205...
Debug|Reading resource 118...
Trace|Color bit encoding: 27
Trace|Reading image header...
Trace|Image header was read:
Trace|Width: 7, Height: 9, RowLength: 21
Trace|BPP: 24, PaletteColors: 0, Transaparency: False
Trace|The image doesn't use a palette.
Trace|Resource 119 offset: 527372, length: 97...
Debug|Reading resource 119...
Trace|Color bit encoding: 27
Trace|Reading image header...
Trace|Image header was read:
Trace|Width: 3, Height: 9, RowLength: 9
Trace|BPP: 24, PaletteColors: 0, Transaparency: False
Trace|The image doesn't use a palette.
Trace|Resource 120 offset: 527469, length: 205...
Debug|Reading resource 120...
Trace|Color bit encoding: 27
Trace|Reading image header...
Trace|Image header was read:
Trace|Width: 7, Height: 9, RowLength: 21
Trace|BPP: 24, PaletteColors: 0, Transaparency: False
Trace|The image doesn't use a palette.
Trace|Resource 121 offset: 527674, length: 205...
Debug|Reading resource 121...
Trace|Color bit encoding: 27
Trace|Reading image header...
Trace|Image header was read:
Trace|Width: 7, Height: 9, RowLength: 21
Trace|BPP: 24, PaletteColors: 0, Transaparency: False
Trace|The image doesn't use a palette.
Trace|Resource 122 offset: 527879, length: 205...
Debug|Reading resource 122...
Trace|Color bit encoding: 27
Trace|Reading image header...
Trace|Image header was read:
Trace|Width: 7, Height: 9, RowLength: 21
Trace|BPP: 24, PaletteColors: 0, Transaparency: False
Trace|The image doesn't use a palette.
Trace|Resource 123 offset: 528084, length: 205...
Debug|Reading resource 123...
Trace|Color bit encoding: 27
Trace|Reading image header...
Trace|Image header was read:
Trace|Width: 7, Height: 9, RowLength: 21
Trace|BPP: 24, PaletteColors: 0, Transaparency: False
Trace|The image doesn't use a palette.
Trace|Resource 124 offset: 528289, length: 205...
Debug|Reading resource 124...
Trace|Color bit encoding: 27
Trace|Reading image header...
Trace|Image header was read:
Trace|Width: 7, Height: 9, RowLength: 21
Trace|BPP: 24, PaletteColors: 0, Transaparency: False
Trace|The image doesn't use a palette.
Trace|Resource 125 offset: 528494, length: 205...
Debug|Reading resource 125...
Trace|Color bit encoding: 27
Trace|Reading image header...
Trace|Image header was read:
Trace|Width: 7, Height: 9, RowLength: 21
Trace|BPP: 24, PaletteColors: 0, Transaparency: False
Trace|The image doesn't use a palette.
Trace|Resource 126 offset: 528699, length: 205...
Debug|Reading resource 126...
Trace|Color bit encoding: 27
Trace|Reading image header...
Trace|Image header was read:
Trace|Width: 7, Height: 9, RowLength: 21
Trace|BPP: 24, PaletteColors: 0, Transaparency: False
Trace|The image doesn't use a palette.
Trace|Resource 127 offset: 528904, length: 205...
Debug|Reading resource 127...
Trace|Color bit encoding: 27
Trace|Reading image header...
Trace|Image header was read:
Trace|Width: 7, Height: 9, RowLength: 21
Trace|BPP: 24, PaletteColors: 0, Transaparency: False
Trace|The image doesn't use a palette.
Trace|Resource 128 offset: 529109, length: 205...
Debug|Reading resource 128...
Trace|Color bit encoding: 27
Trace|Reading image header...
Trace|Image header was read:
Trace|Width: 7, Height: 9, RowLength: 21
Trace|BPP: 24, PaletteColors: 0, Transaparency: False
Trace|The image doesn't use a palette.
Trace|Resource 129 offset: 529314, length: 205...
Debug|Reading resource 129...
Trace|Color bit encoding: 27
Trace|Reading image header...
Trace|Image header was read:
Trace|Width: 7, Height: 9, RowLength: 21
Trace|BPP: 24, PaletteColors: 0, Transaparency: False
Trace|The image doesn't use a palette.
Trace|Resource 130 offset: 529519, length: 97...
Debug|Reading resource 130...
Trace|Color bit encoding: 27
Trace|Reading image header...
Trace|Image header was read:
Trace|Width: 3, Height: 9, RowLength: 9
Trace|BPP: 24, PaletteColors: 0, Transaparency: False
Trace|The image doesn't use a palette.
Trace|Resource 131 offset: 529616, length: 19...
Debug|Reading resource 131...
Trace|Color bit encoding: 27
Trace|Reading image header...
Trace|Image header was read:
Trace|Width: 1, Height: 1, RowLength: 3
Trace|BPP: 24, PaletteColors: 0, Transaparency: False
Trace|The image doesn't use a palette.
Trace|Resource 132 offset: 529635, length: 415...
Debug|Reading resource 132...
Trace|Color bit encoding: 27
Trace|Reading image header...
Trace|Image header was read:
Trace|Width: 7, Height: 19, RowLength: 21
Trace|BPP: 24, PaletteColors: 0, Transaparency: False
Trace|The image doesn't use a palette.
Trace|Resource 133 offset: 530050, length: 928...
Debug|Reading resource 133...
Trace|Color bit encoding: 27
Trace|Reading image header...
Trace|Image header was read:
Trace|Width: 16, Height: 19, RowLength: 48
Trace|BPP: 24, PaletteColors: 0, Transaparency: False
Trace|The image doesn't use a palette.
Trace|Resource 134 offset: 530978, length: 928...
Debug|Reading resource 134...
Trace|Color bit encoding: 27
Trace|Reading image header...
Trace|Image header was read:
Trace|Width: 16, Height: 19, RowLength: 48
Trace|BPP: 24, PaletteColors: 0, Transaparency: False
Trace|The image doesn't use a palette.
Trace|Resource 135 offset: 531906, length: 928...
Debug|Reading resource 135...
Trace|Color bit encoding: 27
Trace|Reading image header...
Trace|Image header was read:
Trace|Width: 16, Height: 19, RowLength: 48
Trace|BPP: 24, PaletteColors: 0, Transaparency: False
Trace|The image doesn't use a palette.
Trace|Resource 136 offset: 532834, length: 928...
Debug|Reading resource 136...
Trace|Color bit encoding: 27
Trace|Reading image header...
Trace|Image header was read:
Trace|Width: 16, Height: 19, RowLength: 48
Trace|BPP: 24, PaletteColors: 0, Transaparency: False
Trace|The image doesn't use a palette.
Trace|Resource 137 offset: 533762, length: 928...
Debug|Reading resource 137...
Trace|Color bit encoding: 27
Trace|Reading image header...
Trace|Image header was read:
Trace|Width: 16, Height: 19, RowLength: 48
Trace|BPP: 24, PaletteColors: 0, Transaparency: False
Trace|The image doesn't use a palette.
Trace|Resource 138 offset: 534690, length: 928...
Debug|Reading resource 138...
Trace|Color bit encoding: 27
Trace|Reading image header...
Trace|Image header was read:
Trace|Width: 16, Height: 19, RowLength: 48
Trace|BPP: 24, PaletteColors: 0, Transaparency: False
Trace|The image doesn't use a palette.
Trace|Resource 139 offset: 535618, length: 928...
Debug|Reading resource 139...
Trace|Color bit encoding: 27
Trace|Reading image header...
Trace|Image header was read:
Trace|Width: 16, Height: 19, RowLength: 48
Trace|BPP: 24, PaletteColors: 0, Transaparency: False
Trace|The image doesn't use a palette.
Trace|Resource 140 offset: 536546, length: 928...
Debug|Reading resource 140...
Trace|Color bit encoding: 27
Trace|Reading image header...
Trace|Image header was read:
Trace|Width: 16, Height: 19, RowLength: 48
Trace|BPP: 24, PaletteColors: 0, Transaparency: False
Trace|The image doesn't use a palette.
Trace|Resource 141 offset: 537474, length: 928...
Debug|Reading resource 141...
Trace|Color bit encoding: 27
Trace|Reading image header...
Trace|Image header was read:
Trace|Width: 16, Height: 19, RowLength: 48
Trace|BPP: 24, PaletteColors: 0, Transaparency: False
Trace|The image doesn't use a palette.
Trace|Resource 142 offset: 538402, length: 928...
Debug|Reading resource 142...
Trace|Color bit encoding: 27
Trace|Reading image header...
Trace|Image header was read:
Trace|Width: 16, Height: 19, RowLength: 48
Trace|BPP: 24, PaletteColors: 0, Transaparency: False
Trace|The image doesn't use a palette.
Trace|Resource 143 offset: 539330, length: 37816...
Debug|Reading resource 143...
Trace|Color bit encoding: 8
Trace|Reading image header...
Trace|Image header was read:
Trace|Width: 90, Height: 210, RowLength: 180
Trace|BPP: 16, PaletteColors: 0, Transaparency: False
Trace|The image doesn't use a palette.
Trace|Resource 144 offset: 577146, length: 520...
Debug|Reading resource 144...
Trace|Color bit encoding: 27
Trace|Reading image header...
Trace|Image header was read:
Trace|Width: 14, Height: 12, RowLength: 42
Trace|BPP: 24, PaletteColors: 0, Transaparency: False
Trace|The image doesn't use a palette.
Trace|Resource 145 offset: 577666, length: 160...
Debug|Reading resource 145...
Trace|Color bit encoding: 27
Trace|Reading image header...
Trace|Image header was read:
Trace|Width: 4, Height: 12, RowLength: 12
Trace|BPP: 24, PaletteColors: 0, Transaparency: False
Trace|The image doesn't use a palette.
Trace|Resource 146 offset: 577826, length: 52...
Debug|Reading resource 146...
Trace|Color bit encoding: 27
Trace|Reading image header...
Trace|Image header was read:
Trace|Width: 1, Height: 12, RowLength: 3
Trace|BPP: 24, PaletteColors: 0, Transaparency: False
Trace|The image doesn't use a palette.
Debug|Parsing parameters...
Trace|2 'Background'
Trace|2.1 'Image'
Trace|2.1.1 'X': 0
Trace|2.1.2 'Y': 0
Trace|2.1.3 'ImageIndex': 0
Trace|2.3 'Preview1'
Trace|2.3.1 'X': 18
Trace|2.3.2 'Y': 17
Trace|2.3.3 'ImageIndex': 143
Trace|2.4 'Preview2'
Trace|2.4.1 'X': 18
Trace|2.4.2 'Y': 17
Trace|2.4.3 'ImageIndex': 143
Trace|2.5 'Preview3'
Trace|2.5.1 'X': 18
Trace|2.5.2 'Y': 17
Trace|2.5.3 'ImageIndex': 143
Trace|3 'Time'
Trace|3.1 'Hours'
Trace|3.1.1 'Tens'
Trace|3.1.1.1 'X': 37
Trace|3.1.1.2 'Y': 87
Trace|3.1.1.3 'ImageIndex': 32
Trace|3.1.1.4 'ImagesCount': 3
Trace|3.1.2 'Ones'
Trace|3.1.2.1 'X': 49
Trace|3.1.2.2 'Y': 87
Trace|3.1.2.3 'ImageIndex': 32
Trace|3.1.2.4 'ImagesCount': 10
Trace|3.2 'Minutes'
Trace|3.2.1 'Tens'
Trace|3.2.1.1 'X': 65
Trace|3.2.1.2 'Y': 87
Trace|3.2.1.3 'ImageIndex': 32
Trace|3.2.1.4 'ImagesCount': 6
Trace|3.2.2 'Ones'
Trace|3.2.2.1 'X': 76
Trace|3.2.2.2 'Y': 87
Trace|3.2.2.3 'ImageIndex': 32
Trace|3.2.2.4 'ImagesCount': 10
Trace|3.11 'UnknownV11': 0
Trace|4 'Activity'
Trace|4.1 'Steps'
Trace|4.1.1 'Number'
Trace|4.1.1.1 'TopLeftX': 1
Trace|4.1.1.2 'TopLeftY': 274
Trace|4.1.1.3 'BottomRightX': 0
Trace|4.1.1.4 'BottomRightY': 0
Trace|4.1.1.5 'Alignment': 2
Trace|4.1.1.6 'SpacingX': 1
Trace|4.1.1.7 'SpacingY': 0
Trace|4.1.1.8 'ImageIndex': 63
Trace|4.1.1.9 'ImagesCount': 10
Trace|4.5 'Distance'
Trace|4.5.1 'Number'
Trace|4.5.1.1 'TopLeftX': 0
Trace|4.5.1.2 'TopLeftY': 274
Trace|4.5.1.3 'BottomRightX': 125
Trace|4.5.1.4 'BottomRightY': 0
Trace|4.5.1.5 'Alignment': 4
Trace|4.5.1.6 'SpacingX': 1
Trace|4.5.1.7 'SpacingY': 0
Trace|4.5.1.8 'ImageIndex': 73
Trace|4.5.1.9 'ImagesCount': 10
Trace|4.5.2 'KmSuffixImageIndex': 146
Trace|4.5.3 'DecimalPointImageIndex': 145
Trace|4.5.4 'MilesSuffixImageIndex': 146
Trace|4.7 'UnknownV7': 0
Trace|5 'Date'
Trace|5.1 'MonthAndDayAndYear'
Trace|5.1.1 'Separate'
Trace|5.1.1.4 'Day'
Trace|5.1.1.4.1 'TopLeftX': 47
Trace|5.1.1.4.2 'TopLeftY': 190
Trace|5.1.1.4.3 'BottomRightX': 0
Trace|5.1.1.4.4 'BottomRightY': 0
Trace|5.1.1.4.5 'Alignment': 4
Trace|5.1.1.4.6 'SpacingX': 0
Trace|5.1.1.4.7 'SpacingY': 0
Trace|5.1.1.4.8 'ImageIndex': 133
Trace|5.1.1.4.9 'ImagesCount': 10
Trace|5.1.4 'TwoDigitsMonth': 0
Trace|5.1.5 'TwoDigitsDay': 1
Trace|5.4 'ENWeekDays'
Trace|5.4.1 'X': 76
Trace|5.4.2 'Y': 11
Trace|5.4.3 'ImageIndex': 25
Trace|5.4.4 'ImagesCount': 7
Trace|5.5 'CNWeekDays'
Trace|5.5.1 'X': 76
Trace|5.5.2 'Y': 11
Trace|5.5.3 'ImageIndex': 11
Trace|5.5.4 'ImagesCount': 7
Trace|5.6 'CN2WeekDays'
Trace|5.6.1 'X': 76
Trace|5.6.2 'Y': 11
Trace|5.6.3 'ImageIndex': 18
Trace|5.6.4 'ImagesCount': 7
Trace|6 'Weather'
Trace|6.1 'Icon'
Trace|6.1.2 'CustomIcon'
Trace|6.1.2.1 'X': 17
Trace|6.1.2.2 'Y': 132
Trace|6.1.2.3 'ImageIndex': 83
Trace|6.1.2.4 'ImagesCount': 26
Trace|6.1.3 'Unknown3'
Trace|6.1.3.1 'X': 17
Trace|6.1.3.2 'Y': 132
Trace|6.1.4 'Unknown4'
Trace|6.1.4.1 'X': 17
Trace|6.1.4.2 'Y': 132
Trace|6.2 'Temperature'
Trace|6.2.1 'Current'
Trace|6.2.1.1 'Number'
Trace|6.2.1.1.1 'TopLeftX': 72
Trace|6.2.1.1.2 'TopLeftY': 136
Trace|6.2.1.1.3 'BottomRightX': 114
Trace|6.2.1.1.4 'BottomRightY': 0
Trace|6.2.1.1.5 'Alignment': 72
Trace|6.2.1.1.6 'SpacingX': 0
Trace|6.2.1.1.7 'SpacingY': 0
Trace|6.2.1.1.8 'ImageIndex': 133
Trace|6.2.1.1.9 'ImagesCount': 10
Trace|6.2.1.2 'MinusImageIndex': 132
Trace|6.2.2 'Today'
Trace|6.2.2.1 'Separate'
Trace|6.2.2.1.1 'Day'
Trace|6.2.2.1.1.1 'Number'
Trace|6.2.2.1.1.1.1 'TopLeftX': 0
Trace|6.2.2.1.1.1.2 'TopLeftY': 160
Trace|6.2.2.1.1.1.3 'BottomRightX': 112
Trace|6.2.2.1.1.1.4 'BottomRightY': 0
Trace|6.2.2.1.1.1.5 'Alignment': 20
Trace|6.2.2.1.1.1.6 'SpacingX': 1
Trace|6.2.2.1.1.1.7 'SpacingY': 0
Trace|6.2.2.1.1.1.8 'ImageIndex': 109
Trace|6.2.2.1.1.1.9 'ImagesCount': 10
Trace|6.2.2.1.1.2 'MinusImageIndex': 119
Trace|6.2.2.1.1.3 'DegreesImageIndex': 131
Trace|6.2.2.1.2 'Night'
Trace|6.2.2.1.2.1 'Number'
Trace|6.2.2.1.2.1.1 'TopLeftX': 74
Trace|6.2.2.1.2.1.2 'TopLeftY': 160
Trace|6.2.2.1.2.1.3 'BottomRightX': 0
Trace|6.2.2.1.2.1.4 'BottomRightY': 0
Trace|6.2.2.1.2.1.5 'Alignment': 18
Trace|6.2.2.1.2.1.6 'SpacingX': 1
Trace|6.2.2.1.2.1.7 'SpacingY': 0
Trace|6.2.2.1.2.1.8 'ImageIndex': 120
Trace|6.2.2.1.2.1.9 'ImagesCount': 10
Trace|6.2.2.1.2.2 'MinusImageIndex': 130
Trace|6.2.2.1.2.3 'DegreesImageIndex': 131
Trace|7 'StepsProgress'
Trace|7.3 'Linear'
Trace|7.3.1 'StartImageIndex': 52
Trace|7.3.2 'Segments'
Trace|7.3.2.1 'X': 0
Trace|7.3.2.2 'Y': 231
Trace|7.3.2 'Segments'
Trace|7.3.2.1 'X': 0
Trace|7.3.2.2 'Y': 231
Trace|7.3.2 'Segments'
Trace|7.3.2.1 'X': 0
Trace|7.3.2.2 'Y': 231
Trace|7.3.2 'Segments'
Trace|7.3.2.1 'X': 0
Trace|7.3.2.2 'Y': 231
Trace|7.3.2 'Segments'
Trace|7.3.2.1 'X': 0
Trace|7.3.2.2 'Y': 231
Trace|7.3.2 'Segments'
Trace|7.3.2.1 'X': 0
Trace|7.3.2.2 'Y': 231
Trace|7.3.2 'Segments'
Trace|7.3.2.1 'X': 0
Trace|7.3.2.2 'Y': 231
Trace|7.3.2 'Segments'
Trace|7.3.2.1 'X': 0
Trace|7.3.2.2 'Y': 231
Trace|7.3.2 'Segments'
Trace|7.3.2.1 'X': 0
Trace|7.3.2.2 'Y': 231
Trace|7.3.2 'Segments'
Trace|7.3.2.1 'X': 0
Trace|7.3.2.2 'Y': 231
Trace|8 'Status'
Trace|8.1 'DoNotDisturb'
Trace|8.1.1 'Coordinates'
Trace|8.1.1.1 'X': 48
Trace|8.1.1.2 'Y': 4
Trace|8.1.2 'ImageIndexOn': 2
Trace|8.2 'Lock'
Trace|8.2.1 'Coordinates'
Trace|8.2.1.1 'X': 59
Trace|8.2.1.2 'Y': 4
Trace|8.2.3 'ImageIndexOff': 1
Trace|8.3 'Bluetooth'
Trace|8.3.1 'Coordinates'
Trace|8.3.1.1 'X': 70
Trace|8.3.1.2 'Y': 4
Trace|8.3.3 'ImageIndexOff': 3
Trace|9 'Battery'
Trace|9.1 'BatteryText'
Trace|9.1.1 'Coordinates'
Trace|9.1.1.1 'TopLeftX': 1
Trace|9.1.1.2 'TopLeftY': 13
Trace|9.1.1.3 'BottomRightX': 0
Trace|9.1.1.4 'BottomRightY': 0
Trace|9.1.1.5 'Alignment': 2
Trace|9.1.1.6 'SpacingX': 1
Trace|9.1.1.7 'SpacingY': 0
Trace|9.1.1.8 'ImageIndex': 73
Trace|9.1.1.9 'ImagesCount': 10
Trace|9.1.4 'SuffixImageIndex': 144
Trace|9.2 'BatteryIcon'
Trace|9.2.1 'X': 0
Trace|9.2.2 'Y': 16
Trace|9.2.3 'ImageIndex': 42
Trace|9.2.4 'ImagesCount': 10
Trace|10 'AnalogDialFace'
Trace|10.1 'Hours'
Trace|10.1.1 'OnlyBorder': 0
Trace|10.1.2 'Color': 16777215
Trace|10.1.3 'Center'
Trace|10.1.3.1 'X': 63
Trace|10.1.3.2 'Y': 148
Trace|10.1.4 'Shape'
Trace|10.1.4.1 'X': 2
Trace|10.1.4.2 'Y': -2
Trace|10.1.4 'Shape'
Trace|10.1.4.1 'X': 38
Trace|10.1.4.2 'Y': -2
Trace|10.1.4 'Shape'
Trace|10.1.4.1 'X': 40
Trace|10.1.4.2 'Y': 0
Trace|10.1.4 'Shape'
Trace|10.1.4.1 'X': 38
Trace|10.1.4.2 'Y': 3
Trace|10.1.4 'Shape'
Trace|10.1.4.1 'X': 2
Trace|10.1.4.2 'Y': 3
Trace|10.2 'Minutes'
Trace|10.2.1 'OnlyBorder': 0
Trace|10.2.2 'Color': 16777215
Trace|10.2.3 'Center'
Trace|10.2.3.1 'X': 63
Trace|10.2.3.2 'Y': 148
Trace|10.2.4 'Shape'
Trace|10.2.4.1 'X': 2
Trace|10.2.4.2 'Y': -2
Trace|10.2.4 'Shape'
Trace|10.2.4.1 'X': 62
Trace|10.2.4.2 'Y': -2
Trace|10.2.4 'Shape'
Trace|10.2.4.1 'X': 64
Trace|10.2.4.2 'Y': 0
Trace|10.2.4 'Shape'
Trace|10.2.4.1 'X': 62
Trace|10.2.4.2 'Y': 3
Trace|10.2.4 'Shape'
Trace|10.2.4.1 'X': 2
Trace|10.2.4.2 'Y': 3
Trace|10.2.5 'CenterImage'
Trace|10.2.5.1 'X': 58
Trace|10.2.5.2 'Y': 143
Trace|10.2.5.3 'ImageIndex': 62
Trace|14 'WeekDaysIcons'
Trace|14.1 'Monday'
Trace|14.1.1 'X': 66
Trace|14.1.2 'Y': 30
Trace|14.1.3 'ImageIndex': 4
Trace|14.2 'Tuesday'
Trace|14.2.1 'X': 66
Trace|14.2.2 'Y': 30
Trace|14.2.3 'ImageIndex': 5
Trace|14.3 'Wednesday'
Trace|14.3.1 'X': 66
Trace|14.3.2 'Y': 30
Trace|14.3.3 'ImageIndex': 6
Trace|14.4 'Thursday'
Trace|14.4.1 'X': 66
Trace|14.4.2 'Y': 30
Trace|14.4.3 'ImageIndex': 7
Trace|14.5 'Friday'
Trace|14.5.1 'X': 66
Trace|14.5.2 'Y': 30
Trace|14.5.3 'ImageIndex': 8
Trace|14.6 'Saturday'
Trace|14.6.1 'X': 66
Trace|14.6.2 'Y': 30
Trace|14.6.3 'ImageIndex': 9
Trace|14.7 'Sunday'
Trace|14.7.1 'X': 66
Trace|14.7.2 'Y': 30
Trace|14.7.3 'ImageIndex': 10
Debug|Generating previews...
Debug|Exporting resources to 'infograph_no.23_packed-97515-38b4a2ef2e'
Debug|Extracting infograph_no.23_packed-97515-38b4a2ef2e\0000.png...
Debug|Extracting infograph_no.23_packed-97515-38b4a2ef2e\0001.png...
Debug|Extracting infograph_no.23_packed-97515-38b4a2ef2e\0002.png...
Debug|Extracting infograph_no.23_packed-97515-38b4a2ef2e\0003.png...
Debug|Extracting infograph_no.23_packed-97515-38b4a2ef2e\0004.png...
Debug|Extracting infograph_no.23_packed-97515-38b4a2ef2e\0005.png...
Debug|Extracting infograph_no.23_packed-97515-38b4a2ef2e\0006.png...
Debug|Extracting infograph_no.23_packed-97515-38b4a2ef2e\0007.png...
Debug|Extracting infograph_no.23_packed-97515-38b4a2ef2e\0008.png...
Debug|Extracting infograph_no.23_packed-97515-38b4a2ef2e\0009.png...
Debug|Extracting infograph_no.23_packed-97515-38b4a2ef2e\0010.png...
Debug|Extracting infograph_no.23_packed-97515-38b4a2ef2e\0011.png...
Debug|Extracting infograph_no.23_packed-97515-38b4a2ef2e\0012.png...
Debug|Extracting infograph_no.23_packed-97515-38b4a2ef2e\0013.png...
Debug|Extracting infograph_no.23_packed-97515-38b4a2ef2e\0014.png...
Debug|Extracting infograph_no.23_packed-97515-38b4a2ef2e\0015.png...
Debug|Extracting infograph_no.23_packed-97515-38b4a2ef2e\0016.png...
Debug|Extracting infograph_no.23_packed-97515-38b4a2ef2e\0017.png...
Debug|Extracting infograph_no.23_packed-97515-38b4a2ef2e\0018.png...
Debug|Extracting infograph_no.23_packed-97515-38b4a2ef2e\0019.png...
Debug|Extracting infograph_no.23_packed-97515-38b4a2ef2e\0020.png...
Debug|Extracting infograph_no.23_packed-97515-38b4a2ef2e\0021.png...
Debug|Extracting infograph_no.23_packed-97515-38b4a2ef2e\0022.png...
Debug|Extracting infograph_no.23_packed-97515-38b4a2ef2e\0023.png...
Debug|Extracting infograph_no.23_packed-97515-38b4a2ef2e\0024.png...
Debug|Extracting infograph_no.23_packed-97515-38b4a2ef2e\0025.png...
Debug|Extracting infograph_no.23_packed-97515-38b4a2ef2e\0026.png...
Debug|Extracting infograph_no.23_packed-97515-38b4a2ef2e\0027.png...
Debug|Extracting infograph_no.23_packed-97515-38b4a2ef2e\0028.png...
Debug|Extracting infograph_no.23_packed-97515-38b4a2ef2e\0029.png...
Debug|Extracting infograph_no.23_packed-97515-38b4a2ef2e\0030.png...
Debug|Extracting infograph_no.23_packed-97515-38b4a2ef2e\0031.png...
Debug|Extracting infograph_no.23_packed-97515-38b4a2ef2e\0032.png...
Debug|Extracting infograph_no.23_packed-97515-38b4a2ef2e\0033.png...
Debug|Extracting infograph_no.23_packed-97515-38b4a2ef2e\0034.png...
Debug|Extracting infograph_no.23_packed-97515-38b4a2ef2e\0035.png...
Debug|Extracting infograph_no.23_packed-97515-38b4a2ef2e\0036.png...
Debug|Extracting infograph_no.23_packed-97515-38b4a2ef2e\0037.png...
Debug|Extracting infograph_no.23_packed-97515-38b4a2ef2e\0038.png...
Debug|Extracting infograph_no.23_packed-97515-38b4a2ef2e\0039.png...
Debug|Extracting infograph_no.23_packed-97515-38b4a2ef2e\0040.png...
Debug|Extracting infograph_no.23_packed-97515-38b4a2ef2e\0041.png...
Debug|Extracting infograph_no.23_packed-97515-38b4a2ef2e\0042.png...
Debug|Extracting infograph_no.23_packed-97515-38b4a2ef2e\0043.png...
Debug|Extracting infograph_no.23_packed-97515-38b4a2ef2e\0044.png...
Debug|Extracting infograph_no.23_packed-97515-38b4a2ef2e\0045.png...
Debug|Extracting infograph_no.23_packed-97515-38b4a2ef2e\0046.png...
Debug|Extracting infograph_no.23_packed-97515-38b4a2ef2e\0047.png...
Debug|Extracting infograph_no.23_packed-97515-38b4a2ef2e\0048.png...
Debug|Extracting infograph_no.23_packed-97515-38b4a2ef2e\0049.png...
Debug|Extracting infograph_no.23_packed-97515-38b4a2ef2e\0050.png...
Debug|Extracting infograph_no.23_packed-97515-38b4a2ef2e\0051.png...
Debug|Extracting infograph_no.23_packed-97515-38b4a2ef2e\0052.png...
Debug|Extracting infograph_no.23_packed-97515-38b4a2ef2e\0053.png...
Debug|Extracting infograph_no.23_packed-97515-38b4a2ef2e\0054.png...
Debug|Extracting infograph_no.23_packed-97515-38b4a2ef2e\0055.png...
Debug|Extracting infograph_no.23_packed-97515-38b4a2ef2e\0056.png...
Debug|Extracting infograph_no.23_packed-97515-38b4a2ef2e\0057.png...
Debug|Extracting infograph_no.23_packed-97515-38b4a2ef2e\0058.png...
Debug|Extracting infograph_no.23_packed-97515-38b4a2ef2e\0059.png...
Debug|Extracting infograph_no.23_packed-97515-38b4a2ef2e\0060.png...
Debug|Extracting infograph_no.23_packed-97515-38b4a2ef2e\0061.png...
Debug|Extracting infograph_no.23_packed-97515-38b4a2ef2e\0062.png...
Debug|Extracting infograph_no.23_packed-97515-38b4a2ef2e\0063.png...
Debug|Extracting infograph_no.23_packed-97515-38b4a2ef2e\0064.png...
Debug|Extracting infograph_no.23_packed-97515-38b4a2ef2e\0065.png...
Debug|Extracting infograph_no.23_packed-97515-38b4a2ef2e\0066.png...
Debug|Extracting infograph_no.23_packed-97515-38b4a2ef2e\0067.png...
Debug|Extracting infograph_no.23_packed-97515-38b4a2ef2e\0068.png...
Debug|Extracting infograph_no.23_packed-97515-38b4a2ef2e\0069.png...
Debug|Extracting infograph_no.23_packed-97515-38b4a2ef2e\0070.png...
Debug|Extracting infograph_no.23_packed-97515-38b4a2ef2e\0071.png...
Debug|Extracting infograph_no.23_packed-97515-38b4a2ef2e\0072.png...
Debug|Extracting infograph_no.23_packed-97515-38b4a2ef2e\0073.png...
Debug|Extracting infograph_no.23_packed-97515-38b4a2ef2e\0074.png...
Debug|Extracting infograph_no.23_packed-97515-38b4a2ef2e\0075.png...
Debug|Extracting infograph_no.23_packed-97515-38b4a2ef2e\0076.png...
Debug|Extracting infograph_no.23_packed-97515-38b4a2ef2e\0077.png...
Debug|Extracting infograph_no.23_packed-97515-38b4a2ef2e\0078.png...
Debug|Extracting infograph_no.23_packed-97515-38b4a2ef2e\0079.png...
Debug|Extracting infograph_no.23_packed-97515-38b4a2ef2e\0080.png...
Debug|Extracting infograph_no.23_packed-97515-38b4a2ef2e\0081.png...
Debug|Extracting infograph_no.23_packed-97515-38b4a2ef2e\0082.png...
Debug|Extracting infograph_no.23_packed-97515-38b4a2ef2e\0083.png...
Debug|Extracting infograph_no.23_packed-97515-38b4a2ef2e\0084.png...
Debug|Extracting infograph_no.23_packed-97515-38b4a2ef2e\0085.png...
Debug|Extracting infograph_no.23_packed-97515-38b4a2ef2e\0086.png...
Debug|Extracting infograph_no.23_packed-97515-38b4a2ef2e\0087.png...
Debug|Extracting infograph_no.23_packed-97515-38b4a2ef2e\0088.png...
Debug|Extracting infograph_no.23_packed-97515-38b4a2ef2e\0089.png...
Debug|Extracting infograph_no.23_packed-97515-38b4a2ef2e\0090.png...
Debug|Extracting infograph_no.23_packed-97515-38b4a2ef2e\0091.png...
Debug|Extracting infograph_no.23_packed-97515-38b4a2ef2e\0092.png...
Debug|Extracting infograph_no.23_packed-97515-38b4a2ef2e\0093.png...
Debug|Extracting infograph_no.23_packed-97515-38b4a2ef2e\0094.png...
Debug|Extracting infograph_no.23_packed-97515-38b4a2ef2e\0095.png...
Debug|Extracting infograph_no.23_packed-97515-38b4a2ef2e\0096.png...
Debug|Extracting infograph_no.23_packed-97515-38b4a2ef2e\0097.png...
Debug|Extracting infograph_no.23_packed-97515-38b4a2ef2e\0098.png...
Debug|Extracting infograph_no.23_packed-97515-38b4a2ef2e\0099.png...
Debug|Extracting infograph_no.23_packed-97515-38b4a2ef2e\0100.png...
Debug|Extracting infograph_no.23_packed-97515-38b4a2ef2e\0101.png...
Debug|Extracting infograph_no.23_packed-97515-38b4a2ef2e\0102.png...
Debug|Extracting infograph_no.23_packed-97515-38b4a2ef2e\0103.png...
Debug|Extracting infograph_no.23_packed-97515-38b4a2ef2e\0104.png...
Debug|Extracting infograph_no.23_packed-97515-38b4a2ef2e\0105.png...
Debug|Extracting infograph_no.23_packed-97515-38b4a2ef2e\0106.png...
Debug|Extracting infograph_no.23_packed-97515-38b4a2ef2e\0107.png...
Debug|Extracting infograph_no.23_packed-97515-38b4a2ef2e\0108.png...
Debug|Extracting infograph_no.23_packed-97515-38b4a2ef2e\0109.png...
Debug|Extracting infograph_no.23_packed-97515-38b4a2ef2e\0110.png...
Debug|Extracting infograph_no.23_packed-97515-38b4a2ef2e\0111.png...
Debug|Extracting infograph_no.23_packed-97515-38b4a2ef2e\0112.png...
Debug|Extracting infograph_no.23_packed-97515-38b4a2ef2e\0113.png...
Debug|Extracting infograph_no.23_packed-97515-38b4a2ef2e\0114.png...
Debug|Extracting infograph_no.23_packed-97515-38b4a2ef2e\0115.png...
Debug|Extracting infograph_no.23_packed-97515-38b4a2ef2e\0116.png...
Debug|Extracting infograph_no.23_packed-97515-38b4a2ef2e\0117.png...
Debug|Extracting infograph_no.23_packed-97515-38b4a2ef2e\0118.png...
Debug|Extracting infograph_no.23_packed-97515-38b4a2ef2e\0119.png...
Debug|Extracting infograph_no.23_packed-97515-38b4a2ef2e\0120.png...
Debug|Extracting infograph_no.23_packed-97515-38b4a2ef2e\0121.png...
Debug|Extracting infograph_no.23_packed-97515-38b4a2ef2e\0122.png...
Debug|Extracting infograph_no.23_packed-97515-38b4a2ef2e\0123.png...
Debug|Extracting infograph_no.23_packed-97515-38b4a2ef2e\0124.png...
Debug|Extracting infograph_no.23_packed-97515-38b4a2ef2e\0125.png...
Debug|Extracting infograph_no.23_packed-97515-38b4a2ef2e\0126.png...
Debug|Extracting infograph_no.23_packed-97515-38b4a2ef2e\0127.png...
Debug|Extracting infograph_no.23_packed-97515-38b4a2ef2e\0128.png...
Debug|Extracting infograph_no.23_packed-97515-38b4a2ef2e\0129.png...
Debug|Extracting infograph_no.23_packed-97515-38b4a2ef2e\0130.png...
Debug|Extracting infograph_no.23_packed-97515-38b4a2ef2e\0131.png...
Debug|Extracting infograph_no.23_packed-97515-38b4a2ef2e\0132.png...
Debug|Extracting infograph_no.23_packed-97515-38b4a2ef2e\0133.png...
Debug|Extracting infograph_no.23_packed-97515-38b4a2ef2e\0134.png...
Debug|Extracting infograph_no.23_packed-97515-38b4a2ef2e\0135.png...
Debug|Extracting infograph_no.23_packed-97515-38b4a2ef2e\0136.png...
Debug|Extracting infograph_no.23_packed-97515-38b4a2ef2e\0137.png...
Debug|Extracting infograph_no.23_packed-97515-38b4a2ef2e\0138.png...
Debug|Extracting infograph_no.23_packed-97515-38b4a2ef2e\0139.png...
Debug|Extracting infograph_no.23_packed-97515-38b4a2ef2e\0140.png...
Debug|Extracting infograph_no.23_packed-97515-38b4a2ef2e\0141.png...
Debug|Extracting infograph_no.23_packed-97515-38b4a2ef2e\0142.png...
Debug|Extracting infograph_no.23_packed-97515-38b4a2ef2e\0143.png...
Debug|Extracting infograph_no.23_packed-97515-38b4a2ef2e\0144.png...
Debug|Extracting infograph_no.23_packed-97515-38b4a2ef2e\0145.png...
Debug|Extracting infograph_no.23_packed-97515-38b4a2ef2e\0146.png...
Debug|Exporting config...
