Debug|Opening watch face 'infograph_spanish_white_14-97515-05ed3334cb.bin'
Debug|Reading parameters...
Trace|Reading header...
Trace|Header was read:
Trace|Signature: UIHH, Unknown: 16777215, ParametersSize: 54, IsValid: True
Trace|Reading parameter offsets...
Trace|Parameter offsets were read from file
Trace|Reading parameters descriptor...
Trace|1 (0A): 5 bytes
Trace|    1 (08): 458 (1CA)
Trace|    2 (10): 79 (4F)
Trace|Parameters descriptor was read:
Trace|ParametrsTableLength: 458, ImagesCount: 79
Trace|Reading parameters locations...
Trace|2 (12): 4 bytes
Trace|    1 (08): 0 (00)
Trace|    2 (10): 8 (08)
Trace|3 (1A): 4 bytes
Trace|    1 (08): 8 (08)
Trace|    2 (10): 46 (2E)
Trace|4 (22): 4 bytes
Trace|    1 (08): 54 (36)
Trace|    2 (10): 119 (77)
Trace|7 (3A): 5 bytes
Trace|    1 (08): 173 (AD)
Trace|    2 (10): 74 (4A)
Trace|8 (42): 5 bytes
Trace|    1 (08): 247 (F7)
Trace|    2 (10): 30 (1E)
Trace|9 (4A): 5 bytes
Trace|    1 (08): 277 (115)
Trace|    2 (10): 44 (2C)
Trace|10 (52): 6 bytes
Trace|    1 (08): 321 (141)
Trace|    2 (10): 137 (89)
Trace|Watch face parameters locations were read:
Trace|Reading descriptor for parameter 2
Trace|Descriptor offset: 0, Descriptor length: 8
Trace|Parsing descriptor for parameter 2...
Trace|1 (0A): 6 bytes
Trace|    1 (08): 0 (00)
Trace|    2 (10): 0 (00)
Trace|    3 (18): 0 (00)
Trace|Reading descriptor for parameter 3
Trace|Descriptor offset: 8, Descriptor length: 46
Trace|Parsing descriptor for parameter 3...
Trace|1 (0A): 20 bytes
Trace|    1 (0A): 8 bytes
Trace|        1 (08): 0 (00)
Trace|        2 (10): 26 (1A)
Trace|        3 (18): 5 (05)
Trace|        4 (20): 3 (03)
Trace|    2 (12): 8 bytes
Trace|        1 (08): 0 (00)
Trace|        2 (10): 26 (1A)
Trace|        3 (18): 8 (08)
Trace|        4 (20): 10 (0A)
Trace|2 (12): 20 bytes
Trace|    1 (0A): 8 bytes
Trace|        1 (08): 0 (00)
Trace|        2 (10): 26 (1A)
Trace|        3 (18): 18 (12)
Trace|        4 (20): 6 (06)
Trace|    2 (12): 8 bytes
Trace|        1 (08): 0 (00)
Trace|        2 (10): 26 (1A)
Trace|        3 (18): 24 (18)
Trace|        4 (20): 10 (0A)
Trace|11 (58): 0 (00)
Trace|Reading descriptor for parameter 4
Trace|Descriptor offset: 54, Descriptor length: 119
Trace|Parsing descriptor for parameter 4...
Trace|1 (0A): 21 bytes
Trace|    1 (0A): 19 bytes
Trace|        1 (08): 0 (00)
Trace|        2 (10): 274 (112)
Trace|        3 (18): 124 (7C)
Trace|        4 (20): 0 (00)
Trace|        5 (28): 4 (04)
Trace|        6 (30): 1 (01)
Trace|        7 (38): 0 (00)
Trace|        8 (40): 58 (3A)
Trace|        9 (48): 10 (0A)
Trace|3 (1A): 29 bytes
Trace|    1 (0A): 27 bytes
Trace|        1 (08): 33 (21)
Trace|        2 (10): 88 (58)
Trace|        3 (18): 93 (5D)
Trace|        4 (20): 0 (00)
Trace|        5 (28): 72 (48)
Trace|        6 (30): -1 (FFFFFFFFFFFFFFFF)
Trace|        7 (38): 0 (00)
Trace|        8 (40): 68 (44)
Trace|        9 (48): 10 (0A)
Trace|4 (22): 32 bytes
Trace|    1 (0A): 28 bytes
Trace|        1 (08): 63 (3F)
Trace|        2 (10): 140 (8C)
Trace|        3 (18): 123 (7B)
Trace|        4 (20): 0 (00)
Trace|        5 (28): 72 (48)
Trace|        6 (30): -1 (FFFFFFFFFFFFFFFF)
Trace|        7 (38): 0 (00)
Trace|        8 (40): 68 (44)
Trace|        9 (48): 10 (0A)
Trace|    3 (18): 4 (04)
Trace|5 (2A): 27 bytes
Trace|    1 (0A): 19 bytes
Trace|        1 (08): 1 (01)
Trace|        2 (10): 274 (112)
Trace|        3 (18): 0 (00)
Trace|        4 (20): 0 (00)
Trace|        5 (28): 2 (02)
Trace|        6 (30): 1 (01)
Trace|        7 (38): 0 (00)
Trace|        8 (40): 58 (3A)
Trace|        9 (48): 10 (0A)
Trace|    2 (10): 4 (04)
Trace|    3 (18): 78 (4E)
Trace|    4 (20): 4 (04)
Trace|7 (38): 0 (00)
Trace|Reading descriptor for parameter 7
Trace|Descriptor offset: 173, Descriptor length: 74
Trace|Parsing descriptor for parameter 7...
Trace|3 (1A): 72 bytes
Trace|    1 (08): 47 (2F)
Trace|    2 (12): 5 bytes
Trace|        1 (08): 66 (42)
Trace|        2 (10): 231 (E7)
Trace|    2 (12): 5 bytes
Trace|        1 (08): 66 (42)
Trace|        2 (10): 231 (E7)
Trace|    2 (12): 5 bytes
Trace|        1 (08): 66 (42)
Trace|        2 (10): 231 (E7)
Trace|    2 (12): 5 bytes
Trace|        1 (08): 66 (42)
Trace|        2 (10): 231 (E7)
Trace|    2 (12): 5 bytes
Trace|        1 (08): 66 (42)
Trace|        2 (10): 231 (E7)
Trace|    2 (12): 5 bytes
Trace|        1 (08): 66 (42)
Trace|        2 (10): 231 (E7)
Trace|    2 (12): 5 bytes
Trace|        1 (08): 66 (42)
Trace|        2 (10): 231 (E7)
Trace|    2 (12): 5 bytes
Trace|        1 (08): 66 (42)
Trace|        2 (10): 231 (E7)
Trace|    2 (12): 5 bytes
Trace|        1 (08): 66 (42)
Trace|        2 (10): 231 (E7)
Trace|    2 (12): 5 bytes
Trace|        1 (08): 66 (42)
Trace|        2 (10): 231 (E7)
Trace|Reading descriptor for parameter 8
Trace|Descriptor offset: 247, Descriptor length: 30
Trace|Parsing descriptor for parameter 8...
Trace|1 (0A): 8 bytes
Trace|    1 (0A): 4 bytes
Trace|        1 (08): 48 (30)
Trace|        2 (10): 4 (04)
Trace|    2 (10): 2 (02)
Trace|2 (12): 8 bytes
Trace|    1 (0A): 4 bytes
Trace|        1 (08): 59 (3B)
Trace|        2 (10): 4 (04)
Trace|    3 (18): 1 (01)
Trace|3 (1A): 8 bytes
Trace|    1 (0A): 4 bytes
Trace|        1 (08): 70 (46)
Trace|        2 (10): 4 (04)
Trace|    2 (10): 3 (03)
Trace|Reading descriptor for parameter 9
Trace|Descriptor offset: 277, Descriptor length: 44
Trace|Parsing descriptor for parameter 9...
Trace|1 (0A): 32 bytes
Trace|    1 (0A): 28 bytes
Trace|        1 (08): 12 (0C)
Trace|        2 (10): 140 (8C)
Trace|        3 (18): 100 (64)
Trace|        4 (20): 0 (00)
Trace|        5 (28): 72 (48)
Trace|        6 (30): -1 (FFFFFFFFFFFFFFFF)
Trace|        7 (38): 0 (00)
Trace|        8 (40): 68 (44)
Trace|        9 (48): 10 (0A)
Trace|    4 (20): 4 (04)
Trace|2 (12): 8 bytes
Trace|    1 (08): 6 (06)
Trace|    2 (10): 121 (79)
Trace|    3 (18): 34 (22)
Trace|    4 (20): 13 (0D)
Trace|Reading descriptor for parameter 10
Trace|Descriptor offset: 321, Descriptor length: 137
Trace|Parsing descriptor for parameter 10...
Trace|1 (0A): 62 bytes
Trace|    1 (08): 0 (00)
Trace|    2 (10): 11447982 (AEAEAE)
Trace|    3 (1A): 5 bytes
Trace|        1 (08): 63 (3F)
Trace|        2 (10): 148 (94)
Trace|    4 (22): 13 bytes
Trace|        1 (08): 2 (02)
Trace|        2 (10): -2 (FFFFFFFFFFFFFFFE)
Trace|    4 (22): 13 bytes
Trace|        1 (08): 38 (26)
Trace|        2 (10): -2 (FFFFFFFFFFFFFFFE)
Trace|    4 (22): 4 bytes
Trace|        1 (08): 40 (28)
Trace|        2 (10): 0 (00)
Trace|    4 (22): 4 bytes
Trace|        1 (08): 38 (26)
Trace|        2 (10): 3 (03)
Trace|    4 (22): 4 bytes
Trace|        1 (08): 2 (02)
Trace|        2 (10): 3 (03)
Trace|2 (12): 71 bytes
Trace|    1 (08): 0 (00)
Trace|    2 (10): 11447982 (AEAEAE)
Trace|    3 (1A): 5 bytes
Trace|        1 (08): 63 (3F)
Trace|        2 (10): 148 (94)
Trace|    4 (22): 13 bytes
Trace|        1 (08): 2 (02)
Trace|        2 (10): -2 (FFFFFFFFFFFFFFFE)
Trace|    4 (22): 13 bytes
Trace|        1 (08): 62 (3E)
Trace|        2 (10): -2 (FFFFFFFFFFFFFFFE)
Trace|    4 (22): 4 bytes
Trace|        1 (08): 64 (40)
Trace|        2 (10): 0 (00)
Trace|    4 (22): 4 bytes
Trace|        1 (08): 62 (3E)
Trace|        2 (10): 3 (03)
Trace|    4 (22): 4 bytes
Trace|        1 (08): 2 (02)
Trace|        2 (10): 3 (03)
Trace|    5 (2A): 7 bytes
Trace|        1 (08): 58 (3A)
Trace|        2 (10): 143 (8F)
Trace|        3 (18): 57 (39)
Trace|Reading resources offsets table with 79 elements (316 bytes)
Debug|Reading 79 resources...
Trace|Resource 0 offset: 915, length: 74104...
Debug|Reading resource 0...
Trace|Color bit encoding: 8
Trace|Reading image header...
Trace|Image header was read:
Trace|Width: 126, Height: 294, RowLength: 252
Trace|BPP: 16, PaletteColors: 0, Transaparency: False
Trace|The image doesn't use a palette.
Trace|Resource 1 offset: 75019, length: 316...
Debug|Reading resource 1...
Trace|Color bit encoding: 27
Trace|Reading image header...
Trace|Image header was read:
Trace|Width: 10, Height: 10, RowLength: 30
Trace|BPP: 24, PaletteColors: 0, Transaparency: False
Trace|The image doesn't use a palette.
Trace|Resource 2 offset: 75335, length: 316...
Debug|Reading resource 2...
Trace|Color bit encoding: 27
Trace|Reading image header...
Trace|Image header was read:
Trace|Width: 10, Height: 10, RowLength: 30
Trace|BPP: 24, PaletteColors: 0, Transaparency: False
Trace|The image doesn't use a palette.
Trace|Resource 3 offset: 75651, length: 316...
Debug|Reading resource 3...
Trace|Color bit encoding: 27
Trace|Reading image header...
Trace|Image header was read:
Trace|Width: 10, Height: 10, RowLength: 30
Trace|BPP: 24, PaletteColors: 0, Transaparency: False
Trace|The image doesn't use a palette.
Trace|Resource 4 offset: 75967, length: 8020...
Debug|Reading resource 4...
Trace|Color bit encoding: 27
Trace|Reading image header...
Trace|Image header was read:
Trace|Width: 46, Height: 58, RowLength: 138
Trace|BPP: 24, PaletteColors: 0, Transaparency: False
Trace|The image doesn't use a palette.
Trace|Resource 5 offset: 83987, length: 7216...
Debug|Reading resource 5...
Trace|Color bit encoding: 27
Trace|Reading image header...
Trace|Image header was read:
Trace|Width: 60, Height: 40, RowLength: 180
Trace|BPP: 24, PaletteColors: 0, Transaparency: False
Trace|The image doesn't use a palette.
Trace|Resource 6 offset: 91203, length: 7216...
Debug|Reading resource 6...
Trace|Color bit encoding: 27
Trace|Reading image header...
Trace|Image header was read:
Trace|Width: 60, Height: 40, RowLength: 180
Trace|BPP: 24, PaletteColors: 0, Transaparency: False
Trace|The image doesn't use a palette.
Trace|Resource 7 offset: 98419, length: 7216...
Debug|Reading resource 7...
Trace|Color bit encoding: 27
Trace|Reading image header...
Trace|Image header was read:
Trace|Width: 60, Height: 40, RowLength: 180
Trace|BPP: 24, PaletteColors: 0, Transaparency: False
Trace|The image doesn't use a palette.
Trace|Resource 8 offset: 105635, length: 7216...
Debug|Reading resource 8...
Trace|Color bit encoding: 27
Trace|Reading image header...
Trace|Image header was read:
Trace|Width: 60, Height: 40, RowLength: 180
Trace|BPP: 24, PaletteColors: 0, Transaparency: False
Trace|The image doesn't use a palette.
Trace|Resource 9 offset: 112851, length: 7216...
Debug|Reading resource 9...
Trace|Color bit encoding: 27
Trace|Reading image header...
Trace|Image header was read:
Trace|Width: 60, Height: 40, RowLength: 180
Trace|BPP: 24, PaletteColors: 0, Transaparency: False
Trace|The image doesn't use a palette.
Trace|Resource 10 offset: 120067, length: 7216...
Debug|Reading resource 10...
Trace|Color bit encoding: 27
Trace|Reading image header...
Trace|Image header was read:
Trace|Width: 60, Height: 40, RowLength: 180
Trace|BPP: 24, PaletteColors: 0, Transaparency: False
Trace|The image doesn't use a palette.
Trace|Resource 11 offset: 127283, length: 7216...
Debug|Reading resource 11...
Trace|Color bit encoding: 27
Trace|Reading image header...
Trace|Image header was read:
Trace|Width: 60, Height: 40, RowLength: 180
Trace|BPP: 24, PaletteColors: 0, Transaparency: False
Trace|The image doesn't use a palette.
Trace|Resource 12 offset: 134499, length: 7216...
Debug|Reading resource 12...
Trace|Color bit encoding: 27
Trace|Reading image header...
Trace|Image header was read:
Trace|Width: 60, Height: 40, RowLength: 180
Trace|BPP: 24, PaletteColors: 0, Transaparency: False
Trace|The image doesn't use a palette.
Trace|Resource 13 offset: 141715, length: 7216...
Debug|Reading resource 13...
Trace|Color bit encoding: 27
Trace|Reading image header...
Trace|Image header was read:
Trace|Width: 60, Height: 40, RowLength: 180
Trace|BPP: 24, PaletteColors: 0, Transaparency: False
Trace|The image doesn't use a palette.
Trace|Resource 14 offset: 148931, length: 7216...
Debug|Reading resource 14...
Trace|Color bit encoding: 27
Trace|Reading image header...
Trace|Image header was read:
Trace|Width: 60, Height: 40, RowLength: 180
Trace|BPP: 24, PaletteColors: 0, Transaparency: False
Trace|The image doesn't use a palette.
Trace|Resource 15 offset: 156147, length: 7216...
Debug|Reading resource 15...
Trace|Color bit encoding: 27
Trace|Reading image header...
Trace|Image header was read:
Trace|Width: 60, Height: 40, RowLength: 180
Trace|BPP: 24, PaletteColors: 0, Transaparency: False
Trace|The image doesn't use a palette.
Trace|Resource 16 offset: 163363, length: 7216...
Debug|Reading resource 16...
Trace|Color bit encoding: 27
Trace|Reading image header...
Trace|Image header was read:
Trace|Width: 60, Height: 40, RowLength: 180
Trace|BPP: 24, PaletteColors: 0, Transaparency: False
Trace|The image doesn't use a palette.
Trace|Resource 17 offset: 170579, length: 7216...
Debug|Reading resource 17...
Trace|Color bit encoding: 27
Trace|Reading image header...
Trace|Image header was read:
Trace|Width: 60, Height: 40, RowLength: 180
Trace|BPP: 24, PaletteColors: 0, Transaparency: False
Trace|The image doesn't use a palette.
Trace|Resource 18 offset: 177795, length: 7216...
Debug|Reading resource 18...
Trace|Color bit encoding: 27
Trace|Reading image header...
Trace|Image header was read:
Trace|Width: 60, Height: 40, RowLength: 180
Trace|BPP: 24, PaletteColors: 0, Transaparency: False
Trace|The image doesn't use a palette.
Trace|Resource 19 offset: 185011, length: 7216...
Debug|Reading resource 19...
Trace|Color bit encoding: 27
Trace|Reading image header...
Trace|Image header was read:
Trace|Width: 60, Height: 40, RowLength: 180
Trace|BPP: 24, PaletteColors: 0, Transaparency: False
Trace|The image doesn't use a palette.
Trace|Resource 20 offset: 192227, length: 7216...
Debug|Reading resource 20...
Trace|Color bit encoding: 27
Trace|Reading image header...
Trace|Image header was read:
Trace|Width: 60, Height: 40, RowLength: 180
Trace|BPP: 24, PaletteColors: 0, Transaparency: False
Trace|The image doesn't use a palette.
Trace|Resource 21 offset: 199443, length: 7216...
Debug|Reading resource 21...
Trace|Color bit encoding: 27
Trace|Reading image header...
Trace|Image header was read:
Trace|Width: 60, Height: 40, RowLength: 180
Trace|BPP: 24, PaletteColors: 0, Transaparency: False
Trace|The image doesn't use a palette.
Trace|Resource 22 offset: 206659, length: 7216...
Debug|Reading resource 22...
Trace|Color bit encoding: 27
Trace|Reading image header...
Trace|Image header was read:
Trace|Width: 60, Height: 40, RowLength: 180
Trace|BPP: 24, PaletteColors: 0, Transaparency: False
Trace|The image doesn't use a palette.
Trace|Resource 23 offset: 213875, length: 7216...
Debug|Reading resource 23...
Trace|Color bit encoding: 27
Trace|Reading image header...
Trace|Image header was read:
Trace|Width: 60, Height: 40, RowLength: 180
Trace|BPP: 24, PaletteColors: 0, Transaparency: False
Trace|The image doesn't use a palette.
Trace|Resource 24 offset: 221091, length: 7216...
Debug|Reading resource 24...
Trace|Color bit encoding: 27
Trace|Reading image header...
Trace|Image header was read:
Trace|Width: 60, Height: 40, RowLength: 180
Trace|BPP: 24, PaletteColors: 0, Transaparency: False
Trace|The image doesn't use a palette.
Trace|Resource 25 offset: 228307, length: 7216...
Debug|Reading resource 25...
Trace|Color bit encoding: 27
Trace|Reading image header...
Trace|Image header was read:
Trace|Width: 60, Height: 40, RowLength: 180
Trace|BPP: 24, PaletteColors: 0, Transaparency: False
Trace|The image doesn't use a palette.
Trace|Resource 26 offset: 235523, length: 7216...
Debug|Reading resource 26...
Trace|Color bit encoding: 27
Trace|Reading image header...
Trace|Image header was read:
Trace|Width: 60, Height: 40, RowLength: 180
Trace|BPP: 24, PaletteColors: 0, Transaparency: False
Trace|The image doesn't use a palette.
Trace|Resource 27 offset: 242739, length: 7216...
Debug|Reading resource 27...
Trace|Color bit encoding: 27
Trace|Reading image header...
Trace|Image header was read:
Trace|Width: 60, Height: 40, RowLength: 180
Trace|BPP: 24, PaletteColors: 0, Transaparency: False
Trace|The image doesn't use a palette.
Trace|Resource 28 offset: 249955, length: 7216...
Debug|Reading resource 28...
Trace|Color bit encoding: 27
Trace|Reading image header...
Trace|Image header was read:
Trace|Width: 60, Height: 40, RowLength: 180
Trace|BPP: 24, PaletteColors: 0, Transaparency: False
Trace|The image doesn't use a palette.
Trace|Resource 29 offset: 257171, length: 7216...
Debug|Reading resource 29...
Trace|Color bit encoding: 27
Trace|Reading image header...
Trace|Image header was read:
Trace|Width: 60, Height: 40, RowLength: 180
Trace|BPP: 24, PaletteColors: 0, Transaparency: False
Trace|The image doesn't use a palette.
Trace|Resource 30 offset: 264387, length: 7216...
Debug|Reading resource 30...
Trace|Color bit encoding: 27
Trace|Reading image header...
Trace|Image header was read:
Trace|Width: 60, Height: 40, RowLength: 180
Trace|BPP: 24, PaletteColors: 0, Transaparency: False
Trace|The image doesn't use a palette.
Trace|Resource 31 offset: 271603, length: 7216...
Debug|Reading resource 31...
Trace|Color bit encoding: 27
Trace|Reading image header...
Trace|Image header was read:
Trace|Width: 60, Height: 40, RowLength: 180
Trace|BPP: 24, PaletteColors: 0, Transaparency: False
Trace|The image doesn't use a palette.
Trace|Resource 32 offset: 278819, length: 7216...
Debug|Reading resource 32...
Trace|Color bit encoding: 27
Trace|Reading image header...
Trace|Image header was read:
Trace|Width: 60, Height: 40, RowLength: 180
Trace|BPP: 24, PaletteColors: 0, Transaparency: False
Trace|The image doesn't use a palette.
Trace|Resource 33 offset: 286035, length: 7216...
Debug|Reading resource 33...
Trace|Color bit encoding: 27
Trace|Reading image header...
Trace|Image header was read:
Trace|Width: 60, Height: 40, RowLength: 180
Trace|BPP: 24, PaletteColors: 0, Transaparency: False
Trace|The image doesn't use a palette.
Trace|Resource 34 offset: 293251, length: 8764...
Debug|Reading resource 34...
Trace|Color bit encoding: 27
Trace|Reading image header...
Trace|Image header was read:
Trace|Width: 54, Height: 54, RowLength: 162
Trace|BPP: 24, PaletteColors: 0, Transaparency: False
Trace|The image doesn't use a palette.
Trace|Resource 35 offset: 302015, length: 8764...
Debug|Reading resource 35...
Trace|Color bit encoding: 27
Trace|Reading image header...
Trace|Image header was read:
Trace|Width: 54, Height: 54, RowLength: 162
Trace|BPP: 24, PaletteColors: 0, Transaparency: False
Trace|The image doesn't use a palette.
Trace|Resource 36 offset: 310779, length: 8764...
Debug|Reading resource 36...
Trace|Color bit encoding: 27
Trace|Reading image header...
Trace|Image header was read:
Trace|Width: 54, Height: 54, RowLength: 162
Trace|BPP: 24, PaletteColors: 0, Transaparency: False
Trace|The image doesn't use a palette.
Trace|Resource 37 offset: 319543, length: 8764...
Debug|Reading resource 37...
Trace|Color bit encoding: 27
Trace|Reading image header...
Trace|Image header was read:
Trace|Width: 54, Height: 54, RowLength: 162
Trace|BPP: 24, PaletteColors: 0, Transaparency: False
Trace|The image doesn't use a palette.
Trace|Resource 38 offset: 328307, length: 8764...
Debug|Reading resource 38...
Trace|Color bit encoding: 27
Trace|Reading image header...
Trace|Image header was read:
Trace|Width: 54, Height: 54, RowLength: 162
Trace|BPP: 24, PaletteColors: 0, Transaparency: False
Trace|The image doesn't use a palette.
Trace|Resource 39 offset: 337071, length: 8764...
Debug|Reading resource 39...
Trace|Color bit encoding: 27
Trace|Reading image header...
Trace|Image header was read:
Trace|Width: 54, Height: 54, RowLength: 162
Trace|BPP: 24, PaletteColors: 0, Transaparency: False
Trace|The image doesn't use a palette.
Trace|Resource 40 offset: 345835, length: 8764...
Debug|Reading resource 40...
Trace|Color bit encoding: 27
Trace|Reading image header...
Trace|Image header was read:
Trace|Width: 54, Height: 54, RowLength: 162
Trace|BPP: 24, PaletteColors: 0, Transaparency: False
Trace|The image doesn't use a palette.
Trace|Resource 41 offset: 354599, length: 8764...
Debug|Reading resource 41...
Trace|Color bit encoding: 27
Trace|Reading image header...
Trace|Image header was read:
Trace|Width: 54, Height: 54, RowLength: 162
Trace|BPP: 24, PaletteColors: 0, Transaparency: False
Trace|The image doesn't use a palette.
Trace|Resource 42 offset: 363363, length: 8764...
Debug|Reading resource 42...
Trace|Color bit encoding: 27
Trace|Reading image header...
Trace|Image header was read:
Trace|Width: 54, Height: 54, RowLength: 162
Trace|BPP: 24, PaletteColors: 0, Transaparency: False
Trace|The image doesn't use a palette.
Trace|Resource 43 offset: 372127, length: 8764...
Debug|Reading resource 43...
Trace|Color bit encoding: 27
Trace|Reading image header...
Trace|Image header was read:
Trace|Width: 54, Height: 54, RowLength: 162
Trace|BPP: 24, PaletteColors: 0, Transaparency: False
Trace|The image doesn't use a palette.
Trace|Resource 44 offset: 380891, length: 8764...
Debug|Reading resource 44...
Trace|Color bit encoding: 27
Trace|Reading image header...
Trace|Image header was read:
Trace|Width: 54, Height: 54, RowLength: 162
Trace|BPP: 24, PaletteColors: 0, Transaparency: False
Trace|The image doesn't use a palette.
Trace|Resource 45 offset: 389655, length: 8764...
Debug|Reading resource 45...
Trace|Color bit encoding: 27
Trace|Reading image header...
Trace|Image header was read:
Trace|Width: 54, Height: 54, RowLength: 162
Trace|BPP: 24, PaletteColors: 0, Transaparency: False
Trace|The image doesn't use a palette.
Trace|Resource 46 offset: 398419, length: 8764...
Debug|Reading resource 46...
Trace|Color bit encoding: 27
Trace|Reading image header...
Trace|Image header was read:
Trace|Width: 54, Height: 54, RowLength: 162
Trace|BPP: 24, PaletteColors: 0, Transaparency: False
Trace|The image doesn't use a palette.
Trace|Resource 47 offset: 407183, length: 6856...
Debug|Reading resource 47...
Trace|Color bit encoding: 27
Trace|Reading image header...
Trace|Image header was read:
Trace|Width: 60, Height: 38, RowLength: 180
Trace|BPP: 24, PaletteColors: 0, Transaparency: False
Trace|The image doesn't use a palette.
Trace|Resource 48 offset: 414039, length: 6856...
Debug|Reading resource 48...
Trace|Color bit encoding: 27
Trace|Reading image header...
Trace|Image header was read:
Trace|Width: 60, Height: 38, RowLength: 180
Trace|BPP: 24, PaletteColors: 0, Transaparency: False
Trace|The image doesn't use a palette.
Trace|Resource 49 offset: 420895, length: 6856...
Debug|Reading resource 49...
Trace|Color bit encoding: 27
Trace|Reading image header...
Trace|Image header was read:
Trace|Width: 60, Height: 38, RowLength: 180
Trace|BPP: 24, PaletteColors: 0, Transaparency: False
Trace|The image doesn't use a palette.
Trace|Resource 50 offset: 427751, length: 6856...
Debug|Reading resource 50...
Trace|Color bit encoding: 27
Trace|Reading image header...
Trace|Image header was read:
Trace|Width: 60, Height: 38, RowLength: 180
Trace|BPP: 24, PaletteColors: 0, Transaparency: False
Trace|The image doesn't use a palette.
Trace|Resource 51 offset: 434607, length: 6856...
Debug|Reading resource 51...
Trace|Color bit encoding: 27
Trace|Reading image header...
Trace|Image header was read:
Trace|Width: 60, Height: 38, RowLength: 180
Trace|BPP: 24, PaletteColors: 0, Transaparency: False
Trace|The image doesn't use a palette.
Trace|Resource 52 offset: 441463, length: 6856...
Debug|Reading resource 52...
Trace|Color bit encoding: 27
Trace|Reading image header...
Trace|Image header was read:
Trace|Width: 60, Height: 38, RowLength: 180
Trace|BPP: 24, PaletteColors: 0, Transaparency: False
Trace|The image doesn't use a palette.
Trace|Resource 53 offset: 448319, length: 6856...
Debug|Reading resource 53...
Trace|Color bit encoding: 27
Trace|Reading image header...
Trace|Image header was read:
Trace|Width: 60, Height: 38, RowLength: 180
Trace|BPP: 24, PaletteColors: 0, Transaparency: False
Trace|The image doesn't use a palette.
Trace|Resource 54 offset: 455175, length: 6856...
Debug|Reading resource 54...
Trace|Color bit encoding: 27
Trace|Reading image header...
Trace|Image header was read:
Trace|Width: 60, Height: 38, RowLength: 180
Trace|BPP: 24, PaletteColors: 0, Transaparency: False
Trace|The image doesn't use a palette.
Trace|Resource 55 offset: 462031, length: 6856...
Debug|Reading resource 55...
Trace|Color bit encoding: 27
Trace|Reading image header...
Trace|Image header was read:
Trace|Width: 60, Height: 38, RowLength: 180
Trace|BPP: 24, PaletteColors: 0, Transaparency: False
Trace|The image doesn't use a palette.
Trace|Resource 56 offset: 468887, length: 6856...
Debug|Reading resource 56...
Trace|Color bit encoding: 27
Trace|Reading image header...
Trace|Image header was read:
Trace|Width: 60, Height: 38, RowLength: 180
Trace|BPP: 24, PaletteColors: 0, Transaparency: False
Trace|The image doesn't use a palette.
Trace|Resource 57 offset: 475743, length: 316...
Debug|Reading resource 57...
Trace|Color bit encoding: 27
Trace|Reading image header...
Trace|Image header was read:
Trace|Width: 10, Height: 10, RowLength: 30
Trace|BPP: 24, PaletteColors: 0, Transaparency: False
Trace|The image doesn't use a palette.
Trace|Resource 58 offset: 476059, length: 340...
Debug|Reading resource 58...
Trace|Color bit encoding: 27
Trace|Reading image header...
Trace|Image header was read:
Trace|Width: 9, Height: 12, RowLength: 27
Trace|BPP: 24, PaletteColors: 0, Transaparency: False
Trace|The image doesn't use a palette.
Trace|Resource 59 offset: 476399, length: 340...
Debug|Reading resource 59...
Trace|Color bit encoding: 27
Trace|Reading image header...
Trace|Image header was read:
Trace|Width: 9, Height: 12, RowLength: 27
Trace|BPP: 24, PaletteColors: 0, Transaparency: False
Trace|The image doesn't use a palette.
Trace|Resource 60 offset: 476739, length: 340...
Debug|Reading resource 60...
Trace|Color bit encoding: 27
Trace|Reading image header...
Trace|Image header was read:
Trace|Width: 9, Height: 12, RowLength: 27
Trace|BPP: 24, PaletteColors: 0, Transaparency: False
Trace|The image doesn't use a palette.
Trace|Resource 61 offset: 477079, length: 340...
Debug|Reading resource 61...
Trace|Color bit encoding: 27
Trace|Reading image header...
Trace|Image header was read:
Trace|Width: 9, Height: 12, RowLength: 27
Trace|BPP: 24, PaletteColors: 0, Transaparency: False
Trace|The image doesn't use a palette.
Trace|Resource 62 offset: 477419, length: 340...
Debug|Reading resource 62...
Trace|Color bit encoding: 27
Trace|Reading image header...
Trace|Image header was read:
Trace|Width: 9, Height: 12, RowLength: 27
Trace|BPP: 24, PaletteColors: 0, Transaparency: False
Trace|The image doesn't use a palette.
Trace|Resource 63 offset: 477759, length: 340...
Debug|Reading resource 63...
Trace|Color bit encoding: 27
Trace|Reading image header...
Trace|Image header was read:
Trace|Width: 9, Height: 12, RowLength: 27
Trace|BPP: 24, PaletteColors: 0, Transaparency: False
Trace|The image doesn't use a palette.
Trace|Resource 64 offset: 478099, length: 340...
Debug|Reading resource 64...
Trace|Color bit encoding: 27
Trace|Reading image header...
Trace|Image header was read:
Trace|Width: 9, Height: 12, RowLength: 27
Trace|BPP: 24, PaletteColors: 0, Transaparency: False
Trace|The image doesn't use a palette.
Trace|Resource 65 offset: 478439, length: 340...
Debug|Reading resource 65...
Trace|Color bit encoding: 27
Trace|Reading image header...
Trace|Image header was read:
Trace|Width: 9, Height: 12, RowLength: 27
Trace|BPP: 24, PaletteColors: 0, Transaparency: False
Trace|The image doesn't use a palette.
Trace|Resource 66 offset: 478779, length: 340...
Debug|Reading resource 66...
Trace|Color bit encoding: 27
Trace|Reading image header...
Trace|Image header was read:
Trace|Width: 9, Height: 12, RowLength: 27
Trace|BPP: 24, PaletteColors: 0, Transaparency: False
Trace|The image doesn't use a palette.
Trace|Resource 67 offset: 479119, length: 340...
Debug|Reading resource 67...
Trace|Color bit encoding: 27
Trace|Reading image header...
Trace|Image header was read:
Trace|Width: 9, Height: 12, RowLength: 27
Trace|BPP: 24, PaletteColors: 0, Transaparency: False
Trace|The image doesn't use a palette.
Trace|Resource 68 offset: 479459, length: 601...
Debug|Reading resource 68...
Trace|Color bit encoding: 27
Trace|Reading image header...
Trace|Image header was read:
Trace|Width: 13, Height: 15, RowLength: 39
Trace|BPP: 24, PaletteColors: 0, Transaparency: False
Trace|The image doesn't use a palette.
Trace|Resource 69 offset: 480060, length: 601...
Debug|Reading resource 69...
Trace|Color bit encoding: 27
Trace|Reading image header...
Trace|Image header was read:
Trace|Width: 13, Height: 15, RowLength: 39
Trace|BPP: 24, PaletteColors: 0, Transaparency: False
Trace|The image doesn't use a palette.
Trace|Resource 70 offset: 480661, length: 601...
Debug|Reading resource 70...
Trace|Color bit encoding: 27
Trace|Reading image header...
Trace|Image header was read:
Trace|Width: 13, Height: 15, RowLength: 39
Trace|BPP: 24, PaletteColors: 0, Transaparency: False
Trace|The image doesn't use a palette.
Trace|Resource 71 offset: 481262, length: 601...
Debug|Reading resource 71...
Trace|Color bit encoding: 27
Trace|Reading image header...
Trace|Image header was read:
Trace|Width: 13, Height: 15, RowLength: 39
Trace|BPP: 24, PaletteColors: 0, Transaparency: False
Trace|The image doesn't use a palette.
Trace|Resource 72 offset: 481863, length: 601...
Debug|Reading resource 72...
Trace|Color bit encoding: 27
Trace|Reading image header...
Trace|Image header was read:
Trace|Width: 13, Height: 15, RowLength: 39
Trace|BPP: 24, PaletteColors: 0, Transaparency: False
Trace|The image doesn't use a palette.
Trace|Resource 73 offset: 482464, length: 601...
Debug|Reading resource 73...
Trace|Color bit encoding: 27
Trace|Reading image header...
Trace|Image header was read:
Trace|Width: 13, Height: 15, RowLength: 39
Trace|BPP: 24, PaletteColors: 0, Transaparency: False
Trace|The image doesn't use a palette.
Trace|Resource 74 offset: 483065, length: 601...
Debug|Reading resource 74...
Trace|Color bit encoding: 27
Trace|Reading image header...
Trace|Image header was read:
Trace|Width: 13, Height: 15, RowLength: 39
Trace|BPP: 24, PaletteColors: 0, Transaparency: False
Trace|The image doesn't use a palette.
Trace|Resource 75 offset: 483666, length: 601...
Debug|Reading resource 75...
Trace|Color bit encoding: 27
Trace|Reading image header...
Trace|Image header was read:
Trace|Width: 13, Height: 15, RowLength: 39
Trace|BPP: 24, PaletteColors: 0, Transaparency: False
Trace|The image doesn't use a palette.
Trace|Resource 76 offset: 484267, length: 601...
Debug|Reading resource 76...
Trace|Color bit encoding: 27
Trace|Reading image header...
Trace|Image header was read:
Trace|Width: 13, Height: 15, RowLength: 39
Trace|BPP: 24, PaletteColors: 0, Transaparency: False
Trace|The image doesn't use a palette.
Trace|Resource 77 offset: 484868, length: 601...
Debug|Reading resource 77...
Trace|Color bit encoding: 27
Trace|Reading image header...
Trace|Image header was read:
Trace|Width: 13, Height: 15, RowLength: 39
Trace|BPP: 24, PaletteColors: 0, Transaparency: False
Trace|The image doesn't use a palette.
Trace|Resource 78 offset: 485469, length: 193...
Debug|Reading resource 78...
Trace|Color bit encoding: 27
Trace|Reading image header...
Trace|Image header was read:
Trace|Width: 4, Height: 12, RowLength: 12
Trace|BPP: 24, PaletteColors: 0, Transaparency: False
Trace|The image doesn't use a palette.
Debug|Parsing parameters...
Trace|2 'Background'
Trace|2.1 'Image'
Trace|2.1.1 'X': 0
Trace|2.1.2 'Y': 0
Trace|2.1.3 'ImageIndex': 0
Trace|3 'Time'
Trace|3.1 'Hours'
Trace|3.1.1 'Tens'
Trace|3.1.1.1 'X': 0
Trace|3.1.1.2 'Y': 26
Trace|3.1.1.3 'ImageIndex': 5
Trace|3.1.1.4 'ImagesCount': 3
Trace|3.1.2 'Ones'
Trace|3.1.2.1 'X': 0
Trace|3.1.2.2 'Y': 26
Trace|3.1.2.3 'ImageIndex': 8
Trace|3.1.2.4 'ImagesCount': 10
Trace|3.2 'Minutes'
Trace|3.2.1 'Tens'
Trace|3.2.1.1 'X': 0
Trace|3.2.1.2 'Y': 26
Trace|3.2.1.3 'ImageIndex': 18
Trace|3.2.1.4 'ImagesCount': 6
Trace|3.2.2 'Ones'
Trace|3.2.2.1 'X': 0
Trace|3.2.2.2 'Y': 26
Trace|3.2.2.3 'ImageIndex': 24
Trace|3.2.2.4 'ImagesCount': 10
Trace|3.11 'UnknownV11': 0
Trace|4 'Activity'
Trace|4.1 'Steps'
Trace|4.1.1 'Number'
Trace|4.1.1.1 'TopLeftX': 0
Trace|4.1.1.2 'TopLeftY': 274
Trace|4.1.1.3 'BottomRightX': 124
Trace|4.1.1.4 'BottomRightY': 0
Trace|4.1.1.5 'Alignment': 4
Trace|4.1.1.6 'SpacingX': 1
Trace|4.1.1.7 'SpacingY': 0
Trace|4.1.1.8 'ImageIndex': 58
Trace|4.1.1.9 'ImagesCount': 10
Trace|4.3 'Calories'
Trace|4.3.1 'Text'
Trace|4.3.1.1 'TopLeftX': 33
Trace|4.3.1.2 'TopLeftY': 88
Trace|4.3.1.3 'BottomRightX': 93
Trace|4.3.1.4 'BottomRightY': 0
Trace|4.3.1.5 'Alignment': 72
Trace|4.3.1.6 'SpacingX': -1
Trace|4.3.1.7 'SpacingY': 0
Trace|4.3.1.8 'ImageIndex': 68
Trace|4.3.1.9 'ImagesCount': 10
Trace|4.4 'Pulse'
Trace|4.4.1 'Number'
Trace|4.4.1.1 'TopLeftX': 63
Trace|4.4.1.2 'TopLeftY': 140
Trace|4.4.1.3 'BottomRightX': 123
Trace|4.4.1.4 'BottomRightY': 0
Trace|4.4.1.5 'Alignment': 72
Trace|4.4.1.6 'SpacingX': -1
Trace|4.4.1.7 'SpacingY': 0
Trace|4.4.1.8 'ImageIndex': 68
Trace|4.4.1.9 'ImagesCount': 10
Trace|4.4.3 'NoDataImageIndex': 4
Trace|4.5 'Distance'
Trace|4.5.1 'Number'
Trace|4.5.1.1 'TopLeftX': 1
Trace|4.5.1.2 'TopLeftY': 274
Trace|4.5.1.3 'BottomRightX': 0
Trace|4.5.1.4 'BottomRightY': 0
Trace|4.5.1.5 'Alignment': 2
Trace|4.5.1.6 'SpacingX': 1
Trace|4.5.1.7 'SpacingY': 0
Trace|4.5.1.8 'ImageIndex': 58
Trace|4.5.1.9 'ImagesCount': 10
Trace|4.5.2 'KmSuffixImageIndex': 4
Trace|4.5.3 'DecimalPointImageIndex': 78
Trace|4.5.4 'MilesSuffixImageIndex': 4
Trace|4.7 'UnknownV7': 0
Trace|7 'StepsProgress'
Trace|7.3 'Linear'
Trace|7.3.1 'StartImageIndex': 47
Trace|7.3.2 'Segments'
Trace|7.3.2.1 'X': 66
Trace|7.3.2.2 'Y': 231
Trace|7.3.2 'Segments'
Trace|7.3.2.1 'X': 66
Trace|7.3.2.2 'Y': 231
Trace|7.3.2 'Segments'
Trace|7.3.2.1 'X': 66
Trace|7.3.2.2 'Y': 231
Trace|7.3.2 'Segments'
Trace|7.3.2.1 'X': 66
Trace|7.3.2.2 'Y': 231
Trace|7.3.2 'Segments'
Trace|7.3.2.1 'X': 66
Trace|7.3.2.2 'Y': 231
Trace|7.3.2 'Segments'
Trace|7.3.2.1 'X': 66
Trace|7.3.2.2 'Y': 231
Trace|7.3.2 'Segments'
Trace|7.3.2.1 'X': 66
Trace|7.3.2.2 'Y': 231
Trace|7.3.2 'Segments'
Trace|7.3.2.1 'X': 66
Trace|7.3.2.2 'Y': 231
Trace|7.3.2 'Segments'
Trace|7.3.2.1 'X': 66
Trace|7.3.2.2 'Y': 231
Trace|7.3.2 'Segments'
Trace|7.3.2.1 'X': 66
Trace|7.3.2.2 'Y': 231
Trace|8 'Status'
Trace|8.1 'DoNotDisturb'
Trace|8.1.1 'Coordinates'
Trace|8.1.1.1 'X': 48
Trace|8.1.1.2 'Y': 4
Trace|8.1.2 'ImageIndexOn': 2
Trace|8.2 'Lock'
Trace|8.2.1 'Coordinates'
Trace|8.2.1.1 'X': 59
Trace|8.2.1.2 'Y': 4
Trace|8.2.3 'ImageIndexOff': 1
Trace|8.3 'Bluetooth'
Trace|8.3.1 'Coordinates'
Trace|8.3.1.1 'X': 70
Trace|8.3.1.2 'Y': 4
Trace|8.3.2 'ImageIndexOn': 3
Trace|9 'Battery'
Trace|9.1 'BatteryText'
Trace|9.1.1 'Coordinates'
Trace|9.1.1.1 'TopLeftX': 12
Trace|9.1.1.2 'TopLeftY': 140
Trace|9.1.1.3 'BottomRightX': 100
Trace|9.1.1.4 'BottomRightY': 0
Trace|9.1.1.5 'Alignment': 72
Trace|9.1.1.6 'SpacingX': -1
Trace|9.1.1.7 'SpacingY': 0
Trace|9.1.1.8 'ImageIndex': 68
Trace|9.1.1.9 'ImagesCount': 10
Trace|9.1.4 'SuffixImageIndex': 4
Trace|9.2 'BatteryIcon'
Trace|9.2.1 'X': 6
Trace|9.2.2 'Y': 121
Trace|9.2.3 'ImageIndex': 34
Trace|9.2.4 'ImagesCount': 13
Trace|10 'AnalogDialFace'
Trace|10.1 'Hours'
Trace|10.1.1 'OnlyBorder': 0
Trace|10.1.2 'Color': 11447982
Trace|10.1.3 'Center'
Trace|10.1.3.1 'X': 63
Trace|10.1.3.2 'Y': 148
Trace|10.1.4 'Shape'
Trace|10.1.4.1 'X': 2
Trace|10.1.4.2 'Y': -2
Trace|10.1.4 'Shape'
Trace|10.1.4.1 'X': 38
Trace|10.1.4.2 'Y': -2
Trace|10.1.4 'Shape'
Trace|10.1.4.1 'X': 40
Trace|10.1.4.2 'Y': 0
Trace|10.1.4 'Shape'
Trace|10.1.4.1 'X': 38
Trace|10.1.4.2 'Y': 3
Trace|10.1.4 'Shape'
Trace|10.1.4.1 'X': 2
Trace|10.1.4.2 'Y': 3
Trace|10.2 'Minutes'
Trace|10.2.1 'OnlyBorder': 0
Trace|10.2.2 'Color': 11447982
Trace|10.2.3 'Center'
Trace|10.2.3.1 'X': 63
Trace|10.2.3.2 'Y': 148
Trace|10.2.4 'Shape'
Trace|10.2.4.1 'X': 2
Trace|10.2.4.2 'Y': -2
Trace|10.2.4 'Shape'
Trace|10.2.4.1 'X': 62
Trace|10.2.4.2 'Y': -2
Trace|10.2.4 'Shape'
Trace|10.2.4.1 'X': 64
Trace|10.2.4.2 'Y': 0
Trace|10.2.4 'Shape'
Trace|10.2.4.1 'X': 62
Trace|10.2.4.2 'Y': 3
Trace|10.2.4 'Shape'
Trace|10.2.4.1 'X': 2
Trace|10.2.4.2 'Y': 3
Trace|10.2.5 'CenterImage'
Trace|10.2.5.1 'X': 58
Trace|10.2.5.2 'Y': 143
Trace|10.2.5.3 'ImageIndex': 57
Debug|Generating previews...
Debug|Exporting resources to 'infograph_spanish_white_14-97515-05ed3334cb'
Debug|Extracting infograph_spanish_white_14-97515-05ed3334cb\0000.png...
Debug|Extracting infograph_spanish_white_14-97515-05ed3334cb\0001.png...
Debug|Extracting infograph_spanish_white_14-97515-05ed3334cb\0002.png...
Debug|Extracting infograph_spanish_white_14-97515-05ed3334cb\0003.png...
Debug|Extracting infograph_spanish_white_14-97515-05ed3334cb\0004.png...
Debug|Extracting infograph_spanish_white_14-97515-05ed3334cb\0005.png...
Debug|Extracting infograph_spanish_white_14-97515-05ed3334cb\0006.png...
Debug|Extracting infograph_spanish_white_14-97515-05ed3334cb\0007.png...
Debug|Extracting infograph_spanish_white_14-97515-05ed3334cb\0008.png...
Debug|Extracting infograph_spanish_white_14-97515-05ed3334cb\0009.png...
Debug|Extracting infograph_spanish_white_14-97515-05ed3334cb\0010.png...
Debug|Extracting infograph_spanish_white_14-97515-05ed3334cb\0011.png...
Debug|Extracting infograph_spanish_white_14-97515-05ed3334cb\0012.png...
Debug|Extracting infograph_spanish_white_14-97515-05ed3334cb\0013.png...
Debug|Extracting infograph_spanish_white_14-97515-05ed3334cb\0014.png...
Debug|Extracting infograph_spanish_white_14-97515-05ed3334cb\0015.png...
Debug|Extracting infograph_spanish_white_14-97515-05ed3334cb\0016.png...
Debug|Extracting infograph_spanish_white_14-97515-05ed3334cb\0017.png...
Debug|Extracting infograph_spanish_white_14-97515-05ed3334cb\0018.png...
Debug|Extracting infograph_spanish_white_14-97515-05ed3334cb\0019.png...
Debug|Extracting infograph_spanish_white_14-97515-05ed3334cb\0020.png...
Debug|Extracting infograph_spanish_white_14-97515-05ed3334cb\0021.png...
Debug|Extracting infograph_spanish_white_14-97515-05ed3334cb\0022.png...
Debug|Extracting infograph_spanish_white_14-97515-05ed3334cb\0023.png...
Debug|Extracting infograph_spanish_white_14-97515-05ed3334cb\0024.png...
Debug|Extracting infograph_spanish_white_14-97515-05ed3334cb\0025.png...
Debug|Extracting infograph_spanish_white_14-97515-05ed3334cb\0026.png...
Debug|Extracting infograph_spanish_white_14-97515-05ed3334cb\0027.png...
Debug|Extracting infograph_spanish_white_14-97515-05ed3334cb\0028.png...
Debug|Extracting infograph_spanish_white_14-97515-05ed3334cb\0029.png...
Debug|Extracting infograph_spanish_white_14-97515-05ed3334cb\0030.png...
Debug|Extracting infograph_spanish_white_14-97515-05ed3334cb\0031.png...
Debug|Extracting infograph_spanish_white_14-97515-05ed3334cb\0032.png...
Debug|Extracting infograph_spanish_white_14-97515-05ed3334cb\0033.png...
Debug|Extracting infograph_spanish_white_14-97515-05ed3334cb\0034.png...
Debug|Extracting infograph_spanish_white_14-97515-05ed3334cb\0035.png...
Debug|Extracting infograph_spanish_white_14-97515-05ed3334cb\0036.png...
Debug|Extracting infograph_spanish_white_14-97515-05ed3334cb\0037.png...
Debug|Extracting infograph_spanish_white_14-97515-05ed3334cb\0038.png...
Debug|Extracting infograph_spanish_white_14-97515-05ed3334cb\0039.png...
Debug|Extracting infograph_spanish_white_14-97515-05ed3334cb\0040.png...
Debug|Extracting infograph_spanish_white_14-97515-05ed3334cb\0041.png...
Debug|Extracting infograph_spanish_white_14-97515-05ed3334cb\0042.png...
Debug|Extracting infograph_spanish_white_14-97515-05ed3334cb\0043.png...
Debug|Extracting infograph_spanish_white_14-97515-05ed3334cb\0044.png...
Debug|Extracting infograph_spanish_white_14-97515-05ed3334cb\0045.png...
Debug|Extracting infograph_spanish_white_14-97515-05ed3334cb\0046.png...
Debug|Extracting infograph_spanish_white_14-97515-05ed3334cb\0047.png...
Debug|Extracting infograph_spanish_white_14-97515-05ed3334cb\0048.png...
Debug|Extracting infograph_spanish_white_14-97515-05ed3334cb\0049.png...
Debug|Extracting infograph_spanish_white_14-97515-05ed3334cb\0050.png...
Debug|Extracting infograph_spanish_white_14-97515-05ed3334cb\0051.png...
Debug|Extracting infograph_spanish_white_14-97515-05ed3334cb\0052.png...
Debug|Extracting infograph_spanish_white_14-97515-05ed3334cb\0053.png...
Debug|Extracting infograph_spanish_white_14-97515-05ed3334cb\0054.png...
Debug|Extracting infograph_spanish_white_14-97515-05ed3334cb\0055.png...
Debug|Extracting infograph_spanish_white_14-97515-05ed3334cb\0056.png...
Debug|Extracting infograph_spanish_white_14-97515-05ed3334cb\0057.png...
Debug|Extracting infograph_spanish_white_14-97515-05ed3334cb\0058.png...
Debug|Extracting infograph_spanish_white_14-97515-05ed3334cb\0059.png...
Debug|Extracting infograph_spanish_white_14-97515-05ed3334cb\0060.png...
Debug|Extracting infograph_spanish_white_14-97515-05ed3334cb\0061.png...
Debug|Extracting infograph_spanish_white_14-97515-05ed3334cb\0062.png...
Debug|Extracting infograph_spanish_white_14-97515-05ed3334cb\0063.png...
Debug|Extracting infograph_spanish_white_14-97515-05ed3334cb\0064.png...
Debug|Extracting infograph_spanish_white_14-97515-05ed3334cb\0065.png...
Debug|Extracting infograph_spanish_white_14-97515-05ed3334cb\0066.png...
Debug|Extracting infograph_spanish_white_14-97515-05ed3334cb\0067.png...
Debug|Extracting infograph_spanish_white_14-97515-05ed3334cb\0068.png...
Debug|Extracting infograph_spanish_white_14-97515-05ed3334cb\0069.png...
Debug|Extracting infograph_spanish_white_14-97515-05ed3334cb\0070.png...
Debug|Extracting infograph_spanish_white_14-97515-05ed3334cb\0071.png...
Debug|Extracting infograph_spanish_white_14-97515-05ed3334cb\0072.png...
Debug|Extracting infograph_spanish_white_14-97515-05ed3334cb\0073.png...
Debug|Extracting infograph_spanish_white_14-97515-05ed3334cb\0074.png...
Debug|Extracting infograph_spanish_white_14-97515-05ed3334cb\0075.png...
Debug|Extracting infograph_spanish_white_14-97515-05ed3334cb\0076.png...
Debug|Extracting infograph_spanish_white_14-97515-05ed3334cb\0077.png...
Debug|Extracting infograph_spanish_white_14-97515-05ed3334cb\0078.png...
Debug|Exporting config...
