Debug|Opening watch face 'infograph_english_white_16-97515-18236e95e4.bin'
Debug|Reading parameters...
Trace|Reading header...
Trace|Header was read:
Trace|Signature: UIHH, Unknown: 16777215, ParametersSize: 69, IsValid: True
Trace|Reading parameter offsets...
Trace|Parameter offsets were read from file
Trace|Reading parameters descriptor...
Trace|1 (0A): 6 bytes
Trace|    1 (08): 632 (278)
Trace|    2 (10): 140 (8C)
Trace|Parameters descriptor was read:
Trace|ParametrsTableLength: 632, ImagesCount: 140
Trace|Reading parameters locations...
Trace|2 (12): 4 bytes
Trace|    1 (08): 0 (00)
Trace|    2 (10): 8 (08)
Trace|3 (1A): 4 bytes
Trace|    1 (08): 8 (08)
Trace|    2 (10): 46 (2E)
Trace|4 (22): 4 bytes
Trace|    1 (08): 54 (36)
Trace|    2 (10): 122 (7A)
Trace|5 (2A): 5 bytes
Trace|    1 (08): 176 (B0)
Trace|    2 (10): 94 (5E)
Trace|6 (32): 5 bytes
Trace|    1 (08): 270 (10E)
Trace|    2 (10): 86 (56)
Trace|7 (3A): 5 bytes
Trace|    1 (08): 356 (164)
Trace|    2 (10): 74 (4A)
Trace|8 (42): 5 bytes
Trace|    1 (08): 430 (1AE)
Trace|    2 (10): 30 (1E)
Trace|9 (4A): 5 bytes
Trace|    1 (08): 460 (1CC)
Trace|    2 (10): 35 (23)
Trace|10 (52): 6 bytes
Trace|    1 (08): 495 (1EF)
Trace|    2 (10): 137 (89)
Trace|Watch face parameters locations were read:
Trace|Reading descriptor for parameter 2
Trace|Descriptor offset: 0, Descriptor length: 8
Trace|Parsing descriptor for parameter 2...
Trace|1 (0A): 6 bytes
Trace|    1 (08): 0 (00)
Trace|    2 (10): 0 (00)
Trace|    3 (18): 0 (00)
Trace|Reading descriptor for parameter 3
Trace|Descriptor offset: 8, Descriptor length: 46
Trace|Parsing descriptor for parameter 3...
Trace|1 (0A): 20 bytes
Trace|    1 (0A): 8 bytes
Trace|        1 (08): 66 (42)
Trace|        2 (10): 25 (19)
Trace|        3 (18): 13 (0D)
Trace|        4 (20): 3 (03)
Trace|    2 (12): 8 bytes
Trace|        1 (08): 66 (42)
Trace|        2 (10): 25 (19)
Trace|        3 (18): 16 (10)
Trace|        4 (20): 10 (0A)
Trace|2 (12): 20 bytes
Trace|    1 (0A): 8 bytes
Trace|        1 (08): 66 (42)
Trace|        2 (10): 25 (19)
Trace|        3 (18): 26 (1A)
Trace|        4 (20): 6 (06)
Trace|    2 (12): 8 bytes
Trace|        1 (08): 66 (42)
Trace|        2 (10): 25 (19)
Trace|        3 (18): 32 (20)
Trace|        4 (20): 10 (0A)
Trace|11 (58): 0 (00)
Trace|Reading descriptor for parameter 4
Trace|Descriptor offset: 54, Descriptor length: 122
Trace|Parsing descriptor for parameter 4...
Trace|1 (0A): 21 bytes
Trace|    1 (0A): 19 bytes
Trace|        1 (08): 0 (00)
Trace|        2 (10): 274 (112)
Trace|        3 (18): 124 (7C)
Trace|        4 (20): 0 (00)
Trace|        5 (28): 4 (04)
Trace|        6 (30): 1 (01)
Trace|        7 (38): 0 (00)
Trace|        8 (40): 75 (4B)
Trace|        9 (48): 10 (0A)
Trace|3 (1A): 30 bytes
Trace|    1 (0A): 28 bytes
Trace|        1 (08): 3 (03)
Trace|        2 (10): 140 (8C)
Trace|        3 (18): 63 (3F)
Trace|        4 (20): 0 (00)
Trace|        5 (28): 72 (48)
Trace|        6 (30): -1 (FFFFFFFFFFFFFFFF)
Trace|        7 (38): 0 (00)
Trace|        8 (40): 95 (5F)
Trace|        9 (48): 10 (0A)
Trace|4 (22): 31 bytes
Trace|    1 (0A): 27 bytes
Trace|        1 (08): 33 (21)
Trace|        2 (10): 88 (58)
Trace|        3 (18): 93 (5D)
Trace|        4 (20): 0 (00)
Trace|        5 (28): 72 (48)
Trace|        6 (30): -1 (FFFFFFFFFFFFFFFF)
Trace|        7 (38): 0 (00)
Trace|        8 (40): 95 (5F)
Trace|        9 (48): 10 (0A)
Trace|    3 (18): 4 (04)
Trace|6 (32): 30 bytes
Trace|    1 (0A): 28 bytes
Trace|        1 (08): 63 (3F)
Trace|        2 (10): 140 (8C)
Trace|        3 (18): 123 (7B)
Trace|        4 (20): 0 (00)
Trace|        5 (28): 72 (48)
Trace|        6 (30): -1 (FFFFFFFFFFFFFFFF)
Trace|        7 (38): 0 (00)
Trace|        8 (40): 95 (5F)
Trace|        9 (48): 10 (0A)
Trace|7 (38): 0 (00)
Trace|Reading descriptor for parameter 5
Trace|Descriptor offset: 176, Descriptor length: 94
Trace|Parsing descriptor for parameter 5...
Trace|1 (0A): 59 bytes
Trace|    1 (0A): 53 bytes
Trace|        2 (12): 9 bytes
Trace|            1 (08): 0 (00)
Trace|            2 (10): 223 (DF)
Trace|            3 (18): 63 (3F)
Trace|            4 (20): 12 (0C)
Trace|        3 (1A): 9 bytes
Trace|            1 (08): 0 (00)
Trace|            2 (10): 223 (DF)
Trace|            3 (18): 63 (3F)
Trace|            4 (20): 12 (0C)
Trace|        4 (22): 29 bytes
Trace|            1 (08): 36 (24)
Trace|            2 (10): 252 (FC)
Trace|            3 (18): 0 (00)
Trace|            4 (20): 0 (00)
Trace|            5 (28): 4 (04)
Trace|            6 (30): -2 (FFFFFFFFFFFFFFFE)
Trace|            7 (38): 0 (00)
Trace|            8 (40): 129 (81)
Trace|            9 (48): 10 (0A)
Trace|    4 (20): 0 (00)
Trace|    5 (28): 1 (01)
Trace|4 (22): 9 bytes
Trace|    1 (08): 0 (00)
Trace|    2 (10): 249 (F9)
Trace|    3 (18): 6 (06)
Trace|    4 (20): 7 (07)
Trace|5 (2A): 9 bytes
Trace|    1 (08): 0 (00)
Trace|    2 (10): 249 (F9)
Trace|    3 (18): 4 (04)
Trace|    4 (20): 1 (01)
Trace|6 (32): 9 bytes
Trace|    1 (08): 0 (00)
Trace|    2 (10): 249 (F9)
Trace|    3 (18): 5 (05)
Trace|    4 (20): 1 (01)
Trace|Reading descriptor for parameter 6
Trace|Descriptor offset: 270, Descriptor length: 86
Trace|Parsing descriptor for parameter 6...
Trace|2 (12): 84 bytes
Trace|    1 (0A): 24 bytes
Trace|        1 (0A): 19 bytes
Trace|            1 (08): 42 (2A)
Trace|            2 (10): 188 (BC)
Trace|            3 (18): 84 (54)
Trace|            4 (20): 0 (00)
Trace|            5 (28): 72 (48)
Trace|            6 (30): 0 (00)
Trace|            7 (38): 0 (00)
Trace|            8 (40): 85 (55)
Trace|            9 (48): 10 (0A)
Trace|        2 (10): 128 (80)
Trace|    2 (12): 56 bytes
Trace|        1 (0A): 54 bytes
Trace|            1 (0A): 25 bytes
Trace|                1 (0A): 19 bytes
Trace|                    1 (08): 0 (00)
Trace|                    2 (10): 212 (D4)
Trace|                    3 (18): 82 (52)
Trace|                    4 (20): 0 (00)
Trace|                    5 (28): 20 (14)
Trace|                    6 (30): 1 (01)
Trace|                    7 (38): 0 (00)
Trace|                    8 (40): 105 (69)
Trace|                    9 (48): 10 (0A)
Trace|                2 (10): 115 (73)
Trace|                3 (18): 127 (7F)
Trace|            2 (12): 25 bytes
Trace|                1 (0A): 19 bytes
Trace|                    1 (08): 44 (2C)
Trace|                    2 (10): 212 (D4)
Trace|                    3 (18): 0 (00)
Trace|                    4 (20): 0 (00)
Trace|                    5 (28): 18 (12)
Trace|                    6 (30): 1 (01)
Trace|                    7 (38): 0 (00)
Trace|                    8 (40): 116 (74)
Trace|                    9 (48): 10 (0A)
Trace|                2 (10): 126 (7E)
Trace|                3 (18): 127 (7F)
Trace|Reading descriptor for parameter 7
Trace|Descriptor offset: 356, Descriptor length: 74
Trace|Parsing descriptor for parameter 7...
Trace|3 (1A): 72 bytes
Trace|    1 (08): 52 (34)
Trace|    2 (12): 5 bytes
Trace|        1 (08): 66 (42)
Trace|        2 (10): 231 (E7)
Trace|    2 (12): 5 bytes
Trace|        1 (08): 66 (42)
Trace|        2 (10): 231 (E7)
Trace|    2 (12): 5 bytes
Trace|        1 (08): 66 (42)
Trace|        2 (10): 231 (E7)
Trace|    2 (12): 5 bytes
Trace|        1 (08): 66 (42)
Trace|        2 (10): 231 (E7)
Trace|    2 (12): 5 bytes
Trace|        1 (08): 66 (42)
Trace|        2 (10): 231 (E7)
Trace|    2 (12): 5 bytes
Trace|        1 (08): 66 (42)
Trace|        2 (10): 231 (E7)
Trace|    2 (12): 5 bytes
Trace|        1 (08): 66 (42)
Trace|        2 (10): 231 (E7)
Trace|    2 (12): 5 bytes
Trace|        1 (08): 66 (42)
Trace|        2 (10): 231 (E7)
Trace|    2 (12): 5 bytes
Trace|        1 (08): 66 (42)
Trace|        2 (10): 231 (E7)
Trace|    2 (12): 5 bytes
Trace|        1 (08): 66 (42)
Trace|        2 (10): 231 (E7)
Trace|Reading descriptor for parameter 8
Trace|Descriptor offset: 430, Descriptor length: 30
Trace|Parsing descriptor for parameter 8...
Trace|1 (0A): 8 bytes
Trace|    1 (0A): 4 bytes
Trace|        1 (08): 48 (30)
Trace|        2 (10): 4 (04)
Trace|    2 (10): 2 (02)
Trace|2 (12): 8 bytes
Trace|    1 (0A): 4 bytes
Trace|        1 (08): 59 (3B)
Trace|        2 (10): 4 (04)
Trace|    3 (18): 1 (01)
Trace|3 (1A): 8 bytes
Trace|    1 (0A): 4 bytes
Trace|        1 (08): 70 (46)
Trace|        2 (10): 4 (04)
Trace|    2 (10): 3 (03)
Trace|Reading descriptor for parameter 9
Trace|Descriptor offset: 460, Descriptor length: 35
Trace|Parsing descriptor for parameter 9...
Trace|1 (0A): 23 bytes
Trace|    1 (0A): 18 bytes
Trace|        1 (08): 1 (01)
Trace|        2 (10): 13 (0D)
Trace|        3 (18): 0 (00)
Trace|        4 (20): 0 (00)
Trace|        5 (28): 2 (02)
Trace|        6 (30): 1 (01)
Trace|        7 (38): 0 (00)
Trace|        8 (40): 75 (4B)
Trace|        9 (48): 10 (0A)
Trace|    4 (20): 139 (8B)
Trace|2 (12): 8 bytes
Trace|    1 (08): 0 (00)
Trace|    2 (10): 16 (10)
Trace|    3 (18): 42 (2A)
Trace|    4 (20): 10 (0A)
Trace|Reading descriptor for parameter 10
Trace|Descriptor offset: 495, Descriptor length: 137
Trace|Parsing descriptor for parameter 10...
Trace|1 (0A): 62 bytes
Trace|    1 (08): 0 (00)
Trace|    2 (10): 11447982 (AEAEAE)
Trace|    3 (1A): 5 bytes
Trace|        1 (08): 63 (3F)
Trace|        2 (10): 148 (94)
Trace|    4 (22): 13 bytes
Trace|        1 (08): 2 (02)
Trace|        2 (10): -2 (FFFFFFFFFFFFFFFE)
Trace|    4 (22): 13 bytes
Trace|        1 (08): 38 (26)
Trace|        2 (10): -2 (FFFFFFFFFFFFFFFE)
Trace|    4 (22): 4 bytes
Trace|        1 (08): 40 (28)
Trace|        2 (10): 0 (00)
Trace|    4 (22): 4 bytes
Trace|        1 (08): 38 (26)
Trace|        2 (10): 3 (03)
Trace|    4 (22): 4 bytes
Trace|        1 (08): 2 (02)
Trace|        2 (10): 3 (03)
Trace|2 (12): 71 bytes
Trace|    1 (08): 0 (00)
Trace|    2 (10): 11447982 (AEAEAE)
Trace|    3 (1A): 5 bytes
Trace|        1 (08): 63 (3F)
Trace|        2 (10): 148 (94)
Trace|    4 (22): 13 bytes
Trace|        1 (08): 2 (02)
Trace|        2 (10): -2 (FFFFFFFFFFFFFFFE)
Trace|    4 (22): 13 bytes
Trace|        1 (08): 62 (3E)
Trace|        2 (10): -2 (FFFFFFFFFFFFFFFE)
Trace|    4 (22): 4 bytes
Trace|        1 (08): 64 (40)
Trace|        2 (10): 0 (00)
Trace|    4 (22): 4 bytes
Trace|        1 (08): 62 (3E)
Trace|        2 (10): 3 (03)
Trace|    4 (22): 4 bytes
Trace|        1 (08): 2 (02)
Trace|        2 (10): 3 (03)
Trace|    5 (2A): 7 bytes
Trace|        1 (08): 58 (3A)
Trace|        2 (10): 143 (8F)
Trace|        3 (18): 62 (3E)
Trace|Reading resources offsets table with 140 elements (560 bytes)
Debug|Reading 140 resources...
Trace|Resource 0 offset: 1348, length: 74104...
Debug|Reading resource 0...
Trace|Color bit encoding: 8
Trace|Reading image header...
Trace|Image header was read:
Trace|Width: 126, Height: 294, RowLength: 252
Trace|BPP: 16, PaletteColors: 0, Transaparency: False
Trace|The image doesn't use a palette.
Trace|Resource 1 offset: 75452, length: 316...
Debug|Reading resource 1...
Trace|Color bit encoding: 27
Trace|Reading image header...
Trace|Image header was read:
Trace|Width: 10, Height: 10, RowLength: 30
Trace|BPP: 24, PaletteColors: 0, Transaparency: False
Trace|The image doesn't use a palette.
Trace|Resource 2 offset: 75768, length: 316...
Debug|Reading resource 2...
Trace|Color bit encoding: 27
Trace|Reading image header...
Trace|Image header was read:
Trace|Width: 10, Height: 10, RowLength: 30
Trace|BPP: 24, PaletteColors: 0, Transaparency: False
Trace|The image doesn't use a palette.
Trace|Resource 3 offset: 76084, length: 316...
Debug|Reading resource 3...
Trace|Color bit encoding: 27
Trace|Reading image header...
Trace|Image header was read:
Trace|Width: 10, Height: 10, RowLength: 30
Trace|BPP: 24, PaletteColors: 0, Transaparency: False
Trace|The image doesn't use a palette.
Trace|Resource 4 offset: 76400, length: 8020...
Debug|Reading resource 4...
Trace|Color bit encoding: 27
Trace|Reading image header...
Trace|Image header was read:
Trace|Width: 46, Height: 58, RowLength: 138
Trace|BPP: 24, PaletteColors: 0, Transaparency: False
Trace|The image doesn't use a palette.
Trace|Resource 5 offset: 84420, length: 8020...
Debug|Reading resource 5...
Trace|Color bit encoding: 27
Trace|Reading image header...
Trace|Image header was read:
Trace|Width: 46, Height: 58, RowLength: 138
Trace|BPP: 24, PaletteColors: 0, Transaparency: False
Trace|The image doesn't use a palette.
Trace|Resource 6 offset: 92440, length: 6856...
Debug|Reading resource 6...
Trace|Color bit encoding: 27
Trace|Reading image header...
Trace|Image header was read:
Trace|Width: 60, Height: 38, RowLength: 180
Trace|BPP: 24, PaletteColors: 0, Transaparency: False
Trace|The image doesn't use a palette.
Trace|Resource 7 offset: 99296, length: 6856...
Debug|Reading resource 7...
Trace|Color bit encoding: 27
Trace|Reading image header...
Trace|Image header was read:
Trace|Width: 60, Height: 38, RowLength: 180
Trace|BPP: 24, PaletteColors: 0, Transaparency: False
Trace|The image doesn't use a palette.
Trace|Resource 8 offset: 106152, length: 6856...
Debug|Reading resource 8...
Trace|Color bit encoding: 27
Trace|Reading image header...
Trace|Image header was read:
Trace|Width: 60, Height: 38, RowLength: 180
Trace|BPP: 24, PaletteColors: 0, Transaparency: False
Trace|The image doesn't use a palette.
Trace|Resource 9 offset: 113008, length: 6856...
Debug|Reading resource 9...
Trace|Color bit encoding: 27
Trace|Reading image header...
Trace|Image header was read:
Trace|Width: 60, Height: 38, RowLength: 180
Trace|BPP: 24, PaletteColors: 0, Transaparency: False
Trace|The image doesn't use a palette.
Trace|Resource 10 offset: 119864, length: 6856...
Debug|Reading resource 10...
Trace|Color bit encoding: 27
Trace|Reading image header...
Trace|Image header was read:
Trace|Width: 60, Height: 38, RowLength: 180
Trace|BPP: 24, PaletteColors: 0, Transaparency: False
Trace|The image doesn't use a palette.
Trace|Resource 11 offset: 126720, length: 6856...
Debug|Reading resource 11...
Trace|Color bit encoding: 27
Trace|Reading image header...
Trace|Image header was read:
Trace|Width: 60, Height: 38, RowLength: 180
Trace|BPP: 24, PaletteColors: 0, Transaparency: False
Trace|The image doesn't use a palette.
Trace|Resource 12 offset: 133576, length: 6856...
Debug|Reading resource 12...
Trace|Color bit encoding: 27
Trace|Reading image header...
Trace|Image header was read:
Trace|Width: 60, Height: 38, RowLength: 180
Trace|BPP: 24, PaletteColors: 0, Transaparency: False
Trace|The image doesn't use a palette.
Trace|Resource 13 offset: 140432, length: 520...
Debug|Reading resource 13...
Trace|Color bit encoding: 27
Trace|Reading image header...
Trace|Image header was read:
Trace|Width: 12, Height: 14, RowLength: 36
Trace|BPP: 24, PaletteColors: 0, Transaparency: False
Trace|The image doesn't use a palette.
Trace|Resource 14 offset: 140952, length: 7396...
Debug|Reading resource 14...
Trace|Color bit encoding: 27
Trace|Reading image header...
Trace|Image header was read:
Trace|Width: 60, Height: 41, RowLength: 180
Trace|BPP: 24, PaletteColors: 0, Transaparency: False
Trace|The image doesn't use a palette.
Trace|Resource 15 offset: 148348, length: 7396...
Debug|Reading resource 15...
Trace|Color bit encoding: 27
Trace|Reading image header...
Trace|Image header was read:
Trace|Width: 60, Height: 41, RowLength: 180
Trace|BPP: 24, PaletteColors: 0, Transaparency: False
Trace|The image doesn't use a palette.
Trace|Resource 16 offset: 155744, length: 7396...
Debug|Reading resource 16...
Trace|Color bit encoding: 27
Trace|Reading image header...
Trace|Image header was read:
Trace|Width: 60, Height: 41, RowLength: 180
Trace|BPP: 24, PaletteColors: 0, Transaparency: False
Trace|The image doesn't use a palette.
Trace|Resource 17 offset: 163140, length: 7396...
Debug|Reading resource 17...
Trace|Color bit encoding: 27
Trace|Reading image header...
Trace|Image header was read:
Trace|Width: 60, Height: 41, RowLength: 180
Trace|BPP: 24, PaletteColors: 0, Transaparency: False
Trace|The image doesn't use a palette.
Trace|Resource 18 offset: 170536, length: 7396...
Debug|Reading resource 18...
Trace|Color bit encoding: 27
Trace|Reading image header...
Trace|Image header was read:
Trace|Width: 60, Height: 41, RowLength: 180
Trace|BPP: 24, PaletteColors: 0, Transaparency: False
Trace|The image doesn't use a palette.
Trace|Resource 19 offset: 177932, length: 7396...
Debug|Reading resource 19...
Trace|Color bit encoding: 27
Trace|Reading image header...
Trace|Image header was read:
Trace|Width: 60, Height: 41, RowLength: 180
Trace|BPP: 24, PaletteColors: 0, Transaparency: False
Trace|The image doesn't use a palette.
Trace|Resource 20 offset: 185328, length: 7396...
Debug|Reading resource 20...
Trace|Color bit encoding: 27
Trace|Reading image header...
Trace|Image header was read:
Trace|Width: 60, Height: 41, RowLength: 180
Trace|BPP: 24, PaletteColors: 0, Transaparency: False
Trace|The image doesn't use a palette.
Trace|Resource 21 offset: 192724, length: 7396...
Debug|Reading resource 21...
Trace|Color bit encoding: 27
Trace|Reading image header...
Trace|Image header was read:
Trace|Width: 60, Height: 41, RowLength: 180
Trace|BPP: 24, PaletteColors: 0, Transaparency: False
Trace|The image doesn't use a palette.
Trace|Resource 22 offset: 200120, length: 7396...
Debug|Reading resource 22...
Trace|Color bit encoding: 27
Trace|Reading image header...
Trace|Image header was read:
Trace|Width: 60, Height: 41, RowLength: 180
Trace|BPP: 24, PaletteColors: 0, Transaparency: False
Trace|The image doesn't use a palette.
Trace|Resource 23 offset: 207516, length: 7396...
Debug|Reading resource 23...
Trace|Color bit encoding: 27
Trace|Reading image header...
Trace|Image header was read:
Trace|Width: 60, Height: 41, RowLength: 180
Trace|BPP: 24, PaletteColors: 0, Transaparency: False
Trace|The image doesn't use a palette.
Trace|Resource 24 offset: 214912, length: 7396...
Debug|Reading resource 24...
Trace|Color bit encoding: 27
Trace|Reading image header...
Trace|Image header was read:
Trace|Width: 60, Height: 41, RowLength: 180
Trace|BPP: 24, PaletteColors: 0, Transaparency: False
Trace|The image doesn't use a palette.
Trace|Resource 25 offset: 222308, length: 7396...
Debug|Reading resource 25...
Trace|Color bit encoding: 27
Trace|Reading image header...
Trace|Image header was read:
Trace|Width: 60, Height: 41, RowLength: 180
Trace|BPP: 24, PaletteColors: 0, Transaparency: False
Trace|The image doesn't use a palette.
Trace|Resource 26 offset: 229704, length: 7396...
Debug|Reading resource 26...
Trace|Color bit encoding: 27
Trace|Reading image header...
Trace|Image header was read:
Trace|Width: 60, Height: 41, RowLength: 180
Trace|BPP: 24, PaletteColors: 0, Transaparency: False
Trace|The image doesn't use a palette.
Trace|Resource 27 offset: 237100, length: 7396...
Debug|Reading resource 27...
Trace|Color bit encoding: 27
Trace|Reading image header...
Trace|Image header was read:
Trace|Width: 60, Height: 41, RowLength: 180
Trace|BPP: 24, PaletteColors: 0, Transaparency: False
Trace|The image doesn't use a palette.
Trace|Resource 28 offset: 244496, length: 7396...
Debug|Reading resource 28...
Trace|Color bit encoding: 27
Trace|Reading image header...
Trace|Image header was read:
Trace|Width: 60, Height: 41, RowLength: 180
Trace|BPP: 24, PaletteColors: 0, Transaparency: False
Trace|The image doesn't use a palette.
Trace|Resource 29 offset: 251892, length: 7396...
Debug|Reading resource 29...
Trace|Color bit encoding: 27
Trace|Reading image header...
Trace|Image header was read:
Trace|Width: 60, Height: 41, RowLength: 180
Trace|BPP: 24, PaletteColors: 0, Transaparency: False
Trace|The image doesn't use a palette.
Trace|Resource 30 offset: 259288, length: 7396...
Debug|Reading resource 30...
Trace|Color bit encoding: 27
Trace|Reading image header...
Trace|Image header was read:
Trace|Width: 60, Height: 41, RowLength: 180
Trace|BPP: 24, PaletteColors: 0, Transaparency: False
Trace|The image doesn't use a palette.
Trace|Resource 31 offset: 266684, length: 7396...
Debug|Reading resource 31...
Trace|Color bit encoding: 27
Trace|Reading image header...
Trace|Image header was read:
Trace|Width: 60, Height: 41, RowLength: 180
Trace|BPP: 24, PaletteColors: 0, Transaparency: False
Trace|The image doesn't use a palette.
Trace|Resource 32 offset: 274080, length: 7396...
Debug|Reading resource 32...
Trace|Color bit encoding: 27
Trace|Reading image header...
Trace|Image header was read:
Trace|Width: 60, Height: 41, RowLength: 180
Trace|BPP: 24, PaletteColors: 0, Transaparency: False
Trace|The image doesn't use a palette.
Trace|Resource 33 offset: 281476, length: 7396...
Debug|Reading resource 33...
Trace|Color bit encoding: 27
Trace|Reading image header...
Trace|Image header was read:
Trace|Width: 60, Height: 41, RowLength: 180
Trace|BPP: 24, PaletteColors: 0, Transaparency: False
Trace|The image doesn't use a palette.
Trace|Resource 34 offset: 288872, length: 7396...
Debug|Reading resource 34...
Trace|Color bit encoding: 27
Trace|Reading image header...
Trace|Image header was read:
Trace|Width: 60, Height: 41, RowLength: 180
Trace|BPP: 24, PaletteColors: 0, Transaparency: False
Trace|The image doesn't use a palette.
Trace|Resource 35 offset: 296268, length: 7396...
Debug|Reading resource 35...
Trace|Color bit encoding: 27
Trace|Reading image header...
Trace|Image header was read:
Trace|Width: 60, Height: 41, RowLength: 180
Trace|BPP: 24, PaletteColors: 0, Transaparency: False
Trace|The image doesn't use a palette.
Trace|Resource 36 offset: 303664, length: 7396...
Debug|Reading resource 36...
Trace|Color bit encoding: 27
Trace|Reading image header...
Trace|Image header was read:
Trace|Width: 60, Height: 41, RowLength: 180
Trace|BPP: 24, PaletteColors: 0, Transaparency: False
Trace|The image doesn't use a palette.
Trace|Resource 37 offset: 311060, length: 7396...
Debug|Reading resource 37...
Trace|Color bit encoding: 27
Trace|Reading image header...
Trace|Image header was read:
Trace|Width: 60, Height: 41, RowLength: 180
Trace|BPP: 24, PaletteColors: 0, Transaparency: False
Trace|The image doesn't use a palette.
Trace|Resource 38 offset: 318456, length: 7396...
Debug|Reading resource 38...
Trace|Color bit encoding: 27
Trace|Reading image header...
Trace|Image header was read:
Trace|Width: 60, Height: 41, RowLength: 180
Trace|BPP: 24, PaletteColors: 0, Transaparency: False
Trace|The image doesn't use a palette.
Trace|Resource 39 offset: 325852, length: 7396...
Debug|Reading resource 39...
Trace|Color bit encoding: 27
Trace|Reading image header...
Trace|Image header was read:
Trace|Width: 60, Height: 41, RowLength: 180
Trace|BPP: 24, PaletteColors: 0, Transaparency: False
Trace|The image doesn't use a palette.
Trace|Resource 40 offset: 333248, length: 7396...
Debug|Reading resource 40...
Trace|Color bit encoding: 27
Trace|Reading image header...
Trace|Image header was read:
Trace|Width: 60, Height: 41, RowLength: 180
Trace|BPP: 24, PaletteColors: 0, Transaparency: False
Trace|The image doesn't use a palette.
Trace|Resource 41 offset: 340644, length: 7396...
Debug|Reading resource 41...
Trace|Color bit encoding: 27
Trace|Reading image header...
Trace|Image header was read:
Trace|Width: 60, Height: 41, RowLength: 180
Trace|BPP: 24, PaletteColors: 0, Transaparency: False
Trace|The image doesn't use a palette.
Trace|Resource 42 offset: 348040, length: 9376...
Debug|Reading resource 42...
Trace|Color bit encoding: 27
Trace|Reading image header...
Trace|Image header was read:
Trace|Width: 60, Height: 52, RowLength: 180
Trace|BPP: 24, PaletteColors: 0, Transaparency: False
Trace|The image doesn't use a palette.
Trace|Resource 43 offset: 357416, length: 9376...
Debug|Reading resource 43...
Trace|Color bit encoding: 27
Trace|Reading image header...
Trace|Image header was read:
Trace|Width: 60, Height: 52, RowLength: 180
Trace|BPP: 24, PaletteColors: 0, Transaparency: False
Trace|The image doesn't use a palette.
Trace|Resource 44 offset: 366792, length: 9376...
Debug|Reading resource 44...
Trace|Color bit encoding: 27
Trace|Reading image header...
Trace|Image header was read:
Trace|Width: 60, Height: 52, RowLength: 180
Trace|BPP: 24, PaletteColors: 0, Transaparency: False
Trace|The image doesn't use a palette.
Trace|Resource 45 offset: 376168, length: 9376...
Debug|Reading resource 45...
Trace|Color bit encoding: 27
Trace|Reading image header...
Trace|Image header was read:
Trace|Width: 60, Height: 52, RowLength: 180
Trace|BPP: 24, PaletteColors: 0, Transaparency: False
Trace|The image doesn't use a palette.
Trace|Resource 46 offset: 385544, length: 9376...
Debug|Reading resource 46...
Trace|Color bit encoding: 27
Trace|Reading image header...
Trace|Image header was read:
Trace|Width: 60, Height: 52, RowLength: 180
Trace|BPP: 24, PaletteColors: 0, Transaparency: False
Trace|The image doesn't use a palette.
Trace|Resource 47 offset: 394920, length: 9376...
Debug|Reading resource 47...
Trace|Color bit encoding: 27
Trace|Reading image header...
Trace|Image header was read:
Trace|Width: 60, Height: 52, RowLength: 180
Trace|BPP: 24, PaletteColors: 0, Transaparency: False
Trace|The image doesn't use a palette.
Trace|Resource 48 offset: 404296, length: 9376...
Debug|Reading resource 48...
Trace|Color bit encoding: 27
Trace|Reading image header...
Trace|Image header was read:
Trace|Width: 60, Height: 52, RowLength: 180
Trace|BPP: 24, PaletteColors: 0, Transaparency: False
Trace|The image doesn't use a palette.
Trace|Resource 49 offset: 413672, length: 9376...
Debug|Reading resource 49...
Trace|Color bit encoding: 27
Trace|Reading image header...
Trace|Image header was read:
Trace|Width: 60, Height: 52, RowLength: 180
Trace|BPP: 24, PaletteColors: 0, Transaparency: False
Trace|The image doesn't use a palette.
Trace|Resource 50 offset: 423048, length: 9376...
Debug|Reading resource 50...
Trace|Color bit encoding: 27
Trace|Reading image header...
Trace|Image header was read:
Trace|Width: 60, Height: 52, RowLength: 180
Trace|BPP: 24, PaletteColors: 0, Transaparency: False
Trace|The image doesn't use a palette.
Trace|Resource 51 offset: 432424, length: 9376...
Debug|Reading resource 51...
Trace|Color bit encoding: 27
Trace|Reading image header...
Trace|Image header was read:
Trace|Width: 60, Height: 52, RowLength: 180
Trace|BPP: 24, PaletteColors: 0, Transaparency: False
Trace|The image doesn't use a palette.
Trace|Resource 52 offset: 441800, length: 6856...
Debug|Reading resource 52...
Trace|Color bit encoding: 27
Trace|Reading image header...
Trace|Image header was read:
Trace|Width: 60, Height: 38, RowLength: 180
Trace|BPP: 24, PaletteColors: 0, Transaparency: False
Trace|The image doesn't use a palette.
Trace|Resource 53 offset: 448656, length: 6856...
Debug|Reading resource 53...
Trace|Color bit encoding: 27
Trace|Reading image header...
Trace|Image header was read:
Trace|Width: 60, Height: 38, RowLength: 180
Trace|BPP: 24, PaletteColors: 0, Transaparency: False
Trace|The image doesn't use a palette.
Trace|Resource 54 offset: 455512, length: 6856...
Debug|Reading resource 54...
Trace|Color bit encoding: 27
Trace|Reading image header...
Trace|Image header was read:
Trace|Width: 60, Height: 38, RowLength: 180
Trace|BPP: 24, PaletteColors: 0, Transaparency: False
Trace|The image doesn't use a palette.
Trace|Resource 55 offset: 462368, length: 6856...
Debug|Reading resource 55...
Trace|Color bit encoding: 27
Trace|Reading image header...
Trace|Image header was read:
Trace|Width: 60, Height: 38, RowLength: 180
Trace|BPP: 24, PaletteColors: 0, Transaparency: False
Trace|The image doesn't use a palette.
Trace|Resource 56 offset: 469224, length: 6856...
Debug|Reading resource 56...
Trace|Color bit encoding: 27
Trace|Reading image header...
Trace|Image header was read:
Trace|Width: 60, Height: 38, RowLength: 180
Trace|BPP: 24, PaletteColors: 0, Transaparency: False
Trace|The image doesn't use a palette.
Trace|Resource 57 offset: 476080, length: 6856...
Debug|Reading resource 57...
Trace|Color bit encoding: 27
Trace|Reading image header...
Trace|Image header was read:
Trace|Width: 60, Height: 38, RowLength: 180
Trace|BPP: 24, PaletteColors: 0, Transaparency: False
Trace|The image doesn't use a palette.
Trace|Resource 58 offset: 482936, length: 6856...
Debug|Reading resource 58...
Trace|Color bit encoding: 27
Trace|Reading image header...
Trace|Image header was read:
Trace|Width: 60, Height: 38, RowLength: 180
Trace|BPP: 24, PaletteColors: 0, Transaparency: False
Trace|The image doesn't use a palette.
Trace|Resource 59 offset: 489792, length: 6856...
Debug|Reading resource 59...
Trace|Color bit encoding: 27
Trace|Reading image header...
Trace|Image header was read:
Trace|Width: 60, Height: 38, RowLength: 180
Trace|BPP: 24, PaletteColors: 0, Transaparency: False
Trace|The image doesn't use a palette.
Trace|Resource 60 offset: 496648, length: 6856...
Debug|Reading resource 60...
Trace|Color bit encoding: 27
Trace|Reading image header...
Trace|Image header was read:
Trace|Width: 60, Height: 38, RowLength: 180
Trace|BPP: 24, PaletteColors: 0, Transaparency: False
Trace|The image doesn't use a palette.
Trace|Resource 61 offset: 503504, length: 6856...
Debug|Reading resource 61...
Trace|Color bit encoding: 27
Trace|Reading image header...
Trace|Image header was read:
Trace|Width: 60, Height: 38, RowLength: 180
Trace|BPP: 24, PaletteColors: 0, Transaparency: False
Trace|The image doesn't use a palette.
Trace|Resource 62 offset: 510360, length: 316...
Debug|Reading resource 62...
Trace|Color bit encoding: 27
Trace|Reading image header...
Trace|Image header was read:
Trace|Width: 10, Height: 10, RowLength: 30
Trace|BPP: 24, PaletteColors: 0, Transaparency: False
Trace|The image doesn't use a palette.
Trace|Resource 63 offset: 510676, length: 6088...
Debug|Reading resource 63...
Trace|Color bit encoding: 27
Trace|Reading image header...
Trace|Image header was read:
Trace|Width: 44, Height: 46, RowLength: 132
Trace|BPP: 24, PaletteColors: 0, Transaparency: False
Trace|The image doesn't use a palette.
Trace|Resource 64 offset: 516764, length: 6088...
Debug|Reading resource 64...
Trace|Color bit encoding: 27
Trace|Reading image header...
Trace|Image header was read:
Trace|Width: 44, Height: 46, RowLength: 132
Trace|BPP: 24, PaletteColors: 0, Transaparency: False
Trace|The image doesn't use a palette.
Trace|Resource 65 offset: 522852, length: 6088...
Debug|Reading resource 65...
Trace|Color bit encoding: 27
Trace|Reading image header...
Trace|Image header was read:
Trace|Width: 44, Height: 46, RowLength: 132
Trace|BPP: 24, PaletteColors: 0, Transaparency: False
Trace|The image doesn't use a palette.
Trace|Resource 66 offset: 528940, length: 6088...
Debug|Reading resource 66...
Trace|Color bit encoding: 27
Trace|Reading image header...
Trace|Image header was read:
Trace|Width: 44, Height: 46, RowLength: 132
Trace|BPP: 24, PaletteColors: 0, Transaparency: False
Trace|The image doesn't use a palette.
Trace|Resource 67 offset: 535028, length: 6088...
Debug|Reading resource 67...
Trace|Color bit encoding: 27
Trace|Reading image header...
Trace|Image header was read:
Trace|Width: 44, Height: 46, RowLength: 132
Trace|BPP: 24, PaletteColors: 0, Transaparency: False
Trace|The image doesn't use a palette.
Trace|Resource 68 offset: 541116, length: 6088...
Debug|Reading resource 68...
Trace|Color bit encoding: 27
Trace|Reading image header...
Trace|Image header was read:
Trace|Width: 44, Height: 46, RowLength: 132
Trace|BPP: 24, PaletteColors: 0, Transaparency: False
Trace|The image doesn't use a palette.
Trace|Resource 69 offset: 547204, length: 6088...
Debug|Reading resource 69...
Trace|Color bit encoding: 27
Trace|Reading image header...
Trace|Image header was read:
Trace|Width: 44, Height: 46, RowLength: 132
Trace|BPP: 24, PaletteColors: 0, Transaparency: False
Trace|The image doesn't use a palette.
Trace|Resource 70 offset: 553292, length: 6088...
Debug|Reading resource 70...
Trace|Color bit encoding: 27
Trace|Reading image header...
Trace|Image header was read:
Trace|Width: 44, Height: 46, RowLength: 132
Trace|BPP: 24, PaletteColors: 0, Transaparency: False
Trace|The image doesn't use a palette.
Trace|Resource 71 offset: 559380, length: 6088...
Debug|Reading resource 71...
Trace|Color bit encoding: 27
Trace|Reading image header...
Trace|Image header was read:
Trace|Width: 44, Height: 46, RowLength: 132
Trace|BPP: 24, PaletteColors: 0, Transaparency: False
Trace|The image doesn't use a palette.
Trace|Resource 72 offset: 565468, length: 6088...
Debug|Reading resource 72...
Trace|Color bit encoding: 27
Trace|Reading image header...
Trace|Image header was read:
Trace|Width: 44, Height: 46, RowLength: 132
Trace|BPP: 24, PaletteColors: 0, Transaparency: False
Trace|The image doesn't use a palette.
Trace|Resource 73 offset: 571556, length: 6088...
Debug|Reading resource 73...
Trace|Color bit encoding: 27
Trace|Reading image header...
Trace|Image header was read:
Trace|Width: 44, Height: 46, RowLength: 132
Trace|BPP: 24, PaletteColors: 0, Transaparency: False
Trace|The image doesn't use a palette.
Trace|Resource 74 offset: 577644, length: 6088...
Debug|Reading resource 74...
Trace|Color bit encoding: 27
Trace|Reading image header...
Trace|Image header was read:
Trace|Width: 44, Height: 46, RowLength: 132
Trace|BPP: 24, PaletteColors: 0, Transaparency: False
Trace|The image doesn't use a palette.
Trace|Resource 75 offset: 583732, length: 340...
Debug|Reading resource 75...
Trace|Color bit encoding: 27
Trace|Reading image header...
Trace|Image header was read:
Trace|Width: 9, Height: 12, RowLength: 27
Trace|BPP: 24, PaletteColors: 0, Transaparency: False
Trace|The image doesn't use a palette.
Trace|Resource 76 offset: 584072, length: 340...
Debug|Reading resource 76...
Trace|Color bit encoding: 27
Trace|Reading image header...
Trace|Image header was read:
Trace|Width: 9, Height: 12, RowLength: 27
Trace|BPP: 24, PaletteColors: 0, Transaparency: False
Trace|The image doesn't use a palette.
Trace|Resource 77 offset: 584412, length: 340...
Debug|Reading resource 77...
Trace|Color bit encoding: 27
Trace|Reading image header...
Trace|Image header was read:
Trace|Width: 9, Height: 12, RowLength: 27
Trace|BPP: 24, PaletteColors: 0, Transaparency: False
Trace|The image doesn't use a palette.
Trace|Resource 78 offset: 584752, length: 340...
Debug|Reading resource 78...
Trace|Color bit encoding: 27
Trace|Reading image header...
Trace|Image header was read:
Trace|Width: 9, Height: 12, RowLength: 27
Trace|BPP: 24, PaletteColors: 0, Transaparency: False
Trace|The image doesn't use a palette.
Trace|Resource 79 offset: 585092, length: 340...
Debug|Reading resource 79...
Trace|Color bit encoding: 27
Trace|Reading image header...
Trace|Image header was read:
Trace|Width: 9, Height: 12, RowLength: 27
Trace|BPP: 24, PaletteColors: 0, Transaparency: False
Trace|The image doesn't use a palette.
Trace|Resource 80 offset: 585432, length: 340...
Debug|Reading resource 80...
Trace|Color bit encoding: 27
Trace|Reading image header...
Trace|Image header was read:
Trace|Width: 9, Height: 12, RowLength: 27
Trace|BPP: 24, PaletteColors: 0, Transaparency: False
Trace|The image doesn't use a palette.
Trace|Resource 81 offset: 585772, length: 340...
Debug|Reading resource 81...
Trace|Color bit encoding: 27
Trace|Reading image header...
Trace|Image header was read:
Trace|Width: 9, Height: 12, RowLength: 27
Trace|BPP: 24, PaletteColors: 0, Transaparency: False
Trace|The image doesn't use a palette.
Trace|Resource 82 offset: 586112, length: 340...
Debug|Reading resource 82...
Trace|Color bit encoding: 27
Trace|Reading image header...
Trace|Image header was read:
Trace|Width: 9, Height: 12, RowLength: 27
Trace|BPP: 24, PaletteColors: 0, Transaparency: False
Trace|The image doesn't use a palette.
Trace|Resource 83 offset: 586452, length: 340...
Debug|Reading resource 83...
Trace|Color bit encoding: 27
Trace|Reading image header...
Trace|Image header was read:
Trace|Width: 9, Height: 12, RowLength: 27
Trace|BPP: 24, PaletteColors: 0, Transaparency: False
Trace|The image doesn't use a palette.
Trace|Resource 84 offset: 586792, length: 340...
Debug|Reading resource 84...
Trace|Color bit encoding: 27
Trace|Reading image header...
Trace|Image header was read:
Trace|Width: 9, Height: 12, RowLength: 27
Trace|BPP: 24, PaletteColors: 0, Transaparency: False
Trace|The image doesn't use a palette.
Trace|Resource 85 offset: 587132, length: 928...
Debug|Reading resource 85...
Trace|Color bit encoding: 27
Trace|Reading image header...
Trace|Image header was read:
Trace|Width: 16, Height: 19, RowLength: 48
Trace|BPP: 24, PaletteColors: 0, Transaparency: False
Trace|The image doesn't use a palette.
Trace|Resource 86 offset: 588060, length: 928...
Debug|Reading resource 86...
Trace|Color bit encoding: 27
Trace|Reading image header...
Trace|Image header was read:
Trace|Width: 16, Height: 19, RowLength: 48
Trace|BPP: 24, PaletteColors: 0, Transaparency: False
Trace|The image doesn't use a palette.
Trace|Resource 87 offset: 588988, length: 928...
Debug|Reading resource 87...
Trace|Color bit encoding: 27
Trace|Reading image header...
Trace|Image header was read:
Trace|Width: 16, Height: 19, RowLength: 48
Trace|BPP: 24, PaletteColors: 0, Transaparency: False
Trace|The image doesn't use a palette.
Trace|Resource 88 offset: 589916, length: 928...
Debug|Reading resource 88...
Trace|Color bit encoding: 27
Trace|Reading image header...
Trace|Image header was read:
Trace|Width: 16, Height: 19, RowLength: 48
Trace|BPP: 24, PaletteColors: 0, Transaparency: False
Trace|The image doesn't use a palette.
Trace|Resource 89 offset: 590844, length: 928...
Debug|Reading resource 89...
Trace|Color bit encoding: 27
Trace|Reading image header...
Trace|Image header was read:
Trace|Width: 16, Height: 19, RowLength: 48
Trace|BPP: 24, PaletteColors: 0, Transaparency: False
Trace|The image doesn't use a palette.
Trace|Resource 90 offset: 591772, length: 928...
Debug|Reading resource 90...
Trace|Color bit encoding: 27
Trace|Reading image header...
Trace|Image header was read:
Trace|Width: 16, Height: 19, RowLength: 48
Trace|BPP: 24, PaletteColors: 0, Transaparency: False
Trace|The image doesn't use a palette.
Trace|Resource 91 offset: 592700, length: 928...
Debug|Reading resource 91...
Trace|Color bit encoding: 27
Trace|Reading image header...
Trace|Image header was read:
Trace|Width: 16, Height: 19, RowLength: 48
Trace|BPP: 24, PaletteColors: 0, Transaparency: False
Trace|The image doesn't use a palette.
Trace|Resource 92 offset: 593628, length: 928...
Debug|Reading resource 92...
Trace|Color bit encoding: 27
Trace|Reading image header...
Trace|Image header was read:
Trace|Width: 16, Height: 19, RowLength: 48
Trace|BPP: 24, PaletteColors: 0, Transaparency: False
Trace|The image doesn't use a palette.
Trace|Resource 93 offset: 594556, length: 928...
Debug|Reading resource 93...
Trace|Color bit encoding: 27
Trace|Reading image header...
Trace|Image header was read:
Trace|Width: 16, Height: 19, RowLength: 48
Trace|BPP: 24, PaletteColors: 0, Transaparency: False
Trace|The image doesn't use a palette.
Trace|Resource 94 offset: 595484, length: 928...
Debug|Reading resource 94...
Trace|Color bit encoding: 27
Trace|Reading image header...
Trace|Image header was read:
Trace|Width: 16, Height: 19, RowLength: 48
Trace|BPP: 24, PaletteColors: 0, Transaparency: False
Trace|The image doesn't use a palette.
Trace|Resource 95 offset: 596412, length: 601...
Debug|Reading resource 95...
Trace|Color bit encoding: 27
Trace|Reading image header...
Trace|Image header was read:
Trace|Width: 13, Height: 15, RowLength: 39
Trace|BPP: 24, PaletteColors: 0, Transaparency: False
Trace|The image doesn't use a palette.
Trace|Resource 96 offset: 597013, length: 601...
Debug|Reading resource 96...
Trace|Color bit encoding: 27
Trace|Reading image header...
Trace|Image header was read:
Trace|Width: 13, Height: 15, RowLength: 39
Trace|BPP: 24, PaletteColors: 0, Transaparency: False
Trace|The image doesn't use a palette.
Trace|Resource 97 offset: 597614, length: 601...
Debug|Reading resource 97...
Trace|Color bit encoding: 27
Trace|Reading image header...
Trace|Image header was read:
Trace|Width: 13, Height: 15, RowLength: 39
Trace|BPP: 24, PaletteColors: 0, Transaparency: False
Trace|The image doesn't use a palette.
Trace|Resource 98 offset: 598215, length: 601...
Debug|Reading resource 98...
Trace|Color bit encoding: 27
Trace|Reading image header...
Trace|Image header was read:
Trace|Width: 13, Height: 15, RowLength: 39
Trace|BPP: 24, PaletteColors: 0, Transaparency: False
Trace|The image doesn't use a palette.
Trace|Resource 99 offset: 598816, length: 601...
Debug|Reading resource 99...
Trace|Color bit encoding: 27
Trace|Reading image header...
Trace|Image header was read:
Trace|Width: 13, Height: 15, RowLength: 39
Trace|BPP: 24, PaletteColors: 0, Transaparency: False
Trace|The image doesn't use a palette.
Trace|Resource 100 offset: 599417, length: 601...
Debug|Reading resource 100...
Trace|Color bit encoding: 27
Trace|Reading image header...
Trace|Image header was read:
Trace|Width: 13, Height: 15, RowLength: 39
Trace|BPP: 24, PaletteColors: 0, Transaparency: False
Trace|The image doesn't use a palette.
Trace|Resource 101 offset: 600018, length: 601...
Debug|Reading resource 101...
Trace|Color bit encoding: 27
Trace|Reading image header...
Trace|Image header was read:
Trace|Width: 13, Height: 15, RowLength: 39
Trace|BPP: 24, PaletteColors: 0, Transaparency: False
Trace|The image doesn't use a palette.
Trace|Resource 102 offset: 600619, length: 601...
Debug|Reading resource 102...
Trace|Color bit encoding: 27
Trace|Reading image header...
Trace|Image header was read:
Trace|Width: 13, Height: 15, RowLength: 39
Trace|BPP: 24, PaletteColors: 0, Transaparency: False
Trace|The image doesn't use a palette.
Trace|Resource 103 offset: 601220, length: 601...
Debug|Reading resource 103...
Trace|Color bit encoding: 27
Trace|Reading image header...
Trace|Image header was read:
Trace|Width: 13, Height: 15, RowLength: 39
Trace|BPP: 24, PaletteColors: 0, Transaparency: False
Trace|The image doesn't use a palette.
Trace|Resource 104 offset: 601821, length: 601...
Debug|Reading resource 104...
Trace|Color bit encoding: 27
Trace|Reading image header...
Trace|Image header was read:
Trace|Width: 13, Height: 15, RowLength: 39
Trace|BPP: 24, PaletteColors: 0, Transaparency: False
Trace|The image doesn't use a palette.
Trace|Resource 105 offset: 602422, length: 205...
Debug|Reading resource 105...
Trace|Color bit encoding: 27
Trace|Reading image header...
Trace|Image header was read:
Trace|Width: 7, Height: 9, RowLength: 21
Trace|BPP: 24, PaletteColors: 0, Transaparency: False
Trace|The image doesn't use a palette.
Trace|Resource 106 offset: 602627, length: 205...
Debug|Reading resource 106...
Trace|Color bit encoding: 27
Trace|Reading image header...
Trace|Image header was read:
Trace|Width: 7, Height: 9, RowLength: 21
Trace|BPP: 24, PaletteColors: 0, Transaparency: False
Trace|The image doesn't use a palette.
Trace|Resource 107 offset: 602832, length: 205...
Debug|Reading resource 107...
Trace|Color bit encoding: 27
Trace|Reading image header...
Trace|Image header was read:
Trace|Width: 7, Height: 9, RowLength: 21
Trace|BPP: 24, PaletteColors: 0, Transaparency: False
Trace|The image doesn't use a palette.
Trace|Resource 108 offset: 603037, length: 205...
Debug|Reading resource 108...
Trace|Color bit encoding: 27
Trace|Reading image header...
Trace|Image header was read:
Trace|Width: 7, Height: 9, RowLength: 21
Trace|BPP: 24, PaletteColors: 0, Transaparency: False
Trace|The image doesn't use a palette.
Trace|Resource 109 offset: 603242, length: 205...
Debug|Reading resource 109...
Trace|Color bit encoding: 27
Trace|Reading image header...
Trace|Image header was read:
Trace|Width: 7, Height: 9, RowLength: 21
Trace|BPP: 24, PaletteColors: 0, Transaparency: False
Trace|The image doesn't use a palette.
Trace|Resource 110 offset: 603447, length: 205...
Debug|Reading resource 110...
Trace|Color bit encoding: 27
Trace|Reading image header...
Trace|Image header was read:
Trace|Width: 7, Height: 9, RowLength: 21
Trace|BPP: 24, PaletteColors: 0, Transaparency: False
Trace|The image doesn't use a palette.
Trace|Resource 111 offset: 603652, length: 205...
Debug|Reading resource 111...
Trace|Color bit encoding: 27
Trace|Reading image header...
Trace|Image header was read:
Trace|Width: 7, Height: 9, RowLength: 21
Trace|BPP: 24, PaletteColors: 0, Transaparency: False
Trace|The image doesn't use a palette.
Trace|Resource 112 offset: 603857, length: 205...
Debug|Reading resource 112...
Trace|Color bit encoding: 27
Trace|Reading image header...
Trace|Image header was read:
Trace|Width: 7, Height: 9, RowLength: 21
Trace|BPP: 24, PaletteColors: 0, Transaparency: False
Trace|The image doesn't use a palette.
Trace|Resource 113 offset: 604062, length: 205...
Debug|Reading resource 113...
Trace|Color bit encoding: 27
Trace|Reading image header...
Trace|Image header was read:
Trace|Width: 7, Height: 9, RowLength: 21
Trace|BPP: 24, PaletteColors: 0, Transaparency: False
Trace|The image doesn't use a palette.
Trace|Resource 114 offset: 604267, length: 205...
Debug|Reading resource 114...
Trace|Color bit encoding: 27
Trace|Reading image header...
Trace|Image header was read:
Trace|Width: 7, Height: 9, RowLength: 21
Trace|BPP: 24, PaletteColors: 0, Transaparency: False
Trace|The image doesn't use a palette.
Trace|Resource 115 offset: 604472, length: 97...
Debug|Reading resource 115...
Trace|Color bit encoding: 27
Trace|Reading image header...
Trace|Image header was read:
Trace|Width: 3, Height: 9, RowLength: 9
Trace|BPP: 24, PaletteColors: 0, Transaparency: False
Trace|The image doesn't use a palette.
Trace|Resource 116 offset: 604569, length: 205...
Debug|Reading resource 116...
Trace|Color bit encoding: 27
Trace|Reading image header...
Trace|Image header was read:
Trace|Width: 7, Height: 9, RowLength: 21
Trace|BPP: 24, PaletteColors: 0, Transaparency: False
Trace|The image doesn't use a palette.
Trace|Resource 117 offset: 604774, length: 205...
Debug|Reading resource 117...
Trace|Color bit encoding: 27
Trace|Reading image header...
Trace|Image header was read:
Trace|Width: 7, Height: 9, RowLength: 21
Trace|BPP: 24, PaletteColors: 0, Transaparency: False
Trace|The image doesn't use a palette.
Trace|Resource 118 offset: 604979, length: 205...
Debug|Reading resource 118...
Trace|Color bit encoding: 27
Trace|Reading image header...
Trace|Image header was read:
Trace|Width: 7, Height: 9, RowLength: 21
Trace|BPP: 24, PaletteColors: 0, Transaparency: False
Trace|The image doesn't use a palette.
Trace|Resource 119 offset: 605184, length: 205...
Debug|Reading resource 119...
Trace|Color bit encoding: 27
Trace|Reading image header...
Trace|Image header was read:
Trace|Width: 7, Height: 9, RowLength: 21
Trace|BPP: 24, PaletteColors: 0, Transaparency: False
Trace|The image doesn't use a palette.
Trace|Resource 120 offset: 605389, length: 205...
Debug|Reading resource 120...
Trace|Color bit encoding: 27
Trace|Reading image header...
Trace|Image header was read:
Trace|Width: 7, Height: 9, RowLength: 21
Trace|BPP: 24, PaletteColors: 0, Transaparency: False
Trace|The image doesn't use a palette.
Trace|Resource 121 offset: 605594, length: 205...
Debug|Reading resource 121...
Trace|Color bit encoding: 27
Trace|Reading image header...
Trace|Image header was read:
Trace|Width: 7, Height: 9, RowLength: 21
Trace|BPP: 24, PaletteColors: 0, Transaparency: False
Trace|The image doesn't use a palette.
Trace|Resource 122 offset: 605799, length: 205...
Debug|Reading resource 122...
Trace|Color bit encoding: 27
Trace|Reading image header...
Trace|Image header was read:
Trace|Width: 7, Height: 9, RowLength: 21
Trace|BPP: 24, PaletteColors: 0, Transaparency: False
Trace|The image doesn't use a palette.
Trace|Resource 123 offset: 606004, length: 205...
Debug|Reading resource 123...
Trace|Color bit encoding: 27
Trace|Reading image header...
Trace|Image header was read:
Trace|Width: 7, Height: 9, RowLength: 21
Trace|BPP: 24, PaletteColors: 0, Transaparency: False
Trace|The image doesn't use a palette.
Trace|Resource 124 offset: 606209, length: 205...
Debug|Reading resource 124...
Trace|Color bit encoding: 27
Trace|Reading image header...
Trace|Image header was read:
Trace|Width: 7, Height: 9, RowLength: 21
Trace|BPP: 24, PaletteColors: 0, Transaparency: False
Trace|The image doesn't use a palette.
Trace|Resource 125 offset: 606414, length: 205...
Debug|Reading resource 125...
Trace|Color bit encoding: 27
Trace|Reading image header...
Trace|Image header was read:
Trace|Width: 7, Height: 9, RowLength: 21
Trace|BPP: 24, PaletteColors: 0, Transaparency: False
Trace|The image doesn't use a palette.
Trace|Resource 126 offset: 606619, length: 97...
Debug|Reading resource 126...
Trace|Color bit encoding: 27
Trace|Reading image header...
Trace|Image header was read:
Trace|Width: 3, Height: 9, RowLength: 9
Trace|BPP: 24, PaletteColors: 0, Transaparency: False
Trace|The image doesn't use a palette.
Trace|Resource 127 offset: 606716, length: 19...
Debug|Reading resource 127...
Trace|Color bit encoding: 27
Trace|Reading image header...
Trace|Image header was read:
Trace|Width: 1, Height: 1, RowLength: 3
Trace|BPP: 24, PaletteColors: 0, Transaparency: False
Trace|The image doesn't use a palette.
Trace|Resource 128 offset: 606735, length: 415...
Debug|Reading resource 128...
Trace|Color bit encoding: 27
Trace|Reading image header...
Trace|Image header was read:
Trace|Width: 7, Height: 19, RowLength: 21
Trace|BPP: 24, PaletteColors: 0, Transaparency: False
Trace|The image doesn't use a palette.
Trace|Resource 129 offset: 607150, length: 520...
Debug|Reading resource 129...
Trace|Color bit encoding: 27
Trace|Reading image header...
Trace|Image header was read:
Trace|Width: 12, Height: 14, RowLength: 36
Trace|BPP: 24, PaletteColors: 0, Transaparency: False
Trace|The image doesn't use a palette.
Trace|Resource 130 offset: 607670, length: 520...
Debug|Reading resource 130...
Trace|Color bit encoding: 27
Trace|Reading image header...
Trace|Image header was read:
Trace|Width: 12, Height: 14, RowLength: 36
Trace|BPP: 24, PaletteColors: 0, Transaparency: False
Trace|The image doesn't use a palette.
Trace|Resource 131 offset: 608190, length: 520...
Debug|Reading resource 131...
Trace|Color bit encoding: 27
Trace|Reading image header...
Trace|Image header was read:
Trace|Width: 12, Height: 14, RowLength: 36
Trace|BPP: 24, PaletteColors: 0, Transaparency: False
Trace|The image doesn't use a palette.
Trace|Resource 132 offset: 608710, length: 520...
Debug|Reading resource 132...
Trace|Color bit encoding: 27
Trace|Reading image header...
Trace|Image header was read:
Trace|Width: 12, Height: 14, RowLength: 36
Trace|BPP: 24, PaletteColors: 0, Transaparency: False
Trace|The image doesn't use a palette.
Trace|Resource 133 offset: 609230, length: 520...
Debug|Reading resource 133...
Trace|Color bit encoding: 27
Trace|Reading image header...
Trace|Image header was read:
Trace|Width: 12, Height: 14, RowLength: 36
Trace|BPP: 24, PaletteColors: 0, Transaparency: False
Trace|The image doesn't use a palette.
Trace|Resource 134 offset: 609750, length: 520...
Debug|Reading resource 134...
Trace|Color bit encoding: 27
Trace|Reading image header...
Trace|Image header was read:
Trace|Width: 12, Height: 14, RowLength: 36
Trace|BPP: 24, PaletteColors: 0, Transaparency: False
Trace|The image doesn't use a palette.
Trace|Resource 135 offset: 610270, length: 520...
Debug|Reading resource 135...
Trace|Color bit encoding: 27
Trace|Reading image header...
Trace|Image header was read:
Trace|Width: 12, Height: 14, RowLength: 36
Trace|BPP: 24, PaletteColors: 0, Transaparency: False
Trace|The image doesn't use a palette.
Trace|Resource 136 offset: 610790, length: 520...
Debug|Reading resource 136...
Trace|Color bit encoding: 27
Trace|Reading image header...
Trace|Image header was read:
Trace|Width: 12, Height: 14, RowLength: 36
Trace|BPP: 24, PaletteColors: 0, Transaparency: False
Trace|The image doesn't use a palette.
Trace|Resource 137 offset: 611310, length: 520...
Debug|Reading resource 137...
Trace|Color bit encoding: 27
Trace|Reading image header...
Trace|Image header was read:
Trace|Width: 12, Height: 14, RowLength: 36
Trace|BPP: 24, PaletteColors: 0, Transaparency: False
Trace|The image doesn't use a palette.
Trace|Resource 138 offset: 611830, length: 520...
Debug|Reading resource 138...
Trace|Color bit encoding: 27
Trace|Reading image header...
Trace|Image header was read:
Trace|Width: 12, Height: 14, RowLength: 36
Trace|BPP: 24, PaletteColors: 0, Transaparency: False
Trace|The image doesn't use a palette.
Trace|Resource 139 offset: 612350, length: 520...
Debug|Reading resource 139...
Trace|Color bit encoding: 27
Trace|Reading image header...
Trace|Image header was read:
Trace|Width: 14, Height: 12, RowLength: 42
Trace|BPP: 24, PaletteColors: 0, Transaparency: False
Trace|The image doesn't use a palette.
Debug|Parsing parameters...
Trace|2 'Background'
Trace|2.1 'Image'
Trace|2.1.1 'X': 0
Trace|2.1.2 'Y': 0
Trace|2.1.3 'ImageIndex': 0
Trace|3 'Time'
Trace|3.1 'Hours'
Trace|3.1.1 'Tens'
Trace|3.1.1.1 'X': 66
Trace|3.1.1.2 'Y': 25
Trace|3.1.1.3 'ImageIndex': 13
Trace|3.1.1.4 'ImagesCount': 3
Trace|3.1.2 'Ones'
Trace|3.1.2.1 'X': 66
Trace|3.1.2.2 'Y': 25
Trace|3.1.2.3 'ImageIndex': 16
Trace|3.1.2.4 'ImagesCount': 10
Trace|3.2 'Minutes'
Trace|3.2.1 'Tens'
Trace|3.2.1.1 'X': 66
Trace|3.2.1.2 'Y': 25
Trace|3.2.1.3 'ImageIndex': 26
Trace|3.2.1.4 'ImagesCount': 6
Trace|3.2.2 'Ones'
Trace|3.2.2.1 'X': 66
Trace|3.2.2.2 'Y': 25
Trace|3.2.2.3 'ImageIndex': 32
Trace|3.2.2.4 'ImagesCount': 10
Trace|3.11 'UnknownV11': 0
Trace|4 'Activity'
Trace|4.1 'Steps'
Trace|4.1.1 'Number'
Trace|4.1.1.1 'TopLeftX': 0
Trace|4.1.1.2 'TopLeftY': 274
Trace|4.1.1.3 'BottomRightX': 124
Trace|4.1.1.4 'BottomRightY': 0
Trace|4.1.1.5 'Alignment': 4
Trace|4.1.1.6 'SpacingX': 1
Trace|4.1.1.7 'SpacingY': 0
Trace|4.1.1.8 'ImageIndex': 75
Trace|4.1.1.9 'ImagesCount': 10
Trace|4.3 'Calories'
Trace|4.3.1 'Text'
Trace|4.3.1.1 'TopLeftX': 3
Trace|4.3.1.2 'TopLeftY': 140
Trace|4.3.1.3 'BottomRightX': 63
Trace|4.3.1.4 'BottomRightY': 0
Trace|4.3.1.5 'Alignment': 72
Trace|4.3.1.6 'SpacingX': -1
Trace|4.3.1.7 'SpacingY': 0
Trace|4.3.1.8 'ImageIndex': 95
Trace|4.3.1.9 'ImagesCount': 10
Trace|4.4 'Pulse'
Trace|4.4.1 'Number'
Trace|4.4.1.1 'TopLeftX': 33
Trace|4.4.1.2 'TopLeftY': 88
Trace|4.4.1.3 'BottomRightX': 93
Trace|4.4.1.4 'BottomRightY': 0
Trace|4.4.1.5 'Alignment': 72
Trace|4.4.1.6 'SpacingX': -1
Trace|4.4.1.7 'SpacingY': 0
Trace|4.4.1.8 'ImageIndex': 95
Trace|4.4.1.9 'ImagesCount': 10
Trace|4.4.3 'NoDataImageIndex': 4
Trace|4.6 'PAI'
Trace|4.6.1 'Number'
Trace|4.6.1.1 'TopLeftX': 63
Trace|4.6.1.2 'TopLeftY': 140
Trace|4.6.1.3 'BottomRightX': 123
Trace|4.6.1.4 'BottomRightY': 0
Trace|4.6.1.5 'Alignment': 72
Trace|4.6.1.6 'SpacingX': -1
Trace|4.6.1.7 'SpacingY': 0
Trace|4.6.1.8 'ImageIndex': 95
Trace|4.6.1.9 'ImagesCount': 10
Trace|4.7 'UnknownV7': 0
Trace|5 'Date'
Trace|5.1 'MonthAndDayAndYear'
Trace|5.1.1 'Separate'
Trace|5.1.1.2 'MonthsEN'
Trace|5.1.1.2.1 'X': 0
Trace|5.1.1.2.2 'Y': 223
Trace|5.1.1.2.3 'ImageIndex': 63
Trace|5.1.1.2.4 'ImagesCount': 12
Trace|5.1.1.3 'MonthsCN'
Trace|5.1.1.3.1 'X': 0
Trace|5.1.1.3.2 'Y': 223
Trace|5.1.1.3.3 'ImageIndex': 63
Trace|5.1.1.3.4 'ImagesCount': 12
Trace|5.1.1.4 'Day'
Trace|5.1.1.4.1 'TopLeftX': 36
Trace|5.1.1.4.2 'TopLeftY': 252
Trace|5.1.1.4.3 'BottomRightX': 0
Trace|5.1.1.4.4 'BottomRightY': 0
Trace|5.1.1.4.5 'Alignment': 4
Trace|5.1.1.4.6 'SpacingX': -2
Trace|5.1.1.4.7 'SpacingY': 0
Trace|5.1.1.4.8 'ImageIndex': 129
Trace|5.1.1.4.9 'ImagesCount': 10
Trace|5.1.4 'TwoDigitsMonth': 0
Trace|5.1.5 'TwoDigitsDay': 1
Trace|5.4 'ENWeekDays'
Trace|5.4.1 'X': 0
Trace|5.4.2 'Y': 249
Trace|5.4.3 'ImageIndex': 6
Trace|5.4.4 'ImagesCount': 7
Trace|5.5 'CNWeekDays'
Trace|5.5.1 'X': 0
Trace|5.5.2 'Y': 249
Trace|5.5.3 'ImageIndex': 4
Trace|5.5.4 'ImagesCount': 1
Trace|5.6 'CN2WeekDays'
Trace|5.6.1 'X': 0
Trace|5.6.2 'Y': 249
Trace|5.6.3 'ImageIndex': 5
Trace|5.6.4 'ImagesCount': 1
Trace|6 'Weather'
Trace|6.2 'Temperature'
Trace|6.2.1 'Current'
Trace|6.2.1.1 'Number'
Trace|6.2.1.1.1 'TopLeftX': 42
Trace|6.2.1.1.2 'TopLeftY': 188
Trace|6.2.1.1.3 'BottomRightX': 84
Trace|6.2.1.1.4 'BottomRightY': 0
Trace|6.2.1.1.5 'Alignment': 72
Trace|6.2.1.1.6 'SpacingX': 0
Trace|6.2.1.1.7 'SpacingY': 0
Trace|6.2.1.1.8 'ImageIndex': 85
Trace|6.2.1.1.9 'ImagesCount': 10
Trace|6.2.1.2 'MinusImageIndex': 128
Trace|6.2.2 'Today'
Trace|6.2.2.1 'Separate'
Trace|6.2.2.1.1 'Day'
Trace|6.2.2.1.1.1 'Number'
Trace|6.2.2.1.1.1.1 'TopLeftX': 0
Trace|6.2.2.1.1.1.2 'TopLeftY': 212
Trace|6.2.2.1.1.1.3 'BottomRightX': 82
Trace|6.2.2.1.1.1.4 'BottomRightY': 0
Trace|6.2.2.1.1.1.5 'Alignment': 20
Trace|6.2.2.1.1.1.6 'SpacingX': 1
Trace|6.2.2.1.1.1.7 'SpacingY': 0
Trace|6.2.2.1.1.1.8 'ImageIndex': 105
Trace|6.2.2.1.1.1.9 'ImagesCount': 10
Trace|6.2.2.1.1.2 'MinusImageIndex': 115
Trace|6.2.2.1.1.3 'DegreesImageIndex': 127
Trace|6.2.2.1.2 'Night'
Trace|6.2.2.1.2.1 'Number'
Trace|6.2.2.1.2.1.1 'TopLeftX': 44
Trace|6.2.2.1.2.1.2 'TopLeftY': 212
Trace|6.2.2.1.2.1.3 'BottomRightX': 0
Trace|6.2.2.1.2.1.4 'BottomRightY': 0
Trace|6.2.2.1.2.1.5 'Alignment': 18
Trace|6.2.2.1.2.1.6 'SpacingX': 1
Trace|6.2.2.1.2.1.7 'SpacingY': 0
Trace|6.2.2.1.2.1.8 'ImageIndex': 116
Trace|6.2.2.1.2.1.9 'ImagesCount': 10
Trace|6.2.2.1.2.2 'MinusImageIndex': 126
Trace|6.2.2.1.2.3 'DegreesImageIndex': 127
Trace|7 'StepsProgress'
Trace|7.3 'Linear'
Trace|7.3.1 'StartImageIndex': 52
Trace|7.3.2 'Segments'
Trace|7.3.2.1 'X': 66
Trace|7.3.2.2 'Y': 231
Trace|7.3.2 'Segments'
Trace|7.3.2.1 'X': 66
Trace|7.3.2.2 'Y': 231
Trace|7.3.2 'Segments'
Trace|7.3.2.1 'X': 66
Trace|7.3.2.2 'Y': 231
Trace|7.3.2 'Segments'
Trace|7.3.2.1 'X': 66
Trace|7.3.2.2 'Y': 231
Trace|7.3.2 'Segments'
Trace|7.3.2.1 'X': 66
Trace|7.3.2.2 'Y': 231
Trace|7.3.2 'Segments'
Trace|7.3.2.1 'X': 66
Trace|7.3.2.2 'Y': 231
Trace|7.3.2 'Segments'
Trace|7.3.2.1 'X': 66
Trace|7.3.2.2 'Y': 231
Trace|7.3.2 'Segments'
Trace|7.3.2.1 'X': 66
Trace|7.3.2.2 'Y': 231
Trace|7.3.2 'Segments'
Trace|7.3.2.1 'X': 66
Trace|7.3.2.2 'Y': 231
Trace|7.3.2 'Segments'
Trace|7.3.2.1 'X': 66
Trace|7.3.2.2 'Y': 231
Trace|8 'Status'
Trace|8.1 'DoNotDisturb'
Trace|8.1.1 'Coordinates'
Trace|8.1.1.1 'X': 48
Trace|8.1.1.2 'Y': 4
Trace|8.1.2 'ImageIndexOn': 2
Trace|8.2 'Lock'
Trace|8.2.1 'Coordinates'
Trace|8.2.1.1 'X': 59
Trace|8.2.1.2 'Y': 4
Trace|8.2.3 'ImageIndexOff': 1
Trace|8.3 'Bluetooth'
Trace|8.3.1 'Coordinates'
Trace|8.3.1.1 'X': 70
Trace|8.3.1.2 'Y': 4
Trace|8.3.2 'ImageIndexOn': 3
Trace|9 'Battery'
Trace|9.1 'BatteryText'
Trace|9.1.1 'Coordinates'
Trace|9.1.1.1 'TopLeftX': 1
Trace|9.1.1.2 'TopLeftY': 13
Trace|9.1.1.3 'BottomRightX': 0
Trace|9.1.1.4 'BottomRightY': 0
Trace|9.1.1.5 'Alignment': 2
Trace|9.1.1.6 'SpacingX': 1
Trace|9.1.1.7 'SpacingY': 0
Trace|9.1.1.8 'ImageIndex': 75
Trace|9.1.1.9 'ImagesCount': 10
Trace|9.1.4 'SuffixImageIndex': 139
Trace|9.2 'BatteryIcon'
Trace|9.2.1 'X': 0
Trace|9.2.2 'Y': 16
Trace|9.2.3 'ImageIndex': 42
Trace|9.2.4 'ImagesCount': 10
Trace|10 'AnalogDialFace'
Trace|10.1 'Hours'
Trace|10.1.1 'OnlyBorder': 0
Trace|10.1.2 'Color': 11447982
Trace|10.1.3 'Center'
Trace|10.1.3.1 'X': 63
Trace|10.1.3.2 'Y': 148
Trace|10.1.4 'Shape'
Trace|10.1.4.1 'X': 2
Trace|10.1.4.2 'Y': -2
Trace|10.1.4 'Shape'
Trace|10.1.4.1 'X': 38
Trace|10.1.4.2 'Y': -2
Trace|10.1.4 'Shape'
Trace|10.1.4.1 'X': 40
Trace|10.1.4.2 'Y': 0
Trace|10.1.4 'Shape'
Trace|10.1.4.1 'X': 38
Trace|10.1.4.2 'Y': 3
Trace|10.1.4 'Shape'
Trace|10.1.4.1 'X': 2
Trace|10.1.4.2 'Y': 3
Trace|10.2 'Minutes'
Trace|10.2.1 'OnlyBorder': 0
Trace|10.2.2 'Color': 11447982
Trace|10.2.3 'Center'
Trace|10.2.3.1 'X': 63
Trace|10.2.3.2 'Y': 148
Trace|10.2.4 'Shape'
Trace|10.2.4.1 'X': 2
Trace|10.2.4.2 'Y': -2
Trace|10.2.4 'Shape'
Trace|10.2.4.1 'X': 62
Trace|10.2.4.2 'Y': -2
Trace|10.2.4 'Shape'
Trace|10.2.4.1 'X': 64
Trace|10.2.4.2 'Y': 0
Trace|10.2.4 'Shape'
Trace|10.2.4.1 'X': 62
Trace|10.2.4.2 'Y': 3
Trace|10.2.4 'Shape'
Trace|10.2.4.1 'X': 2
Trace|10.2.4.2 'Y': 3
Trace|10.2.5 'CenterImage'
Trace|10.2.5.1 'X': 58
Trace|10.2.5.2 'Y': 143
Trace|10.2.5.3 'ImageIndex': 62
Debug|Generating previews...
Debug|Exporting resources to 'infograph_english_white_16-97515-18236e95e4'
Debug|Extracting infograph_english_white_16-97515-18236e95e4\0000.png...
Debug|Extracting infograph_english_white_16-97515-18236e95e4\0001.png...
Debug|Extracting infograph_english_white_16-97515-18236e95e4\0002.png...
Debug|Extracting infograph_english_white_16-97515-18236e95e4\0003.png...
Debug|Extracting infograph_english_white_16-97515-18236e95e4\0004.png...
Debug|Extracting infograph_english_white_16-97515-18236e95e4\0005.png...
Debug|Extracting infograph_english_white_16-97515-18236e95e4\0006.png...
Debug|Extracting infograph_english_white_16-97515-18236e95e4\0007.png...
Debug|Extracting infograph_english_white_16-97515-18236e95e4\0008.png...
Debug|Extracting infograph_english_white_16-97515-18236e95e4\0009.png...
Debug|Extracting infograph_english_white_16-97515-18236e95e4\0010.png...
Debug|Extracting infograph_english_white_16-97515-18236e95e4\0011.png...
Debug|Extracting infograph_english_white_16-97515-18236e95e4\0012.png...
Debug|Extracting infograph_english_white_16-97515-18236e95e4\0013.png...
Debug|Extracting infograph_english_white_16-97515-18236e95e4\0014.png...
Debug|Extracting infograph_english_white_16-97515-18236e95e4\0015.png...
Debug|Extracting infograph_english_white_16-97515-18236e95e4\0016.png...
Debug|Extracting infograph_english_white_16-97515-18236e95e4\0017.png...
Debug|Extracting infograph_english_white_16-97515-18236e95e4\0018.png...
Debug|Extracting infograph_english_white_16-97515-18236e95e4\0019.png...
Debug|Extracting infograph_english_white_16-97515-18236e95e4\0020.png...
Debug|Extracting infograph_english_white_16-97515-18236e95e4\0021.png...
Debug|Extracting infograph_english_white_16-97515-18236e95e4\0022.png...
Debug|Extracting infograph_english_white_16-97515-18236e95e4\0023.png...
Debug|Extracting infograph_english_white_16-97515-18236e95e4\0024.png...
Debug|Extracting infograph_english_white_16-97515-18236e95e4\0025.png...
Debug|Extracting infograph_english_white_16-97515-18236e95e4\0026.png...
Debug|Extracting infograph_english_white_16-97515-18236e95e4\0027.png...
Debug|Extracting infograph_english_white_16-97515-18236e95e4\0028.png...
Debug|Extracting infograph_english_white_16-97515-18236e95e4\0029.png...
Debug|Extracting infograph_english_white_16-97515-18236e95e4\0030.png...
Debug|Extracting infograph_english_white_16-97515-18236e95e4\0031.png...
Debug|Extracting infograph_english_white_16-97515-18236e95e4\0032.png...
Debug|Extracting infograph_english_white_16-97515-18236e95e4\0033.png...
Debug|Extracting infograph_english_white_16-97515-18236e95e4\0034.png...
Debug|Extracting infograph_english_white_16-97515-18236e95e4\0035.png...
Debug|Extracting infograph_english_white_16-97515-18236e95e4\0036.png...
Debug|Extracting infograph_english_white_16-97515-18236e95e4\0037.png...
Debug|Extracting infograph_english_white_16-97515-18236e95e4\0038.png...
Debug|Extracting infograph_english_white_16-97515-18236e95e4\0039.png...
Debug|Extracting infograph_english_white_16-97515-18236e95e4\0040.png...
Debug|Extracting infograph_english_white_16-97515-18236e95e4\0041.png...
Debug|Extracting infograph_english_white_16-97515-18236e95e4\0042.png...
Debug|Extracting infograph_english_white_16-97515-18236e95e4\0043.png...
Debug|Extracting infograph_english_white_16-97515-18236e95e4\0044.png...
Debug|Extracting infograph_english_white_16-97515-18236e95e4\0045.png...
Debug|Extracting infograph_english_white_16-97515-18236e95e4\0046.png...
Debug|Extracting infograph_english_white_16-97515-18236e95e4\0047.png...
Debug|Extracting infograph_english_white_16-97515-18236e95e4\0048.png...
Debug|Extracting infograph_english_white_16-97515-18236e95e4\0049.png...
Debug|Extracting infograph_english_white_16-97515-18236e95e4\0050.png...
Debug|Extracting infograph_english_white_16-97515-18236e95e4\0051.png...
Debug|Extracting infograph_english_white_16-97515-18236e95e4\0052.png...
Debug|Extracting infograph_english_white_16-97515-18236e95e4\0053.png...
Debug|Extracting infograph_english_white_16-97515-18236e95e4\0054.png...
Debug|Extracting infograph_english_white_16-97515-18236e95e4\0055.png...
Debug|Extracting infograph_english_white_16-97515-18236e95e4\0056.png...
Debug|Extracting infograph_english_white_16-97515-18236e95e4\0057.png...
Debug|Extracting infograph_english_white_16-97515-18236e95e4\0058.png...
Debug|Extracting infograph_english_white_16-97515-18236e95e4\0059.png...
Debug|Extracting infograph_english_white_16-97515-18236e95e4\0060.png...
Debug|Extracting infograph_english_white_16-97515-18236e95e4\0061.png...
Debug|Extracting infograph_english_white_16-97515-18236e95e4\0062.png...
Debug|Extracting infograph_english_white_16-97515-18236e95e4\0063.png...
Debug|Extracting infograph_english_white_16-97515-18236e95e4\0064.png...
Debug|Extracting infograph_english_white_16-97515-18236e95e4\0065.png...
Debug|Extracting infograph_english_white_16-97515-18236e95e4\0066.png...
Debug|Extracting infograph_english_white_16-97515-18236e95e4\0067.png...
Debug|Extracting infograph_english_white_16-97515-18236e95e4\0068.png...
Debug|Extracting infograph_english_white_16-97515-18236e95e4\0069.png...
Debug|Extracting infograph_english_white_16-97515-18236e95e4\0070.png...
Debug|Extracting infograph_english_white_16-97515-18236e95e4\0071.png...
Debug|Extracting infograph_english_white_16-97515-18236e95e4\0072.png...
Debug|Extracting infograph_english_white_16-97515-18236e95e4\0073.png...
Debug|Extracting infograph_english_white_16-97515-18236e95e4\0074.png...
Debug|Extracting infograph_english_white_16-97515-18236e95e4\0075.png...
Debug|Extracting infograph_english_white_16-97515-18236e95e4\0076.png...
Debug|Extracting infograph_english_white_16-97515-18236e95e4\0077.png...
Debug|Extracting infograph_english_white_16-97515-18236e95e4\0078.png...
Debug|Extracting infograph_english_white_16-97515-18236e95e4\0079.png...
Debug|Extracting infograph_english_white_16-97515-18236e95e4\0080.png...
Debug|Extracting infograph_english_white_16-97515-18236e95e4\0081.png...
Debug|Extracting infograph_english_white_16-97515-18236e95e4\0082.png...
Debug|Extracting infograph_english_white_16-97515-18236e95e4\0083.png...
Debug|Extracting infograph_english_white_16-97515-18236e95e4\0084.png...
Debug|Extracting infograph_english_white_16-97515-18236e95e4\0085.png...
Debug|Extracting infograph_english_white_16-97515-18236e95e4\0086.png...
Debug|Extracting infograph_english_white_16-97515-18236e95e4\0087.png...
Debug|Extracting infograph_english_white_16-97515-18236e95e4\0088.png...
Debug|Extracting infograph_english_white_16-97515-18236e95e4\0089.png...
Debug|Extracting infograph_english_white_16-97515-18236e95e4\0090.png...
Debug|Extracting infograph_english_white_16-97515-18236e95e4\0091.png...
Debug|Extracting infograph_english_white_16-97515-18236e95e4\0092.png...
Debug|Extracting infograph_english_white_16-97515-18236e95e4\0093.png...
Debug|Extracting infograph_english_white_16-97515-18236e95e4\0094.png...
Debug|Extracting infograph_english_white_16-97515-18236e95e4\0095.png...
Debug|Extracting infograph_english_white_16-97515-18236e95e4\0096.png...
Debug|Extracting infograph_english_white_16-97515-18236e95e4\0097.png...
Debug|Extracting infograph_english_white_16-97515-18236e95e4\0098.png...
Debug|Extracting infograph_english_white_16-97515-18236e95e4\0099.png...
Debug|Extracting infograph_english_white_16-97515-18236e95e4\0100.png...
Debug|Extracting infograph_english_white_16-97515-18236e95e4\0101.png...
Debug|Extracting infograph_english_white_16-97515-18236e95e4\0102.png...
Debug|Extracting infograph_english_white_16-97515-18236e95e4\0103.png...
Debug|Extracting infograph_english_white_16-97515-18236e95e4\0104.png...
Debug|Extracting infograph_english_white_16-97515-18236e95e4\0105.png...
Debug|Extracting infograph_english_white_16-97515-18236e95e4\0106.png...
Debug|Extracting infograph_english_white_16-97515-18236e95e4\0107.png...
Debug|Extracting infograph_english_white_16-97515-18236e95e4\0108.png...
Debug|Extracting infograph_english_white_16-97515-18236e95e4\0109.png...
Debug|Extracting infograph_english_white_16-97515-18236e95e4\0110.png...
Debug|Extracting infograph_english_white_16-97515-18236e95e4\0111.png...
Debug|Extracting infograph_english_white_16-97515-18236e95e4\0112.png...
Debug|Extracting infograph_english_white_16-97515-18236e95e4\0113.png...
Debug|Extracting infograph_english_white_16-97515-18236e95e4\0114.png...
Debug|Extracting infograph_english_white_16-97515-18236e95e4\0115.png...
Debug|Extracting infograph_english_white_16-97515-18236e95e4\0116.png...
Debug|Extracting infograph_english_white_16-97515-18236e95e4\0117.png...
Debug|Extracting infograph_english_white_16-97515-18236e95e4\0118.png...
Debug|Extracting infograph_english_white_16-97515-18236e95e4\0119.png...
Debug|Extracting infograph_english_white_16-97515-18236e95e4\0120.png...
Debug|Extracting infograph_english_white_16-97515-18236e95e4\0121.png...
Debug|Extracting infograph_english_white_16-97515-18236e95e4\0122.png...
Debug|Extracting infograph_english_white_16-97515-18236e95e4\0123.png...
Debug|Extracting infograph_english_white_16-97515-18236e95e4\0124.png...
Debug|Extracting infograph_english_white_16-97515-18236e95e4\0125.png...
Debug|Extracting infograph_english_white_16-97515-18236e95e4\0126.png...
Debug|Extracting infograph_english_white_16-97515-18236e95e4\0127.png...
Debug|Extracting infograph_english_white_16-97515-18236e95e4\0128.png...
Debug|Extracting infograph_english_white_16-97515-18236e95e4\0129.png...
Debug|Extracting infograph_english_white_16-97515-18236e95e4\0130.png...
Debug|Extracting infograph_english_white_16-97515-18236e95e4\0131.png...
Debug|Extracting infograph_english_white_16-97515-18236e95e4\0132.png...
Debug|Extracting infograph_english_white_16-97515-18236e95e4\0133.png...
Debug|Extracting infograph_english_white_16-97515-18236e95e4\0134.png...
Debug|Extracting infograph_english_white_16-97515-18236e95e4\0135.png...
Debug|Extracting infograph_english_white_16-97515-18236e95e4\0136.png...
Debug|Extracting infograph_english_white_16-97515-18236e95e4\0137.png...
Debug|Extracting infograph_english_white_16-97515-18236e95e4\0138.png...
Debug|Extracting infograph_english_white_16-97515-18236e95e4\0139.png...
Debug|Exporting config...
