Debug|Reading config...
Debug|Reading referenced images from 'infograph_romulorass-97515-566d4e2b49'
Trace|Loading resources for 2 'Background'
Trace|Loading resources for 2.1 'ImageBasic'
Trace|Loading image 3...
Trace|Image was loaded from file infograph_romulorass-97515-566d4e2b49\0003.png
Trace|Loading resources for 2.3 'ImageBasic'
Trace|Loading image 138...
Trace|Image was loaded from file infograph_romulorass-97515-566d4e2b49\0138.png
Trace|Loading resources for 2.4 'ImageBasic'
Trace|Loading resources for 2.5 'ImageBasic'
Trace|Loading resources for 3 'Time'
Trace|Loading resources for 3.1 'TwoDigits'
Trace|Loading resources for 3.1.1 'ImageSet'
Trace|Loading image 125...
Trace|Image was loaded from file infograph_romulorass-97515-566d4e2b49\0125.png
Trace|Loading image 126...
Trace|Image was loaded from file infograph_romulorass-97515-566d4e2b49\0126.png
Trace|Loading image 127...
Trace|Image was loaded from file infograph_romulorass-97515-566d4e2b49\0127.png
Trace|Loading resources for 3.1.2 'ImageSet'
Trace|Loading image 128...
Trace|Image was loaded from file infograph_romulorass-97515-566d4e2b49\0128.png
Trace|Loading image 129...
Trace|Image was loaded from file infograph_romulorass-97515-566d4e2b49\0129.png
Trace|Loading image 130...
Trace|Image was loaded from file infograph_romulorass-97515-566d4e2b49\0130.png
Trace|Loading image 131...
Trace|Image was loaded from file infograph_romulorass-97515-566d4e2b49\0131.png
Trace|Loading image 132...
Trace|Image was loaded from file infograph_romulorass-97515-566d4e2b49\0132.png
Trace|Loading image 133...
Trace|Image was loaded from file infograph_romulorass-97515-566d4e2b49\0133.png
Trace|Loading image 134...
Trace|Image was loaded from file infograph_romulorass-97515-566d4e2b49\0134.png
Trace|Loading image 135...
Trace|Image was loaded from file infograph_romulorass-97515-566d4e2b49\0135.png
Trace|Loading image 136...
Trace|Image was loaded from file infograph_romulorass-97515-566d4e2b49\0136.png
Trace|Loading image 137...
Trace|Image was loaded from file infograph_romulorass-97515-566d4e2b49\0137.png
Trace|Loading resources for 3.2 'TwoDigits'
Trace|Loading resources for 3.2.1 'ImageSet'
Trace|Loading resources for 3.2.2 'ImageSet'
Trace|Loading resources for 4 'Activity'
Trace|Loading resources for 4.1 'Steps'
Trace|Loading resources for 4.1.1 'Number'
Trace|Loading resources for 4.1.1.5 'TextAlignment'
Trace|Loading image 51...
Trace|Image was loaded from file infograph_romulorass-97515-566d4e2b49\0051.png
Trace|Loading image 52...
Trace|Image was loaded from file infograph_romulorass-97515-566d4e2b49\0052.png
Trace|Loading image 53...
Trace|Image was loaded from file infograph_romulorass-97515-566d4e2b49\0053.png
Trace|Loading image 54...
Trace|Image was loaded from file infograph_romulorass-97515-566d4e2b49\0054.png
Trace|Loading image 55...
Trace|Image was loaded from file infograph_romulorass-97515-566d4e2b49\0055.png
Trace|Loading image 56...
Trace|Image was loaded from file infograph_romulorass-97515-566d4e2b49\0056.png
Trace|Loading image 57...
Trace|Image was loaded from file infograph_romulorass-97515-566d4e2b49\0057.png
Trace|Loading image 58...
Trace|Image was loaded from file infograph_romulorass-97515-566d4e2b49\0058.png
Trace|Loading image 59...
Trace|Image was loaded from file infograph_romulorass-97515-566d4e2b49\0059.png
Trace|Loading image 60...
Trace|Image was loaded from file infograph_romulorass-97515-566d4e2b49\0060.png
Trace|Loading resources for 4.3 'CaloriesWrapper'
Trace|Loading resources for 4.3.1 'Number'
Trace|Loading resources for 4.3.1.5 'TextAlignment'
Trace|Loading image 115...
Trace|Image was loaded from file infograph_romulorass-97515-566d4e2b49\0115.png
Trace|Loading image 116...
Trace|Image was loaded from file infograph_romulorass-97515-566d4e2b49\0116.png
Trace|Loading image 117...
Trace|Image was loaded from file infograph_romulorass-97515-566d4e2b49\0117.png
Trace|Loading image 118...
Trace|Image was loaded from file infograph_romulorass-97515-566d4e2b49\0118.png
Trace|Loading image 119...
Trace|Image was loaded from file infograph_romulorass-97515-566d4e2b49\0119.png
Trace|Loading image 120...
Trace|Image was loaded from file infograph_romulorass-97515-566d4e2b49\0120.png
Trace|Loading image 121...
Trace|Image was loaded from file infograph_romulorass-97515-566d4e2b49\0121.png
Trace|Loading image 122...
Trace|Image was loaded from file infograph_romulorass-97515-566d4e2b49\0122.png
Trace|Loading image 123...
Trace|Image was loaded from file infograph_romulorass-97515-566d4e2b49\0123.png
Trace|Loading image 124...
Trace|Image was loaded from file infograph_romulorass-97515-566d4e2b49\0124.png
Trace|Loading resources for 4.4 'PulseWrapper'
Trace|Loading resources for 4.4.1 'Number'
Trace|Loading resources for 4.4.1.5 'TextAlignment'
Trace|Loading image 91...
Trace|Image was loaded from file infograph_romulorass-97515-566d4e2b49\0091.png
Trace|Loading image 92...
Trace|Image was loaded from file infograph_romulorass-97515-566d4e2b49\0092.png
Trace|Loading image 93...
Trace|Image was loaded from file infograph_romulorass-97515-566d4e2b49\0093.png
Trace|Loading image 94...
Trace|Image was loaded from file infograph_romulorass-97515-566d4e2b49\0094.png
Trace|Loading image 95...
Trace|Image was loaded from file infograph_romulorass-97515-566d4e2b49\0095.png
Trace|Loading image 96...
Trace|Image was loaded from file infograph_romulorass-97515-566d4e2b49\0096.png
Trace|Loading image 97...
Trace|Image was loaded from file infograph_romulorass-97515-566d4e2b49\0097.png
Trace|Loading image 98...
Trace|Image was loaded from file infograph_romulorass-97515-566d4e2b49\0098.png
Trace|Loading image 99...
Trace|Image was loaded from file infograph_romulorass-97515-566d4e2b49\0099.png
Trace|Loading image 100...
Trace|Image was loaded from file infograph_romulorass-97515-566d4e2b49\0100.png
Trace|Loading image 61...
Trace|Image was loaded from file infograph_romulorass-97515-566d4e2b49\0061.png
Trace|Loading resources for 4.6 'PAIWrapper'
Trace|Loading resources for 4.6.1 'Number'
Trace|Loading resources for 4.6.1.5 'TextAlignment'
Trace|Loading resources for 5 'Date'
Trace|Loading resources for 5.1 'MonthAndDayAndYear'
Trace|Loading resources for 5.1.1 'SeparateMonthAndDay'
Trace|Loading resources for 5.1.1.2 'ImageSet'
Trace|Loading image 79...
Trace|Image was loaded from file infograph_romulorass-97515-566d4e2b49\0079.png
Trace|Loading image 80...
Trace|Image was loaded from file infograph_romulorass-97515-566d4e2b49\0080.png
Trace|Loading image 81...
Trace|Image was loaded from file infograph_romulorass-97515-566d4e2b49\0081.png
Trace|Loading image 82...
Trace|Image was loaded from file infograph_romulorass-97515-566d4e2b49\0082.png
Trace|Loading image 83...
Trace|Image was loaded from file infograph_romulorass-97515-566d4e2b49\0083.png
Trace|Loading image 84...
Trace|Image was loaded from file infograph_romulorass-97515-566d4e2b49\0084.png
Trace|Loading image 85...
Trace|Image was loaded from file infograph_romulorass-97515-566d4e2b49\0085.png
Trace|Loading image 86...
Trace|Image was loaded from file infograph_romulorass-97515-566d4e2b49\0086.png
Trace|Loading image 87...
Trace|Image was loaded from file infograph_romulorass-97515-566d4e2b49\0087.png
Trace|Loading image 88...
Trace|Image was loaded from file infograph_romulorass-97515-566d4e2b49\0088.png
Trace|Loading image 89...
Trace|Image was loaded from file infograph_romulorass-97515-566d4e2b49\0089.png
Trace|Loading image 90...
Trace|Image was loaded from file infograph_romulorass-97515-566d4e2b49\0090.png
Trace|Loading resources for 5.1.1.3 'ImageSet'
Trace|Loading resources for 5.1.1.4 'Number'
Trace|Loading resources for 5.1.1.4.5 'TextAlignment'
Trace|Loading image 69...
Trace|Image was loaded from file infograph_romulorass-97515-566d4e2b49\0069.png
Trace|Loading image 70...
Trace|Image was loaded from file infograph_romulorass-97515-566d4e2b49\0070.png
Trace|Loading image 71...
Trace|Image was loaded from file infograph_romulorass-97515-566d4e2b49\0071.png
Trace|Loading image 72...
Trace|Image was loaded from file infograph_romulorass-97515-566d4e2b49\0072.png
Trace|Loading image 73...
Trace|Image was loaded from file infograph_romulorass-97515-566d4e2b49\0073.png
Trace|Loading image 74...
Trace|Image was loaded from file infograph_romulorass-97515-566d4e2b49\0074.png
Trace|Loading image 75...
Trace|Image was loaded from file infograph_romulorass-97515-566d4e2b49\0075.png
Trace|Loading image 76...
Trace|Image was loaded from file infograph_romulorass-97515-566d4e2b49\0076.png
Trace|Loading image 77...
Trace|Image was loaded from file infograph_romulorass-97515-566d4e2b49\0077.png
Trace|Loading image 78...
Trace|Image was loaded from file infograph_romulorass-97515-566d4e2b49\0078.png
Trace|Loading resources for 5.1.4 'Boolean'
Trace|Loading resources for 5.1.5 'Boolean'
Trace|Loading resources for 5.4 'ImageSet'
Trace|Loading image 62...
Trace|Image was loaded from file infograph_romulorass-97515-566d4e2b49\0062.png
Trace|Loading image 63...
Trace|Image was loaded from file infograph_romulorass-97515-566d4e2b49\0063.png
Trace|Loading image 64...
Trace|Image was loaded from file infograph_romulorass-97515-566d4e2b49\0064.png
Trace|Loading image 65...
Trace|Image was loaded from file infograph_romulorass-97515-566d4e2b49\0065.png
Trace|Loading image 66...
Trace|Image was loaded from file infograph_romulorass-97515-566d4e2b49\0066.png
Trace|Loading image 67...
Trace|Image was loaded from file infograph_romulorass-97515-566d4e2b49\0067.png
Trace|Loading image 68...
Trace|Image was loaded from file infograph_romulorass-97515-566d4e2b49\0068.png
Trace|Loading resources for 5.5 'ImageSet'
Trace|Loading resources for 5.6 'ImageSet'
Trace|Loading resources for 6 'Weather'
Trace|Loading resources for 6.1 'WeatherIcon'
Trace|Loading resources for 6.1.2 'CustomWeatherIcon'
Trace|Loading image 4...
Trace|Image was loaded from file infograph_romulorass-97515-566d4e2b49\0004.png
Trace|Loading image 5...
Trace|Image was loaded from file infograph_romulorass-97515-566d4e2b49\0005.png
Trace|Loading image 6...
Trace|Image was loaded from file infograph_romulorass-97515-566d4e2b49\0006.png
Trace|Loading image 7...
Trace|Image was loaded from file infograph_romulorass-97515-566d4e2b49\0007.png
Trace|Loading image 8...
Trace|Image was loaded from file infograph_romulorass-97515-566d4e2b49\0008.png
Trace|Loading image 9...
Trace|Image was loaded from file infograph_romulorass-97515-566d4e2b49\0009.png
Trace|Loading image 10...
Trace|Image was loaded from file infograph_romulorass-97515-566d4e2b49\0010.png
Trace|Loading image 11...
Trace|Image was loaded from file infograph_romulorass-97515-566d4e2b49\0011.png
Trace|Loading image 12...
Trace|Image was loaded from file infograph_romulorass-97515-566d4e2b49\0012.png
Trace|Loading image 13...
Trace|Image was loaded from file infograph_romulorass-97515-566d4e2b49\0013.png
Trace|Loading image 14...
Trace|Image was loaded from file infograph_romulorass-97515-566d4e2b49\0014.png
Trace|Loading image 15...
Trace|Image was loaded from file infograph_romulorass-97515-566d4e2b49\0015.png
Trace|Loading image 16...
Trace|Image was loaded from file infograph_romulorass-97515-566d4e2b49\0016.png
Trace|Loading image 17...
Trace|Image was loaded from file infograph_romulorass-97515-566d4e2b49\0017.png
Trace|Loading image 18...
Trace|Image was loaded from file infograph_romulorass-97515-566d4e2b49\0018.png
Trace|Loading image 19...
Trace|Image was loaded from file infograph_romulorass-97515-566d4e2b49\0019.png
Trace|Loading image 20...
Trace|Image was loaded from file infograph_romulorass-97515-566d4e2b49\0020.png
Trace|Loading image 21...
Trace|Image was loaded from file infograph_romulorass-97515-566d4e2b49\0021.png
Trace|Loading image 22...
Trace|Image was loaded from file infograph_romulorass-97515-566d4e2b49\0022.png
Trace|Loading image 23...
Trace|Image was loaded from file infograph_romulorass-97515-566d4e2b49\0023.png
Trace|Loading image 24...
Trace|Image was loaded from file infograph_romulorass-97515-566d4e2b49\0024.png
Trace|Loading image 25...
Trace|Image was loaded from file infograph_romulorass-97515-566d4e2b49\0025.png
Trace|Loading image 26...
Trace|Image was loaded from file infograph_romulorass-97515-566d4e2b49\0026.png
Trace|Loading image 27...
Trace|Image was loaded from file infograph_romulorass-97515-566d4e2b49\0027.png
Trace|Loading image 28...
Trace|Image was loaded from file infograph_romulorass-97515-566d4e2b49\0028.png
Trace|Loading image 29...
Trace|Image was loaded from file infograph_romulorass-97515-566d4e2b49\0029.png
Trace|Loading resources for 6.1.3 'XY'
Trace|Loading resources for 6.1.4 'XY'
Trace|Loading resources for 7 'StepsProgress'
Trace|Loading resources for 7.3 'Scale'
Trace|Loading image 105...
Trace|Image was loaded from file infograph_romulorass-97515-566d4e2b49\0105.png
Trace|Loading image 106...
Trace|Image was loaded from file infograph_romulorass-97515-566d4e2b49\0106.png
Trace|Loading image 107...
Trace|Image was loaded from file infograph_romulorass-97515-566d4e2b49\0107.png
Trace|Loading image 108...
Trace|Image was loaded from file infograph_romulorass-97515-566d4e2b49\0108.png
Trace|Loading image 109...
Trace|Image was loaded from file infograph_romulorass-97515-566d4e2b49\0109.png
Trace|Loading image 110...
Trace|Image was loaded from file infograph_romulorass-97515-566d4e2b49\0110.png
Trace|Loading image 111...
Trace|Image was loaded from file infograph_romulorass-97515-566d4e2b49\0111.png
Trace|Loading image 112...
Trace|Image was loaded from file infograph_romulorass-97515-566d4e2b49\0112.png
Trace|Loading image 113...
Trace|Image was loaded from file infograph_romulorass-97515-566d4e2b49\0113.png
Trace|Loading image 114...
Trace|Image was loaded from file infograph_romulorass-97515-566d4e2b49\0114.png
Trace|Loading resources for 8 'Status'
Trace|Loading resources for 8.1 'Switch'
Trace|Loading resources for 8.1.1 'XY'
Trace|Loading image 1...
Trace|Image was loaded from file infograph_romulorass-97515-566d4e2b49\0001.png
Trace|Loading resources for 8.2 'Switch'
Trace|Loading resources for 8.2.1 'XY'
Trace|Loading image 0...
Trace|Image was loaded from file infograph_romulorass-97515-566d4e2b49\0000.png
Trace|Loading resources for 8.3 'Switch'
Trace|Loading resources for 8.3.1 'XY'
Trace|Loading image 2...
Trace|Image was loaded from file infograph_romulorass-97515-566d4e2b49\0002.png
Trace|Loading resources for 9 'Battery'
Trace|Loading resources for 9.1 'BatteryTextWrapper'
Trace|Loading resources for 9.1.1 'Number'
Trace|Loading resources for 9.1.1.5 'TextAlignment'
Trace|Loading image 40...
Trace|Image was loaded from file infograph_romulorass-97515-566d4e2b49\0040.png
Trace|Loading image 41...
Trace|Image was loaded from file infograph_romulorass-97515-566d4e2b49\0041.png
Trace|Loading image 42...
Trace|Image was loaded from file infograph_romulorass-97515-566d4e2b49\0042.png
Trace|Loading image 43...
Trace|Image was loaded from file infograph_romulorass-97515-566d4e2b49\0043.png
Trace|Loading image 44...
Trace|Image was loaded from file infograph_romulorass-97515-566d4e2b49\0044.png
Trace|Loading image 45...
Trace|Image was loaded from file infograph_romulorass-97515-566d4e2b49\0045.png
Trace|Loading image 46...
Trace|Image was loaded from file infograph_romulorass-97515-566d4e2b49\0046.png
Trace|Loading image 47...
Trace|Image was loaded from file infograph_romulorass-97515-566d4e2b49\0047.png
Trace|Loading image 48...
Trace|Image was loaded from file infograph_romulorass-97515-566d4e2b49\0048.png
Trace|Loading image 49...
Trace|Image was loaded from file infograph_romulorass-97515-566d4e2b49\0049.png
Trace|Loading image 50...
Trace|Image was loaded from file infograph_romulorass-97515-566d4e2b49\0050.png
Trace|Loading resources for 9.2 'ImageSet'
Trace|Loading image 30...
Trace|Image was loaded from file infograph_romulorass-97515-566d4e2b49\0030.png
Trace|Loading image 31...
Trace|Image was loaded from file infograph_romulorass-97515-566d4e2b49\0031.png
Trace|Loading image 32...
Trace|Image was loaded from file infograph_romulorass-97515-566d4e2b49\0032.png
Trace|Loading image 33...
Trace|Image was loaded from file infograph_romulorass-97515-566d4e2b49\0033.png
Trace|Loading image 34...
Trace|Image was loaded from file infograph_romulorass-97515-566d4e2b49\0034.png
Trace|Loading image 35...
Trace|Image was loaded from file infograph_romulorass-97515-566d4e2b49\0035.png
Trace|Loading image 36...
Trace|Image was loaded from file infograph_romulorass-97515-566d4e2b49\0036.png
Trace|Loading image 37...
Trace|Image was loaded from file infograph_romulorass-97515-566d4e2b49\0037.png
Trace|Loading image 38...
Trace|Image was loaded from file infograph_romulorass-97515-566d4e2b49\0038.png
Trace|Loading image 39...
Trace|Image was loaded from file infograph_romulorass-97515-566d4e2b49\0039.png
Trace|Loading resources for 12 'HeartProgress'
Trace|Loading resources for 12.3 'Scale'
Trace|Loading image 101...
Trace|Image was loaded from file infograph_romulorass-97515-566d4e2b49\0101.png
Trace|Loading image 102...
Trace|Image was loaded from file infograph_romulorass-97515-566d4e2b49\0102.png
Trace|Loading image 103...
Trace|Image was loaded from file infograph_romulorass-97515-566d4e2b49\0103.png
Trace|Loading image 104...
Trace|Image was loaded from file infograph_romulorass-97515-566d4e2b49\0104.png
Trace|Verifiying Resources...
Trace|Building parameters for watch face...
Trace|2.1.1 'X': 13
Trace|2.1.2 'Y': 96
Trace|2.1.3 'ImageIndex': 3
Trace|2.1 'Image'
Trace|2.3.1 'X': 31
Trace|2.3.2 'Y': 113
Trace|2.3.3 'ImageIndex': 138
Trace|2.3 'Preview1'
Trace|2.4.1 'X': 31
Trace|2.4.2 'Y': 113
Trace|2.4.3 'ImageIndex': 138
Trace|2.4 'Preview2'
Trace|2.5.1 'X': 31
Trace|2.5.2 'Y': 113
Trace|2.5.3 'ImageIndex': 138
Trace|2.5 'Preview3'
Trace|2 'Background'
Trace|3.1.1.1 'X': 39
Trace|3.1.1.2 'Y': 181
Trace|3.1.1.3 'ImageIndex': 125
Trace|3.1.1.4 'ImagesCount': 3
Trace|3.1.1 'Tens'
Trace|3.1.2.1 'X': 55
Trace|3.1.2.2 'Y': 181
Trace|3.1.2.3 'ImageIndex': 128
Trace|3.1.2.4 'ImagesCount': 10
Trace|3.1.2 'Ones'
Trace|3.1 'Hours'
Trace|3.2.1.1 'X': 80
Trace|3.2.1.2 'Y': 181
Trace|3.2.1.3 'ImageIndex': 128
Trace|3.2.1.4 'ImagesCount': 6
Trace|3.2.1 'Tens'
Trace|3.2.2.1 'X': 96
Trace|3.2.2.2 'Y': 181
Trace|3.2.2.3 'ImageIndex': 128
Trace|3.2.2.4 'ImagesCount': 10
Trace|3.2.2 'Ones'
Trace|3.2 'Minutes'
Trace|3.11 'UnknownV11': 0
Trace|3 'Time'
Trace|4.1.1.1 'TopLeftX': 92
Trace|4.1.1.2 'TopLeftY': 354
Trace|4.1.1.3 'BottomRightX': 13
Trace|4.1.1.4 'BottomRightY': 396
Trace|4.1.1.5 'Alignment': 2
Trace|4.1.1.6 'SpacingX': -5
Trace|4.1.1.7 'SpacingY': -5
Trace|4.1.1.8 'ImageIndex': 51
Trace|4.1.1.9 'ImagesCount': 10
Trace|4.1.1 'Number'
Trace|4.1 'Steps'
Trace|4.3.1.1 'TopLeftX': 25
Trace|4.3.1.2 'TopLeftY': 237
Trace|4.3.1.3 'BottomRightX': 67
Trace|4.3.1.4 'BottomRightY': 96
Trace|4.3.1.5 'Alignment': 72
Trace|4.3.1.6 'SpacingX': -1
Trace|4.3.1.7 'SpacingY': 0
Trace|4.3.1.8 'ImageIndex': 115
Trace|4.3.1.9 'ImagesCount': 10
Trace|4.3.1 'Text'
Trace|4.3 'Calories'
Trace|4.4.1.1 'TopLeftX': 13
Trace|4.4.1.2 'TopLeftY': 351
Trace|4.4.1.3 'BottomRightX': 56
Trace|4.4.1.4 'BottomRightY': 96
Trace|4.4.1.5 'Alignment': 2
Trace|4.4.1.6 'SpacingX': -5
Trace|4.4.1.7 'SpacingY': 6
Trace|4.4.1.8 'ImageIndex': 91
Trace|4.4.1.9 'ImagesCount': 10
Trace|4.4.1 'Number'
Trace|4.4.3 'NoDataImageIndex': 61
Trace|4.4 'Pulse'
Trace|4.6.1.1 'TopLeftX': 79
Trace|4.6.1.2 'TopLeftY': 237
Trace|4.6.1.3 'BottomRightX': 133
Trace|4.6.1.4 'BottomRightY': 96
Trace|4.6.1.5 'Alignment': 72
Trace|4.6.1.6 'SpacingX': -1
Trace|4.6.1.7 'SpacingY': 0
Trace|4.6.1.8 'ImageIndex': 115
Trace|4.6.1.9 'ImagesCount': 10
Trace|4.6.1 'Number'
Trace|4.6 'PAI'
Trace|4.7 'UnknownV7': 0
Trace|4 'Activity'
Trace|5.1.1.2.1 'X': 97
Trace|5.1.1.2.2 'Y': 130
Trace|5.1.1.2.3 'ImageIndex': 79
Trace|5.1.1.2.4 'ImagesCount': 12
Trace|5.1.1.2 'MonthsEN'
Trace|5.1.1.3.1 'X': 97
Trace|5.1.1.3.2 'Y': 130
Trace|5.1.1.3.3 'ImageIndex': 79
Trace|5.1.1.3.4 'ImagesCount': 12
Trace|5.1.1.3 'MonthsCN'
Trace|5.1.1.4.1 'TopLeftX': 78
Trace|5.1.1.4.2 'TopLeftY': 123
Trace|5.1.1.4.3 'BottomRightX': 13
Trace|5.1.1.4.4 'BottomRightY': 96
Trace|5.1.1.4.5 'Alignment': 2
Trace|5.1.1.4.6 'SpacingX': -3
Trace|5.1.1.4.7 'SpacingY': 2
Trace|5.1.1.4.8 'ImageIndex': 69
Trace|5.1.1.4.9 'ImagesCount': 10
Trace|5.1.1.4 'Day'
Trace|5.1.1 'Separate'
Trace|5.1.4 'TwoDigitsMonth': 0
Trace|5.1.5 'TwoDigitsDay': 1
Trace|5.1 'MonthAndDayAndYear'
Trace|5.4.1 'X': 96
Trace|5.4.2 'Y': 109
Trace|5.4.3 'ImageIndex': 62
Trace|5.4.4 'ImagesCount': 7
Trace|5.4 'ENWeekDays'
Trace|5.5.1 'X': 96
Trace|5.5.2 'Y': 109
Trace|5.5.3 'ImageIndex': 62
Trace|5.5.4 'ImagesCount': 7
Trace|5.5 'CNWeekDays'
Trace|5.6.1 'X': 96
Trace|5.6.2 'Y': 109
Trace|5.6.3 'ImageIndex': 62
Trace|5.6.4 'ImagesCount': 7
Trace|5.6 'CN2WeekDays'
Trace|5 'Date'
Trace|6.1.2.1 'X': 60
Trace|6.1.2.2 'Y': 280
Trace|6.1.2.3 'ImageIndex': 4
Trace|6.1.2.4 'ImagesCount': 26
Trace|6.1.2 'CustomIcon'
Trace|6.1.3.1 'X': 60
Trace|6.1.3.2 'Y': 280
Trace|6.1.3 'Unknown3'
Trace|6.1.4.1 'X': 60
Trace|6.1.4.2 'Y': 280
Trace|6.1.4 'Unknown4'
Trace|6.1 'Icon'
Trace|6 'Weather'
Trace|7.3.1 'StartImageIndex': 105
Trace|7.3.2 'Segments'
Trace|7.3.2.1 'X': 79
Trace|7.3.2.2 'Y': 326
Trace|7.3.2 'Segments'
Trace|7.3.2.1 'X': 79
Trace|7.3.2.2 'Y': 326
Trace|7.3.2 'Segments'
Trace|7.3.2.1 'X': 79
Trace|7.3.2.2 'Y': 326
Trace|7.3.2 'Segments'
Trace|7.3.2.1 'X': 79
Trace|7.3.2.2 'Y': 326
Trace|7.3.2 'Segments'
Trace|7.3.2.1 'X': 79
Trace|7.3.2.2 'Y': 326
Trace|7.3.2 'Segments'
Trace|7.3.2.1 'X': 79
Trace|7.3.2.2 'Y': 326
Trace|7.3.2 'Segments'
Trace|7.3.2.1 'X': 79
Trace|7.3.2.2 'Y': 326
Trace|7.3.2 'Segments'
Trace|7.3.2.1 'X': 79
Trace|7.3.2.2 'Y': 326
Trace|7.3.2 'Segments'
Trace|7.3.2.1 'X': 79
Trace|7.3.2.2 'Y': 326
Trace|7.3.2 'Segments'
Trace|7.3.2.1 'X': 79
Trace|7.3.2.2 'Y': 326
Trace|7.3 'Linear'
Trace|7 'StepsProgress'
Trace|8.1.1.1 'X': 64
Trace|8.1.1.2 'Y': 95
Trace|8.1.1 'Coordinates'
Trace|8.1.2 'ImageIndexOn': 1
Trace|8.1 'DoNotDisturb'
Trace|8.2.1.1 'X': 64
Trace|8.2.1.2 'Y': 95
Trace|8.2.1 'Coordinates'
Trace|8.2.3 'ImageIndexOff': 0
Trace|8.2 'Lock'
Trace|8.3.1.1 'X': 64
Trace|8.3.1.2 'Y': 95
Trace|8.3.1 'Coordinates'
Trace|8.3.3 'ImageIndexOff': 2
Trace|8.3 'Bluetooth'
Trace|8 'Status'
Trace|9.1.1.1 'TopLeftX': 13
Trace|9.1.1.2 'TopLeftY': 119
Trace|9.1.1.3 'BottomRightX': 73
Trace|9.1.1.4 'BottomRightY': 146
Trace|9.1.1.5 'Alignment': 2
Trace|9.1.1.6 'SpacingX': -6
Trace|9.1.1.7 'SpacingY': -6
Trace|9.1.1.8 'ImageIndex': 40
Trace|9.1.1.9 'ImagesCount': 10
Trace|9.1.1 'Coordinates'
Trace|9.1.4 'SuffixImageIndex': 50
Trace|9.1 'BatteryText'
Trace|9.2.1 'X': 13
Trace|9.2.2 'Y': 125
Trace|9.2.3 'ImageIndex': 30
Trace|9.2.4 'ImagesCount': 10
Trace|9.2 'BatteryIcon'
Trace|9 'Battery'
Trace|12.3.1 'StartImageIndex': 101
Trace|12.3.2 'Segments'
Trace|12.3.2.1 'X': 13
Trace|12.3.2.2 'Y': 326
Trace|12.3.2 'Segments'
Trace|12.3.2.1 'X': 13
Trace|12.3.2.2 'Y': 326
Trace|12.3.2 'Segments'
Trace|12.3.2.1 'X': 13
Trace|12.3.2.2 'Y': 326
Trace|12.3.2 'Segments'
Trace|12.3.2.1 'X': 13
Trace|12.3.2.2 'Y': 326
Trace|12.3 'Linear'
Trace|12 'HeartProgress'
Debug|Generating previews...
Debug|Writing watch face to 'infograph_romulorass-97515-566d4e2b49\infograph_romulorass-97515-566d4e2b49_packed.bin'
Trace|Encoding parameters...
Trace|Parameter: 2
Trace|1 (0A):
Trace|    1 (08): 13 (0D)
Trace|    2 (10): 96 (60)
Trace|    3 (18): 3 (03)
Trace|8 bytes
Trace|3 (1A):
Trace|    1 (08): 31 (1F)
Trace|    2 (10): 113 (71)
Trace|    3 (18): 138 (8A)
Trace|9 bytes
Trace|4 (22):
Trace|    1 (08): 31 (1F)
Trace|    2 (10): 113 (71)
Trace|    3 (18): 138 (8A)
Trace|9 bytes
Trace|5 (2A):
Trace|    1 (08): 31 (1F)
Trace|    2 (10): 113 (71)
Trace|    3 (18): 138 (8A)
Trace|9 bytes
Trace|Parameter: 3
Trace|1 (0A):
Trace|    1 (0A):
Trace|        1 (08): 39 (27)
Trace|        2 (10): 181 (B5)
Trace|        3 (18): 125 (7D)
Trace|        4 (20): 3 (03)
Trace|    11 bytes
Trace|    2 (12):
Trace|        1 (08): 55 (37)
Trace|        2 (10): 181 (B5)
Trace|        3 (18): 128 (80)
Trace|        4 (20): 10 (0A)
Trace|    12 bytes
Trace|25 bytes
Trace|2 (12):
Trace|    1 (0A):
Trace|        1 (08): 80 (50)
Trace|        2 (10): 181 (B5)
Trace|        3 (18): 128 (80)
Trace|        4 (20): 6 (06)
Trace|    12 bytes
Trace|    2 (12):
Trace|        1 (08): 96 (60)
Trace|        2 (10): 181 (B5)
Trace|        3 (18): 128 (80)
Trace|        4 (20): 10 (0A)
Trace|    12 bytes
Trace|26 bytes
Trace|11 (58): 0 (00)
Trace|Parameter: 4
Trace|1 (0A):
Trace|    1 (0A):
Trace|        1 (08): 92 (5C)
Trace|        2 (10): 354 (162)
Trace|        3 (18): 13 (0D)
Trace|        4 (20): 396 (18C)
Trace|        5 (28): 2 (02)
Trace|        6 (30): -5 (FFFFFFFFFFFFFFFB)
Trace|        7 (38): -5 (FFFFFFFFFFFFFFFB)
Trace|        8 (40): 51 (33)
Trace|        9 (48): 10 (0A)
Trace|    40 bytes
Trace|42 bytes
Trace|3 (1A):
Trace|    1 (0A):
Trace|        1 (08): 25 (19)
Trace|        2 (10): 237 (ED)
Trace|        3 (18): 67 (43)
Trace|        4 (20): 96 (60)
Trace|        5 (28): 72 (48)
Trace|        6 (30): -1 (FFFFFFFFFFFFFFFF)
Trace|        7 (38): 0 (00)
Trace|        8 (40): 115 (73)
Trace|        9 (48): 10 (0A)
Trace|    30 bytes
Trace|32 bytes
Trace|4 (22):
Trace|    1 (0A):
Trace|        1 (08): 13 (0D)
Trace|        2 (10): 351 (15F)
Trace|        3 (18): 56 (38)
Trace|        4 (20): 96 (60)
Trace|        5 (28): 2 (02)
Trace|        6 (30): -5 (FFFFFFFFFFFFFFFB)
Trace|        7 (38): 6 (06)
Trace|        8 (40): 91 (5B)
Trace|        9 (48): 10 (0A)
Trace|    30 bytes
Trace|    3 (18): 61 (3D)
Trace|34 bytes
Trace|6 (32):
Trace|    1 (0A):
Trace|        1 (08): 79 (4F)
Trace|        2 (10): 237 (ED)
Trace|        3 (18): 133 (85)
Trace|        4 (20): 96 (60)
Trace|        5 (28): 72 (48)
Trace|        6 (30): -1 (FFFFFFFFFFFFFFFF)
Trace|        7 (38): 0 (00)
Trace|        8 (40): 115 (73)
Trace|        9 (48): 10 (0A)
Trace|    31 bytes
Trace|33 bytes
Trace|7 (38): 0 (00)
Trace|Parameter: 5
Trace|1 (0A):
Trace|    1 (0A):
Trace|        2 (12):
Trace|            1 (08): 97 (61)
Trace|            2 (10): 130 (82)
Trace|            3 (18): 79 (4F)
Trace|            4 (20): 12 (0C)
Trace|        11 bytes
Trace|        3 (1A):
Trace|            1 (08): 97 (61)
Trace|            2 (10): 130 (82)
Trace|            3 (18): 79 (4F)
Trace|            4 (20): 12 (0C)
Trace|        11 bytes
Trace|        4 (22):
Trace|            1 (08): 78 (4E)
Trace|            2 (10): 123 (7B)
Trace|            3 (18): 13 (0D)
Trace|            4 (20): 96 (60)
Trace|            5 (28): 2 (02)
Trace|            6 (30): -3 (FFFFFFFFFFFFFFFD)
Trace|            7 (38): 2 (02)
Trace|            8 (40): 69 (45)
Trace|            9 (48): 10 (0A)
Trace|        29 bytes
Trace|    53 bytes
Trace|    4 (20): 0 (00)
Trace|    5 (28): 1 (01)
Trace|59 bytes
Trace|4 (22):
Trace|    1 (08): 96 (60)
Trace|    2 (10): 109 (6D)
Trace|    3 (18): 62 (3E)
Trace|    4 (20): 7 (07)
Trace|10 bytes
Trace|5 (2A):
Trace|    1 (08): 96 (60)
Trace|    2 (10): 109 (6D)
Trace|    3 (18): 62 (3E)
Trace|    4 (20): 7 (07)
Trace|10 bytes
Trace|6 (32):
Trace|    1 (08): 96 (60)
Trace|    2 (10): 109 (6D)
Trace|    3 (18): 62 (3E)
Trace|    4 (20): 7 (07)
Trace|10 bytes
Trace|Parameter: 6
Trace|1 (0A):
Trace|    2 (12):
Trace|        1 (08): 60 (3C)
Trace|        2 (10): 280 (118)
Trace|        3 (18): 4 (04)
Trace|        4 (20): 26 (1A)
Trace|    11 bytes
Trace|    3 (1A):
Trace|        1 (08): 60 (3C)
Trace|        2 (10): 280 (118)
Trace|    7 bytes
Trace|    4 (22):
Trace|        1 (08): 60 (3C)
Trace|        2 (10): 280 (118)
Trace|    7 bytes
Trace|27 bytes
Trace|Parameter: 7
Trace|3 (1A):
Trace|    1 (08): 105 (69)
Trace|    2 (12):
Trace|        1 (08): 79 (4F)
Trace|        2 (10): 326 (146)
Trace|    7 bytes
Trace|    2 (12):
Trace|        1 (08): 79 (4F)
Trace|        2 (10): 326 (146)
Trace|    7 bytes
Trace|    2 (12):
Trace|        1 (08): 79 (4F)
Trace|        2 (10): 326 (146)
Trace|    7 bytes
Trace|    2 (12):
Trace|        1 (08): 79 (4F)
Trace|        2 (10): 326 (146)
Trace|    7 bytes
Trace|    2 (12):
Trace|        1 (08): 79 (4F)
Trace|        2 (10): 326 (146)
Trace|    7 bytes
Trace|    2 (12):
Trace|        1 (08): 79 (4F)
Trace|        2 (10): 326 (146)
Trace|    7 bytes
Trace|    2 (12):
Trace|        1 (08): 79 (4F)
Trace|        2 (10): 326 (146)
Trace|    7 bytes
Trace|    2 (12):
Trace|        1 (08): 79 (4F)
Trace|        2 (10): 326 (146)
Trace|    7 bytes
Trace|    2 (12):
Trace|        1 (08): 79 (4F)
Trace|        2 (10): 326 (146)
Trace|    7 bytes
Trace|    2 (12):
Trace|        1 (08): 79 (4F)
Trace|        2 (10): 326 (146)
Trace|    7 bytes
Trace|74 bytes
Trace|Parameter: 8
Trace|1 (0A):
Trace|    1 (0A):
Trace|        1 (08): 64 (40)
Trace|        2 (10): 95 (5F)
Trace|    6 bytes
Trace|    2 (10): 1 (01)
Trace|10 bytes
Trace|2 (12):
Trace|    1 (0A):
Trace|        1 (08): 64 (40)
Trace|        2 (10): 95 (5F)
Trace|    6 bytes
Trace|    3 (18): 0 (00)
Trace|10 bytes
Trace|3 (1A):
Trace|    1 (0A):
Trace|        1 (08): 64 (40)
Trace|        2 (10): 95 (5F)
Trace|    6 bytes
Trace|    3 (18): 2 (02)
Trace|10 bytes
Trace|Parameter: 9
Trace|1 (0A):
Trace|    1 (0A):
Trace|        1 (08): 13 (0D)
Trace|        2 (10): 119 (77)
Trace|        3 (18): 73 (49)
Trace|        4 (20): 146 (92)
Trace|        5 (28): 2 (02)
Trace|        6 (30): -6 (FFFFFFFFFFFFFFFA)
Trace|        7 (38): -6 (FFFFFFFFFFFFFFFA)
Trace|        8 (40): 40 (28)
Trace|        9 (48): 10 (0A)
Trace|    39 bytes
Trace|    4 (20): 50 (32)
Trace|43 bytes
Trace|2 (12):
Trace|    1 (08): 13 (0D)
Trace|    2 (10): 125 (7D)
Trace|    3 (18): 30 (1E)
Trace|    4 (20): 10 (0A)
Trace|10 bytes
Trace|Parameter: 12
Trace|3 (1A):
Trace|    1 (08): 101 (65)
Trace|    2 (12):
Trace|        1 (08): 13 (0D)
Trace|        2 (10): 326 (146)
Trace|    7 bytes
Trace|    2 (12):
Trace|        1 (08): 13 (0D)
Trace|        2 (10): 326 (146)
Trace|    7 bytes
Trace|    2 (12):
Trace|        1 (08): 13 (0D)
Trace|        2 (10): 326 (146)
Trace|    7 bytes
Trace|    2 (12):
Trace|        1 (08): 13 (0D)
Trace|        2 (10): 326 (146)
Trace|    7 bytes
Trace|32 bytes
Trace|Encoding offsets and lengths...
Trace|1 (0A):
Trace|    1 (08): 536 (218)
Trace|    2 (10): 139 (8B)
Trace|8 bytes
Trace|2 (12):
Trace|    1 (08): 0 (00)
Trace|    2 (10): 35 (23)
Trace|6 bytes
Trace|3 (1A):
Trace|    1 (08): 35 (23)
Trace|    2 (10): 53 (35)
Trace|6 bytes
Trace|4 (22):
Trace|    1 (08): 88 (58)
Trace|    2 (10): 143 (8F)
Trace|7 bytes
Trace|5 (2A):
Trace|    1 (08): 231 (E7)
Trace|    2 (10): 89 (59)
Trace|7 bytes
Trace|6 (32):
Trace|    1 (08): 320 (140)
Trace|    2 (10): 27 (1B)
Trace|7 bytes
Trace|7 (3A):
Trace|    1 (08): 347 (15B)
Trace|    2 (10): 74 (4A)
Trace|7 bytes
Trace|8 (42):
Trace|    1 (08): 421 (1A5)
Trace|    2 (10): 30 (1E)
Trace|7 bytes
Trace|9 (4A):
Trace|    1 (08): 451 (1C3)
Trace|    2 (10): 53 (35)
Trace|7 bytes
Trace|12 (62):
Trace|    1 (08): 504 (1F8)
Trace|    2 (10): 32 (20)
Trace|7 bytes
Trace|Writing header...
Trace|Writing parameters offsets and lengths...
Trace|Writing parameters...
Trace|Writing images...
Trace|Resource 0 offset is 0...
Debug|Encoding resource 0...
Trace|Writing image in Raw mode
Trace|Transparency image...
Trace|Writing image header...
Trace|Width: 23, Height: 24, RowLength: 69
Trace|BPP: 24, PaletteColors: 0, Transaparency: 0
Trace|Resource 1 offset is 1672...
Debug|Encoding resource 1...
Trace|Writing image in Raw mode
Trace|Transparency image...
Trace|Writing image header...
Trace|Width: 23, Height: 24, RowLength: 69
Trace|BPP: 24, PaletteColors: 0, Transaparency: 0
Trace|Resource 2 offset is 3344...
Debug|Encoding resource 2...
Trace|Writing image in Raw mode
Trace|Transparency image...
Trace|Writing image header...
Trace|Width: 23, Height: 24, RowLength: 69
Trace|BPP: 24, PaletteColors: 0, Transaparency: 0
Trace|Resource 3 offset is 5016...
Debug|Encoding resource 3...
Trace|Writing image in Raw mode
Trace|No Transparency image...
Trace|Writing image header...
Trace|Width: 126, Height: 294, RowLength: 252
Trace|BPP: 16, PaletteColors: 0, Transaparency: 0
Trace|Writing image...
Trace|Resource 4 offset is 79120...
Debug|Encoding resource 4...
Trace|Writing image in Raw mode
Trace|Transparency image...
Trace|Writing image header...
Trace|Width: 32, Height: 32, RowLength: 96
Trace|BPP: 24, PaletteColors: 0, Transaparency: 0
Trace|Resource 5 offset is 82208...
Debug|Encoding resource 5...
Trace|Writing image in Raw mode
Trace|Transparency image...
Trace|Writing image header...
Trace|Width: 32, Height: 32, RowLength: 96
Trace|BPP: 24, PaletteColors: 0, Transaparency: 0
Trace|Resource 6 offset is 85296...
Debug|Encoding resource 6...
Trace|Writing image in Raw mode
Trace|Transparency image...
Trace|Writing image header...
Trace|Width: 32, Height: 32, RowLength: 96
Trace|BPP: 24, PaletteColors: 0, Transaparency: 0
Trace|Resource 7 offset is 88384...
Debug|Encoding resource 7...
Trace|Writing image in Raw mode
Trace|Transparency image...
Trace|Writing image header...
Trace|Width: 32, Height: 32, RowLength: 96
Trace|BPP: 24, PaletteColors: 0, Transaparency: 0
Trace|Resource 8 offset is 91472...
Debug|Encoding resource 8...
Trace|Writing image in Raw mode
Trace|Transparency image...
Trace|Writing image header...
Trace|Width: 32, Height: 32, RowLength: 96
Trace|BPP: 24, PaletteColors: 0, Transaparency: 0
Trace|Resource 9 offset is 94560...
Debug|Encoding resource 9...
Trace|Writing image in Raw mode
Trace|Transparency image...
Trace|Writing image header...
Trace|Width: 32, Height: 32, RowLength: 96
Trace|BPP: 24, PaletteColors: 0, Transaparency: 0
Trace|Resource 10 offset is 97648...
Debug|Encoding resource 10...
Trace|Writing image in Raw mode
Trace|Transparency image...
Trace|Writing image header...
Trace|Width: 32, Height: 32, RowLength: 96
Trace|BPP: 24, PaletteColors: 0, Transaparency: 0
Trace|Resource 11 offset is 100736...
Debug|Encoding resource 11...
Trace|Writing image in Raw mode
Trace|Transparency image...
Trace|Writing image header...
Trace|Width: 32, Height: 32, RowLength: 96
Trace|BPP: 24, PaletteColors: 0, Transaparency: 0
Trace|Resource 12 offset is 103824...
Debug|Encoding resource 12...
Trace|Writing image in Raw mode
Trace|Transparency image...
Trace|Writing image header...
Trace|Width: 32, Height: 32, RowLength: 96
Trace|BPP: 24, PaletteColors: 0, Transaparency: 0
Trace|Resource 13 offset is 106912...
Debug|Encoding resource 13...
Trace|Writing image in Raw mode
Trace|Transparency image...
Trace|Writing image header...
Trace|Width: 32, Height: 32, RowLength: 96
Trace|BPP: 24, PaletteColors: 0, Transaparency: 0
Trace|Resource 14 offset is 110000...
Debug|Encoding resource 14...
Trace|Writing image in Raw mode
Trace|Transparency image...
Trace|Writing image header...
Trace|Width: 32, Height: 32, RowLength: 96
Trace|BPP: 24, PaletteColors: 0, Transaparency: 0
Trace|Resource 15 offset is 113088...
Debug|Encoding resource 15...
Trace|Writing image in Raw mode
Trace|Transparency image...
Trace|Writing image header...
Trace|Width: 32, Height: 32, RowLength: 96
Trace|BPP: 24, PaletteColors: 0, Transaparency: 0
Trace|Resource 16 offset is 116176...
Debug|Encoding resource 16...
Trace|Writing image in Raw mode
Trace|Transparency image...
Trace|Writing image header...
Trace|Width: 32, Height: 32, RowLength: 96
Trace|BPP: 24, PaletteColors: 0, Transaparency: 0
Trace|Resource 17 offset is 119264...
Debug|Encoding resource 17...
Trace|Writing image in Raw mode
Trace|Transparency image...
Trace|Writing image header...
Trace|Width: 32, Height: 32, RowLength: 96
Trace|BPP: 24, PaletteColors: 0, Transaparency: 0
Trace|Resource 18 offset is 122352...
Debug|Encoding resource 18...
Trace|Writing image in Raw mode
Trace|Transparency image...
Trace|Writing image header...
Trace|Width: 32, Height: 32, RowLength: 96
Trace|BPP: 24, PaletteColors: 0, Transaparency: 0
Trace|Resource 19 offset is 125440...
Debug|Encoding resource 19...
Trace|Writing image in Raw mode
Trace|Transparency image...
Trace|Writing image header...
Trace|Width: 32, Height: 32, RowLength: 96
Trace|BPP: 24, PaletteColors: 0, Transaparency: 0
Trace|Resource 20 offset is 128528...
Debug|Encoding resource 20...
Trace|Writing image in Raw mode
Trace|Transparency image...
Trace|Writing image header...
Trace|Width: 32, Height: 32, RowLength: 96
Trace|BPP: 24, PaletteColors: 0, Transaparency: 0
Trace|Resource 21 offset is 131616...
Debug|Encoding resource 21...
Trace|Writing image in Raw mode
Trace|Transparency image...
Trace|Writing image header...
Trace|Width: 32, Height: 32, RowLength: 96
Trace|BPP: 24, PaletteColors: 0, Transaparency: 0
Trace|Resource 22 offset is 134704...
Debug|Encoding resource 22...
Trace|Writing image in Raw mode
Trace|Transparency image...
Trace|Writing image header...
Trace|Width: 32, Height: 32, RowLength: 96
Trace|BPP: 24, PaletteColors: 0, Transaparency: 0
Trace|Resource 23 offset is 137792...
Debug|Encoding resource 23...
Trace|Writing image in Raw mode
Trace|Transparency image...
Trace|Writing image header...
Trace|Width: 32, Height: 32, RowLength: 96
Trace|BPP: 24, PaletteColors: 0, Transaparency: 0
Trace|Resource 24 offset is 140880...
Debug|Encoding resource 24...
Trace|Writing image in Raw mode
Trace|Transparency image...
Trace|Writing image header...
Trace|Width: 32, Height: 32, RowLength: 96
Trace|BPP: 24, PaletteColors: 0, Transaparency: 0
Trace|Resource 25 offset is 143968...
Debug|Encoding resource 25...
Trace|Writing image in Raw mode
Trace|Transparency image...
Trace|Writing image header...
Trace|Width: 32, Height: 32, RowLength: 96
Trace|BPP: 24, PaletteColors: 0, Transaparency: 0
Trace|Resource 26 offset is 147056...
Debug|Encoding resource 26...
Trace|Writing image in Raw mode
Trace|Transparency image...
Trace|Writing image header...
Trace|Width: 32, Height: 32, RowLength: 96
Trace|BPP: 24, PaletteColors: 0, Transaparency: 0
Trace|Resource 27 offset is 150144...
Debug|Encoding resource 27...
Trace|Writing image in Raw mode
Trace|Transparency image...
Trace|Writing image header...
Trace|Width: 32, Height: 32, RowLength: 96
Trace|BPP: 24, PaletteColors: 0, Transaparency: 0
Trace|Resource 28 offset is 153232...
Debug|Encoding resource 28...
Trace|Writing image in Raw mode
Trace|Transparency image...
Trace|Writing image header...
Trace|Width: 32, Height: 32, RowLength: 96
Trace|BPP: 24, PaletteColors: 0, Transaparency: 0
Trace|Resource 29 offset is 156320...
Debug|Encoding resource 29...
Trace|Writing image in Raw mode
Trace|Transparency image...
Trace|Writing image header...
Trace|Width: 32, Height: 32, RowLength: 96
Trace|BPP: 24, PaletteColors: 0, Transaparency: 0
Trace|Resource 30 offset is 159408...
Debug|Encoding resource 30...
Trace|Writing image in Raw mode
Trace|Transparency image...
Trace|Writing image header...
Trace|Width: 60, Height: 38, RowLength: 180
Trace|BPP: 24, PaletteColors: 0, Transaparency: 0
Trace|Resource 31 offset is 166264...
Debug|Encoding resource 31...
Trace|Writing image in Raw mode
Trace|Transparency image...
Trace|Writing image header...
Trace|Width: 60, Height: 38, RowLength: 180
Trace|BPP: 24, PaletteColors: 0, Transaparency: 0
Trace|Resource 32 offset is 173120...
Debug|Encoding resource 32...
Trace|Writing image in Raw mode
Trace|Transparency image...
Trace|Writing image header...
Trace|Width: 60, Height: 38, RowLength: 180
Trace|BPP: 24, PaletteColors: 0, Transaparency: 0
Trace|Resource 33 offset is 179976...
Debug|Encoding resource 33...
Trace|Writing image in Raw mode
Trace|Transparency image...
Trace|Writing image header...
Trace|Width: 60, Height: 38, RowLength: 180
Trace|BPP: 24, PaletteColors: 0, Transaparency: 0
Trace|Resource 34 offset is 186832...
Debug|Encoding resource 34...
Trace|Writing image in Raw mode
Trace|Transparency image...
Trace|Writing image header...
Trace|Width: 60, Height: 38, RowLength: 180
Trace|BPP: 24, PaletteColors: 0, Transaparency: 0
Trace|Resource 35 offset is 193688...
Debug|Encoding resource 35...
Trace|Writing image in Raw mode
Trace|Transparency image...
Trace|Writing image header...
Trace|Width: 60, Height: 38, RowLength: 180
Trace|BPP: 24, PaletteColors: 0, Transaparency: 0
Trace|Resource 36 offset is 200544...
Debug|Encoding resource 36...
Trace|Writing image in Raw mode
Trace|Transparency image...
Trace|Writing image header...
Trace|Width: 60, Height: 38, RowLength: 180
Trace|BPP: 24, PaletteColors: 0, Transaparency: 0
Trace|Resource 37 offset is 207400...
Debug|Encoding resource 37...
Trace|Writing image in Raw mode
Trace|Transparency image...
Trace|Writing image header...
Trace|Width: 60, Height: 38, RowLength: 180
Trace|BPP: 24, PaletteColors: 0, Transaparency: 0
Trace|Resource 38 offset is 214256...
Debug|Encoding resource 38...
Trace|Writing image in Raw mode
Trace|Transparency image...
Trace|Writing image header...
Trace|Width: 60, Height: 38, RowLength: 180
Trace|BPP: 24, PaletteColors: 0, Transaparency: 0
Trace|Resource 39 offset is 221112...
Debug|Encoding resource 39...
Trace|Writing image in Raw mode
Trace|Transparency image...
Trace|Writing image header...
Trace|Width: 60, Height: 38, RowLength: 180
Trace|BPP: 24, PaletteColors: 0, Transaparency: 0
Trace|Resource 40 offset is 227968...
Debug|Encoding resource 40...
Trace|Writing image in Raw mode
Trace|Transparency image...
Trace|Writing image header...
Trace|Width: 16, Height: 17, RowLength: 48
Trace|BPP: 24, PaletteColors: 0, Transaparency: 0
Trace|Resource 41 offset is 228800...
Debug|Encoding resource 41...
Trace|Writing image in Raw mode
Trace|Transparency image...
Trace|Writing image header...
Trace|Width: 16, Height: 17, RowLength: 48
Trace|BPP: 24, PaletteColors: 0, Transaparency: 0
Trace|Resource 42 offset is 229632...
Debug|Encoding resource 42...
Trace|Writing image in Raw mode
Trace|Transparency image...
Trace|Writing image header...
Trace|Width: 16, Height: 17, RowLength: 48
Trace|BPP: 24, PaletteColors: 0, Transaparency: 0
Trace|Resource 43 offset is 230464...
Debug|Encoding resource 43...
Trace|Writing image in Raw mode
Trace|Transparency image...
Trace|Writing image header...
Trace|Width: 16, Height: 17, RowLength: 48
Trace|BPP: 24, PaletteColors: 0, Transaparency: 0
Trace|Resource 44 offset is 231296...
Debug|Encoding resource 44...
Trace|Writing image in Raw mode
Trace|Transparency image...
Trace|Writing image header...
Trace|Width: 16, Height: 17, RowLength: 48
Trace|BPP: 24, PaletteColors: 0, Transaparency: 0
Trace|Resource 45 offset is 232128...
Debug|Encoding resource 45...
Trace|Writing image in Raw mode
Trace|Transparency image...
Trace|Writing image header...
Trace|Width: 16, Height: 17, RowLength: 48
Trace|BPP: 24, PaletteColors: 0, Transaparency: 0
Trace|Resource 46 offset is 232960...
Debug|Encoding resource 46...
Trace|Writing image in Raw mode
Trace|Transparency image...
Trace|Writing image header...
Trace|Width: 16, Height: 17, RowLength: 48
Trace|BPP: 24, PaletteColors: 0, Transaparency: 0
Trace|Resource 47 offset is 233792...
Debug|Encoding resource 47...
Trace|Writing image in Raw mode
Trace|Transparency image...
Trace|Writing image header...
Trace|Width: 16, Height: 17, RowLength: 48
Trace|BPP: 24, PaletteColors: 0, Transaparency: 0
Trace|Resource 48 offset is 234624...
Debug|Encoding resource 48...
Trace|Writing image in Raw mode
Trace|Transparency image...
Trace|Writing image header...
Trace|Width: 16, Height: 17, RowLength: 48
Trace|BPP: 24, PaletteColors: 0, Transaparency: 0
Trace|Resource 49 offset is 235456...
Debug|Encoding resource 49...
Trace|Writing image in Raw mode
Trace|Transparency image...
Trace|Writing image header...
Trace|Width: 16, Height: 17, RowLength: 48
Trace|BPP: 24, PaletteColors: 0, Transaparency: 0
Trace|Resource 50 offset is 236288...
Debug|Encoding resource 50...
Trace|Writing image in Raw mode
Trace|Transparency image...
Trace|Writing image header...
Trace|Width: 21, Height: 20, RowLength: 63
Trace|BPP: 24, PaletteColors: 0, Transaparency: 0
Trace|Resource 51 offset is 237564...
Debug|Encoding resource 51...
Trace|Writing image in Raw mode
Trace|Transparency image...
Trace|Writing image header...
Trace|Width: 16, Height: 17, RowLength: 48
Trace|BPP: 24, PaletteColors: 0, Transaparency: 0
Trace|Resource 52 offset is 238396...
Debug|Encoding resource 52...
Trace|Writing image in Raw mode
Trace|Transparency image...
Trace|Writing image header...
Trace|Width: 16, Height: 17, RowLength: 48
Trace|BPP: 24, PaletteColors: 0, Transaparency: 0
Trace|Resource 53 offset is 239228...
Debug|Encoding resource 53...
Trace|Writing image in Raw mode
Trace|Transparency image...
Trace|Writing image header...
Trace|Width: 16, Height: 17, RowLength: 48
Trace|BPP: 24, PaletteColors: 0, Transaparency: 0
Trace|Resource 54 offset is 240060...
Debug|Encoding resource 54...
Trace|Writing image in Raw mode
Trace|Transparency image...
Trace|Writing image header...
Trace|Width: 16, Height: 17, RowLength: 48
Trace|BPP: 24, PaletteColors: 0, Transaparency: 0
Trace|Resource 55 offset is 240892...
Debug|Encoding resource 55...
Trace|Writing image in Raw mode
Trace|Transparency image...
Trace|Writing image header...
Trace|Width: 16, Height: 17, RowLength: 48
Trace|BPP: 24, PaletteColors: 0, Transaparency: 0
Trace|Resource 56 offset is 241724...
Debug|Encoding resource 56...
Trace|Writing image in Raw mode
Trace|Transparency image...
Trace|Writing image header...
Trace|Width: 16, Height: 17, RowLength: 48
Trace|BPP: 24, PaletteColors: 0, Transaparency: 0
Trace|Resource 57 offset is 242556...
Debug|Encoding resource 57...
Trace|Writing image in Raw mode
Trace|Transparency image...
Trace|Writing image header...
Trace|Width: 16, Height: 17, RowLength: 48
Trace|BPP: 24, PaletteColors: 0, Transaparency: 0
Trace|Resource 58 offset is 243388...
Debug|Encoding resource 58...
Trace|Writing image in Raw mode
Trace|Transparency image...
Trace|Writing image header...
Trace|Width: 16, Height: 17, RowLength: 48
Trace|BPP: 24, PaletteColors: 0, Transaparency: 0
Trace|Resource 59 offset is 244220...
Debug|Encoding resource 59...
Trace|Writing image in Raw mode
Trace|Transparency image...
Trace|Writing image header...
Trace|Width: 16, Height: 17, RowLength: 48
Trace|BPP: 24, PaletteColors: 0, Transaparency: 0
Trace|Resource 60 offset is 245052...
Debug|Encoding resource 60...
Trace|Writing image in Raw mode
Trace|Transparency image...
Trace|Writing image header...
Trace|Width: 16, Height: 17, RowLength: 48
Trace|BPP: 24, PaletteColors: 0, Transaparency: 0
Trace|Resource 61 offset is 245884...
Debug|Encoding resource 61...
Trace|Writing image in Raw mode
Trace|Transparency image...
Trace|Writing image header...
Trace|Width: 1, Height: 17, RowLength: 3
Trace|BPP: 24, PaletteColors: 0, Transaparency: 0
Trace|Resource 62 offset is 245951...
Debug|Encoding resource 62...
Trace|Writing image in Raw mode
Trace|Transparency image...
Trace|Writing image header...
Trace|Width: 45, Height: 33, RowLength: 135
Trace|BPP: 24, PaletteColors: 0, Transaparency: 0
Trace|Resource 63 offset is 250422...
Debug|Encoding resource 63...
Trace|Writing image in Raw mode
Trace|Transparency image...
Trace|Writing image header...
Trace|Width: 45, Height: 33, RowLength: 135
Trace|BPP: 24, PaletteColors: 0, Transaparency: 0
Trace|Resource 64 offset is 254893...
Debug|Encoding resource 64...
Trace|Writing image in Raw mode
Trace|Transparency image...
Trace|Writing image header...
Trace|Width: 45, Height: 33, RowLength: 135
Trace|BPP: 24, PaletteColors: 0, Transaparency: 0
Trace|Resource 65 offset is 259364...
Debug|Encoding resource 65...
Trace|Writing image in Raw mode
Trace|Transparency image...
Trace|Writing image header...
Trace|Width: 45, Height: 33, RowLength: 135
Trace|BPP: 24, PaletteColors: 0, Transaparency: 0
Trace|Resource 66 offset is 263835...
Debug|Encoding resource 66...
Trace|Writing image in Raw mode
Trace|Transparency image...
Trace|Writing image header...
Trace|Width: 45, Height: 33, RowLength: 135
Trace|BPP: 24, PaletteColors: 0, Transaparency: 0
Trace|Resource 67 offset is 268306...
Debug|Encoding resource 67...
Trace|Writing image in Raw mode
Trace|Transparency image...
Trace|Writing image header...
Trace|Width: 45, Height: 33, RowLength: 135
Trace|BPP: 24, PaletteColors: 0, Transaparency: 0
Trace|Resource 68 offset is 272777...
Debug|Encoding resource 68...
Trace|Writing image in Raw mode
Trace|Transparency image...
Trace|Writing image header...
Trace|Width: 45, Height: 33, RowLength: 135
Trace|BPP: 24, PaletteColors: 0, Transaparency: 0
Trace|Resource 69 offset is 277248...
Debug|Encoding resource 69...
Trace|Writing image in Raw mode
Trace|Transparency image...
Trace|Writing image header...
Trace|Width: 14, Height: 17, RowLength: 42
Trace|BPP: 24, PaletteColors: 0, Transaparency: 0
Trace|Resource 70 offset is 277978...
Debug|Encoding resource 70...
Trace|Writing image in Raw mode
Trace|Transparency image...
Trace|Writing image header...
Trace|Width: 14, Height: 17, RowLength: 42
Trace|BPP: 24, PaletteColors: 0, Transaparency: 0
Trace|Resource 71 offset is 278708...
Debug|Encoding resource 71...
Trace|Writing image in Raw mode
Trace|Transparency image...
Trace|Writing image header...
Trace|Width: 14, Height: 17, RowLength: 42
Trace|BPP: 24, PaletteColors: 0, Transaparency: 0
Trace|Resource 72 offset is 279438...
Debug|Encoding resource 72...
Trace|Writing image in Raw mode
Trace|Transparency image...
Trace|Writing image header...
Trace|Width: 14, Height: 17, RowLength: 42
Trace|BPP: 24, PaletteColors: 0, Transaparency: 0
Trace|Resource 73 offset is 280168...
Debug|Encoding resource 73...
Trace|Writing image in Raw mode
Trace|Transparency image...
Trace|Writing image header...
Trace|Width: 14, Height: 17, RowLength: 42
Trace|BPP: 24, PaletteColors: 0, Transaparency: 0
Trace|Resource 74 offset is 280898...
Debug|Encoding resource 74...
Trace|Writing image in Raw mode
Trace|Transparency image...
Trace|Writing image header...
Trace|Width: 14, Height: 17, RowLength: 42
Trace|BPP: 24, PaletteColors: 0, Transaparency: 0
Trace|Resource 75 offset is 281628...
Debug|Encoding resource 75...
Trace|Writing image in Raw mode
Trace|Transparency image...
Trace|Writing image header...
Trace|Width: 14, Height: 17, RowLength: 42
Trace|BPP: 24, PaletteColors: 0, Transaparency: 0
Trace|Resource 76 offset is 282358...
Debug|Encoding resource 76...
Trace|Writing image in Raw mode
Trace|Transparency image...
Trace|Writing image header...
Trace|Width: 14, Height: 17, RowLength: 42
Trace|BPP: 24, PaletteColors: 0, Transaparency: 0
Trace|Resource 77 offset is 283088...
Debug|Encoding resource 77...
Trace|Writing image in Raw mode
Trace|Transparency image...
Trace|Writing image header...
Trace|Width: 14, Height: 17, RowLength: 42
Trace|BPP: 24, PaletteColors: 0, Transaparency: 0
Trace|Resource 78 offset is 283818...
Debug|Encoding resource 78...
Trace|Writing image in Raw mode
Trace|Transparency image...
Trace|Writing image header...
Trace|Width: 14, Height: 17, RowLength: 42
Trace|BPP: 24, PaletteColors: 0, Transaparency: 0
Trace|Resource 79 offset is 284548...
Debug|Encoding resource 79...
Trace|Writing image in Raw mode
Trace|Transparency image...
Trace|Writing image header...
Trace|Width: 45, Height: 33, RowLength: 135
Trace|BPP: 24, PaletteColors: 0, Transaparency: 0
Trace|Resource 80 offset is 289019...
Debug|Encoding resource 80...
Trace|Writing image in Raw mode
Trace|Transparency image...
Trace|Writing image header...
Trace|Width: 45, Height: 33, RowLength: 135
Trace|BPP: 24, PaletteColors: 0, Transaparency: 0
Trace|Resource 81 offset is 293490...
Debug|Encoding resource 81...
Trace|Writing image in Raw mode
Trace|Transparency image...
Trace|Writing image header...
Trace|Width: 45, Height: 33, RowLength: 135
Trace|BPP: 24, PaletteColors: 0, Transaparency: 0
Trace|Resource 82 offset is 297961...
Debug|Encoding resource 82...
Trace|Writing image in Raw mode
Trace|Transparency image...
Trace|Writing image header...
Trace|Width: 45, Height: 33, RowLength: 135
Trace|BPP: 24, PaletteColors: 0, Transaparency: 0
Trace|Resource 83 offset is 302432...
Debug|Encoding resource 83...
Trace|Writing image in Raw mode
Trace|Transparency image...
Trace|Writing image header...
Trace|Width: 45, Height: 33, RowLength: 135
Trace|BPP: 24, PaletteColors: 0, Transaparency: 0
Trace|Resource 84 offset is 306903...
Debug|Encoding resource 84...
Trace|Writing image in Raw mode
Trace|Transparency image...
Trace|Writing image header...
Trace|Width: 45, Height: 33, RowLength: 135
Trace|BPP: 24, PaletteColors: 0, Transaparency: 0
Trace|Resource 85 offset is 311374...
Debug|Encoding resource 85...
Trace|Writing image in Raw mode
Trace|Transparency image...
Trace|Writing image header...
Trace|Width: 45, Height: 33, RowLength: 135
Trace|BPP: 24, PaletteColors: 0, Transaparency: 0
Trace|Resource 86 offset is 315845...
Debug|Encoding resource 86...
Trace|Writing image in Raw mode
Trace|Transparency image...
Trace|Writing image header...
Trace|Width: 45, Height: 33, RowLength: 135
Trace|BPP: 24, PaletteColors: 0, Transaparency: 0
Trace|Resource 87 offset is 320316...
Debug|Encoding resource 87...
Trace|Writing image in Raw mode
Trace|Transparency image...
Trace|Writing image header...
Trace|Width: 45, Height: 33, RowLength: 135
Trace|BPP: 24, PaletteColors: 0, Transaparency: 0
Trace|Resource 88 offset is 324787...
Debug|Encoding resource 88...
Trace|Writing image in Raw mode
Trace|Transparency image...
Trace|Writing image header...
Trace|Width: 45, Height: 33, RowLength: 135
Trace|BPP: 24, PaletteColors: 0, Transaparency: 0
Trace|Resource 89 offset is 329258...
Debug|Encoding resource 89...
Trace|Writing image in Raw mode
Trace|Transparency image...
Trace|Writing image header...
Trace|Width: 45, Height: 33, RowLength: 135
Trace|BPP: 24, PaletteColors: 0, Transaparency: 0
Trace|Resource 90 offset is 333729...
Debug|Encoding resource 90...
Trace|Writing image in Raw mode
Trace|Transparency image...
Trace|Writing image header...
Trace|Width: 45, Height: 33, RowLength: 135
Trace|BPP: 24, PaletteColors: 0, Transaparency: 0
Trace|Resource 91 offset is 338200...
Debug|Encoding resource 91...
Trace|Writing image in Raw mode
Trace|Transparency image...
Trace|Writing image header...
Trace|Width: 16, Height: 17, RowLength: 48
Trace|BPP: 24, PaletteColors: 0, Transaparency: 0
Trace|Resource 92 offset is 339032...
Debug|Encoding resource 92...
Trace|Writing image in Raw mode
Trace|Transparency image...
Trace|Writing image header...
Trace|Width: 16, Height: 17, RowLength: 48
Trace|BPP: 24, PaletteColors: 0, Transaparency: 0
Trace|Resource 93 offset is 339864...
Debug|Encoding resource 93...
Trace|Writing image in Raw mode
Trace|Transparency image...
Trace|Writing image header...
Trace|Width: 16, Height: 17, RowLength: 48
Trace|BPP: 24, PaletteColors: 0, Transaparency: 0
Trace|Resource 94 offset is 340696...
Debug|Encoding resource 94...
Trace|Writing image in Raw mode
Trace|Transparency image...
Trace|Writing image header...
Trace|Width: 16, Height: 17, RowLength: 48
Trace|BPP: 24, PaletteColors: 0, Transaparency: 0
Trace|Resource 95 offset is 341528...
Debug|Encoding resource 95...
Trace|Writing image in Raw mode
Trace|Transparency image...
Trace|Writing image header...
Trace|Width: 16, Height: 17, RowLength: 48
Trace|BPP: 24, PaletteColors: 0, Transaparency: 0
Trace|Resource 96 offset is 342360...
Debug|Encoding resource 96...
Trace|Writing image in Raw mode
Trace|Transparency image...
Trace|Writing image header...
Trace|Width: 16, Height: 17, RowLength: 48
Trace|BPP: 24, PaletteColors: 0, Transaparency: 0
Trace|Resource 97 offset is 343192...
Debug|Encoding resource 97...
Trace|Writing image in Raw mode
Trace|Transparency image...
Trace|Writing image header...
Trace|Width: 16, Height: 17, RowLength: 48
Trace|BPP: 24, PaletteColors: 0, Transaparency: 0
Trace|Resource 98 offset is 344024...
Debug|Encoding resource 98...
Trace|Writing image in Raw mode
Trace|Transparency image...
Trace|Writing image header...
Trace|Width: 16, Height: 17, RowLength: 48
Trace|BPP: 24, PaletteColors: 0, Transaparency: 0
Trace|Resource 99 offset is 344856...
Debug|Encoding resource 99...
Trace|Writing image in Raw mode
Trace|Transparency image...
Trace|Writing image header...
Trace|Width: 16, Height: 17, RowLength: 48
Trace|BPP: 24, PaletteColors: 0, Transaparency: 0
Trace|Resource 100 offset is 345688...
Debug|Encoding resource 100...
Trace|Writing image in Raw mode
Trace|Transparency image...
Trace|Writing image header...
Trace|Width: 16, Height: 17, RowLength: 48
Trace|BPP: 24, PaletteColors: 0, Transaparency: 0
Trace|Resource 101 offset is 346520...
Debug|Encoding resource 101...
Trace|Writing image in Raw mode
Trace|Transparency image...
Trace|Writing image header...
Trace|Width: 60, Height: 38, RowLength: 180
Trace|BPP: 24, PaletteColors: 0, Transaparency: 0
Trace|Resource 102 offset is 353376...
Debug|Encoding resource 102...
Trace|Writing image in Raw mode
Trace|Transparency image...
Trace|Writing image header...
Trace|Width: 60, Height: 38, RowLength: 180
Trace|BPP: 24, PaletteColors: 0, Transaparency: 0
Trace|Resource 103 offset is 360232...
Debug|Encoding resource 103...
Trace|Writing image in Raw mode
Trace|Transparency image...
Trace|Writing image header...
Trace|Width: 60, Height: 38, RowLength: 180
Trace|BPP: 24, PaletteColors: 0, Transaparency: 0
Trace|Resource 104 offset is 367088...
Debug|Encoding resource 104...
Trace|Writing image in Raw mode
Trace|Transparency image...
Trace|Writing image header...
Trace|Width: 60, Height: 38, RowLength: 180
Trace|BPP: 24, PaletteColors: 0, Transaparency: 0
Trace|Resource 105 offset is 373944...
Debug|Encoding resource 105...
Trace|Writing image in Raw mode
Trace|Transparency image...
Trace|Writing image header...
Trace|Width: 60, Height: 38, RowLength: 180
Trace|BPP: 24, PaletteColors: 0, Transaparency: 0
Trace|Resource 106 offset is 380800...
Debug|Encoding resource 106...
Trace|Writing image in Raw mode
Trace|Transparency image...
Trace|Writing image header...
Trace|Width: 60, Height: 38, RowLength: 180
Trace|BPP: 24, PaletteColors: 0, Transaparency: 0
Trace|Resource 107 offset is 387656...
Debug|Encoding resource 107...
Trace|Writing image in Raw mode
Trace|Transparency image...
Trace|Writing image header...
Trace|Width: 60, Height: 38, RowLength: 180
Trace|BPP: 24, PaletteColors: 0, Transaparency: 0
Trace|Resource 108 offset is 394512...
Debug|Encoding resource 108...
Trace|Writing image in Raw mode
Trace|Transparency image...
Trace|Writing image header...
Trace|Width: 60, Height: 38, RowLength: 180
Trace|BPP: 24, PaletteColors: 0, Transaparency: 0
Trace|Resource 109 offset is 401368...
Debug|Encoding resource 109...
Trace|Writing image in Raw mode
Trace|Transparency image...
Trace|Writing image header...
Trace|Width: 60, Height: 38, RowLength: 180
Trace|BPP: 24, PaletteColors: 0, Transaparency: 0
Trace|Resource 110 offset is 408224...
Debug|Encoding resource 110...
Trace|Writing image in Raw mode
Trace|Transparency image...
Trace|Writing image header...
Trace|Width: 60, Height: 38, RowLength: 180
Trace|BPP: 24, PaletteColors: 0, Transaparency: 0
Trace|Resource 111 offset is 415080...
Debug|Encoding resource 111...
Trace|Writing image in Raw mode
Trace|Transparency image...
Trace|Writing image header...
Trace|Width: 60, Height: 38, RowLength: 180
Trace|BPP: 24, PaletteColors: 0, Transaparency: 0
Trace|Resource 112 offset is 421936...
Debug|Encoding resource 112...
Trace|Writing image in Raw mode
Trace|Transparency image...
Trace|Writing image header...
Trace|Width: 60, Height: 38, RowLength: 180
Trace|BPP: 24, PaletteColors: 0, Transaparency: 0
Trace|Resource 113 offset is 428792...
Debug|Encoding resource 113...
Trace|Writing image in Raw mode
Trace|Transparency image...
Trace|Writing image header...
Trace|Width: 60, Height: 38, RowLength: 180
Trace|BPP: 24, PaletteColors: 0, Transaparency: 0
Trace|Resource 114 offset is 435648...
Debug|Encoding resource 114...
Trace|Writing image in Raw mode
Trace|Transparency image...
Trace|Writing image header...
Trace|Width: 60, Height: 38, RowLength: 180
Trace|BPP: 24, PaletteColors: 0, Transaparency: 0
Trace|Resource 115 offset is 442504...
Debug|Encoding resource 115...
Trace|Writing image in Raw mode
Trace|Transparency image...
Trace|Writing image header...
Trace|Width: 13, Height: 16, RowLength: 39
Trace|BPP: 24, PaletteColors: 0, Transaparency: 0
Trace|Resource 116 offset is 443144...
Debug|Encoding resource 116...
Trace|Writing image in Raw mode
Trace|Transparency image...
Trace|Writing image header...
Trace|Width: 10, Height: 16, RowLength: 30
Trace|BPP: 24, PaletteColors: 0, Transaparency: 0
Trace|Resource 117 offset is 443640...
Debug|Encoding resource 117...
Trace|Writing image in Raw mode
Trace|Transparency image...
Trace|Writing image header...
Trace|Width: 13, Height: 16, RowLength: 39
Trace|BPP: 24, PaletteColors: 0, Transaparency: 0
Trace|Resource 118 offset is 444280...
Debug|Encoding resource 118...
Trace|Writing image in Raw mode
Trace|Transparency image...
Trace|Writing image header...
Trace|Width: 13, Height: 16, RowLength: 39
Trace|BPP: 24, PaletteColors: 0, Transaparency: 0
Trace|Resource 119 offset is 444920...
Debug|Encoding resource 119...
Trace|Writing image in Raw mode
Trace|Transparency image...
Trace|Writing image header...
Trace|Width: 13, Height: 16, RowLength: 39
Trace|BPP: 24, PaletteColors: 0, Transaparency: 0
Trace|Resource 120 offset is 445560...
Debug|Encoding resource 120...
Trace|Writing image in Raw mode
Trace|Transparency image...
Trace|Writing image header...
Trace|Width: 13, Height: 16, RowLength: 39
Trace|BPP: 24, PaletteColors: 0, Transaparency: 0
Trace|Resource 121 offset is 446200...
Debug|Encoding resource 121...
Trace|Writing image in Raw mode
Trace|Transparency image...
Trace|Writing image header...
Trace|Width: 13, Height: 16, RowLength: 39
Trace|BPP: 24, PaletteColors: 0, Transaparency: 0
Trace|Resource 122 offset is 446840...
Debug|Encoding resource 122...
Trace|Writing image in Raw mode
Trace|Transparency image...
Trace|Writing image header...
Trace|Width: 13, Height: 16, RowLength: 39
Trace|BPP: 24, PaletteColors: 0, Transaparency: 0
Trace|Resource 123 offset is 447480...
Debug|Encoding resource 123...
Trace|Writing image in Raw mode
Trace|Transparency image...
Trace|Writing image header...
Trace|Width: 13, Height: 16, RowLength: 39
Trace|BPP: 24, PaletteColors: 0, Transaparency: 0
Trace|Resource 124 offset is 448120...
Debug|Encoding resource 124...
Trace|Writing image in Raw mode
Trace|Transparency image...
Trace|Writing image header...
Trace|Width: 13, Height: 16, RowLength: 39
Trace|BPP: 24, PaletteColors: 0, Transaparency: 0
Trace|Resource 125 offset is 448760...
Debug|Encoding resource 125...
Trace|Writing image in Raw mode
Trace|Transparency image...
Trace|Writing image header...
Trace|Width: 17, Height: 20, RowLength: 51
Trace|BPP: 24, PaletteColors: 0, Transaparency: 0
Trace|Resource 126 offset is 449796...
Debug|Encoding resource 126...
Trace|Writing image in Raw mode
Trace|Transparency image...
Trace|Writing image header...
Trace|Width: 17, Height: 20, RowLength: 51
Trace|BPP: 24, PaletteColors: 0, Transaparency: 0
Trace|Resource 127 offset is 450832...
Debug|Encoding resource 127...
Trace|Writing image in Raw mode
Trace|Transparency image...
Trace|Writing image header...
Trace|Width: 17, Height: 20, RowLength: 51
Trace|BPP: 24, PaletteColors: 0, Transaparency: 0
Trace|Resource 128 offset is 451868...
Debug|Encoding resource 128...
Trace|Writing image in Raw mode
Trace|Transparency image...
Trace|Writing image header...
Trace|Width: 17, Height: 20, RowLength: 51
Trace|BPP: 24, PaletteColors: 0, Transaparency: 0
Trace|Resource 129 offset is 452904...
Debug|Encoding resource 129...
Trace|Writing image in Raw mode
Trace|Transparency image...
Trace|Writing image header...
Trace|Width: 17, Height: 20, RowLength: 51
Trace|BPP: 24, PaletteColors: 0, Transaparency: 0
Trace|Resource 130 offset is 453940...
Debug|Encoding resource 130...
Trace|Writing image in Raw mode
Trace|Transparency image...
Trace|Writing image header...
Trace|Width: 17, Height: 20, RowLength: 51
Trace|BPP: 24, PaletteColors: 0, Transaparency: 0
Trace|Resource 131 offset is 454976...
Debug|Encoding resource 131...
Trace|Writing image in Raw mode
Trace|Transparency image...
Trace|Writing image header...
Trace|Width: 17, Height: 20, RowLength: 51
Trace|BPP: 24, PaletteColors: 0, Transaparency: 0
Trace|Resource 132 offset is 456012...
Debug|Encoding resource 132...
Trace|Writing image in Raw mode
Trace|Transparency image...
Trace|Writing image header...
Trace|Width: 17, Height: 20, RowLength: 51
Trace|BPP: 24, PaletteColors: 0, Transaparency: 0
Trace|Resource 133 offset is 457048...
Debug|Encoding resource 133...
Trace|Writing image in Raw mode
Trace|Transparency image...
Trace|Writing image header...
Trace|Width: 17, Height: 20, RowLength: 51
Trace|BPP: 24, PaletteColors: 0, Transaparency: 0
Trace|Resource 134 offset is 458084...
Debug|Encoding resource 134...
Trace|Writing image in Raw mode
Trace|Transparency image...
Trace|Writing image header...
Trace|Width: 17, Height: 20, RowLength: 51
Trace|BPP: 24, PaletteColors: 0, Transaparency: 0
Trace|Resource 135 offset is 459120...
Debug|Encoding resource 135...
Trace|Writing image in Raw mode
Trace|Transparency image...
Trace|Writing image header...
Trace|Width: 17, Height: 20, RowLength: 51
Trace|BPP: 24, PaletteColors: 0, Transaparency: 0
Trace|Resource 136 offset is 460156...
Debug|Encoding resource 136...
Trace|Writing image in Raw mode
Trace|Transparency image...
Trace|Writing image header...
Trace|Width: 17, Height: 20, RowLength: 51
Trace|BPP: 24, PaletteColors: 0, Transaparency: 0
Trace|Resource 137 offset is 461192...
Debug|Encoding resource 137...
Trace|Writing image in Raw mode
Trace|Transparency image...
Trace|Writing image header...
Trace|Width: 17, Height: 20, RowLength: 51
Trace|BPP: 24, PaletteColors: 0, Transaparency: 0
Trace|Resource 138 offset is 462228...
Debug|Encoding resource 138...
Trace|Writing image in Raw mode
Trace|No Transparency image...
Trace|Writing image header...
Trace|Width: 90, Height: 210, RowLength: 180
Trace|BPP: 16, PaletteColors: 0, Transaparency: 0
Trace|Writing image...
Trace|Writing resources offsets table
Debug|Writing resources
